[2025-07-29T21:54:34.143+0000] {local_task_job_runner.py:120} INFO - ::group::Pre task execution logs
[2025-07-29T21:54:35.010+0000] {taskinstance.py:2076} INFO - Dependencies all met for dep_context=non-requeueable deps ti=<TaskInstance: parallel_scraping_pipeline.load_to_postgres manual__2025-07-29T21:51:52.803364+00:00 map_index=1 [queued]>
[2025-07-29T21:54:35.402+0000] {taskinstance.py:2076} INFO - Dependencies all met for dep_context=requeueable deps ti=<TaskInstance: parallel_scraping_pipeline.load_to_postgres manual__2025-07-29T21:51:52.803364+00:00 map_index=1 [queued]>
[2025-07-29T21:54:35.406+0000] {taskinstance.py:2306} INFO - Starting attempt 1 of 1
[2025-07-29T21:54:35.742+0000] {taskinstance.py:2330} INFO - Executing <Mapped(_PythonDecoratedOperator): load_to_postgres> on 2025-07-29 21:51:52.803364+00:00
[2025-07-29T21:54:35.759+0000] {logging_mixin.py:188} WARNING - /home/airflow/.local/lib/python3.12/site-packages/airflow/task/task_runner/standard_task_runner.py:62 DeprecationWarning: This process (pid=1519) is multi-threaded, use of fork() may lead to deadlocks in the child.
[2025-07-29T21:54:35.759+0000] {standard_task_runner.py:90} INFO - Running: ['airflow', 'tasks', 'run', 'parallel_scraping_pipeline', 'load_to_postgres', 'manual__2025-07-29T21:51:52.803364+00:00', '--job-id', '185', '--raw', '--subdir', 'DAGS_FOLDER/parallel_pipeline_dag.py', '--cfg-path', '/tmp/tmp0cjix16c', '--map-index', '1']
[2025-07-29T21:54:35.760+0000] {standard_task_runner.py:64} INFO - Started process 1522 to run task
[2025-07-29T21:54:35.761+0000] {standard_task_runner.py:91} INFO - Job 185: Subtask load_to_postgres
[2025-07-29T21:54:36.730+0000] {logging_mixin.py:188} WARNING - /home/airflow/.local/lib/python3.12/site-packages/airflow/settings.py:195 DeprecationWarning: The sql_alchemy_conn option in [core] has been moved to the sql_alchemy_conn option in [database] - the old setting has been used, but please update your config.
[2025-07-29T21:54:38.713+0000] {task_command.py:426} INFO - Running <TaskInstance: parallel_scraping_pipeline.load_to_postgres manual__2025-07-29T21:51:52.803364+00:00 map_index=1 [running]> on host 0504fd1207a9
[2025-07-29T21:54:43.136+0000] {taskinstance.py:2648} INFO - Exporting env vars: AIRFLOW_CTX_DAG_OWNER='airflow' AIRFLOW_CTX_DAG_ID='parallel_scraping_pipeline' AIRFLOW_CTX_TASK_ID='load_to_postgres' AIRFLOW_CTX_EXECUTION_DATE='2025-07-29T21:51:52.803364+00:00' AIRFLOW_CTX_TRY_NUMBER='1' AIRFLOW_CTX_DAG_RUN_ID='manual__2025-07-29T21:51:52.803364+00:00'
[2025-07-29T21:54:43.139+0000] {taskinstance.py:430} INFO - ::endgroup::
[2025-07-29T21:54:43.141+0000] {logging_mixin.py:188} INFO - Preparing to write /opt/airflow/data/cleaned/Samsung_Galaxy_F16_5G_(Vibing_Blue,_128_GB)__(8_GB_RAM)_reviews_CLEANED.csv to PostgreSQL table 'flipkart_reviewer_data'...
[2025-07-29T21:54:45.092+0000] {logging_mixin.py:188} INFO - Found 26271 existing review IDs in the database.
[2025-07-29T21:54:45.135+0000] {logging_mixin.py:188} INFO - Filtered 108 new reviews down to 0 unique reviews to be inserted.
[2025-07-29T21:54:45.136+0000] {logging_mixin.py:188} INFO - ✅ No new reviews to add. The database is already up-to-date.
[2025-07-29T21:54:45.221+0000] {python.py:237} INFO - Done. Returned value was: None
[2025-07-29T21:54:45.226+0000] {taskinstance.py:441} INFO - ::group::Post task execution logs
[2025-07-29T21:54:45.852+0000] {taskinstance.py:1206} INFO - Marking task as SUCCESS. dag_id=parallel_scraping_pipeline, task_id=load_to_postgres, run_id=manual__2025-07-29T21:51:52.803364+00:00, map_index=1, execution_date=20250729T215152, start_date=20250729T215435, end_date=20250729T215445
[2025-07-29T21:54:46.250+0000] {local_task_job_runner.py:243} INFO - Task exited with return code 0
[2025-07-29T21:54:46.945+0000] {taskinstance.py:3503} INFO - 0 downstream tasks scheduled from follow-on schedule check
[2025-07-29T21:54:47.008+0000] {local_task_job_runner.py:222} INFO - ::endgroup::
