[2025-07-27T10:13:30.059+0000] {local_task_job_runner.py:120} INFO - ::group::Pre task execution logs
[2025-07-27T10:13:30.601+0000] {taskinstance.py:2076} INFO - Dependencies all met for dep_context=non-requeueable deps ti=<TaskInstance: tutorial.templated scheduled__2025-07-26T00:00:00+00:00 [queued]>
[2025-07-27T10:13:30.712+0000] {taskinstance.py:2076} INFO - Dependencies all met for dep_context=requeueable deps ti=<TaskInstance: tutorial.templated scheduled__2025-07-26T00:00:00+00:00 [queued]>
[2025-07-27T10:13:30.738+0000] {taskinstance.py:2306} INFO - Starting attempt 1 of 2
[2025-07-27T10:13:30.983+0000] {taskinstance.py:2330} INFO - Executing <Task(BashOperator): templated> on 2025-07-26 00:00:00+00:00
[2025-07-27T10:13:31.175+0000] {standard_task_runner.py:90} INFO - Running: ['***', 'tasks', 'run', 'tutorial', 'templated', 'scheduled__2025-07-26T00:00:00+00:00', '--job-id', '35', '--raw', '--subdir', '/home/***/.local/lib/python3.12/site-packages/***/example_dags/tutorial.py', '--cfg-path', '/tmp/tmp3gg7me7k']
[2025-07-27T10:13:31.254+0000] {standard_task_runner.py:91} INFO - Job 35: Subtask templated
[2025-07-27T10:13:31.202+0000] {logging_mixin.py:188} WARNING - /home/***/.local/lib/python3.12/site-packages/***/task/task_runner/standard_task_runner.py:62 DeprecationWarning: This process (pid=419) is multi-threaded, use of fork() may lead to deadlocks in the child.
[2025-07-27T10:13:31.299+0000] {standard_task_runner.py:64} INFO - Started process 567 to run task
[2025-07-27T10:13:31.648+0000] {logging_mixin.py:188} WARNING - /home/***/.local/lib/python3.12/site-packages/***/settings.py:195 DeprecationWarning: The sql_alchemy_conn option in [core] has been moved to the sql_alchemy_conn option in [database] - the old setting has been used, but please update your config.
[2025-07-27T10:13:32.050+0000] {task_command.py:426} INFO - Running <TaskInstance: tutorial.templated scheduled__2025-07-26T00:00:00+00:00 [running]> on host 4112a2618ff3
[2025-07-27T10:13:32.671+0000] {taskinstance.py:2648} INFO - Exporting env vars: AIRFLOW_CTX_DAG_EMAIL='***@example.com' AIRFLOW_CTX_DAG_OWNER='***' AIRFLOW_CTX_DAG_ID='tutorial' AIRFLOW_CTX_TASK_ID='templated' AIRFLOW_CTX_EXECUTION_DATE='2025-07-26T00:00:00+00:00' AIRFLOW_CTX_TRY_NUMBER='1' AIRFLOW_CTX_DAG_RUN_ID='scheduled__2025-07-26T00:00:00+00:00'
[2025-07-27T10:13:32.685+0000] {taskinstance.py:430} INFO - ::endgroup::
[2025-07-27T10:13:32.717+0000] {subprocess.py:63} INFO - Tmp dir root location: /tmp
[2025-07-27T10:13:32.744+0000] {subprocess.py:75} INFO - Running command: ['/usr/bin/bash', '-c', '\n\n    echo "2025-07-26"\n    echo "2025-08-02"\n\n    echo "2025-07-26"\n    echo "2025-08-02"\n\n    echo "2025-07-26"\n    echo "2025-08-02"\n\n    echo "2025-07-26"\n    echo "2025-08-02"\n\n    echo "2025-07-26"\n    echo "2025-08-02"\n']
[2025-07-27T10:13:33.167+0000] {subprocess.py:86} INFO - Output:
[2025-07-27T10:13:33.200+0000] {subprocess.py:93} INFO - 2025-07-26
[2025-07-27T10:13:33.203+0000] {subprocess.py:93} INFO - 2025-08-02
[2025-07-27T10:13:33.206+0000] {subprocess.py:93} INFO - 2025-07-26
[2025-07-27T10:13:33.210+0000] {subprocess.py:93} INFO - 2025-08-02
[2025-07-27T10:13:33.212+0000] {subprocess.py:93} INFO - 2025-07-26
[2025-07-27T10:13:33.223+0000] {subprocess.py:93} INFO - 2025-08-02
[2025-07-27T10:13:33.224+0000] {subprocess.py:93} INFO - 2025-07-26
[2025-07-27T10:13:33.226+0000] {subprocess.py:93} INFO - 2025-08-02
[2025-07-27T10:13:33.227+0000] {subprocess.py:93} INFO - 2025-07-26
[2025-07-27T10:13:33.233+0000] {subprocess.py:93} INFO - 2025-08-02
[2025-07-27T10:13:33.238+0000] {subprocess.py:97} INFO - Command exited with return code 0
[2025-07-27T10:13:33.240+0000] {taskinstance.py:441} INFO - ::group::Post task execution logs
[2025-07-27T10:13:33.457+0000] {taskinstance.py:1206} INFO - Marking task as SUCCESS. dag_id=tutorial, task_id=templated, run_id=scheduled__2025-07-26T00:00:00+00:00, execution_date=20250726T000000, start_date=20250727T101330, end_date=20250727T101333
[2025-07-27T10:13:33.940+0000] {local_task_job_runner.py:243} INFO - Task exited with return code 0
[2025-07-27T10:13:34.035+0000] {local_task_job_runner.py:222} INFO - ::endgroup::
