[2025-07-27T10:13:36.102+0000] {local_task_job_runner.py:120} INFO - ::group::Pre task execution logs
[2025-07-27T10:13:36.487+0000] {taskinstance.py:2076} INFO - Dependencies all met for dep_context=non-requeueable deps ti=<TaskInstance: example_subdag_operator.section-1 scheduled__2022-01-01T00:00:00+00:00 [queued]>
[2025-07-27T10:13:36.565+0000] {taskinstance.py:2076} INFO - Dependencies all met for dep_context=requeueable deps ti=<TaskInstance: example_subdag_operator.section-1 scheduled__2022-01-01T00:00:00+00:00 [queued]>
[2025-07-27T10:13:36.574+0000] {taskinstance.py:2306} INFO - Starting attempt 1 of 3
[2025-07-27T10:13:37.187+0000] {taskinstance.py:2330} INFO - Executing <Task(SubDagOperator): section-1> on 2022-01-01 00:00:00+00:00
[2025-07-27T10:13:37.529+0000] {logging_mixin.py:188} WARNING - /home/***/.local/lib/python3.12/site-packages/***/task/task_runner/standard_task_runner.py:62 DeprecationWarning: This process (pid=469) is multi-threaded, use of fork() may lead to deadlocks in the child.
[2025-07-27T10:13:37.554+0000] {standard_task_runner.py:64} INFO - Started process 600 to run task
[2025-07-27T10:13:37.524+0000] {standard_task_runner.py:90} INFO - Running: ['***', 'tasks', 'run', 'example_subdag_operator', 'section-1', 'scheduled__2022-01-01T00:00:00+00:00', '--job-id', '44', '--raw', '--subdir', '/home/***/.local/lib/python3.12/site-packages/***/example_dags/example_subdag_operator.py', '--cfg-path', '/tmp/tmpln14le0x']
[2025-07-27T10:13:37.602+0000] {standard_task_runner.py:91} INFO - Job 44: Subtask section-1
[2025-07-27T10:13:37.928+0000] {logging_mixin.py:188} WARNING - /home/***/.local/lib/python3.12/site-packages/***/settings.py:195 DeprecationWarning: The sql_alchemy_conn option in [core] has been moved to the sql_alchemy_conn option in [database] - the old setting has been used, but please update your config.
[2025-07-27T10:13:38.214+0000] {task_command.py:426} INFO - Running <TaskInstance: example_subdag_operator.section-1 scheduled__2022-01-01T00:00:00+00:00 [running]> on host 4112a2618ff3
[2025-07-27T10:13:38.843+0000] {taskinstance.py:2648} INFO - Exporting env vars: AIRFLOW_CTX_DAG_OWNER='***' AIRFLOW_CTX_DAG_ID='example_subdag_operator' AIRFLOW_CTX_TASK_ID='section-1' AIRFLOW_CTX_EXECUTION_DATE='2022-01-01T00:00:00+00:00' AIRFLOW_CTX_TRY_NUMBER='1' AIRFLOW_CTX_DAG_RUN_ID='scheduled__2022-01-01T00:00:00+00:00'
[2025-07-27T10:13:38.859+0000] {logging_mixin.py:188} WARNING - /home/***/.local/lib/python3.12/site-packages/***/utils/context.py:212 AirflowContextDeprecationWarning: Accessing 'execution_date' from the template is deprecated and will be removed in a future version. Please use 'data_interval_start' or 'logical_date' instead.
[2025-07-27T10:13:39.031+0000] {subdag.py:180} INFO - Created DagRun: scheduled__2022-01-01T00:00:00+00:00
[2025-07-27T10:13:39.032+0000] {taskinstance.py:430} INFO - ::endgroup::
[2025-07-27T10:14:39.101+0000] {base.py:294} INFO - Success criteria met. Exiting.
[2025-07-27T10:14:39.118+0000] {taskinstance.py:441} INFO - ::group::Post task execution logs
[2025-07-27T10:14:39.179+0000] {subdag.py:195} INFO - Execution finished. State is success
[2025-07-27T10:14:39.251+0000] {taskinstance.py:1206} INFO - Marking task as SUCCESS. dag_id=example_subdag_operator, task_id=section-1, run_id=scheduled__2022-01-01T00:00:00+00:00, execution_date=20220101T000000, start_date=20250727T101336, end_date=20250727T101439
[2025-07-27T10:14:40.387+0000] {local_task_job_runner.py:243} INFO - Task exited with return code 0
[2025-07-27T10:14:40.912+0000] {taskinstance.py:3503} INFO - 0 downstream tasks scheduled from follow-on schedule check
[2025-07-27T10:14:40.942+0000] {local_task_job_runner.py:222} INFO - ::endgroup::
