[2025-07-27T13:10:58.264+0000] {local_task_job_runner.py:120} INFO - ::group::Pre task execution logs
[2025-07-27T13:10:58.342+0000] {taskinstance.py:2076} INFO - Dependencies all met for dep_context=non-requeueable deps ti=<TaskInstance: parallel_scraping_pipeline.clean_task manual__2025-07-27T13:10:02.090954+00:00 map_index=0 [queued]>
[2025-07-27T13:10:58.361+0000] {taskinstance.py:2076} INFO - Dependencies all met for dep_context=requeueable deps ti=<TaskInstance: parallel_scraping_pipeline.clean_task manual__2025-07-27T13:10:02.090954+00:00 map_index=0 [queued]>
[2025-07-27T13:10:58.363+0000] {taskinstance.py:2306} INFO - Starting attempt 1 of 1
[2025-07-27T13:10:58.385+0000] {taskinstance.py:2330} INFO - Executing <Mapped(_PythonDecoratedOperator): clean_task> on 2025-07-27 13:10:02.090954+00:00
[2025-07-27T13:10:58.407+0000] {logging_mixin.py:188} WARNING - /home/***/.local/lib/python3.12/site-packages/***/task/task_runner/standard_task_runner.py:62 DeprecationWarning: This process (pid=481) is multi-threaded, use of fork() may lead to deadlocks in the child.
[2025-07-27T13:10:58.408+0000] {standard_task_runner.py:90} INFO - Running: ['***', 'tasks', 'run', 'parallel_scraping_pipeline', 'clean_task', 'manual__2025-07-27T13:10:02.090954+00:00', '--job-id', '5', '--raw', '--subdir', 'DAGS_FOLDER/parallel_pipeline_dag.py', '--cfg-path', '/tmp/tmpe6t9i51h', '--map-index', '0']
[2025-07-27T13:10:58.410+0000] {standard_task_runner.py:64} INFO - Started process 483 to run task
[2025-07-27T13:10:58.410+0000] {standard_task_runner.py:91} INFO - Job 5: Subtask clean_task
[2025-07-27T13:10:58.447+0000] {logging_mixin.py:188} WARNING - /home/***/.local/lib/python3.12/site-packages/***/settings.py:195 DeprecationWarning: The sql_alchemy_conn option in [core] has been moved to the sql_alchemy_conn option in [database] - the old setting has been used, but please update your config.
[2025-07-27T13:10:58.587+0000] {task_command.py:426} INFO - Running <TaskInstance: parallel_scraping_pipeline.clean_task manual__2025-07-27T13:10:02.090954+00:00 map_index=0 [running]> on host 9465eee47a4f
[2025-07-27T13:10:58.790+0000] {taskinstance.py:2648} INFO - Exporting env vars: AIRFLOW_CTX_DAG_OWNER='***' AIRFLOW_CTX_DAG_ID='parallel_scraping_pipeline' AIRFLOW_CTX_TASK_ID='clean_task' AIRFLOW_CTX_EXECUTION_DATE='2025-07-27T13:10:02.090954+00:00' AIRFLOW_CTX_TRY_NUMBER='1' AIRFLOW_CTX_DAG_RUN_ID='manual__2025-07-27T13:10:02.090954+00:00'
[2025-07-27T13:10:58.793+0000] {taskinstance.py:430} INFO - ::endgroup::
[2025-07-27T13:10:58.820+0000] {logging_mixin.py:188} INFO - Processing 60 reviews from realme_14T_5G_(Surf_Green,_128_GB)__(8_GB_RAM)_reviews.csv...
[2025-07-27T13:10:58.897+0000] {logging_mixin.py:188} INFO - 
📁 Clean data saved: /opt/***/data/cleaned/realme_14T_5G_(Surf_Green,_128_GB)__(8_GB_RAM)_reviews_CLEANED.csv
[2025-07-27T13:10:58.898+0000] {logging_mixin.py:188} INFO - 📊 Final shape: (60, 10)
[2025-07-27T13:10:58.900+0000] {python.py:237} INFO - Done. Returned value was: /opt/***/data/cleaned/realme_14T_5G_(Surf_Green,_128_GB)__(8_GB_RAM)_reviews_CLEANED.csv
[2025-07-27T13:10:58.901+0000] {taskinstance.py:441} INFO - ::group::Post task execution logs
[2025-07-27T13:10:58.940+0000] {taskinstance.py:1206} INFO - Marking task as SUCCESS. dag_id=parallel_scraping_pipeline, task_id=clean_task, run_id=manual__2025-07-27T13:10:02.090954+00:00, map_index=0, execution_date=20250727T131002, start_date=20250727T131058, end_date=20250727T131058
[2025-07-27T13:10:59.004+0000] {local_task_job_runner.py:243} INFO - Task exited with return code 0
[2025-07-27T13:10:59.095+0000] {taskinstance.py:3503} INFO - 1 downstream tasks scheduled from follow-on schedule check
[2025-07-27T13:10:59.097+0000] {local_task_job_runner.py:222} INFO - ::endgroup::
