[2025-07-29T07:47:17.131+0000] {local_task_job_runner.py:120} INFO - ::group::Pre task execution logs
[2025-07-29T07:47:22.224+0000] {taskinstance.py:2076} INFO - Dependencies all met for dep_context=non-requeueable deps ti=<TaskInstance: sequential_scraping_pipeline.process_urls_sequentially manual__2025-07-29T07:43:42.293020+00:00 [queued]>
[2025-07-29T07:47:23.306+0000] {taskinstance.py:2076} INFO - Dependencies all met for dep_context=requeueable deps ti=<TaskInstance: sequential_scraping_pipeline.process_urls_sequentially manual__2025-07-29T07:43:42.293020+00:00 [queued]>
[2025-07-29T07:47:23.309+0000] {taskinstance.py:2306} INFO - Starting attempt 1 of 1
[2025-07-29T07:47:24.577+0000] {taskinstance.py:2330} INFO - Executing <Task(_PythonDecoratedOperator): process_urls_sequentially> on 2025-07-29 07:43:42.293020+00:00
[2025-07-29T07:47:24.629+0000] {logging_mixin.py:188} WARNING - /home/airflow/.local/lib/python3.12/site-packages/airflow/task/task_runner/standard_task_runner.py:62 DeprecationWarning: This process (pid=2397) is multi-threaded, use of fork() may lead to deadlocks in the child.
[2025-07-29T07:47:24.624+0000] {standard_task_runner.py:90} INFO - Running: ['airflow', 'tasks', 'run', 'sequential_scraping_pipeline', 'process_urls_sequentially', 'manual__2025-07-29T07:43:42.293020+00:00', '--job-id', '53', '--raw', '--subdir', 'DAGS_FOLDER/sequential_pipeline_dag.py', '--cfg-path', '/tmp/tmp_puudc3h']
[2025-07-29T07:47:24.634+0000] {standard_task_runner.py:64} INFO - Started process 2422 to run task
[2025-07-29T07:47:24.634+0000] {standard_task_runner.py:91} INFO - Job 53: Subtask process_urls_sequentially
[2025-07-29T07:47:27.051+0000] {logging_mixin.py:188} WARNING - /home/airflow/.local/lib/python3.12/site-packages/airflow/settings.py:195 DeprecationWarning: The sql_alchemy_conn option in [core] has been moved to the sql_alchemy_conn option in [database] - the old setting has been used, but please update your config.
[2025-07-29T07:47:33.840+0000] {task_command.py:426} INFO - Running <TaskInstance: sequential_scraping_pipeline.process_urls_sequentially manual__2025-07-29T07:43:42.293020+00:00 [running]> on host 507e5441ba68
[2025-07-29T07:47:49.360+0000] {taskinstance.py:2648} INFO - Exporting env vars: AIRFLOW_CTX_DAG_OWNER='airflow' AIRFLOW_CTX_DAG_ID='sequential_scraping_pipeline' AIRFLOW_CTX_TASK_ID='process_urls_sequentially' AIRFLOW_CTX_EXECUTION_DATE='2025-07-29T07:43:42.293020+00:00' AIRFLOW_CTX_TRY_NUMBER='1' AIRFLOW_CTX_DAG_RUN_ID='manual__2025-07-29T07:43:42.293020+00:00'
[2025-07-29T07:47:49.373+0000] {taskinstance.py:430} INFO - ::endgroup::
[2025-07-29T07:47:49.377+0000] {logging_mixin.py:188} INFO - No URLs provided to process.
[2025-07-29T07:47:49.381+0000] {python.py:237} INFO - Done. Returned value was: None
[2025-07-29T07:47:49.385+0000] {taskinstance.py:441} INFO - ::group::Post task execution logs
[2025-07-29T07:47:51.225+0000] {taskinstance.py:1206} INFO - Marking task as SUCCESS. dag_id=sequential_scraping_pipeline, task_id=process_urls_sequentially, run_id=manual__2025-07-29T07:43:42.293020+00:00, execution_date=20250729T074342, start_date=20250729T074722, end_date=20250729T074751
[2025-07-29T07:47:56.741+0000] {local_task_job_runner.py:243} INFO - Task exited with return code 0
[2025-07-29T07:47:58.984+0000] {taskinstance.py:3503} INFO - 0 downstream tasks scheduled from follow-on schedule check
[2025-07-29T07:47:59.189+0000] {local_task_job_runner.py:222} INFO - ::endgroup::
