[2025-07-27T10:15:27.962+0000] {local_task_job_runner.py:120} INFO - ::group::Pre task execution logs
[2025-07-27T10:15:28.500+0000] {taskinstance.py:2076} INFO - Dependencies all met for dep_context=non-requeueable deps ti=<TaskInstance: example_branch_dop_operator_v3.should_run scheduled__2025-07-27T10:14:00+00:00 [queued]>
[2025-07-27T10:15:28.620+0000] {taskinstance.py:2076} INFO - Dependencies all met for dep_context=requeueable deps ti=<TaskInstance: example_branch_dop_operator_v3.should_run scheduled__2025-07-27T10:14:00+00:00 [queued]>
[2025-07-27T10:15:28.648+0000] {taskinstance.py:2306} INFO - Starting attempt 1 of 1
[2025-07-27T10:15:28.925+0000] {taskinstance.py:2330} INFO - Executing <Task(_BranchPythonDecoratedOperator): should_run> on 2025-07-27 10:14:00+00:00
[2025-07-27T10:15:29.201+0000] {logging_mixin.py:188} WARNING - /home/***/.local/lib/python3.12/site-packages/***/task/task_runner/standard_task_runner.py:62 DeprecationWarning: This process (pid=1206) is multi-threaded, use of fork() may lead to deadlocks in the child.
[2025-07-27T10:15:29.230+0000] {standard_task_runner.py:64} INFO - Started process 1392 to run task
[2025-07-27T10:15:29.194+0000] {standard_task_runner.py:90} INFO - Running: ['***', 'tasks', 'run', 'example_branch_dop_operator_v3', 'should_run', 'scheduled__2025-07-27T10:14:00+00:00', '--job-id', '134', '--raw', '--subdir', '/home/***/.local/lib/python3.12/site-packages/***/example_dags/example_branch_python_dop_operator_3.py', '--cfg-path', '/tmp/tmpno9wmz73']
[2025-07-27T10:15:29.277+0000] {standard_task_runner.py:91} INFO - Job 134: Subtask should_run
[2025-07-27T10:15:29.456+0000] {logging_mixin.py:188} WARNING - /home/***/.local/lib/python3.12/site-packages/***/settings.py:195 DeprecationWarning: The sql_alchemy_conn option in [core] has been moved to the sql_alchemy_conn option in [database] - the old setting has been used, but please update your config.
[2025-07-27T10:15:30.060+0000] {task_command.py:426} INFO - Running <TaskInstance: example_branch_dop_operator_v3.should_run scheduled__2025-07-27T10:14:00+00:00 [running]> on host 4112a2618ff3
[2025-07-27T10:15:32.048+0000] {taskinstance.py:2648} INFO - Exporting env vars: AIRFLOW_CTX_DAG_OWNER='***' AIRFLOW_CTX_DAG_ID='example_branch_dop_operator_v3' AIRFLOW_CTX_TASK_ID='should_run' AIRFLOW_CTX_EXECUTION_DATE='2025-07-27T10:14:00+00:00' AIRFLOW_CTX_TRY_NUMBER='1' AIRFLOW_CTX_DAG_RUN_ID='scheduled__2025-07-27T10:14:00+00:00'
[2025-07-27T10:15:32.096+0000] {taskinstance.py:430} INFO - ::endgroup::
[2025-07-27T10:15:32.125+0000] {logging_mixin.py:188} WARNING - /home/***/.local/lib/python3.12/site-packages/***/utils/context.py:320 AirflowContextDeprecationWarning: Accessing 'execution_date' from the template is deprecated and will be removed in a future version. Please use 'data_interval_start' or 'logical_date' instead.
[2025-07-27T10:15:32.147+0000] {logging_mixin.py:188} INFO - ------------- exec dttm = 2025-07-27 10:14:00+00:00 and minute = 14
[2025-07-27T10:15:32.150+0000] {python.py:237} INFO - Done. Returned value was: empty_task_1
[2025-07-27T10:15:32.161+0000] {branch.py:36} INFO - Branch into empty_task_1
[2025-07-27T10:15:32.165+0000] {skipmixin.py:178} INFO - Following branch empty_task_1
[2025-07-27T10:15:32.316+0000] {skipmixin.py:246} INFO - Skipping tasks [('empty_task_2', -1)]
[2025-07-27T10:15:32.762+0000] {taskinstance.py:441} INFO - ::group::Post task execution logs
[2025-07-27T10:15:33.195+0000] {taskinstance.py:1206} INFO - Marking task as SUCCESS. dag_id=example_branch_dop_operator_v3, task_id=should_run, run_id=scheduled__2025-07-27T10:14:00+00:00, execution_date=20250727T101400, start_date=20250727T101528, end_date=20250727T101533
[2025-07-27T10:15:33.734+0000] {local_task_job_runner.py:243} INFO - Task exited with return code 0
[2025-07-27T10:15:33.891+0000] {local_task_job_runner.py:222} INFO - ::endgroup::
