[2025-07-27T10:03:51.557+0000] {local_task_job_runner.py:120} INFO - ::group::Pre task execution logs
[2025-07-27T10:03:51.670+0000] {taskinstance.py:2076} INFO - Dependencies all met for dep_context=non-requeueable deps ti=<TaskInstance: sequential_scraping_pipeline.process_urls_sequentially manual__2025-07-27T10:03:37.522251+00:00 [queued]>
[2025-07-27T10:03:51.707+0000] {taskinstance.py:2076} INFO - Dependencies all met for dep_context=requeueable deps ti=<TaskInstance: sequential_scraping_pipeline.process_urls_sequentially manual__2025-07-27T10:03:37.522251+00:00 [queued]>
[2025-07-27T10:03:51.709+0000] {taskinstance.py:2306} INFO - Starting attempt 1 of 1
[2025-07-27T10:03:51.745+0000] {taskinstance.py:2330} INFO - Executing <Task(_PythonDecoratedOperator): process_urls_sequentially> on 2025-07-27 10:03:37.522251+00:00
[2025-07-27T10:03:51.785+0000] {logging_mixin.py:188} WARNING - /home/***/.local/lib/python3.12/site-packages/***/task/task_runner/standard_task_runner.py:62 DeprecationWarning: This process (pid=75372) is multi-threaded, use of fork() may lead to deadlocks in the child.
[2025-07-27T10:03:51.783+0000] {standard_task_runner.py:90} INFO - Running: ['***', 'tasks', 'run', 'sequential_scraping_pipeline', 'process_urls_sequentially', 'manual__2025-07-27T10:03:37.522251+00:00', '--job-id', '11', '--raw', '--subdir', 'DAGS_FOLDER/sequential_pipeline_dag.py', '--cfg-path', '/tmp/tmphrc86gsh']
[2025-07-27T10:03:51.789+0000] {standard_task_runner.py:64} INFO - Started process 75383 to run task
[2025-07-27T10:03:51.790+0000] {standard_task_runner.py:91} INFO - Job 11: Subtask process_urls_sequentially
[2025-07-27T10:03:51.830+0000] {logging_mixin.py:188} WARNING - /home/***/.local/lib/python3.12/site-packages/***/settings.py:195 DeprecationWarning: The sql_alchemy_conn option in [core] has been moved to the sql_alchemy_conn option in [database] - the old setting has been used, but please update your config.
[2025-07-27T10:03:51.991+0000] {task_command.py:426} INFO - Running <TaskInstance: sequential_scraping_pipeline.process_urls_sequentially manual__2025-07-27T10:03:37.522251+00:00 [running]> on host c5e8c6942178
[2025-07-27T10:03:52.412+0000] {taskinstance.py:2648} INFO - Exporting env vars: AIRFLOW_CTX_DAG_OWNER='***' AIRFLOW_CTX_DAG_ID='sequential_scraping_pipeline' AIRFLOW_CTX_TASK_ID='process_urls_sequentially' AIRFLOW_CTX_EXECUTION_DATE='2025-07-27T10:03:37.522251+00:00' AIRFLOW_CTX_TRY_NUMBER='1' AIRFLOW_CTX_DAG_RUN_ID='manual__2025-07-27T10:03:37.522251+00:00'
[2025-07-27T10:03:52.417+0000] {taskinstance.py:430} INFO - ::endgroup::
[2025-07-27T10:03:52.424+0000] {logging_mixin.py:188} INFO - --- Starting sequential processing for: https://www.flipkart.com/vivo-y18-gem-green-64-gb/p/itmcc2aa767456c8?pid=MOBHY779W4MFWK37&lid=LSTMOBHY779W4MFWK370CQWCW&marketplace=FLIPKART&q=vivo&store=tyy%2F4io&srno=s_1_2&otracker=search&otracker1=search&fm=organic&iid=0f14f856-02f8-439d-b5ad-e581fcc947c8.MOBHY779W4MFWK37.SEARCH&ppt=dynamic&ppn=dynamic&ssid=qtyfuyb8280000001753605716546&qH=b09207f5c299c427 ---
[2025-07-27T10:03:52.426+0000] {logging_mixin.py:188} INFO - Initializing WebDriver...
[2025-07-27T10:05:08.554+0000] {logging_mixin.py:188} INFO - Extracted - Phone: vivo Y18 (Gem Green, 64 GB)  (4 GB RAM), Price: ₹6,500
[2025-07-27T10:05:13.298+0000] {logging_mixin.py:188} INFO - Scraping Page 1 for vivo Y18 (Gem Green, 64 GB)  (4 GB RAM)...
[2025-07-27T10:05:27.298+0000] {logging_mixin.py:188} INFO - Scraping failed for https://www.flipkart.com/vivo-y18-gem-green-64-gb/p/itmcc2aa767456c8?pid=MOBHY779W4MFWK37&lid=LSTMOBHY779W4MFWK370CQWCW&marketplace=FLIPKART&q=vivo&store=tyy%2F4io&srno=s_1_2&otracker=search&otracker1=search&fm=organic&iid=0f14f856-02f8-439d-b5ad-e581fcc947c8.MOBHY779W4MFWK37.SEARCH&ppt=dynamic&ppn=dynamic&ssid=qtyfuyb8280000001753605716546&qH=b09207f5c299c427, skipping rest of the process.
[2025-07-27T10:05:27.299+0000] {logging_mixin.py:188} INFO - --- Starting sequential processing for: https://www.flipkart.com/vivo-t4-lite-5g-charger-box-titanium-gold-128-gb/p/itm9886d6e522c4b?pid=MOBHDY9F2NKVDSYE&lid=LSTMOBHDY9F2NKVDSYENNGQ9C&marketplace=FLIPKART&q=vivo&store=tyy%2F4io&srno=s_1_7&otracker=search&otracker1=search&fm=organic&iid=0f14f856-02f8-439d-b5ad-e581fcc947c8.MOBHDY9F2NKVDSYE.SEARCH&ppt=dynamic&ppn=dynamic&ssid=qtyfuyb8280000001753605716546&qH=b09207f5c299c427 ---
[2025-07-27T10:05:27.301+0000] {logging_mixin.py:188} INFO - Initializing WebDriver...
[2025-07-27T10:07:28.413+0000] {logging_mixin.py:188} INFO - An error occurred while scraping https://www.flipkart.com/vivo-t4-lite-5g-charger-box-titanium-gold-128-gb/p/itm9886d6e522c4b?pid=MOBHDY9F2NKVDSYE&lid=LSTMOBHDY9F2NKVDSYENNGQ9C&marketplace=FLIPKART&q=vivo&store=tyy%2F4io&srno=s_1_7&otracker=search&otracker1=search&fm=organic&iid=0f14f856-02f8-439d-b5ad-e581fcc947c8.MOBHDY9F2NKVDSYE.SEARCH&ppt=dynamic&ppn=dynamic&ssid=qtyfuyb8280000001753605716546&qH=b09207f5c299c427: HTTPConnectionPool(host='localhost', port=59569): Read timed out. (read timeout=120)
[2025-07-27T10:09:28.512+0000] {connectionpool.py:868} WARNING - Retrying (Retry(total=2, connect=None, read=None, redirect=None, status=None)) after connection broken by 'ReadTimeoutError("HTTPConnectionPool(host='localhost', port=59569): Read timed out. (read timeout=120)")': /session/742f5402d43c2ffc9fd1edcfdc338562
[2025-07-27T10:10:11.063+0000] {logging_mixin.py:188} INFO - Scraping failed for https://www.flipkart.com/vivo-t4-lite-5g-charger-box-titanium-gold-128-gb/p/itm9886d6e522c4b?pid=MOBHDY9F2NKVDSYE&lid=LSTMOBHDY9F2NKVDSYENNGQ9C&marketplace=FLIPKART&q=vivo&store=tyy%2F4io&srno=s_1_7&otracker=search&otracker1=search&fm=organic&iid=0f14f856-02f8-439d-b5ad-e581fcc947c8.MOBHDY9F2NKVDSYE.SEARCH&ppt=dynamic&ppn=dynamic&ssid=qtyfuyb8280000001753605716546&qH=b09207f5c299c427, skipping rest of the process.
[2025-07-27T10:10:11.064+0000] {python.py:237} INFO - Done. Returned value was: None
[2025-07-27T10:10:11.065+0000] {taskinstance.py:441} INFO - ::group::Post task execution logs
[2025-07-27T10:10:11.082+0000] {taskinstance.py:1206} INFO - Marking task as SUCCESS. dag_id=sequential_scraping_pipeline, task_id=process_urls_sequentially, run_id=manual__2025-07-27T10:03:37.522251+00:00, execution_date=20250727T100337, start_date=20250727T100351, end_date=20250727T101011
[2025-07-27T10:10:11.167+0000] {local_task_job_runner.py:243} INFO - Task exited with return code 0
[2025-07-27T10:10:11.194+0000] {taskinstance.py:3503} INFO - 0 downstream tasks scheduled from follow-on schedule check
[2025-07-27T10:10:11.197+0000] {local_task_job_runner.py:222} INFO - ::endgroup::
