[2025-07-29T09:14:29.166+0000] {local_task_job_runner.py:120} INFO - ::group::Pre task execution logs
[2025-07-29T09:14:30.377+0000] {taskinstance.py:2076} INFO - Dependencies all met for dep_context=non-requeueable deps ti=<TaskInstance: parallel_scraping_pipeline.scrape_task manual__2025-07-29T09:13:05.501288+00:00 map_index=2 [queued]>
[2025-07-29T09:14:30.883+0000] {taskinstance.py:2076} INFO - Dependencies all met for dep_context=requeueable deps ti=<TaskInstance: parallel_scraping_pipeline.scrape_task manual__2025-07-29T09:13:05.501288+00:00 map_index=2 [queued]>
[2025-07-29T09:14:30.890+0000] {taskinstance.py:2306} INFO - Starting attempt 1 of 1
[2025-07-29T09:14:31.630+0000] {taskinstance.py:2330} INFO - Executing <Mapped(_PythonDecoratedOperator): scrape_task> on 2025-07-29 09:13:05.501288+00:00
[2025-07-29T09:14:31.939+0000] {logging_mixin.py:188} WARNING - /home/airflow/.local/lib/python3.12/site-packages/airflow/task/task_runner/standard_task_runner.py:62 DeprecationWarning: This process (pid=583) is multi-threaded, use of fork() may lead to deadlocks in the child.
[2025-07-29T09:14:31.950+0000] {standard_task_runner.py:64} INFO - Started process 604 to run task
[2025-07-29T09:14:31.921+0000] {standard_task_runner.py:90} INFO - Running: ['airflow', 'tasks', 'run', 'parallel_scraping_pipeline', 'scrape_task', 'manual__2025-07-29T09:13:05.501288+00:00', '--job-id', '83', '--raw', '--subdir', 'DAGS_FOLDER/parallel_pipeline_dag.py', '--cfg-path', '/tmp/tmpquhrfzry', '--map-index', '2']
[2025-07-29T09:14:31.959+0000] {standard_task_runner.py:91} INFO - Job 83: Subtask scrape_task
[2025-07-29T09:14:33.183+0000] {logging_mixin.py:188} WARNING - /home/airflow/.local/lib/python3.12/site-packages/airflow/settings.py:195 DeprecationWarning: The sql_alchemy_conn option in [core] has been moved to the sql_alchemy_conn option in [database] - the old setting has been used, but please update your config.
[2025-07-29T09:14:36.768+0000] {task_command.py:426} INFO - Running <TaskInstance: parallel_scraping_pipeline.scrape_task manual__2025-07-29T09:13:05.501288+00:00 map_index=2 [running]> on host e06a2c010c87
[2025-07-29T09:14:41.953+0000] {taskinstance.py:2648} INFO - Exporting env vars: AIRFLOW_CTX_DAG_OWNER='airflow' AIRFLOW_CTX_DAG_ID='parallel_scraping_pipeline' AIRFLOW_CTX_TASK_ID='scrape_task' AIRFLOW_CTX_EXECUTION_DATE='2025-07-29T09:13:05.501288+00:00' AIRFLOW_CTX_TRY_NUMBER='1' AIRFLOW_CTX_DAG_RUN_ID='manual__2025-07-29T09:13:05.501288+00:00'
[2025-07-29T09:14:41.992+0000] {taskinstance.py:430} INFO - ::endgroup::
[2025-07-29T09:14:42.006+0000] {logging_mixin.py:188} INFO - Initializing Stealth WebDriver...
[2025-07-29T09:15:15.603+0000] {logging_mixin.py:188} INFO - Extracted - Phone: Samsung Galaxy A35 5G (Awesome Navy, 256 GB)  (8 GB RAM), Price: ₹21,999
[2025-07-29T09:15:23.659+0000] {logging_mixin.py:188} INFO - Scraping Page 1 for Samsung Galaxy A35 5G (Awesome Navy, 256 GB)  (8 GB RAM)...
[2025-07-29T09:15:26.516+0000] {logging_mixin.py:188} INFO - An error occurred while scraping https://www.flipkart.com/samsung-galaxy-a35-5g-awesome-navy-256-gb/p/itm2d2e398127998?pid=MOBGYT2HEEYGMZFH&lid=LSTMOBGYT2HEEYGMZFH3U1TOF&marketplace=FLIPKART&q=samsung+smart+phones&store=tyy%2F4io&srno=s_1_4&otracker=search&otracker1=search&fm=Search&iid=dcbefbbe-6b57-4c6a-833b-d09682ea1ccd.MOBGYT2HEEYGMZFH.SEARCH&ppt=sp&ppn=sp&ssid=jptywgea800000001753735370995&qH=fa7a2885ee123978: 'NoneType' object is not callable
[2025-07-29T09:15:27.127+0000] {python.py:237} INFO - Done. Returned value was: None
[2025-07-29T09:15:27.133+0000] {taskinstance.py:441} INFO - ::group::Post task execution logs
[2025-07-29T09:15:28.725+0000] {taskinstance.py:1206} INFO - Marking task as SUCCESS. dag_id=parallel_scraping_pipeline, task_id=scrape_task, run_id=manual__2025-07-29T09:13:05.501288+00:00, map_index=2, execution_date=20250729T091305, start_date=20250729T091430, end_date=20250729T091528
[2025-07-29T09:15:30.351+0000] {local_task_job_runner.py:243} INFO - Task exited with return code 0
[2025-07-29T09:15:31.310+0000] {local_task_job_runner.py:222} INFO - ::endgroup::
