[2025-07-28T20:54:02.328+0000] {local_task_job_runner.py:120} INFO - ::group::Pre task execution logs
[2025-07-28T20:54:02.935+0000] {taskinstance.py:2076} INFO - Dependencies all met for dep_context=non-requeueable deps ti=<TaskInstance: sequential_scraping_pipeline.get_urls_from_config manual__2025-07-28T20:53:54.210183+00:00 [queued]>
[2025-07-28T20:54:03.139+0000] {taskinstance.py:2076} INFO - Dependencies all met for dep_context=requeueable deps ti=<TaskInstance: sequential_scraping_pipeline.get_urls_from_config manual__2025-07-28T20:53:54.210183+00:00 [queued]>
[2025-07-28T20:54:03.140+0000] {taskinstance.py:2306} INFO - Starting attempt 1 of 1
[2025-07-28T20:54:03.425+0000] {taskinstance.py:2330} INFO - Executing <Task(_PythonDecoratedOperator): get_urls_from_config> on 2025-07-28 20:53:54.210183+00:00
[2025-07-28T20:54:03.446+0000] {logging_mixin.py:188} WARNING - /home/airflow/.local/lib/python3.12/site-packages/airflow/task/task_runner/standard_task_runner.py:62 DeprecationWarning: This process (pid=261) is multi-threaded, use of fork() may lead to deadlocks in the child.
[2025-07-28T20:54:03.446+0000] {standard_task_runner.py:90} INFO - Running: ['airflow', 'tasks', 'run', 'sequential_scraping_pipeline', 'get_urls_from_config', 'manual__2025-07-28T20:53:54.210183+00:00', '--job-id', '25', '--raw', '--subdir', 'DAGS_FOLDER/sequential_pipeline_dag.py', '--cfg-path', '/tmp/tmpsp9lkyuy']
[2025-07-28T20:54:03.448+0000] {standard_task_runner.py:91} INFO - Job 25: Subtask get_urls_from_config
[2025-07-28T20:54:03.448+0000] {standard_task_runner.py:64} INFO - Started process 270 to run task
[2025-07-28T20:54:04.077+0000] {logging_mixin.py:188} WARNING - /home/airflow/.local/lib/python3.12/site-packages/airflow/settings.py:195 DeprecationWarning: The sql_alchemy_conn option in [core] has been moved to the sql_alchemy_conn option in [database] - the old setting has been used, but please update your config.
[2025-07-28T20:54:05.524+0000] {task_command.py:426} INFO - Running <TaskInstance: sequential_scraping_pipeline.get_urls_from_config manual__2025-07-28T20:53:54.210183+00:00 [running]> on host 8cf7cfd9e861
[2025-07-28T20:54:08.814+0000] {taskinstance.py:2648} INFO - Exporting env vars: AIRFLOW_CTX_DAG_OWNER='airflow' AIRFLOW_CTX_DAG_ID='sequential_scraping_pipeline' AIRFLOW_CTX_TASK_ID='get_urls_from_config' AIRFLOW_CTX_EXECUTION_DATE='2025-07-28T20:53:54.210183+00:00' AIRFLOW_CTX_TRY_NUMBER='1' AIRFLOW_CTX_DAG_RUN_ID='manual__2025-07-28T20:53:54.210183+00:00'
[2025-07-28T20:54:08.818+0000] {taskinstance.py:430} INFO - ::endgroup::
[2025-07-28T20:54:08.821+0000] {logging_mixin.py:188} INFO - Received 4 URLs from config.
[2025-07-28T20:54:08.822+0000] {logging_mixin.py:188} INFO - After deduplication, processing 1 unique URLs.
[2025-07-28T20:54:08.823+0000] {python.py:237} INFO - Done. Returned value was: ['https://www.flipkart.com/samsung-galaxy-a15-5g-blue-128-gb/p/itm66a3a07cba1e7?pid=MOBGWD8558BQ3QQB&lid=LSTMOBGWD8558BQ3QQBHLTXQM&marketplace=FLIPKART&q=samsung+smart+phones&store=tyy%2F4io&srno=s_1_17&otracker=search&otracker1=search&fm=Search&iid=dcbefbbe-6b57-4c6a-833b-d09682ea1ccd.MOBGWD8558BQ3QQB.SEARCH&ppt=sp&ppn=sp&ssid=jptywgea800000001753735370995&qH=fa7a2885ee123978']
[2025-07-28T20:54:08.824+0000] {taskinstance.py:441} INFO - ::group::Post task execution logs
[2025-07-28T20:54:09.980+0000] {taskinstance.py:1206} INFO - Marking task as SUCCESS. dag_id=sequential_scraping_pipeline, task_id=get_urls_from_config, run_id=manual__2025-07-28T20:53:54.210183+00:00, execution_date=20250728T205354, start_date=20250728T205402, end_date=20250728T205409
[2025-07-28T20:54:10.303+0000] {local_task_job_runner.py:243} INFO - Task exited with return code 0
[2025-07-28T20:54:10.782+0000] {local_task_job_runner.py:222} INFO - ::endgroup::
