[2025-07-27T10:13:29.478+0000] {local_task_job_runner.py:120} INFO - ::group::Pre task execution logs
[2025-07-27T10:13:29.811+0000] {taskinstance.py:2076} INFO - Dependencies all met for dep_context=non-requeueable deps ti=<TaskInstance: tutorial.sleep scheduled__2025-07-26T00:00:00+00:00 [queued]>
[2025-07-27T10:13:29.879+0000] {taskinstance.py:2076} INFO - Dependencies all met for dep_context=requeueable deps ti=<TaskInstance: tutorial.sleep scheduled__2025-07-26T00:00:00+00:00 [queued]>
[2025-07-27T10:13:29.898+0000] {taskinstance.py:2306} INFO - Starting attempt 1 of 4
[2025-07-27T10:13:30.057+0000] {taskinstance.py:2330} INFO - Executing <Task(BashOperator): sleep> on 2025-07-26 00:00:00+00:00
[2025-07-27T10:13:30.257+0000] {logging_mixin.py:188} WARNING - /home/***/.local/lib/python3.12/site-packages/***/task/task_runner/standard_task_runner.py:62 DeprecationWarning: This process (pid=424) is multi-threaded, use of fork() may lead to deadlocks in the child.
[2025-07-27T10:13:30.346+0000] {standard_task_runner.py:64} INFO - Started process 561 to run task
[2025-07-27T10:13:30.295+0000] {standard_task_runner.py:90} INFO - Running: ['***', 'tasks', 'run', 'tutorial', 'sleep', 'scheduled__2025-07-26T00:00:00+00:00', '--job-id', '34', '--raw', '--subdir', '/home/***/.local/lib/python3.12/site-packages/***/example_dags/tutorial.py', '--cfg-path', '/tmp/tmpz686eqzw']
[2025-07-27T10:13:30.415+0000] {standard_task_runner.py:91} INFO - Job 34: Subtask sleep
[2025-07-27T10:13:30.521+0000] {logging_mixin.py:188} WARNING - /home/***/.local/lib/python3.12/site-packages/***/settings.py:195 DeprecationWarning: The sql_alchemy_conn option in [core] has been moved to the sql_alchemy_conn option in [database] - the old setting has been used, but please update your config.
[2025-07-27T10:13:30.863+0000] {task_command.py:426} INFO - Running <TaskInstance: tutorial.sleep scheduled__2025-07-26T00:00:00+00:00 [running]> on host 4112a2618ff3
[2025-07-27T10:13:31.724+0000] {taskinstance.py:2648} INFO - Exporting env vars: AIRFLOW_CTX_DAG_EMAIL='***@example.com' AIRFLOW_CTX_DAG_OWNER='***' AIRFLOW_CTX_DAG_ID='tutorial' AIRFLOW_CTX_TASK_ID='sleep' AIRFLOW_CTX_EXECUTION_DATE='2025-07-26T00:00:00+00:00' AIRFLOW_CTX_TRY_NUMBER='1' AIRFLOW_CTX_DAG_RUN_ID='scheduled__2025-07-26T00:00:00+00:00'
[2025-07-27T10:13:31.876+0000] {taskinstance.py:430} INFO - ::endgroup::
[2025-07-27T10:13:31.898+0000] {subprocess.py:63} INFO - Tmp dir root location: /tmp
[2025-07-27T10:13:31.920+0000] {subprocess.py:75} INFO - Running command: ['/usr/bin/bash', '-c', 'sleep 5']
[2025-07-27T10:13:32.198+0000] {subprocess.py:86} INFO - Output:
[2025-07-27T10:13:37.285+0000] {subprocess.py:97} INFO - Command exited with return code 0
[2025-07-27T10:13:37.295+0000] {taskinstance.py:441} INFO - ::group::Post task execution logs
[2025-07-27T10:13:37.698+0000] {taskinstance.py:1206} INFO - Marking task as SUCCESS. dag_id=tutorial, task_id=sleep, run_id=scheduled__2025-07-26T00:00:00+00:00, execution_date=20250726T000000, start_date=20250727T101329, end_date=20250727T101337
[2025-07-27T10:13:40.826+0000] {local_task_job_runner.py:243} INFO - Task exited with return code 0
[2025-07-27T10:13:40.942+0000] {taskinstance.py:3503} INFO - 0 downstream tasks scheduled from follow-on schedule check
[2025-07-27T10:13:40.975+0000] {local_task_job_runner.py:222} INFO - ::endgroup::
