[2025-07-27T13:23:31.908+0000] {local_task_job_runner.py:120} INFO - ::group::Pre task execution logs
[2025-07-27T13:23:31.968+0000] {taskinstance.py:2076} INFO - Dependencies all met for dep_context=non-requeueable deps ti=<TaskInstance: parallel_scraping_pipeline.scrape_task manual__2025-07-27T13:23:27.304182+00:00 map_index=1 [queued]>
[2025-07-27T13:23:31.985+0000] {taskinstance.py:2076} INFO - Dependencies all met for dep_context=requeueable deps ti=<TaskInstance: parallel_scraping_pipeline.scrape_task manual__2025-07-27T13:23:27.304182+00:00 map_index=1 [queued]>
[2025-07-27T13:23:31.990+0000] {taskinstance.py:2306} INFO - Starting attempt 1 of 1
[2025-07-27T13:23:32.023+0000] {taskinstance.py:2330} INFO - Executing <Mapped(_PythonDecoratedOperator): scrape_task> on 2025-07-27 13:23:27.304182+00:00
[2025-07-27T13:23:32.055+0000] {logging_mixin.py:188} WARNING - /home/***/.local/lib/python3.12/site-packages/***/task/task_runner/standard_task_runner.py:62 DeprecationWarning: This process (pid=2259) is multi-threaded, use of fork() may lead to deadlocks in the child.
[2025-07-27T13:23:32.059+0000] {standard_task_runner.py:90} INFO - Running: ['***', 'tasks', 'run', 'parallel_scraping_pipeline', 'scrape_task', 'manual__2025-07-27T13:23:27.304182+00:00', '--job-id', '21', '--raw', '--subdir', 'DAGS_FOLDER/parallel_pipeline_dag.py', '--cfg-path', '/tmp/tmptykq_ocm', '--map-index', '1']
[2025-07-27T13:23:32.061+0000] {standard_task_runner.py:91} INFO - Job 21: Subtask scrape_task
[2025-07-27T13:23:32.061+0000] {standard_task_runner.py:64} INFO - Started process 2270 to run task
[2025-07-27T13:23:32.104+0000] {logging_mixin.py:188} WARNING - /home/***/.local/lib/python3.12/site-packages/***/settings.py:195 DeprecationWarning: The sql_alchemy_conn option in [core] has been moved to the sql_alchemy_conn option in [database] - the old setting has been used, but please update your config.
[2025-07-27T13:23:32.199+0000] {task_command.py:426} INFO - Running <TaskInstance: parallel_scraping_pipeline.scrape_task manual__2025-07-27T13:23:27.304182+00:00 map_index=1 [running]> on host 9465eee47a4f
[2025-07-27T13:23:32.352+0000] {taskinstance.py:2648} INFO - Exporting env vars: AIRFLOW_CTX_DAG_OWNER='***' AIRFLOW_CTX_DAG_ID='parallel_scraping_pipeline' AIRFLOW_CTX_TASK_ID='scrape_task' AIRFLOW_CTX_EXECUTION_DATE='2025-07-27T13:23:27.304182+00:00' AIRFLOW_CTX_TRY_NUMBER='1' AIRFLOW_CTX_DAG_RUN_ID='manual__2025-07-27T13:23:27.304182+00:00'
[2025-07-27T13:23:32.356+0000] {taskinstance.py:430} INFO - ::endgroup::
[2025-07-27T13:23:32.358+0000] {logging_mixin.py:188} INFO - Initializing WebDriver...
[2025-07-27T13:24:15.830+0000] {logging_mixin.py:188} INFO - Extracted - Phone: OPPO Reno14 5G (Forest Green, 256 GB)  (8 GB RAM), Price: ₹37,999
[2025-07-27T13:24:19.395+0000] {logging_mixin.py:188} INFO - Scraping Page 1 for OPPO Reno14 5G (Forest Green, 256 GB)  (8 GB RAM)...
[2025-07-27T13:24:21.883+0000] {logging_mixin.py:188} INFO - Scraping Page 2 for OPPO Reno14 5G (Forest Green, 256 GB)  (8 GB RAM)...
[2025-07-27T13:24:25.090+0000] {logging_mixin.py:188} INFO - An error occurred while scraping https://www.flipkart.com/oppo-reno14-5g-forest-green-256-gb/p/itm4d9e853eee6cf?pid=MOBHDDQ95MNGEZSJ&lid=LSTMOBHDDQ95MNGEZSJGGWO5W&marketplace=FLIPKART&q=oppo&store=search.flipkart.com&srno=s_1_8&otracker=search&otracker1=search&fm=organic&iid=c5a4fcb8-35f3-441c-a36e-4239a6ec5b05.MOBHDDQ95MNGEZSJ.SEARCH&ppt=pp&ppn=pp&ssid=s5zdcfdb5c0000001753611616936&qH=c892ba238c98835d: Message: element click intercepted: Element <a class="_9QVEpD" href="/oppo-reno14-5g-forest-green-256-gb/product-reviews/itm4d9e853eee6cf?pid=MOBHDDQ95MNGEZSJ&amp;lid=LSTMOBHDDQ95MNGEZSJGGWO5W&amp;marketplace=FLIPKART&amp;page=2">...</a> is not clickable at point (723, 461). Other element would receive the click: <div class="H30l+S h-JV4l">...</div>
  (Session info: chrome=138.0.7204.168); For documentation on this error, please visit: https://www.selenium.dev/documentation/webdriver/troubleshooting/errors#elementclickinterceptedexception
Stacktrace:
#0 0x5ac9dbe8470e <unknown>
#1 0x5ac9db920a51 <unknown>
#2 0x5ac9db971701 <unknown>
#3 0x5ac9db96fcb9 <unknown>
#4 0x5ac9db96d851 <unknown>
#5 0x5ac9db96cfe3 <unknown>
#6 0x5ac9db96191a <unknown>
#7 0x5ac9db98eff2 <unknown>
#8 0x5ac9db9610fd <unknown>
#9 0x5ac9db98f1be <unknown>
#10 0x5ac9db9ae444 <unknown>
#11 0x5ac9db98edc3 <unknown>
#12 0x5ac9db95f959 <unknown>
#13 0x5ac9db9604c1 <unknown>
#14 0x5ac9dbe508aa <unknown>
#15 0x5ac9dbe53c11 <unknown>
#16 0x5ac9dbe536a8 <unknown>
#17 0x5ac9dbe540b5 <unknown>
#18 0x5ac9dbe3a34c <unknown>
#19 0x5ac9dbe54421 <unknown>
#20 0x5ac9dbe22e2a <unknown>
#21 0x5ac9dbe72855 <unknown>
#22 0x5ac9dbe72a4e <unknown>
#23 0x5ac9dbe839f5 <unknown>
#24 0x7541fd98f134 <unknown>
[2025-07-27T13:24:25.198+0000] {python.py:237} INFO - Done. Returned value was: None
[2025-07-27T13:24:25.199+0000] {taskinstance.py:441} INFO - ::group::Post task execution logs
[2025-07-27T13:24:25.215+0000] {taskinstance.py:1206} INFO - Marking task as SUCCESS. dag_id=parallel_scraping_pipeline, task_id=scrape_task, run_id=manual__2025-07-27T13:23:27.304182+00:00, map_index=1, execution_date=20250727T132327, start_date=20250727T132331, end_date=20250727T132425
[2025-07-27T13:24:25.257+0000] {local_task_job_runner.py:243} INFO - Task exited with return code 0
[2025-07-27T13:24:25.301+0000] {taskinstance.py:3503} INFO - 0 downstream tasks scheduled from follow-on schedule check
[2025-07-27T13:24:25.304+0000] {local_task_job_runner.py:222} INFO - ::endgroup::
