[2025-07-29T08:11:42.428+0000] {local_task_job_runner.py:120} INFO - ::group::Pre task execution logs
[2025-07-29T08:11:43.796+0000] {taskinstance.py:2076} INFO - Dependencies all met for dep_context=non-requeueable deps ti=<TaskInstance: parallel_scraping_pipeline.scrape_task manual__2025-07-29T08:10:24.543976+00:00 map_index=2 [queued]>
[2025-07-29T08:11:44.359+0000] {taskinstance.py:2076} INFO - Dependencies all met for dep_context=requeueable deps ti=<TaskInstance: parallel_scraping_pipeline.scrape_task manual__2025-07-29T08:10:24.543976+00:00 map_index=2 [queued]>
[2025-07-29T08:11:44.360+0000] {taskinstance.py:2306} INFO - Starting attempt 1 of 1
[2025-07-29T08:11:46.301+0000] {taskinstance.py:2330} INFO - Executing <Mapped(_PythonDecoratedOperator): scrape_task> on 2025-07-29 08:10:24.543976+00:00
[2025-07-29T08:11:46.325+0000] {logging_mixin.py:188} WARNING - /home/airflow/.local/lib/python3.12/site-packages/airflow/task/task_runner/standard_task_runner.py:62 DeprecationWarning: This process (pid=3638) is multi-threaded, use of fork() may lead to deadlocks in the child.
[2025-07-29T08:11:46.325+0000] {standard_task_runner.py:90} INFO - Running: ['airflow', 'tasks', 'run', 'parallel_scraping_pipeline', 'scrape_task', 'manual__2025-07-29T08:10:24.543976+00:00', '--job-id', '67', '--raw', '--subdir', 'DAGS_FOLDER/parallel_pipeline_dag.py', '--cfg-path', '/tmp/tmpqi8np2nb', '--map-index', '2']
[2025-07-29T08:11:46.327+0000] {standard_task_runner.py:64} INFO - Started process 3668 to run task
[2025-07-29T08:11:46.327+0000] {standard_task_runner.py:91} INFO - Job 67: Subtask scrape_task
[2025-07-29T08:11:47.258+0000] {logging_mixin.py:188} WARNING - /home/airflow/.local/lib/python3.12/site-packages/airflow/settings.py:195 DeprecationWarning: The sql_alchemy_conn option in [core] has been moved to the sql_alchemy_conn option in [database] - the old setting has been used, but please update your config.
[2025-07-29T08:11:49.517+0000] {task_command.py:426} INFO - Running <TaskInstance: parallel_scraping_pipeline.scrape_task manual__2025-07-29T08:10:24.543976+00:00 map_index=2 [running]> on host 507e5441ba68
[2025-07-29T08:11:55.146+0000] {taskinstance.py:2648} INFO - Exporting env vars: AIRFLOW_CTX_DAG_OWNER='airflow' AIRFLOW_CTX_DAG_ID='parallel_scraping_pipeline' AIRFLOW_CTX_TASK_ID='scrape_task' AIRFLOW_CTX_EXECUTION_DATE='2025-07-29T08:10:24.543976+00:00' AIRFLOW_CTX_TRY_NUMBER='1' AIRFLOW_CTX_DAG_RUN_ID='manual__2025-07-29T08:10:24.543976+00:00'
[2025-07-29T08:11:55.152+0000] {taskinstance.py:430} INFO - ::endgroup::
[2025-07-29T08:11:55.153+0000] {logging_mixin.py:188} INFO - Initializing Stealth WebDriver...
[2025-07-29T08:12:11.236+0000] {logging_mixin.py:188} INFO - Extracted - Phone: Samsung Galaxy A35 5G (Awesome Navy, 256 GB)  (8 GB RAM), Price: ₹21,999
[2025-07-29T08:12:21.647+0000] {logging_mixin.py:188} INFO - Could not find 'All reviews' link. Assuming we are already on the reviews page.
[2025-07-29T08:12:21.648+0000] {logging_mixin.py:188} INFO - Scraping Page 1 for Samsung Galaxy A35 5G (Awesome Navy, 256 GB)  (8 GB RAM)...
[2025-07-29T08:12:23.801+0000] {logging_mixin.py:188} INFO - No review containers found on the first page. Exiting.
[2025-07-29T08:12:23.921+0000] {python.py:237} INFO - Done. Returned value was: None
[2025-07-29T08:12:23.922+0000] {taskinstance.py:441} INFO - ::group::Post task execution logs
[2025-07-29T08:12:24.866+0000] {taskinstance.py:1206} INFO - Marking task as SUCCESS. dag_id=parallel_scraping_pipeline, task_id=scrape_task, run_id=manual__2025-07-29T08:10:24.543976+00:00, map_index=2, execution_date=20250729T081024, start_date=20250729T081143, end_date=20250729T081224
[2025-07-29T08:12:25.335+0000] {local_task_job_runner.py:243} INFO - Task exited with return code 0
[2025-07-29T08:12:26.249+0000] {local_task_job_runner.py:222} INFO - ::endgroup::
