[2025-07-27T10:13:38.198+0000] {local_task_job_runner.py:120} INFO - ::group::Pre task execution logs
[2025-07-27T10:13:38.528+0000] {taskinstance.py:2076} INFO - Dependencies all met for dep_context=non-requeueable deps ti=<TaskInstance: example_setup_teardown_taskflow.section_1.inner_teardown scheduled__2025-07-26T00:00:00+00:00 [queued]>
[2025-07-27T10:13:38.619+0000] {taskinstance.py:2076} INFO - Dependencies all met for dep_context=requeueable deps ti=<TaskInstance: example_setup_teardown_taskflow.section_1.inner_teardown scheduled__2025-07-26T00:00:00+00:00 [queued]>
[2025-07-27T10:13:38.626+0000] {taskinstance.py:2306} INFO - Starting attempt 1 of 1
[2025-07-27T10:13:38.803+0000] {taskinstance.py:2330} INFO - Executing <Task(_PythonDecoratedOperator): section_1.inner_teardown> on 2025-07-26 00:00:00+00:00
[2025-07-27T10:13:39.012+0000] {logging_mixin.py:188} WARNING - /home/***/.local/lib/python3.12/site-packages/***/task/task_runner/standard_task_runner.py:62 DeprecationWarning: This process (pid=471) is multi-threaded, use of fork() may lead to deadlocks in the child.
[2025-07-27T10:13:39.034+0000] {standard_task_runner.py:64} INFO - Started process 607 to run task
[2025-07-27T10:13:39.023+0000] {standard_task_runner.py:90} INFO - Running: ['***', 'tasks', 'run', 'example_setup_teardown_taskflow', 'section_1.inner_teardown', 'scheduled__2025-07-26T00:00:00+00:00', '--job-id', '45', '--raw', '--subdir', '/home/***/.local/lib/python3.12/site-packages/***/example_dags/example_setup_teardown_taskflow.py', '--cfg-path', '/tmp/tmpah_yv73r']
[2025-07-27T10:13:39.054+0000] {standard_task_runner.py:91} INFO - Job 45: Subtask section_1.inner_teardown
[2025-07-27T10:13:39.238+0000] {logging_mixin.py:188} WARNING - /home/***/.local/lib/python3.12/site-packages/***/settings.py:195 DeprecationWarning: The sql_alchemy_conn option in [core] has been moved to the sql_alchemy_conn option in [database] - the old setting has been used, but please update your config.
[2025-07-27T10:13:39.691+0000] {task_command.py:426} INFO - Running <TaskInstance: example_setup_teardown_taskflow.section_1.inner_teardown scheduled__2025-07-26T00:00:00+00:00 [running]> on host 4112a2618ff3
[2025-07-27T10:13:40.379+0000] {taskinstance.py:2648} INFO - Exporting env vars: AIRFLOW_CTX_DAG_OWNER='***' AIRFLOW_CTX_DAG_ID='example_setup_teardown_taskflow' AIRFLOW_CTX_TASK_ID='section_1.inner_teardown' AIRFLOW_CTX_EXECUTION_DATE='2025-07-26T00:00:00+00:00' AIRFLOW_CTX_TRY_NUMBER='1' AIRFLOW_CTX_DAG_RUN_ID='scheduled__2025-07-26T00:00:00+00:00'
[2025-07-27T10:13:40.411+0000] {taskinstance.py:430} INFO - ::endgroup::
[2025-07-27T10:13:40.423+0000] {logging_mixin.py:188} INFO - tearing down cluster_id='some_cluster_id'
[2025-07-27T10:13:40.438+0000] {python.py:237} INFO - Done. Returned value was: None
[2025-07-27T10:13:40.446+0000] {taskinstance.py:441} INFO - ::group::Post task execution logs
[2025-07-27T10:13:40.517+0000] {taskinstance.py:1206} INFO - Marking task as SUCCESS. dag_id=example_setup_teardown_taskflow, task_id=section_1.inner_teardown, run_id=scheduled__2025-07-26T00:00:00+00:00, execution_date=20250726T000000, start_date=20250727T101338, end_date=20250727T101340
[2025-07-27T10:13:40.803+0000] {local_task_job_runner.py:243} INFO - Task exited with return code 0
[2025-07-27T10:13:40.932+0000] {taskinstance.py:3503} INFO - 0 downstream tasks scheduled from follow-on schedule check
[2025-07-27T10:13:40.952+0000] {local_task_job_runner.py:222} INFO - ::endgroup::
