[2025-07-27T10:14:38.355+0000] {local_task_job_runner.py:120} INFO - ::group::Pre task execution logs
[2025-07-27T10:14:38.829+0000] {taskinstance.py:2076} INFO - Dependencies all met for dep_context=non-requeueable deps ti=<TaskInstance: example_setup_teardown.normal scheduled__2025-07-26T00:00:00+00:00 [queued]>
[2025-07-27T10:14:38.959+0000] {taskinstance.py:2076} INFO - Dependencies all met for dep_context=requeueable deps ti=<TaskInstance: example_setup_teardown.normal scheduled__2025-07-26T00:00:00+00:00 [queued]>
[2025-07-27T10:14:38.963+0000] {taskinstance.py:2306} INFO - Starting attempt 1 of 1
[2025-07-27T10:14:39.098+0000] {taskinstance.py:2330} INFO - Executing <Task(BashOperator): normal> on 2025-07-26 00:00:00+00:00
[2025-07-27T10:14:39.289+0000] {logging_mixin.py:188} WARNING - /home/***/.local/lib/python3.12/site-packages/***/task/task_runner/standard_task_runner.py:62 DeprecationWarning: This process (pid=866) is multi-threaded, use of fork() may lead to deadlocks in the child.
[2025-07-27T10:14:39.306+0000] {standard_task_runner.py:64} INFO - Started process 1042 to run task
[2025-07-27T10:14:39.265+0000] {standard_task_runner.py:90} INFO - Running: ['***', 'tasks', 'run', 'example_setup_teardown', 'normal', 'scheduled__2025-07-26T00:00:00+00:00', '--job-id', '93', '--raw', '--subdir', '/home/***/.local/lib/python3.12/site-packages/***/example_dags/example_setup_teardown.py', '--cfg-path', '/tmp/tmp02fqaaqb']
[2025-07-27T10:14:39.374+0000] {standard_task_runner.py:91} INFO - Job 93: Subtask normal
[2025-07-27T10:14:39.494+0000] {logging_mixin.py:188} WARNING - /home/***/.local/lib/python3.12/site-packages/***/settings.py:195 DeprecationWarning: The sql_alchemy_conn option in [core] has been moved to the sql_alchemy_conn option in [database] - the old setting has been used, but please update your config.
[2025-07-27T10:14:39.970+0000] {task_command.py:426} INFO - Running <TaskInstance: example_setup_teardown.normal scheduled__2025-07-26T00:00:00+00:00 [running]> on host 4112a2618ff3
[2025-07-27T10:14:41.281+0000] {taskinstance.py:2648} INFO - Exporting env vars: AIRFLOW_CTX_DAG_OWNER='***' AIRFLOW_CTX_DAG_ID='example_setup_teardown' AIRFLOW_CTX_TASK_ID='normal' AIRFLOW_CTX_EXECUTION_DATE='2025-07-26T00:00:00+00:00' AIRFLOW_CTX_TRY_NUMBER='1' AIRFLOW_CTX_DAG_RUN_ID='scheduled__2025-07-26T00:00:00+00:00'
[2025-07-27T10:14:41.308+0000] {taskinstance.py:430} INFO - ::endgroup::
[2025-07-27T10:14:41.381+0000] {subprocess.py:63} INFO - Tmp dir root location: /tmp
[2025-07-27T10:14:41.452+0000] {subprocess.py:75} INFO - Running command: ['/usr/bin/bash', '-c', "echo 'I am just a normal task'"]
[2025-07-27T10:14:41.994+0000] {subprocess.py:86} INFO - Output:
[2025-07-27T10:14:42.017+0000] {subprocess.py:93} INFO - I am just a normal task
[2025-07-27T10:14:42.062+0000] {subprocess.py:97} INFO - Command exited with return code 0
[2025-07-27T10:14:42.068+0000] {taskinstance.py:441} INFO - ::group::Post task execution logs
[2025-07-27T10:14:42.275+0000] {taskinstance.py:1206} INFO - Marking task as SUCCESS. dag_id=example_setup_teardown, task_id=normal, run_id=scheduled__2025-07-26T00:00:00+00:00, execution_date=20250726T000000, start_date=20250727T101438, end_date=20250727T101442
[2025-07-27T10:14:42.542+0000] {local_task_job_runner.py:243} INFO - Task exited with return code 0
[2025-07-27T10:14:42.700+0000] {local_task_job_runner.py:222} INFO - ::endgroup::
