[2025-07-29T21:52:25.385+0000] {local_task_job_runner.py:120} INFO - ::group::Pre task execution logs
[2025-07-29T21:52:26.128+0000] {taskinstance.py:2076} INFO - Dependencies all met for dep_context=non-requeueable deps ti=<TaskInstance: parallel_scraping_pipeline.get_urls manual__2025-07-29T21:51:52.803364+00:00 [queued]>
[2025-07-29T21:52:26.415+0000] {taskinstance.py:2076} INFO - Dependencies all met for dep_context=requeueable deps ti=<TaskInstance: parallel_scraping_pipeline.get_urls manual__2025-07-29T21:51:52.803364+00:00 [queued]>
[2025-07-29T21:52:26.416+0000] {taskinstance.py:2306} INFO - Starting attempt 1 of 1
[2025-07-29T21:52:27.443+0000] {taskinstance.py:2330} INFO - Executing <Task(_PythonDecoratedOperator): get_urls> on 2025-07-29 21:51:52.803364+00:00
[2025-07-29T21:52:27.459+0000] {logging_mixin.py:188} WARNING - /home/airflow/.local/lib/python3.12/site-packages/airflow/task/task_runner/standard_task_runner.py:62 DeprecationWarning: This process (pid=1086) is multi-threaded, use of fork() may lead to deadlocks in the child.
[2025-07-29T21:52:27.459+0000] {standard_task_runner.py:90} INFO - Running: ['airflow', 'tasks', 'run', 'parallel_scraping_pipeline', 'get_urls', 'manual__2025-07-29T21:51:52.803364+00:00', '--job-id', '180', '--raw', '--subdir', 'DAGS_FOLDER/parallel_pipeline_dag.py', '--cfg-path', '/tmp/tmpnn7s91qt']
[2025-07-29T21:52:27.461+0000] {standard_task_runner.py:64} INFO - Started process 1096 to run task
[2025-07-29T21:52:27.461+0000] {standard_task_runner.py:91} INFO - Job 180: Subtask get_urls
[2025-07-29T21:52:28.221+0000] {logging_mixin.py:188} WARNING - /home/airflow/.local/lib/python3.12/site-packages/airflow/settings.py:195 DeprecationWarning: The sql_alchemy_conn option in [core] has been moved to the sql_alchemy_conn option in [database] - the old setting has been used, but please update your config.
[2025-07-29T21:52:29.986+0000] {task_command.py:426} INFO - Running <TaskInstance: parallel_scraping_pipeline.get_urls manual__2025-07-29T21:51:52.803364+00:00 [running]> on host 0504fd1207a9
[2025-07-29T21:52:33.975+0000] {taskinstance.py:2648} INFO - Exporting env vars: AIRFLOW_CTX_DAG_OWNER='airflow' AIRFLOW_CTX_DAG_ID='parallel_scraping_pipeline' AIRFLOW_CTX_TASK_ID='get_urls' AIRFLOW_CTX_EXECUTION_DATE='2025-07-29T21:51:52.803364+00:00' AIRFLOW_CTX_TRY_NUMBER='1' AIRFLOW_CTX_DAG_RUN_ID='manual__2025-07-29T21:51:52.803364+00:00'
[2025-07-29T21:52:33.979+0000] {taskinstance.py:430} INFO - ::endgroup::
[2025-07-29T21:52:33.980+0000] {logging_mixin.py:188} INFO - Processing 2 unique URLs.
[2025-07-29T21:52:33.981+0000] {python.py:237} INFO - Done. Returned value was: ['https://www.flipkart.com/samsung-galaxy-a36-5g-awesome-black-128-gb/p/itmcf7765e46c231?pid=MOBH9RNG8NGYKDEQ&lid=LSTMOBH9RNG8NGYKDEQ7LGPOE&marketplace=FLIPKART&q=samsung+&store=search.flipkart.com&srno=s_2_44&otracker=search&otracker1=search&fm=Search&iid=a3088f14-d7be-47e1-a78b-6cade9c8b670.MOBH9RNG8NGYKDEQ.SEARCH&ppt=sp&ppn=sp&ssid=bbs6rp3ojk0000001753825060394&qH=73fc3e3a476455e3', 'https://www.flipkart.com/samsung-galaxy-f16-5g-vibing-blue-128-gb/p/itma31262afa7505?pid=MOBH9ASGCZNFQGDG&lid=LSTMOBH9ASGCZNFQGDGYXWIQD&marketplace=FLIPKART&q=samsung+&store=search.flipkart.com&srno=s_2_46&otracker=search&otracker1=search&fm=Search&iid=a3088f14-d7be-47e1-a78b-6cade9c8b670.MOBH9ASGCZNFQGDG.SEARCH&ppt=sp&ppn=sp&ssid=bbs6rp3ojk0000001753825060394&qH=73fc3e3a476455e3']
[2025-07-29T21:52:33.982+0000] {taskinstance.py:441} INFO - ::group::Post task execution logs
[2025-07-29T21:52:35.569+0000] {taskinstance.py:1206} INFO - Marking task as SUCCESS. dag_id=parallel_scraping_pipeline, task_id=get_urls, run_id=manual__2025-07-29T21:51:52.803364+00:00, execution_date=20250729T215152, start_date=20250729T215226, end_date=20250729T215235
[2025-07-29T21:52:36.397+0000] {local_task_job_runner.py:243} INFO - Task exited with return code 0
[2025-07-29T21:52:39.157+0000] {taskinstance.py:3503} INFO - 2 downstream tasks scheduled from follow-on schedule check
[2025-07-29T21:52:39.237+0000] {local_task_job_runner.py:222} INFO - ::endgroup::
