[2025-07-29T12:08:26.574+0000] {local_task_job_runner.py:120} INFO - ::group::Pre task execution logs
[2025-07-29T12:08:28.002+0000] {taskinstance.py:2076} INFO - Dependencies all met for dep_context=non-requeueable deps ti=<TaskInstance: parallel_scraping_pipeline.scrape_task manual__2025-07-29T11:47:54.549432+00:00 map_index=9 [queued]>
[2025-07-29T12:08:30.066+0000] {taskinstance.py:2076} INFO - Dependencies all met for dep_context=requeueable deps ti=<TaskInstance: parallel_scraping_pipeline.scrape_task manual__2025-07-29T11:47:54.549432+00:00 map_index=9 [queued]>
[2025-07-29T12:08:30.068+0000] {taskinstance.py:2306} INFO - Starting attempt 1 of 1
[2025-07-29T12:08:31.451+0000] {taskinstance.py:2330} INFO - Executing <Mapped(_PythonDecoratedOperator): scrape_task> on 2025-07-29 11:47:54.549432+00:00
[2025-07-29T12:08:31.470+0000] {logging_mixin.py:188} WARNING - /home/airflow/.local/lib/python3.12/site-packages/airflow/task/task_runner/standard_task_runner.py:62 DeprecationWarning: This process (pid=1615) is multi-threaded, use of fork() may lead to deadlocks in the child.
[2025-07-29T12:08:31.470+0000] {standard_task_runner.py:90} INFO - Running: ['airflow', 'tasks', 'run', 'parallel_scraping_pipeline', 'scrape_task', 'manual__2025-07-29T11:47:54.549432+00:00', '--job-id', '135', '--raw', '--subdir', 'DAGS_FOLDER/parallel_pipeline_dag.py', '--cfg-path', '/tmp/tmpx92ewfqd', '--map-index', '9']
[2025-07-29T12:08:31.472+0000] {standard_task_runner.py:64} INFO - Started process 1627 to run task
[2025-07-29T12:08:31.472+0000] {standard_task_runner.py:91} INFO - Job 135: Subtask scrape_task
[2025-07-29T12:08:33.358+0000] {logging_mixin.py:188} WARNING - /home/airflow/.local/lib/python3.12/site-packages/airflow/settings.py:195 DeprecationWarning: The sql_alchemy_conn option in [core] has been moved to the sql_alchemy_conn option in [database] - the old setting has been used, but please update your config.
[2025-07-29T12:08:36.571+0000] {task_command.py:426} INFO - Running <TaskInstance: parallel_scraping_pipeline.scrape_task manual__2025-07-29T11:47:54.549432+00:00 map_index=9 [running]> on host da8a53e6d45e
[2025-07-29T12:08:42.125+0000] {taskinstance.py:2648} INFO - Exporting env vars: AIRFLOW_CTX_DAG_OWNER='airflow' AIRFLOW_CTX_DAG_ID='parallel_scraping_pipeline' AIRFLOW_CTX_TASK_ID='scrape_task' AIRFLOW_CTX_EXECUTION_DATE='2025-07-29T11:47:54.549432+00:00' AIRFLOW_CTX_TRY_NUMBER='1' AIRFLOW_CTX_DAG_RUN_ID='manual__2025-07-29T11:47:54.549432+00:00'
[2025-07-29T12:08:42.131+0000] {taskinstance.py:430} INFO - ::endgroup::
[2025-07-29T12:08:42.133+0000] {logging_mixin.py:188} INFO - Initializing Stealth WebDriver...
[2025-07-29T12:08:53.363+0000] {logging_mixin.py:188} INFO - Extracted - Phone: OPPO Reno14 5G (Forest Green, 256 GB)  (12 GB RAM), Price: ₹39,999
[2025-07-29T12:08:58.903+0000] {logging_mixin.py:188} INFO - Scraping Page 1 for OPPO Reno14 5G (Forest Green, 256 GB)  (12 GB RAM)...
[2025-07-29T12:09:02.422+0000] {logging_mixin.py:188} INFO - Scraping Page 2 for OPPO Reno14 5G (Forest Green, 256 GB)  (12 GB RAM)...
[2025-07-29T12:09:05.445+0000] {logging_mixin.py:188} INFO - Scraping Page 3 for OPPO Reno14 5G (Forest Green, 256 GB)  (12 GB RAM)...
[2025-07-29T12:09:08.956+0000] {logging_mixin.py:188} INFO - Scraping Page 4 for OPPO Reno14 5G (Forest Green, 256 GB)  (12 GB RAM)...
[2025-07-29T12:09:12.275+0000] {logging_mixin.py:188} INFO - Scraping Page 5 for OPPO Reno14 5G (Forest Green, 256 GB)  (12 GB RAM)...
[2025-07-29T12:09:15.249+0000] {logging_mixin.py:188} INFO - Scraping Page 6 for OPPO Reno14 5G (Forest Green, 256 GB)  (12 GB RAM)...
[2025-07-29T12:09:18.143+0000] {logging_mixin.py:188} INFO - Scraping Page 7 for OPPO Reno14 5G (Forest Green, 256 GB)  (12 GB RAM)...
[2025-07-29T12:09:21.028+0000] {logging_mixin.py:188} INFO - Scraping Page 8 for OPPO Reno14 5G (Forest Green, 256 GB)  (12 GB RAM)...
[2025-07-29T12:09:32.271+0000] {logging_mixin.py:188} INFO - No 'Next' button found. Scraping complete.
[2025-07-29T12:09:32.292+0000] {logging_mixin.py:188} INFO - Saved 74 reviews to /opt/airflow/data/raw/OPPO_Reno14_5G_(Forest_Green,_256_GB)__(12_GB_RAM)_reviews.csv
[2025-07-29T12:09:32.412+0000] {python.py:237} INFO - Done. Returned value was: /opt/airflow/data/raw/OPPO_Reno14_5G_(Forest_Green,_256_GB)__(12_GB_RAM)_reviews.csv
[2025-07-29T12:09:32.412+0000] {taskinstance.py:441} INFO - ::group::Post task execution logs
[2025-07-29T12:09:33.752+0000] {taskinstance.py:1206} INFO - Marking task as SUCCESS. dag_id=parallel_scraping_pipeline, task_id=scrape_task, run_id=manual__2025-07-29T11:47:54.549432+00:00, map_index=9, execution_date=20250729T114754, start_date=20250729T120828, end_date=20250729T120933
[2025-07-29T12:09:35.675+0000] {local_task_job_runner.py:243} INFO - Task exited with return code 0
[2025-07-29T12:09:37.116+0000] {taskinstance.py:3503} INFO - 0 downstream tasks scheduled from follow-on schedule check
[2025-07-29T12:09:37.262+0000] {local_task_job_runner.py:222} INFO - ::endgroup::
