[2025-07-27T10:13:32.976+0000] {local_task_job_runner.py:120} INFO - ::group::Pre task execution logs
[2025-07-27T10:13:33.576+0000] {taskinstance.py:2076} INFO - Dependencies all met for dep_context=non-requeueable deps ti=<TaskInstance: example_short_circuit_operator.short_circuit scheduled__2025-07-26T00:00:00+00:00 [queued]>
[2025-07-27T10:13:33.793+0000] {taskinstance.py:2076} INFO - Dependencies all met for dep_context=requeueable deps ti=<TaskInstance: example_short_circuit_operator.short_circuit scheduled__2025-07-26T00:00:00+00:00 [queued]>
[2025-07-27T10:13:33.810+0000] {taskinstance.py:2306} INFO - Starting attempt 1 of 1
[2025-07-27T10:13:33.903+0000] {taskinstance.py:2330} INFO - Executing <Task(ShortCircuitOperator): short_circuit> on 2025-07-26 00:00:00+00:00
[2025-07-27T10:13:34.062+0000] {logging_mixin.py:188} WARNING - /home/***/.local/lib/python3.12/site-packages/***/task/task_runner/standard_task_runner.py:62 DeprecationWarning: This process (pid=446) is multi-threaded, use of fork() may lead to deadlocks in the child.
[2025-07-27T10:13:34.098+0000] {standard_task_runner.py:64} INFO - Started process 585 to run task
[2025-07-27T10:13:34.089+0000] {standard_task_runner.py:90} INFO - Running: ['***', 'tasks', 'run', 'example_short_circuit_operator', 'short_circuit', 'scheduled__2025-07-26T00:00:00+00:00', '--job-id', '38', '--raw', '--subdir', '/home/***/.local/lib/python3.12/site-packages/***/example_dags/example_short_circuit_operator.py', '--cfg-path', '/tmp/tmpg3f0sm6o']
[2025-07-27T10:13:34.185+0000] {standard_task_runner.py:91} INFO - Job 38: Subtask short_circuit
[2025-07-27T10:13:34.381+0000] {logging_mixin.py:188} WARNING - /home/***/.local/lib/python3.12/site-packages/***/settings.py:195 DeprecationWarning: The sql_alchemy_conn option in [core] has been moved to the sql_alchemy_conn option in [database] - the old setting has been used, but please update your config.
[2025-07-27T10:13:34.883+0000] {task_command.py:426} INFO - Running <TaskInstance: example_short_circuit_operator.short_circuit scheduled__2025-07-26T00:00:00+00:00 [running]> on host 4112a2618ff3
[2025-07-27T10:13:36.005+0000] {taskinstance.py:2648} INFO - Exporting env vars: AIRFLOW_CTX_DAG_OWNER='***' AIRFLOW_CTX_DAG_ID='example_short_circuit_operator' AIRFLOW_CTX_TASK_ID='short_circuit' AIRFLOW_CTX_EXECUTION_DATE='2025-07-26T00:00:00+00:00' AIRFLOW_CTX_TRY_NUMBER='1' AIRFLOW_CTX_DAG_RUN_ID='scheduled__2025-07-26T00:00:00+00:00'
[2025-07-27T10:13:36.016+0000] {taskinstance.py:430} INFO - ::endgroup::
[2025-07-27T10:13:36.050+0000] {baseoperator.py:400} WARNING - ShortCircuitOperator.execute cannot be called outside TaskInstance!
[2025-07-27T10:13:36.075+0000] {python.py:237} INFO - Done. Returned value was: False
[2025-07-27T10:13:36.093+0000] {python.py:304} INFO - Condition result is False
[2025-07-27T10:13:36.103+0000] {python.py:331} INFO - Skipping downstream tasks
[2025-07-27T10:13:36.291+0000] {python.py:339} INFO - Done.
[2025-07-27T10:13:36.297+0000] {taskinstance.py:441} INFO - ::group::Post task execution logs
[2025-07-27T10:13:36.480+0000] {taskinstance.py:1206} INFO - Marking task as SUCCESS. dag_id=example_short_circuit_operator, task_id=short_circuit, run_id=scheduled__2025-07-26T00:00:00+00:00, execution_date=20250726T000000, start_date=20250727T101333, end_date=20250727T101336
[2025-07-27T10:13:36.974+0000] {local_task_job_runner.py:243} INFO - Task exited with return code 0
[2025-07-27T10:13:37.613+0000] {taskinstance.py:3503} INFO - 0 downstream tasks scheduled from follow-on schedule check
[2025-07-27T10:13:37.730+0000] {local_task_job_runner.py:222} INFO - ::endgroup::
