[2025-07-29T08:43:35.448+0000] {local_task_job_runner.py:120} INFO - ::group::Pre task execution logs
[2025-07-29T08:43:36.373+0000] {taskinstance.py:2076} INFO - Dependencies all met for dep_context=non-requeueable deps ti=<TaskInstance: parallel_scraping_pipeline.scrape_task manual__2025-07-29T08:42:39.808367+00:00 map_index=0 [queued]>
[2025-07-29T08:43:36.725+0000] {taskinstance.py:2076} INFO - Dependencies all met for dep_context=requeueable deps ti=<TaskInstance: parallel_scraping_pipeline.scrape_task manual__2025-07-29T08:42:39.808367+00:00 map_index=0 [queued]>
[2025-07-29T08:43:36.726+0000] {taskinstance.py:2306} INFO - Starting attempt 1 of 1
[2025-07-29T08:43:37.639+0000] {taskinstance.py:2330} INFO - Executing <Mapped(_PythonDecoratedOperator): scrape_task> on 2025-07-29 08:42:39.808367+00:00
[2025-07-29T08:43:37.669+0000] {logging_mixin.py:188} WARNING - /home/airflow/.local/lib/python3.12/site-packages/airflow/task/task_runner/standard_task_runner.py:62 DeprecationWarning: This process (pid=482) is multi-threaded, use of fork() may lead to deadlocks in the child.
[2025-07-29T08:43:37.669+0000] {standard_task_runner.py:90} INFO - Running: ['airflow', 'tasks', 'run', 'parallel_scraping_pipeline', 'scrape_task', 'manual__2025-07-29T08:42:39.808367+00:00', '--job-id', '76', '--raw', '--subdir', 'DAGS_FOLDER/parallel_pipeline_dag.py', '--cfg-path', '/tmp/tmp2h0srmmr', '--map-index', '0']
[2025-07-29T08:43:37.671+0000] {standard_task_runner.py:64} INFO - Started process 493 to run task
[2025-07-29T08:43:37.671+0000] {standard_task_runner.py:91} INFO - Job 76: Subtask scrape_task
[2025-07-29T08:43:38.609+0000] {logging_mixin.py:188} WARNING - /home/airflow/.local/lib/python3.12/site-packages/airflow/settings.py:195 DeprecationWarning: The sql_alchemy_conn option in [core] has been moved to the sql_alchemy_conn option in [database] - the old setting has been used, but please update your config.
[2025-07-29T08:43:40.486+0000] {task_command.py:426} INFO - Running <TaskInstance: parallel_scraping_pipeline.scrape_task manual__2025-07-29T08:42:39.808367+00:00 map_index=0 [running]> on host e287f56751a6
[2025-07-29T08:43:44.920+0000] {taskinstance.py:2648} INFO - Exporting env vars: AIRFLOW_CTX_DAG_OWNER='airflow' AIRFLOW_CTX_DAG_ID='parallel_scraping_pipeline' AIRFLOW_CTX_TASK_ID='scrape_task' AIRFLOW_CTX_EXECUTION_DATE='2025-07-29T08:42:39.808367+00:00' AIRFLOW_CTX_TRY_NUMBER='1' AIRFLOW_CTX_DAG_RUN_ID='manual__2025-07-29T08:42:39.808367+00:00'
[2025-07-29T08:43:44.946+0000] {taskinstance.py:430} INFO - ::endgroup::
[2025-07-29T08:43:44.962+0000] {logging_mixin.py:188} INFO - Initializing Stealth WebDriver...
[2025-07-29T08:43:57.698+0000] {logging_mixin.py:188} INFO - Extracted - Phone: Samsung Galaxy A35 5G (Awesome Navy, 256 GB)  (8 GB RAM), Price: ₹21,999
[2025-07-29T08:44:08.037+0000] {logging_mixin.py:188} INFO - Could not find 'All reviews' link. Assuming we are already on the reviews page.
[2025-07-29T08:44:08.038+0000] {logging_mixin.py:188} INFO - Scraping Page 1 for Samsung Galaxy A35 5G (Awesome Navy, 256 GB)  (8 GB RAM)...
[2025-07-29T08:44:18.392+0000] {logging_mixin.py:188} INFO - No review containers found on the first page. Exiting.
[2025-07-29T08:44:18.663+0000] {python.py:237} INFO - Done. Returned value was: None
[2025-07-29T08:44:18.664+0000] {taskinstance.py:441} INFO - ::group::Post task execution logs
[2025-07-29T08:44:19.376+0000] {taskinstance.py:1206} INFO - Marking task as SUCCESS. dag_id=parallel_scraping_pipeline, task_id=scrape_task, run_id=manual__2025-07-29T08:42:39.808367+00:00, map_index=0, execution_date=20250729T084239, start_date=20250729T084336, end_date=20250729T084419
[2025-07-29T08:44:19.947+0000] {local_task_job_runner.py:243} INFO - Task exited with return code 0
[2025-07-29T08:44:21.722+0000] {abstractoperator.py:588} INFO - Marking <TaskInstance: parallel_scraping_pipeline.clean_task manual__2025-07-29T08:42:39.808367+00:00 [None]> as SKIPPED since the map has 0 values to expand
[2025-07-29T08:44:22.181+0000] {taskinstance.py:3503} INFO - 0 downstream tasks scheduled from follow-on schedule check
[2025-07-29T08:44:22.340+0000] {local_task_job_runner.py:222} INFO - ::endgroup::
