[2025-07-28T21:41:41.725+0000] {local_task_job_runner.py:120} INFO - ::group::Pre task execution logs
[2025-07-28T21:41:42.280+0000] {taskinstance.py:2076} INFO - Dependencies all met for dep_context=non-requeueable deps ti=<TaskInstance: sequential_scraping_pipeline.get_urls_from_config manual__2025-07-28T21:41:32.939001+00:00 [queued]>
[2025-07-28T21:41:42.507+0000] {taskinstance.py:2076} INFO - Dependencies all met for dep_context=requeueable deps ti=<TaskInstance: sequential_scraping_pipeline.get_urls_from_config manual__2025-07-28T21:41:32.939001+00:00 [queued]>
[2025-07-28T21:41:42.509+0000] {taskinstance.py:2306} INFO - Starting attempt 1 of 1
[2025-07-28T21:41:42.854+0000] {taskinstance.py:2330} INFO - Executing <Task(_PythonDecoratedOperator): get_urls_from_config> on 2025-07-28 21:41:32.939001+00:00
[2025-07-28T21:41:42.870+0000] {logging_mixin.py:188} WARNING - /home/airflow/.local/lib/python3.12/site-packages/airflow/task/task_runner/standard_task_runner.py:62 DeprecationWarning: This process (pid=1080) is multi-threaded, use of fork() may lead to deadlocks in the child.
[2025-07-28T21:41:42.870+0000] {standard_task_runner.py:90} INFO - Running: ['airflow', 'tasks', 'run', 'sequential_scraping_pipeline', 'get_urls_from_config', 'manual__2025-07-28T21:41:32.939001+00:00', '--job-id', '41', '--raw', '--subdir', 'DAGS_FOLDER/sequential_pipeline_dag.py', '--cfg-path', '/tmp/tmpfzsqh5ok']
[2025-07-28T21:41:42.872+0000] {standard_task_runner.py:64} INFO - Started process 1089 to run task
[2025-07-28T21:41:42.872+0000] {standard_task_runner.py:91} INFO - Job 41: Subtask get_urls_from_config
[2025-07-28T21:41:43.484+0000] {logging_mixin.py:188} WARNING - /home/airflow/.local/lib/python3.12/site-packages/airflow/settings.py:195 DeprecationWarning: The sql_alchemy_conn option in [core] has been moved to the sql_alchemy_conn option in [database] - the old setting has been used, but please update your config.
[2025-07-28T21:41:45.076+0000] {task_command.py:426} INFO - Running <TaskInstance: sequential_scraping_pipeline.get_urls_from_config manual__2025-07-28T21:41:32.939001+00:00 [running]> on host 88e3cb6438f4
[2025-07-28T21:41:48.313+0000] {taskinstance.py:2648} INFO - Exporting env vars: AIRFLOW_CTX_DAG_OWNER='airflow' AIRFLOW_CTX_DAG_ID='sequential_scraping_pipeline' AIRFLOW_CTX_TASK_ID='get_urls_from_config' AIRFLOW_CTX_EXECUTION_DATE='2025-07-28T21:41:32.939001+00:00' AIRFLOW_CTX_TRY_NUMBER='1' AIRFLOW_CTX_DAG_RUN_ID='manual__2025-07-28T21:41:32.939001+00:00'
[2025-07-28T21:41:48.317+0000] {taskinstance.py:430} INFO - ::endgroup::
[2025-07-28T21:41:48.318+0000] {logging_mixin.py:188} INFO - Received 3 URLs from config.
[2025-07-28T21:41:48.318+0000] {logging_mixin.py:188} INFO - After deduplication, processing 3 unique URLs.
[2025-07-28T21:41:48.319+0000] {python.py:237} INFO - Done. Returned value was: ['https://www.flipkart.com/samsung-galaxy-f06-5g-bahama-blue-128-gb/p/itm9acd4c5748761?pid=MOBH9AS4DSSQECZM&lid=LSTMOBH9AS4DSSQECZMNC3LC0&marketplace=FLIPKART&q=samsung+smart+phones&store=tyy%2F4io&srno=s_1_2&otracker=search&otracker1=search&fm=Search&iid=dcbefbbe-6b57-4c6a-833b-d09682ea1ccd.MOBH9AS4DSSQECZM.SEARCH&ppt=sp&ppn=sp&ssid=jptywgea800000001753735370995&qH=fa7a2885ee123978', 'https://www.flipkart.com/samsung-galaxy-s24-fe-5g-blue-128-gb/p/itme960199e26f23?pid=MOBH4ZG3Z5NCBW2H&lid=LSTMOBH4ZG3Z5NCBW2HHP3FVG&marketplace=FLIPKART&q=samsung+smart+phones&store=tyy%2F4io&spotlightTagId=default_BestsellerId_tyy%2F4io&srno=s_1_11&otracker=search&otracker1=search&fm=Search&iid=dcbefbbe-6b57-4c6a-833b-d09682ea1ccd.MOBH4ZG3Z5NCBW2H.SEARCH&ppt=sp&ppn=sp&ssid=jptywgea800000001753735370995&qH=fa7a2885ee123978', 'https://www.flipkart.com/samsung-galaxy-a35-5g-awesome-navy-256-gb/p/itm2d2e398127998?pid=MOBGYT2HEEYGMZFH&lid=LSTMOBGYT2HEEYGMZFH3U1TOF&marketplace=FLIPKART&q=samsung+smart+phones&store=tyy%2F4io&srno=s_1_4&otracker=search&otracker1=search&fm=Search&iid=dcbefbbe-6b57-4c6a-833b-d09682ea1ccd.MOBGYT2HEEYGMZFH.SEARCH&ppt=sp&ppn=sp&ssid=jptywgea800000001753735370995&qH=fa7a2885ee123978']
[2025-07-28T21:41:48.319+0000] {taskinstance.py:441} INFO - ::group::Post task execution logs
[2025-07-28T21:41:49.598+0000] {taskinstance.py:1206} INFO - Marking task as SUCCESS. dag_id=sequential_scraping_pipeline, task_id=get_urls_from_config, run_id=manual__2025-07-28T21:41:32.939001+00:00, execution_date=20250728T214132, start_date=20250728T214142, end_date=20250728T214149
[2025-07-28T21:41:49.904+0000] {local_task_job_runner.py:243} INFO - Task exited with return code 0
[2025-07-28T21:41:50.547+0000] {taskinstance.py:3503} INFO - 1 downstream tasks scheduled from follow-on schedule check
[2025-07-28T21:41:50.618+0000] {local_task_job_runner.py:222} INFO - ::endgroup::
