[2025-07-27T10:14:06.335+0000] {local_task_job_runner.py:120} INFO - ::group::Pre task execution logs
[2025-07-27T10:14:07.007+0000] {taskinstance.py:2076} INFO - Dependencies all met for dep_context=non-requeueable deps ti=<TaskInstance: example_branch_datetime_operator_3.datetime_branch scheduled__2025-07-26T00:00:00+00:00 [queued]>
[2025-07-27T10:14:07.101+0000] {taskinstance.py:2076} INFO - Dependencies all met for dep_context=requeueable deps ti=<TaskInstance: example_branch_datetime_operator_3.datetime_branch scheduled__2025-07-26T00:00:00+00:00 [queued]>
[2025-07-27T10:14:07.104+0000] {taskinstance.py:2306} INFO - Starting attempt 1 of 1
[2025-07-27T10:14:07.260+0000] {taskinstance.py:2330} INFO - Executing <Task(BranchDateTimeOperator): datetime_branch> on 2025-07-26 00:00:00+00:00
[2025-07-27T10:14:07.511+0000] {logging_mixin.py:188} WARNING - /home/***/.local/lib/python3.12/site-packages/***/task/task_runner/standard_task_runner.py:62 DeprecationWarning: This process (pid=661) is multi-threaded, use of fork() may lead to deadlocks in the child.
[2025-07-27T10:14:07.551+0000] {standard_task_runner.py:64} INFO - Started process 802 to run task
[2025-07-27T10:14:07.524+0000] {standard_task_runner.py:90} INFO - Running: ['***', 'tasks', 'run', 'example_branch_datetime_operator_3', 'datetime_branch', 'scheduled__2025-07-26T00:00:00+00:00', '--job-id', '65', '--raw', '--subdir', '/home/***/.local/lib/python3.12/site-packages/***/example_dags/example_branch_datetime_operator.py', '--cfg-path', '/tmp/tmpf7b20fwh']
[2025-07-27T10:14:07.594+0000] {standard_task_runner.py:91} INFO - Job 65: Subtask datetime_branch
[2025-07-27T10:14:07.796+0000] {logging_mixin.py:188} WARNING - /home/***/.local/lib/python3.12/site-packages/***/settings.py:195 DeprecationWarning: The sql_alchemy_conn option in [core] has been moved to the sql_alchemy_conn option in [database] - the old setting has been used, but please update your config.
[2025-07-27T10:14:08.423+0000] {task_command.py:426} INFO - Running <TaskInstance: example_branch_datetime_operator_3.datetime_branch scheduled__2025-07-26T00:00:00+00:00 [running]> on host 4112a2618ff3
[2025-07-27T10:14:09.037+0000] {taskinstance.py:2648} INFO - Exporting env vars: AIRFLOW_CTX_DAG_OWNER='***' AIRFLOW_CTX_DAG_ID='example_branch_datetime_operator_3' AIRFLOW_CTX_TASK_ID='datetime_branch' AIRFLOW_CTX_EXECUTION_DATE='2025-07-26T00:00:00+00:00' AIRFLOW_CTX_TRY_NUMBER='1' AIRFLOW_CTX_DAG_RUN_ID='scheduled__2025-07-26T00:00:00+00:00'
[2025-07-27T10:14:09.046+0000] {taskinstance.py:430} INFO - ::endgroup::
[2025-07-27T10:14:09.060+0000] {branch.py:36} INFO - Branch into ['date_outside_range']
[2025-07-27T10:14:09.061+0000] {skipmixin.py:178} INFO - Following branch ['date_outside_range']
[2025-07-27T10:14:09.153+0000] {skipmixin.py:246} INFO - Skipping tasks [('date_in_range', -1)]
[2025-07-27T10:14:09.386+0000] {taskinstance.py:441} INFO - ::group::Post task execution logs
[2025-07-27T10:14:09.498+0000] {taskinstance.py:1206} INFO - Marking task as SUCCESS. dag_id=example_branch_datetime_operator_3, task_id=datetime_branch, run_id=scheduled__2025-07-26T00:00:00+00:00, execution_date=20250726T000000, start_date=20250727T101407, end_date=20250727T101409
[2025-07-27T10:14:09.787+0000] {local_task_job_runner.py:243} INFO - Task exited with return code 0
[2025-07-27T10:14:09.933+0000] {local_task_job_runner.py:222} INFO - ::endgroup::
