[2025-07-28T21:11:00.760+0000] {local_task_job_runner.py:120} INFO - ::group::Pre task execution logs
[2025-07-28T21:11:01.587+0000] {taskinstance.py:2076} INFO - Dependencies all met for dep_context=non-requeueable deps ti=<TaskInstance: parallel_scraping_pipeline.load_to_postgres manual__2025-07-28T21:03:09.717459+00:00 map_index=0 [queued]>
[2025-07-28T21:11:01.989+0000] {taskinstance.py:2076} INFO - Dependencies all met for dep_context=requeueable deps ti=<TaskInstance: parallel_scraping_pipeline.load_to_postgres manual__2025-07-28T21:03:09.717459+00:00 map_index=0 [queued]>
[2025-07-28T21:11:01.990+0000] {taskinstance.py:2306} INFO - Starting attempt 1 of 1
[2025-07-28T21:11:02.337+0000] {taskinstance.py:2330} INFO - Executing <Mapped(_PythonDecoratedOperator): load_to_postgres> on 2025-07-28 21:03:09.717459+00:00
[2025-07-28T21:11:02.354+0000] {logging_mixin.py:188} WARNING - /home/airflow/.local/lib/python3.12/site-packages/airflow/task/task_runner/standard_task_runner.py:62 DeprecationWarning: This process (pid=2314) is multi-threaded, use of fork() may lead to deadlocks in the child.
[2025-07-28T21:11:02.355+0000] {standard_task_runner.py:90} INFO - Running: ['airflow', 'tasks', 'run', 'parallel_scraping_pipeline', 'load_to_postgres', 'manual__2025-07-28T21:03:09.717459+00:00', '--job-id', '34', '--raw', '--subdir', 'DAGS_FOLDER/parallel_pipeline_dag.py', '--cfg-path', '/tmp/tmpbl6a83_z', '--map-index', '0']
[2025-07-28T21:11:02.356+0000] {standard_task_runner.py:64} INFO - Started process 2319 to run task
[2025-07-28T21:11:02.356+0000] {standard_task_runner.py:91} INFO - Job 34: Subtask load_to_postgres
[2025-07-28T21:11:02.888+0000] {logging_mixin.py:188} WARNING - /home/airflow/.local/lib/python3.12/site-packages/airflow/settings.py:195 DeprecationWarning: The sql_alchemy_conn option in [core] has been moved to the sql_alchemy_conn option in [database] - the old setting has been used, but please update your config.
[2025-07-28T21:11:04.372+0000] {task_command.py:426} INFO - Running <TaskInstance: parallel_scraping_pipeline.load_to_postgres manual__2025-07-28T21:03:09.717459+00:00 map_index=0 [running]> on host 8cf7cfd9e861
[2025-07-28T21:11:07.730+0000] {taskinstance.py:2648} INFO - Exporting env vars: AIRFLOW_CTX_DAG_OWNER='airflow' AIRFLOW_CTX_DAG_ID='parallel_scraping_pipeline' AIRFLOW_CTX_TASK_ID='load_to_postgres' AIRFLOW_CTX_EXECUTION_DATE='2025-07-28T21:03:09.717459+00:00' AIRFLOW_CTX_TRY_NUMBER='1' AIRFLOW_CTX_DAG_RUN_ID='manual__2025-07-28T21:03:09.717459+00:00'
[2025-07-28T21:11:07.734+0000] {taskinstance.py:430} INFO - ::endgroup::
[2025-07-28T21:11:07.735+0000] {logging_mixin.py:188} INFO - Preparing to write /opt/airflow/data/cleaned/Samsung_Galaxy_A35_5G_(Awesome_Navy,_256_GB)__(8_GB_RAM)_reviews_CLEANED.csv to PostgreSQL table 'parallel_scrape_data'...
[2025-07-28T21:11:12.051+0000] {logging_mixin.py:188} INFO - ✅ Successfully wrote 1435 rows to table 'parallel_scrape_data'.
[2025-07-28T21:11:12.052+0000] {python.py:237} INFO - Done. Returned value was: None
[2025-07-28T21:11:12.053+0000] {taskinstance.py:441} INFO - ::group::Post task execution logs
[2025-07-28T21:11:12.826+0000] {taskinstance.py:1206} INFO - Marking task as SUCCESS. dag_id=parallel_scraping_pipeline, task_id=load_to_postgres, run_id=manual__2025-07-28T21:03:09.717459+00:00, map_index=0, execution_date=20250728T210309, start_date=20250728T211101, end_date=20250728T211112
[2025-07-28T21:11:13.495+0000] {local_task_job_runner.py:243} INFO - Task exited with return code 0
[2025-07-28T21:11:14.279+0000] {taskinstance.py:3503} INFO - 0 downstream tasks scheduled from follow-on schedule check
[2025-07-28T21:11:14.416+0000] {local_task_job_runner.py:222} INFO - ::endgroup::
