[2025-07-27T10:14:00.795+0000] {local_task_job_runner.py:120} INFO - ::group::Pre task execution logs
[2025-07-27T10:14:01.153+0000] {taskinstance.py:2076} INFO - Dependencies all met for dep_context=non-requeueable deps ti=<TaskInstance: example_branch_python_operator_decorator.branching_ext_python scheduled__2025-07-26T00:00:00+00:00 [queued]>
[2025-07-27T10:14:01.283+0000] {taskinstance.py:2076} INFO - Dependencies all met for dep_context=requeueable deps ti=<TaskInstance: example_branch_python_operator_decorator.branching_ext_python scheduled__2025-07-26T00:00:00+00:00 [queued]>
[2025-07-27T10:14:01.304+0000] {taskinstance.py:2306} INFO - Starting attempt 1 of 1
[2025-07-27T10:14:01.533+0000] {taskinstance.py:2330} INFO - Executing <Task(_BranchExternalPythonDecoratedOperator): branching_ext_python> on 2025-07-26 00:00:00+00:00
[2025-07-27T10:14:01.881+0000] {logging_mixin.py:188} WARNING - /home/***/.local/lib/python3.12/site-packages/***/task/task_runner/standard_task_runner.py:62 DeprecationWarning: This process (pid=658) is multi-threaded, use of fork() may lead to deadlocks in the child.
[2025-07-27T10:14:01.922+0000] {standard_task_runner.py:64} INFO - Started process 764 to run task
[2025-07-27T10:14:01.901+0000] {standard_task_runner.py:90} INFO - Running: ['***', 'tasks', 'run', 'example_branch_python_operator_decorator', 'branching_ext_python', 'scheduled__2025-07-26T00:00:00+00:00', '--job-id', '60', '--raw', '--subdir', '/home/***/.local/lib/python3.12/site-packages/***/example_dags/example_branch_operator_decorator.py', '--cfg-path', '/tmp/tmpq1_e47ls']
[2025-07-27T10:14:01.996+0000] {standard_task_runner.py:91} INFO - Job 60: Subtask branching_ext_python
[2025-07-27T10:14:02.181+0000] {logging_mixin.py:188} WARNING - /home/***/.local/lib/python3.12/site-packages/***/settings.py:195 DeprecationWarning: The sql_alchemy_conn option in [core] has been moved to the sql_alchemy_conn option in [database] - the old setting has been used, but please update your config.
[2025-07-27T10:14:02.463+0000] {task_command.py:426} INFO - Running <TaskInstance: example_branch_python_operator_decorator.branching_ext_python scheduled__2025-07-26T00:00:00+00:00 [running]> on host 4112a2618ff3
[2025-07-27T10:14:03.291+0000] {taskinstance.py:2648} INFO - Exporting env vars: AIRFLOW_CTX_DAG_OWNER='***' AIRFLOW_CTX_DAG_ID='example_branch_python_operator_decorator' AIRFLOW_CTX_TASK_ID='branching_ext_python' AIRFLOW_CTX_EXECUTION_DATE='2025-07-26T00:00:00+00:00' AIRFLOW_CTX_TRY_NUMBER='1' AIRFLOW_CTX_DAG_RUN_ID='scheduled__2025-07-26T00:00:00+00:00'
[2025-07-27T10:14:03.307+0000] {taskinstance.py:430} INFO - ::endgroup::
[2025-07-27T10:14:14.349+0000] {process_utils.py:183} INFO - Executing cmd: /home/***/.local/bin/python /tmp/venv-callry1tyzir/script.py /tmp/venv-callry1tyzir/script.in /tmp/venv-callry1tyzir/script.out /tmp/venv-callry1tyzir/string_args.txt /tmp/venv-callry1tyzir/termination.log
[2025-07-27T10:14:14.564+0000] {process_utils.py:187} INFO - Output:
[2025-07-27T10:14:46.511+0000] {process_utils.py:191} INFO - /home/***/.local/lib/python3.12/site-packages/***/configuration.py:815 DeprecationWarning: The sql_alchemy_conn option in [core] has been moved to the sql_alchemy_conn option in [database] - the old setting has been used, but please update your config.
[2025-07-27T10:14:46.572+0000] {process_utils.py:191} INFO - /home/***/.local/lib/python3.12/site-packages/***/configuration.py:741 DeprecationWarning: The sql_alchemy_conn option in [core] has been moved to the sql_alchemy_conn option in [database] - the old setting has been used, but please update your config.
[2025-07-27T10:14:46.632+0000] {process_utils.py:191} INFO - /home/***/.local/lib/python3.12/site-packages/***/settings.py:195 DeprecationWarning: The sql_alchemy_conn option in [core] has been moved to the sql_alchemy_conn option in [database] - the old setting has been used, but please update your config.
[2025-07-27T10:14:54.057+0000] {process_utils.py:191} INFO - /home/***/.local/lib/python3.12/site-packages/***/models/base.py:72 DeprecationWarning: The sql_alchemy_conn option in [core] has been moved to the sql_alchemy_conn option in [database] - the old setting has been used, but please update your config.
[2025-07-27T10:15:07.693+0000] {python.py:237} INFO - Done. Returned value was: ext_py_a
[2025-07-27T10:15:07.696+0000] {branch.py:36} INFO - Branch into ext_py_a
[2025-07-27T10:15:07.700+0000] {skipmixin.py:178} INFO - Following branch ext_py_a
[2025-07-27T10:15:07.901+0000] {skipmixin.py:246} INFO - Skipping tasks [('ext_py_d', -1), ('ext_py_c', -1), ('ext_py_b', -1)]
[2025-07-27T10:15:07.986+0000] {taskinstance.py:441} INFO - ::group::Post task execution logs
[2025-07-27T10:15:08.148+0000] {taskinstance.py:1206} INFO - Marking task as SUCCESS. dag_id=example_branch_python_operator_decorator, task_id=branching_ext_python, run_id=scheduled__2025-07-26T00:00:00+00:00, execution_date=20250726T000000, start_date=20250727T101401, end_date=20250727T101508
[2025-07-27T10:15:09.849+0000] {local_task_job_runner.py:243} INFO - Task exited with return code 0
[2025-07-27T10:15:10.567+0000] {taskinstance.py:3503} INFO - 1 downstream tasks scheduled from follow-on schedule check
[2025-07-27T10:15:10.592+0000] {local_task_job_runner.py:222} INFO - ::endgroup::
