[2025-07-27T13:16:51.216+0000] {local_task_job_runner.py:120} INFO - ::group::Pre task execution logs
[2025-07-27T13:16:51.261+0000] {taskinstance.py:2076} INFO - Dependencies all met for dep_context=non-requeueable deps ti=<TaskInstance: sequential_scraping_pipeline.process_urls_sequentially manual__2025-07-27T13:16:46.345212+00:00 [queued]>
[2025-07-27T13:16:51.277+0000] {taskinstance.py:2076} INFO - Dependencies all met for dep_context=requeueable deps ti=<TaskInstance: sequential_scraping_pipeline.process_urls_sequentially manual__2025-07-27T13:16:46.345212+00:00 [queued]>
[2025-07-27T13:16:51.278+0000] {taskinstance.py:2306} INFO - Starting attempt 1 of 1
[2025-07-27T13:16:51.299+0000] {taskinstance.py:2330} INFO - Executing <Task(_PythonDecoratedOperator): process_urls_sequentially> on 2025-07-27 13:16:46.345212+00:00
[2025-07-27T13:16:51.317+0000] {logging_mixin.py:188} WARNING - /home/***/.local/lib/python3.12/site-packages/***/task/task_runner/standard_task_runner.py:62 DeprecationWarning: This process (pid=1535) is multi-threaded, use of fork() may lead to deadlocks in the child.
[2025-07-27T13:16:51.317+0000] {standard_task_runner.py:90} INFO - Running: ['***', 'tasks', 'run', 'sequential_scraping_pipeline', 'process_urls_sequentially', 'manual__2025-07-27T13:16:46.345212+00:00', '--job-id', '15', '--raw', '--subdir', 'DAGS_FOLDER/sequential_pipeline_dag.py', '--cfg-path', '/tmp/tmp00dtp737']
[2025-07-27T13:16:51.319+0000] {standard_task_runner.py:64} INFO - Started process 1537 to run task
[2025-07-27T13:16:51.319+0000] {standard_task_runner.py:91} INFO - Job 15: Subtask process_urls_sequentially
[2025-07-27T13:16:51.342+0000] {logging_mixin.py:188} WARNING - /home/***/.local/lib/python3.12/site-packages/***/settings.py:195 DeprecationWarning: The sql_alchemy_conn option in [core] has been moved to the sql_alchemy_conn option in [database] - the old setting has been used, but please update your config.
[2025-07-27T13:16:51.414+0000] {task_command.py:426} INFO - Running <TaskInstance: sequential_scraping_pipeline.process_urls_sequentially manual__2025-07-27T13:16:46.345212+00:00 [running]> on host 9465eee47a4f
[2025-07-27T13:16:51.574+0000] {taskinstance.py:2648} INFO - Exporting env vars: AIRFLOW_CTX_DAG_OWNER='***' AIRFLOW_CTX_DAG_ID='sequential_scraping_pipeline' AIRFLOW_CTX_TASK_ID='process_urls_sequentially' AIRFLOW_CTX_EXECUTION_DATE='2025-07-27T13:16:46.345212+00:00' AIRFLOW_CTX_TRY_NUMBER='1' AIRFLOW_CTX_DAG_RUN_ID='manual__2025-07-27T13:16:46.345212+00:00'
[2025-07-27T13:16:51.577+0000] {taskinstance.py:430} INFO - ::endgroup::
[2025-07-27T13:16:51.579+0000] {logging_mixin.py:188} INFO - No URLs provided to process.
[2025-07-27T13:16:51.579+0000] {python.py:237} INFO - Done. Returned value was: None
[2025-07-27T13:16:51.580+0000] {taskinstance.py:441} INFO - ::group::Post task execution logs
[2025-07-27T13:16:51.595+0000] {taskinstance.py:1206} INFO - Marking task as SUCCESS. dag_id=sequential_scraping_pipeline, task_id=process_urls_sequentially, run_id=manual__2025-07-27T13:16:46.345212+00:00, execution_date=20250727T131646, start_date=20250727T131651, end_date=20250727T131651
[2025-07-27T13:16:51.655+0000] {local_task_job_runner.py:243} INFO - Task exited with return code 0
[2025-07-27T13:16:51.681+0000] {taskinstance.py:3503} INFO - 0 downstream tasks scheduled from follow-on schedule check
[2025-07-27T13:16:51.683+0000] {local_task_job_runner.py:222} INFO - ::endgroup::
