[2025-07-29T12:07:05.834+0000] {local_task_job_runner.py:120} INFO - ::group::Pre task execution logs
[2025-07-29T12:07:07.326+0000] {taskinstance.py:2076} INFO - Dependencies all met for dep_context=non-requeueable deps ti=<TaskInstance: parallel_scraping_pipeline.scrape_task manual__2025-07-29T11:47:54.549432+00:00 map_index=6 [queued]>
[2025-07-29T12:07:07.789+0000] {taskinstance.py:2076} INFO - Dependencies all met for dep_context=requeueable deps ti=<TaskInstance: parallel_scraping_pipeline.scrape_task manual__2025-07-29T11:47:54.549432+00:00 map_index=6 [queued]>
[2025-07-29T12:07:07.791+0000] {taskinstance.py:2306} INFO - Starting attempt 1 of 1
[2025-07-29T12:07:08.440+0000] {taskinstance.py:2330} INFO - Executing <Mapped(_PythonDecoratedOperator): scrape_task> on 2025-07-29 11:47:54.549432+00:00
[2025-07-29T12:07:08.456+0000] {logging_mixin.py:188} WARNING - /home/airflow/.local/lib/python3.12/site-packages/airflow/task/task_runner/standard_task_runner.py:62 DeprecationWarning: This process (pid=910) is multi-threaded, use of fork() may lead to deadlocks in the child.
[2025-07-29T12:07:08.457+0000] {standard_task_runner.py:90} INFO - Running: ['airflow', 'tasks', 'run', 'parallel_scraping_pipeline', 'scrape_task', 'manual__2025-07-29T11:47:54.549432+00:00', '--job-id', '131', '--raw', '--subdir', 'DAGS_FOLDER/parallel_pipeline_dag.py', '--cfg-path', '/tmp/tmp_qvc3b6j', '--map-index', '6']
[2025-07-29T12:07:08.458+0000] {standard_task_runner.py:64} INFO - Started process 938 to run task
[2025-07-29T12:07:08.459+0000] {standard_task_runner.py:91} INFO - Job 131: Subtask scrape_task
[2025-07-29T12:07:09.544+0000] {logging_mixin.py:188} WARNING - /home/airflow/.local/lib/python3.12/site-packages/airflow/settings.py:195 DeprecationWarning: The sql_alchemy_conn option in [core] has been moved to the sql_alchemy_conn option in [database] - the old setting has been used, but please update your config.
[2025-07-29T12:07:11.321+0000] {task_command.py:426} INFO - Running <TaskInstance: parallel_scraping_pipeline.scrape_task manual__2025-07-29T11:47:54.549432+00:00 map_index=6 [running]> on host da8a53e6d45e
[2025-07-29T12:07:15.940+0000] {taskinstance.py:2648} INFO - Exporting env vars: AIRFLOW_CTX_DAG_OWNER='airflow' AIRFLOW_CTX_DAG_ID='parallel_scraping_pipeline' AIRFLOW_CTX_TASK_ID='scrape_task' AIRFLOW_CTX_EXECUTION_DATE='2025-07-29T11:47:54.549432+00:00' AIRFLOW_CTX_TRY_NUMBER='1' AIRFLOW_CTX_DAG_RUN_ID='manual__2025-07-29T11:47:54.549432+00:00'
[2025-07-29T12:07:15.943+0000] {taskinstance.py:430} INFO - ::endgroup::
[2025-07-29T12:07:15.945+0000] {logging_mixin.py:188} INFO - Initializing Stealth WebDriver...
[2025-07-29T12:07:27.301+0000] {logging_mixin.py:188} INFO - Extracted - Phone: OnePlus Nord CE5 5G (Nexus Blue, 128 GB)  (8 GB RAM), Price: ₹24,040
[2025-07-29T12:07:32.566+0000] {logging_mixin.py:188} INFO - Scraping Page 1 for OnePlus Nord CE5 5G (Nexus Blue, 128 GB)  (8 GB RAM)...
[2025-07-29T12:07:43.764+0000] {logging_mixin.py:188} INFO - No 'Next' button found. Scraping complete.
[2025-07-29T12:07:43.795+0000] {logging_mixin.py:188} INFO - Saved 4 reviews to /opt/airflow/data/raw/OnePlus_Nord_CE5_5G_(Nexus_Blue,_128_GB)__(8_GB_RAM)_reviews.csv
[2025-07-29T12:07:43.908+0000] {python.py:237} INFO - Done. Returned value was: /opt/airflow/data/raw/OnePlus_Nord_CE5_5G_(Nexus_Blue,_128_GB)__(8_GB_RAM)_reviews.csv
[2025-07-29T12:07:43.909+0000] {taskinstance.py:441} INFO - ::group::Post task execution logs
[2025-07-29T12:07:45.385+0000] {taskinstance.py:1206} INFO - Marking task as SUCCESS. dag_id=parallel_scraping_pipeline, task_id=scrape_task, run_id=manual__2025-07-29T11:47:54.549432+00:00, map_index=6, execution_date=20250729T114754, start_date=20250729T120707, end_date=20250729T120745
[2025-07-29T12:07:47.042+0000] {local_task_job_runner.py:243} INFO - Task exited with return code 0
[2025-07-29T12:07:47.596+0000] {local_task_job_runner.py:222} INFO - ::endgroup::
