[2025-07-27T10:13:39.921+0000] {local_task_job_runner.py:120} INFO - ::group::Pre task execution logs
[2025-07-27T10:13:40.309+0000] {taskinstance.py:2076} INFO - Dependencies all met for dep_context=non-requeueable deps ti=<TaskInstance: example_nested_branch_dag.branch_1 scheduled__2025-07-26T00:00:00+00:00 [queued]>
[2025-07-27T10:13:40.367+0000] {taskinstance.py:2076} INFO - Dependencies all met for dep_context=requeueable deps ti=<TaskInstance: example_nested_branch_dag.branch_1 scheduled__2025-07-26T00:00:00+00:00 [queued]>
[2025-07-27T10:13:40.369+0000] {taskinstance.py:2306} INFO - Starting attempt 1 of 1
[2025-07-27T10:13:40.495+0000] {taskinstance.py:2330} INFO - Executing <Task(_BranchPythonDecoratedOperator): branch_1> on 2025-07-26 00:00:00+00:00
[2025-07-27T10:13:40.593+0000] {logging_mixin.py:188} WARNING - /home/***/.local/lib/python3.12/site-packages/***/task/task_runner/standard_task_runner.py:62 DeprecationWarning: This process (pid=500) is multi-threaded, use of fork() may lead to deadlocks in the child.
[2025-07-27T10:13:40.632+0000] {standard_task_runner.py:64} INFO - Started process 614 to run task
[2025-07-27T10:13:40.602+0000] {standard_task_runner.py:90} INFO - Running: ['***', 'tasks', 'run', 'example_nested_branch_dag', 'branch_1', 'scheduled__2025-07-26T00:00:00+00:00', '--job-id', '47', '--raw', '--subdir', '/home/***/.local/lib/python3.12/site-packages/***/example_dags/example_nested_branch_dag.py', '--cfg-path', '/tmp/tmpye4kreoy']
[2025-07-27T10:13:40.647+0000] {standard_task_runner.py:91} INFO - Job 47: Subtask branch_1
[2025-07-27T10:13:40.793+0000] {logging_mixin.py:188} WARNING - /home/***/.local/lib/python3.12/site-packages/***/settings.py:195 DeprecationWarning: The sql_alchemy_conn option in [core] has been moved to the sql_alchemy_conn option in [database] - the old setting has been used, but please update your config.
[2025-07-27T10:13:41.233+0000] {task_command.py:426} INFO - Running <TaskInstance: example_nested_branch_dag.branch_1 scheduled__2025-07-26T00:00:00+00:00 [running]> on host 4112a2618ff3
[2025-07-27T10:13:41.982+0000] {taskinstance.py:2648} INFO - Exporting env vars: AIRFLOW_CTX_DAG_OWNER='***' AIRFLOW_CTX_DAG_ID='example_nested_branch_dag' AIRFLOW_CTX_TASK_ID='branch_1' AIRFLOW_CTX_EXECUTION_DATE='2025-07-26T00:00:00+00:00' AIRFLOW_CTX_TRY_NUMBER='1' AIRFLOW_CTX_DAG_RUN_ID='scheduled__2025-07-26T00:00:00+00:00'
[2025-07-27T10:13:41.996+0000] {taskinstance.py:430} INFO - ::endgroup::
[2025-07-27T10:13:42.006+0000] {python.py:237} INFO - Done. Returned value was: true_1
[2025-07-27T10:13:42.010+0000] {branch.py:36} INFO - Branch into true_1
[2025-07-27T10:13:42.016+0000] {skipmixin.py:178} INFO - Following branch true_1
[2025-07-27T10:13:42.119+0000] {skipmixin.py:246} INFO - Skipping tasks [('false_1', -1)]
[2025-07-27T10:13:42.243+0000] {taskinstance.py:441} INFO - ::group::Post task execution logs
[2025-07-27T10:13:42.339+0000] {taskinstance.py:1206} INFO - Marking task as SUCCESS. dag_id=example_nested_branch_dag, task_id=branch_1, run_id=scheduled__2025-07-26T00:00:00+00:00, execution_date=20250726T000000, start_date=20250727T101340, end_date=20250727T101342
[2025-07-27T10:13:42.558+0000] {local_task_job_runner.py:243} INFO - Task exited with return code 0
[2025-07-27T10:13:42.639+0000] {local_task_job_runner.py:222} INFO - ::endgroup::
