[2025-07-29T12:05:12.106+0000] {local_task_job_runner.py:120} INFO - ::group::Pre task execution logs
[2025-07-29T12:05:13.258+0000] {taskinstance.py:2076} INFO - Dependencies all met for dep_context=non-requeueable deps ti=<TaskInstance: parallel_scraping_pipeline.scrape_task manual__2025-07-29T11:47:54.549432+00:00 map_index=2 [queued]>
[2025-07-29T12:05:13.796+0000] {taskinstance.py:2076} INFO - Dependencies all met for dep_context=requeueable deps ti=<TaskInstance: parallel_scraping_pipeline.scrape_task manual__2025-07-29T11:47:54.549432+00:00 map_index=2 [queued]>
[2025-07-29T12:05:13.798+0000] {taskinstance.py:2306} INFO - Starting attempt 2 of 1
[2025-07-29T12:05:14.726+0000] {taskinstance.py:2330} INFO - Executing <Mapped(_PythonDecoratedOperator): scrape_task> on 2025-07-29 11:47:54.549432+00:00
[2025-07-29T12:05:14.744+0000] {logging_mixin.py:188} WARNING - /home/airflow/.local/lib/python3.12/site-packages/airflow/task/task_runner/standard_task_runner.py:62 DeprecationWarning: This process (pid=190) is multi-threaded, use of fork() may lead to deadlocks in the child.
[2025-07-29T12:05:14.745+0000] {standard_task_runner.py:90} INFO - Running: ['airflow', 'tasks', 'run', 'parallel_scraping_pipeline', 'scrape_task', 'manual__2025-07-29T11:47:54.549432+00:00', '--job-id', '129', '--raw', '--subdir', 'DAGS_FOLDER/parallel_pipeline_dag.py', '--cfg-path', '/tmp/tmpfdq6iyen', '--map-index', '2']
[2025-07-29T12:05:14.746+0000] {standard_task_runner.py:64} INFO - Started process 205 to run task
[2025-07-29T12:05:14.747+0000] {standard_task_runner.py:91} INFO - Job 129: Subtask scrape_task
[2025-07-29T12:05:15.511+0000] {logging_mixin.py:188} WARNING - /home/airflow/.local/lib/python3.12/site-packages/airflow/settings.py:195 DeprecationWarning: The sql_alchemy_conn option in [core] has been moved to the sql_alchemy_conn option in [database] - the old setting has been used, but please update your config.
[2025-07-29T12:05:17.338+0000] {task_command.py:426} INFO - Running <TaskInstance: parallel_scraping_pipeline.scrape_task manual__2025-07-29T11:47:54.549432+00:00 map_index=2 [running]> on host da8a53e6d45e
[2025-07-29T12:05:22.314+0000] {taskinstance.py:2648} INFO - Exporting env vars: AIRFLOW_CTX_DAG_OWNER='airflow' AIRFLOW_CTX_DAG_ID='parallel_scraping_pipeline' AIRFLOW_CTX_TASK_ID='scrape_task' AIRFLOW_CTX_EXECUTION_DATE='2025-07-29T11:47:54.549432+00:00' AIRFLOW_CTX_TRY_NUMBER='2' AIRFLOW_CTX_DAG_RUN_ID='manual__2025-07-29T11:47:54.549432+00:00'
[2025-07-29T12:05:22.328+0000] {taskinstance.py:430} INFO - ::endgroup::
[2025-07-29T12:05:22.330+0000] {logging_mixin.py:188} INFO - Initializing Stealth WebDriver...
[2025-07-29T12:05:36.996+0000] {logging_mixin.py:188} INFO - Extracted - Phone: OPPO A17k (Navy Blue, 64 GB)  (3 GB RAM), Price: ₹7,999
[2025-07-29T12:05:42.404+0000] {logging_mixin.py:188} INFO - Scraping Page 1 for OPPO A17k (Navy Blue, 64 GB)  (3 GB RAM)...
[2025-07-29T12:05:46.467+0000] {logging_mixin.py:188} INFO - Scraping Page 2 for OPPO A17k (Navy Blue, 64 GB)  (3 GB RAM)...
[2025-07-29T12:05:49.862+0000] {logging_mixin.py:188} INFO - Scraping Page 3 for OPPO A17k (Navy Blue, 64 GB)  (3 GB RAM)...
[2025-07-29T12:05:53.009+0000] {logging_mixin.py:188} INFO - Scraping Page 4 for OPPO A17k (Navy Blue, 64 GB)  (3 GB RAM)...
[2025-07-29T12:05:56.565+0000] {logging_mixin.py:188} INFO - Scraping Page 5 for OPPO A17k (Navy Blue, 64 GB)  (3 GB RAM)...
[2025-07-29T12:05:59.882+0000] {logging_mixin.py:188} INFO - Scraping Page 6 for OPPO A17k (Navy Blue, 64 GB)  (3 GB RAM)...
[2025-07-29T12:06:03.013+0000] {logging_mixin.py:188} INFO - Scraping Page 7 for OPPO A17k (Navy Blue, 64 GB)  (3 GB RAM)...
[2025-07-29T12:06:06.278+0000] {logging_mixin.py:188} INFO - Scraping Page 8 for OPPO A17k (Navy Blue, 64 GB)  (3 GB RAM)...
[2025-07-29T12:06:09.696+0000] {logging_mixin.py:188} INFO - Scraping Page 9 for OPPO A17k (Navy Blue, 64 GB)  (3 GB RAM)...
[2025-07-29T12:06:12.536+0000] {logging_mixin.py:188} INFO - Scraping Page 10 for OPPO A17k (Navy Blue, 64 GB)  (3 GB RAM)...
[2025-07-29T12:06:15.407+0000] {logging_mixin.py:188} INFO - Scraping Page 11 for OPPO A17k (Navy Blue, 64 GB)  (3 GB RAM)...
[2025-07-29T12:06:30.860+0000] {logging_mixin.py:188} INFO - Retry 1 waiting for reviews or next button...
[2025-07-29T12:06:51.175+0000] {logging_mixin.py:188} INFO - Retry 2 waiting for reviews or next button...
[2025-07-29T12:06:56.179+0000] {logging_mixin.py:188} INFO - Timeout waiting for reviews or next button. Ending scrape.
[2025-07-29T12:06:56.208+0000] {logging_mixin.py:188} INFO - Saved 100 reviews to /opt/airflow/data/raw/OPPO_A17k_(Navy_Blue,_64_GB)__(3_GB_RAM)_reviews.csv
[2025-07-29T12:06:56.346+0000] {python.py:237} INFO - Done. Returned value was: /opt/airflow/data/raw/OPPO_A17k_(Navy_Blue,_64_GB)__(3_GB_RAM)_reviews.csv
[2025-07-29T12:06:56.347+0000] {taskinstance.py:441} INFO - ::group::Post task execution logs
[2025-07-29T12:06:58.027+0000] {taskinstance.py:1206} INFO - Marking task as SUCCESS. dag_id=parallel_scraping_pipeline, task_id=scrape_task, run_id=manual__2025-07-29T11:47:54.549432+00:00, map_index=2, execution_date=20250729T114754, start_date=20250729T120513, end_date=20250729T120658
[2025-07-29T12:06:58.509+0000] {local_task_job_runner.py:243} INFO - Task exited with return code 0
[2025-07-29T12:06:59.712+0000] {taskinstance.py:3503} INFO - 0 downstream tasks scheduled from follow-on schedule check
[2025-07-29T12:06:59.768+0000] {local_task_job_runner.py:222} INFO - ::endgroup::
