[2025-07-29T10:22:21.118+0000] {local_task_job_runner.py:120} INFO - ::group::Pre task execution logs
[2025-07-29T10:22:22.044+0000] {taskinstance.py:2076} INFO - Dependencies all met for dep_context=non-requeueable deps ti=<TaskInstance: parallel_scraping_pipeline.scrape_task manual__2025-07-29T10:21:21.870236+00:00 map_index=1 [queued]>
[2025-07-29T10:22:22.521+0000] {taskinstance.py:2076} INFO - Dependencies all met for dep_context=requeueable deps ti=<TaskInstance: parallel_scraping_pipeline.scrape_task manual__2025-07-29T10:21:21.870236+00:00 map_index=1 [queued]>
[2025-07-29T10:22:22.523+0000] {taskinstance.py:2306} INFO - Starting attempt 1 of 1
[2025-07-29T10:22:22.968+0000] {taskinstance.py:2330} INFO - Executing <Mapped(_PythonDecoratedOperator): scrape_task> on 2025-07-29 10:21:21.870236+00:00
[2025-07-29T10:22:22.983+0000] {logging_mixin.py:188} WARNING - /home/airflow/.local/lib/python3.12/site-packages/airflow/task/task_runner/standard_task_runner.py:62 DeprecationWarning: This process (pid=354) is multi-threaded, use of fork() may lead to deadlocks in the child.
[2025-07-29T10:22:22.983+0000] {standard_task_runner.py:90} INFO - Running: ['airflow', 'tasks', 'run', 'parallel_scraping_pipeline', 'scrape_task', 'manual__2025-07-29T10:21:21.870236+00:00', '--job-id', '95', '--raw', '--subdir', 'DAGS_FOLDER/parallel_pipeline_dag.py', '--cfg-path', '/tmp/tmpjkl_m4db', '--map-index', '1']
[2025-07-29T10:22:22.985+0000] {standard_task_runner.py:64} INFO - Started process 366 to run task
[2025-07-29T10:22:22.985+0000] {standard_task_runner.py:91} INFO - Job 95: Subtask scrape_task
[2025-07-29T10:22:23.740+0000] {logging_mixin.py:188} WARNING - /home/airflow/.local/lib/python3.12/site-packages/airflow/settings.py:195 DeprecationWarning: The sql_alchemy_conn option in [core] has been moved to the sql_alchemy_conn option in [database] - the old setting has been used, but please update your config.
[2025-07-29T10:22:25.569+0000] {task_command.py:426} INFO - Running <TaskInstance: parallel_scraping_pipeline.scrape_task manual__2025-07-29T10:21:21.870236+00:00 map_index=1 [running]> on host f328c07fe88e
[2025-07-29T10:22:29.911+0000] {taskinstance.py:2648} INFO - Exporting env vars: AIRFLOW_CTX_DAG_OWNER='airflow' AIRFLOW_CTX_DAG_ID='parallel_scraping_pipeline' AIRFLOW_CTX_TASK_ID='scrape_task' AIRFLOW_CTX_EXECUTION_DATE='2025-07-29T10:21:21.870236+00:00' AIRFLOW_CTX_TRY_NUMBER='1' AIRFLOW_CTX_DAG_RUN_ID='manual__2025-07-29T10:21:21.870236+00:00'
[2025-07-29T10:22:29.916+0000] {taskinstance.py:430} INFO - ::endgroup::
[2025-07-29T10:22:29.917+0000] {logging_mixin.py:188} INFO - Initializing Stealth WebDriver...
[2025-07-29T10:22:46.791+0000] {logging_mixin.py:188} INFO - Extracted - Phone: Samsung Galaxy A35 5G (Awesome Navy, 256 GB)  (8 GB RAM), Price: ₹21,999
[2025-07-29T10:22:52.252+0000] {logging_mixin.py:188} INFO - Scraping Page 1 for Samsung Galaxy A35 5G (Awesome Navy, 256 GB)  (8 GB RAM)...
[2025-07-29T10:23:01.680+0000] {logging_mixin.py:188} INFO - Scraping Page 2 for Samsung Galaxy A35 5G (Awesome Navy, 256 GB)  (8 GB RAM)...
[2025-07-29T10:23:10.565+0000] {logging_mixin.py:188} INFO - Scraping Page 3 for Samsung Galaxy A35 5G (Awesome Navy, 256 GB)  (8 GB RAM)...
[2025-07-29T10:23:19.431+0000] {logging_mixin.py:188} INFO - Scraping Page 4 for Samsung Galaxy A35 5G (Awesome Navy, 256 GB)  (8 GB RAM)...
[2025-07-29T10:23:28.273+0000] {logging_mixin.py:188} INFO - Scraping Page 5 for Samsung Galaxy A35 5G (Awesome Navy, 256 GB)  (8 GB RAM)...
[2025-07-29T10:23:37.412+0000] {logging_mixin.py:188} INFO - Scraping Page 6 for Samsung Galaxy A35 5G (Awesome Navy, 256 GB)  (8 GB RAM)...
[2025-07-29T10:23:46.380+0000] {logging_mixin.py:188} INFO - Scraping Page 7 for Samsung Galaxy A35 5G (Awesome Navy, 256 GB)  (8 GB RAM)...
[2025-07-29T10:23:55.210+0000] {logging_mixin.py:188} INFO - Scraping Page 8 for Samsung Galaxy A35 5G (Awesome Navy, 256 GB)  (8 GB RAM)...
[2025-07-29T10:24:04.088+0000] {logging_mixin.py:188} INFO - Scraping Page 9 for Samsung Galaxy A35 5G (Awesome Navy, 256 GB)  (8 GB RAM)...
[2025-07-29T10:24:12.969+0000] {logging_mixin.py:188} INFO - Scraping Page 10 for Samsung Galaxy A35 5G (Awesome Navy, 256 GB)  (8 GB RAM)...
[2025-07-29T10:24:21.927+0000] {logging_mixin.py:188} INFO - Scraping Page 11 for Samsung Galaxy A35 5G (Awesome Navy, 256 GB)  (8 GB RAM)...
[2025-07-29T10:24:30.767+0000] {logging_mixin.py:188} INFO - Scraping Page 12 for Samsung Galaxy A35 5G (Awesome Navy, 256 GB)  (8 GB RAM)...
[2025-07-29T10:24:39.719+0000] {logging_mixin.py:188} INFO - Scraping Page 13 for Samsung Galaxy A35 5G (Awesome Navy, 256 GB)  (8 GB RAM)...
[2025-07-29T10:24:48.522+0000] {logging_mixin.py:188} INFO - Scraping Page 14 for Samsung Galaxy A35 5G (Awesome Navy, 256 GB)  (8 GB RAM)...
[2025-07-29T10:24:57.927+0000] {logging_mixin.py:188} INFO - Scraping Page 15 for Samsung Galaxy A35 5G (Awesome Navy, 256 GB)  (8 GB RAM)...
[2025-07-29T10:25:06.722+0000] {logging_mixin.py:188} INFO - Scraping Page 16 for Samsung Galaxy A35 5G (Awesome Navy, 256 GB)  (8 GB RAM)...
[2025-07-29T10:25:15.564+0000] {logging_mixin.py:188} INFO - Scraping Page 17 for Samsung Galaxy A35 5G (Awesome Navy, 256 GB)  (8 GB RAM)...
[2025-07-29T10:25:24.348+0000] {logging_mixin.py:188} INFO - Scraping Page 18 for Samsung Galaxy A35 5G (Awesome Navy, 256 GB)  (8 GB RAM)...
[2025-07-29T10:25:33.284+0000] {logging_mixin.py:188} INFO - Scraping Page 19 for Samsung Galaxy A35 5G (Awesome Navy, 256 GB)  (8 GB RAM)...
[2025-07-29T10:25:42.139+0000] {logging_mixin.py:188} INFO - Scraping Page 20 for Samsung Galaxy A35 5G (Awesome Navy, 256 GB)  (8 GB RAM)...
[2025-07-29T10:25:50.969+0000] {logging_mixin.py:188} INFO - Scraping Page 21 for Samsung Galaxy A35 5G (Awesome Navy, 256 GB)  (8 GB RAM)...
[2025-07-29T10:25:59.867+0000] {logging_mixin.py:188} INFO - Scraping Page 22 for Samsung Galaxy A35 5G (Awesome Navy, 256 GB)  (8 GB RAM)...
[2025-07-29T10:26:08.738+0000] {logging_mixin.py:188} INFO - Scraping Page 23 for Samsung Galaxy A35 5G (Awesome Navy, 256 GB)  (8 GB RAM)...
[2025-07-29T10:26:17.627+0000] {logging_mixin.py:188} INFO - Scraping Page 24 for Samsung Galaxy A35 5G (Awesome Navy, 256 GB)  (8 GB RAM)...
[2025-07-29T10:26:26.446+0000] {logging_mixin.py:188} INFO - Scraping Page 25 for Samsung Galaxy A35 5G (Awesome Navy, 256 GB)  (8 GB RAM)...
[2025-07-29T10:26:35.388+0000] {logging_mixin.py:188} INFO - Scraping Page 26 for Samsung Galaxy A35 5G (Awesome Navy, 256 GB)  (8 GB RAM)...
[2025-07-29T10:26:44.239+0000] {logging_mixin.py:188} INFO - Scraping Page 27 for Samsung Galaxy A35 5G (Awesome Navy, 256 GB)  (8 GB RAM)...
[2025-07-29T10:26:53.184+0000] {logging_mixin.py:188} INFO - Scraping Page 28 for Samsung Galaxy A35 5G (Awesome Navy, 256 GB)  (8 GB RAM)...
[2025-07-29T10:27:02.028+0000] {logging_mixin.py:188} INFO - Scraping Page 29 for Samsung Galaxy A35 5G (Awesome Navy, 256 GB)  (8 GB RAM)...
[2025-07-29T10:27:10.933+0000] {logging_mixin.py:188} INFO - Scraping Page 30 for Samsung Galaxy A35 5G (Awesome Navy, 256 GB)  (8 GB RAM)...
[2025-07-29T10:27:19.895+0000] {logging_mixin.py:188} INFO - Scraping Page 31 for Samsung Galaxy A35 5G (Awesome Navy, 256 GB)  (8 GB RAM)...
[2025-07-29T10:27:28.724+0000] {logging_mixin.py:188} INFO - Scraping Page 32 for Samsung Galaxy A35 5G (Awesome Navy, 256 GB)  (8 GB RAM)...
[2025-07-29T10:27:37.637+0000] {logging_mixin.py:188} INFO - Scraping Page 33 for Samsung Galaxy A35 5G (Awesome Navy, 256 GB)  (8 GB RAM)...
[2025-07-29T10:27:46.451+0000] {logging_mixin.py:188} INFO - Scraping Page 34 for Samsung Galaxy A35 5G (Awesome Navy, 256 GB)  (8 GB RAM)...
[2025-07-29T10:27:55.380+0000] {logging_mixin.py:188} INFO - Scraping Page 35 for Samsung Galaxy A35 5G (Awesome Navy, 256 GB)  (8 GB RAM)...
[2025-07-29T10:28:04.187+0000] {logging_mixin.py:188} INFO - Scraping Page 36 for Samsung Galaxy A35 5G (Awesome Navy, 256 GB)  (8 GB RAM)...
[2025-07-29T10:28:13.596+0000] {logging_mixin.py:188} INFO - Scraping Page 37 for Samsung Galaxy A35 5G (Awesome Navy, 256 GB)  (8 GB RAM)...
[2025-07-29T10:28:22.441+0000] {logging_mixin.py:188} INFO - Scraping Page 38 for Samsung Galaxy A35 5G (Awesome Navy, 256 GB)  (8 GB RAM)...
[2025-07-29T10:28:31.322+0000] {logging_mixin.py:188} INFO - Scraping Page 39 for Samsung Galaxy A35 5G (Awesome Navy, 256 GB)  (8 GB RAM)...
[2025-07-29T10:28:40.148+0000] {logging_mixin.py:188} INFO - Scraping Page 40 for Samsung Galaxy A35 5G (Awesome Navy, 256 GB)  (8 GB RAM)...
[2025-07-29T10:28:49.035+0000] {logging_mixin.py:188} INFO - Scraping Page 41 for Samsung Galaxy A35 5G (Awesome Navy, 256 GB)  (8 GB RAM)...
[2025-07-29T10:28:57.951+0000] {logging_mixin.py:188} INFO - Scraping Page 42 for Samsung Galaxy A35 5G (Awesome Navy, 256 GB)  (8 GB RAM)...
[2025-07-29T10:29:06.765+0000] {logging_mixin.py:188} INFO - Scraping Page 43 for Samsung Galaxy A35 5G (Awesome Navy, 256 GB)  (8 GB RAM)...
[2025-07-29T10:29:15.709+0000] {logging_mixin.py:188} INFO - Scraping Page 44 for Samsung Galaxy A35 5G (Awesome Navy, 256 GB)  (8 GB RAM)...
[2025-07-29T10:29:25.001+0000] {logging_mixin.py:188} INFO - Scraping Page 45 for Samsung Galaxy A35 5G (Awesome Navy, 256 GB)  (8 GB RAM)...
[2025-07-29T10:29:33.831+0000] {logging_mixin.py:188} INFO - Scraping Page 46 for Samsung Galaxy A35 5G (Awesome Navy, 256 GB)  (8 GB RAM)...
[2025-07-29T10:29:42.637+0000] {logging_mixin.py:188} INFO - Scraping Page 47 for Samsung Galaxy A35 5G (Awesome Navy, 256 GB)  (8 GB RAM)...
[2025-07-29T10:29:51.526+0000] {logging_mixin.py:188} INFO - Scraping Page 48 for Samsung Galaxy A35 5G (Awesome Navy, 256 GB)  (8 GB RAM)...
[2025-07-29T10:30:00.425+0000] {logging_mixin.py:188} INFO - Scraping Page 49 for Samsung Galaxy A35 5G (Awesome Navy, 256 GB)  (8 GB RAM)...
[2025-07-29T10:30:09.249+0000] {logging_mixin.py:188} INFO - Scraping Page 50 for Samsung Galaxy A35 5G (Awesome Navy, 256 GB)  (8 GB RAM)...
[2025-07-29T10:30:18.098+0000] {logging_mixin.py:188} INFO - Scraping Page 51 for Samsung Galaxy A35 5G (Awesome Navy, 256 GB)  (8 GB RAM)...
[2025-07-29T10:30:26.900+0000] {logging_mixin.py:188} INFO - Scraping Page 52 for Samsung Galaxy A35 5G (Awesome Navy, 256 GB)  (8 GB RAM)...
[2025-07-29T10:30:35.753+0000] {logging_mixin.py:188} INFO - Scraping Page 53 for Samsung Galaxy A35 5G (Awesome Navy, 256 GB)  (8 GB RAM)...
[2025-07-29T10:30:44.539+0000] {logging_mixin.py:188} INFO - Scraping Page 54 for Samsung Galaxy A35 5G (Awesome Navy, 256 GB)  (8 GB RAM)...
[2025-07-29T10:30:53.346+0000] {logging_mixin.py:188} INFO - Scraping Page 55 for Samsung Galaxy A35 5G (Awesome Navy, 256 GB)  (8 GB RAM)...
[2025-07-29T10:31:02.154+0000] {logging_mixin.py:188} INFO - Scraping Page 56 for Samsung Galaxy A35 5G (Awesome Navy, 256 GB)  (8 GB RAM)...
[2025-07-29T10:31:10.973+0000] {logging_mixin.py:188} INFO - Scraping Page 57 for Samsung Galaxy A35 5G (Awesome Navy, 256 GB)  (8 GB RAM)...
[2025-07-29T10:31:20.052+0000] {logging_mixin.py:188} INFO - Scraping Page 58 for Samsung Galaxy A35 5G (Awesome Navy, 256 GB)  (8 GB RAM)...
[2025-07-29T10:31:29.381+0000] {logging_mixin.py:188} INFO - Scraping Page 59 for Samsung Galaxy A35 5G (Awesome Navy, 256 GB)  (8 GB RAM)...
[2025-07-29T10:31:38.246+0000] {logging_mixin.py:188} INFO - Scraping Page 60 for Samsung Galaxy A35 5G (Awesome Navy, 256 GB)  (8 GB RAM)...
[2025-07-29T10:31:47.100+0000] {logging_mixin.py:188} INFO - Scraping Page 61 for Samsung Galaxy A35 5G (Awesome Navy, 256 GB)  (8 GB RAM)...
[2025-07-29T10:31:55.984+0000] {logging_mixin.py:188} INFO - Scraping Page 62 for Samsung Galaxy A35 5G (Awesome Navy, 256 GB)  (8 GB RAM)...
[2025-07-29T10:32:04.796+0000] {logging_mixin.py:188} INFO - Scraping Page 63 for Samsung Galaxy A35 5G (Awesome Navy, 256 GB)  (8 GB RAM)...
[2025-07-29T10:32:13.580+0000] {logging_mixin.py:188} INFO - Scraping Page 64 for Samsung Galaxy A35 5G (Awesome Navy, 256 GB)  (8 GB RAM)...
[2025-07-29T10:32:22.421+0000] {logging_mixin.py:188} INFO - Scraping Page 65 for Samsung Galaxy A35 5G (Awesome Navy, 256 GB)  (8 GB RAM)...
[2025-07-29T10:32:31.269+0000] {logging_mixin.py:188} INFO - Scraping Page 66 for Samsung Galaxy A35 5G (Awesome Navy, 256 GB)  (8 GB RAM)...
[2025-07-29T10:32:40.104+0000] {logging_mixin.py:188} INFO - Scraping Page 67 for Samsung Galaxy A35 5G (Awesome Navy, 256 GB)  (8 GB RAM)...
[2025-07-29T10:32:48.923+0000] {logging_mixin.py:188} INFO - Scraping Page 68 for Samsung Galaxy A35 5G (Awesome Navy, 256 GB)  (8 GB RAM)...
[2025-07-29T10:32:57.751+0000] {logging_mixin.py:188} INFO - Scraping Page 69 for Samsung Galaxy A35 5G (Awesome Navy, 256 GB)  (8 GB RAM)...
[2025-07-29T10:33:06.547+0000] {logging_mixin.py:188} INFO - Scraping Page 70 for Samsung Galaxy A35 5G (Awesome Navy, 256 GB)  (8 GB RAM)...
[2025-07-29T10:33:15.351+0000] {logging_mixin.py:188} INFO - Scraping Page 71 for Samsung Galaxy A35 5G (Awesome Navy, 256 GB)  (8 GB RAM)...
[2025-07-29T10:33:24.155+0000] {logging_mixin.py:188} INFO - Scraping Page 72 for Samsung Galaxy A35 5G (Awesome Navy, 256 GB)  (8 GB RAM)...
[2025-07-29T10:33:33.015+0000] {logging_mixin.py:188} INFO - Scraping Page 73 for Samsung Galaxy A35 5G (Awesome Navy, 256 GB)  (8 GB RAM)...
[2025-07-29T10:33:41.877+0000] {logging_mixin.py:188} INFO - Scraping Page 74 for Samsung Galaxy A35 5G (Awesome Navy, 256 GB)  (8 GB RAM)...
[2025-07-29T10:33:50.702+0000] {logging_mixin.py:188} INFO - Scraping Page 75 for Samsung Galaxy A35 5G (Awesome Navy, 256 GB)  (8 GB RAM)...
[2025-07-29T10:33:59.585+0000] {logging_mixin.py:188} INFO - Scraping Page 76 for Samsung Galaxy A35 5G (Awesome Navy, 256 GB)  (8 GB RAM)...
[2025-07-29T10:34:08.461+0000] {logging_mixin.py:188} INFO - Scraping Page 77 for Samsung Galaxy A35 5G (Awesome Navy, 256 GB)  (8 GB RAM)...
[2025-07-29T10:34:17.310+0000] {logging_mixin.py:188} INFO - Scraping Page 78 for Samsung Galaxy A35 5G (Awesome Navy, 256 GB)  (8 GB RAM)...
[2025-07-29T10:34:26.110+0000] {logging_mixin.py:188} INFO - Scraping Page 79 for Samsung Galaxy A35 5G (Awesome Navy, 256 GB)  (8 GB RAM)...
[2025-07-29T10:34:35.243+0000] {logging_mixin.py:188} INFO - Scraping Page 80 for Samsung Galaxy A35 5G (Awesome Navy, 256 GB)  (8 GB RAM)...
[2025-07-29T10:34:44.049+0000] {logging_mixin.py:188} INFO - Scraping Page 81 for Samsung Galaxy A35 5G (Awesome Navy, 256 GB)  (8 GB RAM)...
[2025-07-29T10:34:52.907+0000] {logging_mixin.py:188} INFO - Scraping Page 82 for Samsung Galaxy A35 5G (Awesome Navy, 256 GB)  (8 GB RAM)...
[2025-07-29T10:35:02.086+0000] {logging_mixin.py:188} INFO - Scraping Page 83 for Samsung Galaxy A35 5G (Awesome Navy, 256 GB)  (8 GB RAM)...
[2025-07-29T10:35:11.022+0000] {logging_mixin.py:188} INFO - Scraping Page 84 for Samsung Galaxy A35 5G (Awesome Navy, 256 GB)  (8 GB RAM)...
[2025-07-29T10:35:19.864+0000] {logging_mixin.py:188} INFO - Scraping Page 85 for Samsung Galaxy A35 5G (Awesome Navy, 256 GB)  (8 GB RAM)...
[2025-07-29T10:35:28.732+0000] {logging_mixin.py:188} INFO - Scraping Page 86 for Samsung Galaxy A35 5G (Awesome Navy, 256 GB)  (8 GB RAM)...
[2025-07-29T10:35:37.589+0000] {logging_mixin.py:188} INFO - Scraping Page 87 for Samsung Galaxy A35 5G (Awesome Navy, 256 GB)  (8 GB RAM)...
[2025-07-29T10:35:46.505+0000] {logging_mixin.py:188} INFO - Scraping Page 88 for Samsung Galaxy A35 5G (Awesome Navy, 256 GB)  (8 GB RAM)...
[2025-07-29T10:35:55.434+0000] {logging_mixin.py:188} INFO - Scraping Page 89 for Samsung Galaxy A35 5G (Awesome Navy, 256 GB)  (8 GB RAM)...
[2025-07-29T10:36:04.758+0000] {logging_mixin.py:188} INFO - Scraping Page 90 for Samsung Galaxy A35 5G (Awesome Navy, 256 GB)  (8 GB RAM)...
[2025-07-29T10:36:13.654+0000] {logging_mixin.py:188} INFO - Scraping Page 91 for Samsung Galaxy A35 5G (Awesome Navy, 256 GB)  (8 GB RAM)...
[2025-07-29T10:36:22.577+0000] {logging_mixin.py:188} INFO - Scraping Page 92 for Samsung Galaxy A35 5G (Awesome Navy, 256 GB)  (8 GB RAM)...
[2025-07-29T10:36:31.444+0000] {logging_mixin.py:188} INFO - Scraping Page 93 for Samsung Galaxy A35 5G (Awesome Navy, 256 GB)  (8 GB RAM)...
[2025-07-29T10:36:40.305+0000] {logging_mixin.py:188} INFO - Scraping Page 94 for Samsung Galaxy A35 5G (Awesome Navy, 256 GB)  (8 GB RAM)...
[2025-07-29T10:36:49.161+0000] {logging_mixin.py:188} INFO - Scraping Page 95 for Samsung Galaxy A35 5G (Awesome Navy, 256 GB)  (8 GB RAM)...
[2025-07-29T10:36:58.019+0000] {logging_mixin.py:188} INFO - Scraping Page 96 for Samsung Galaxy A35 5G (Awesome Navy, 256 GB)  (8 GB RAM)...
[2025-07-29T10:37:06.849+0000] {logging_mixin.py:188} INFO - Scraping Page 97 for Samsung Galaxy A35 5G (Awesome Navy, 256 GB)  (8 GB RAM)...
[2025-07-29T10:37:15.702+0000] {logging_mixin.py:188} INFO - Scraping Page 98 for Samsung Galaxy A35 5G (Awesome Navy, 256 GB)  (8 GB RAM)...
[2025-07-29T10:37:24.532+0000] {logging_mixin.py:188} INFO - Scraping Page 99 for Samsung Galaxy A35 5G (Awesome Navy, 256 GB)  (8 GB RAM)...
[2025-07-29T10:37:33.389+0000] {logging_mixin.py:188} INFO - Scraping Page 100 for Samsung Galaxy A35 5G (Awesome Navy, 256 GB)  (8 GB RAM)...
[2025-07-29T10:37:42.339+0000] {logging_mixin.py:188} INFO - Scraping Page 101 for Samsung Galaxy A35 5G (Awesome Navy, 256 GB)  (8 GB RAM)...
[2025-07-29T10:37:51.420+0000] {logging_mixin.py:188} INFO - Scraping Page 102 for Samsung Galaxy A35 5G (Awesome Navy, 256 GB)  (8 GB RAM)...
[2025-07-29T10:38:00.278+0000] {logging_mixin.py:188} INFO - Scraping Page 103 for Samsung Galaxy A35 5G (Awesome Navy, 256 GB)  (8 GB RAM)...
[2025-07-29T10:38:09.103+0000] {logging_mixin.py:188} INFO - Scraping Page 104 for Samsung Galaxy A35 5G (Awesome Navy, 256 GB)  (8 GB RAM)...
[2025-07-29T10:38:17.959+0000] {logging_mixin.py:188} INFO - Scraping Page 105 for Samsung Galaxy A35 5G (Awesome Navy, 256 GB)  (8 GB RAM)...
[2025-07-29T10:38:26.772+0000] {logging_mixin.py:188} INFO - Scraping Page 106 for Samsung Galaxy A35 5G (Awesome Navy, 256 GB)  (8 GB RAM)...
[2025-07-29T10:38:35.645+0000] {logging_mixin.py:188} INFO - Scraping Page 107 for Samsung Galaxy A35 5G (Awesome Navy, 256 GB)  (8 GB RAM)...
[2025-07-29T10:38:44.530+0000] {logging_mixin.py:188} INFO - Scraping Page 108 for Samsung Galaxy A35 5G (Awesome Navy, 256 GB)  (8 GB RAM)...
[2025-07-29T10:38:53.450+0000] {logging_mixin.py:188} INFO - Scraping Page 109 for Samsung Galaxy A35 5G (Awesome Navy, 256 GB)  (8 GB RAM)...
[2025-07-29T10:39:02.285+0000] {logging_mixin.py:188} INFO - Scraping Page 110 for Samsung Galaxy A35 5G (Awesome Navy, 256 GB)  (8 GB RAM)...
[2025-07-29T10:39:11.116+0000] {logging_mixin.py:188} INFO - Scraping Page 111 for Samsung Galaxy A35 5G (Awesome Navy, 256 GB)  (8 GB RAM)...
[2025-07-29T10:39:20.004+0000] {logging_mixin.py:188} INFO - Scraping Page 112 for Samsung Galaxy A35 5G (Awesome Navy, 256 GB)  (8 GB RAM)...
[2025-07-29T10:39:35.103+0000] {logging_mixin.py:188} INFO - Scraping Page 113 for Samsung Galaxy A35 5G (Awesome Navy, 256 GB)  (8 GB RAM)...
[2025-07-29T10:39:45.984+0000] {logging_mixin.py:188} INFO - Scraping Page 114 for Samsung Galaxy A35 5G (Awesome Navy, 256 GB)  (8 GB RAM)...
[2025-07-29T10:39:56.007+0000] {logging_mixin.py:188} INFO - Scraping Page 115 for Samsung Galaxy A35 5G (Awesome Navy, 256 GB)  (8 GB RAM)...
[2025-07-29T10:40:05.740+0000] {logging_mixin.py:188} INFO - Scraping Page 116 for Samsung Galaxy A35 5G (Awesome Navy, 256 GB)  (8 GB RAM)...
[2025-07-29T10:40:15.076+0000] {logging_mixin.py:188} INFO - Scraping Page 117 for Samsung Galaxy A35 5G (Awesome Navy, 256 GB)  (8 GB RAM)...
[2025-07-29T10:40:24.906+0000] {logging_mixin.py:188} INFO - Scraping Page 118 for Samsung Galaxy A35 5G (Awesome Navy, 256 GB)  (8 GB RAM)...
[2025-07-29T10:40:34.587+0000] {logging_mixin.py:188} INFO - Scraping Page 119 for Samsung Galaxy A35 5G (Awesome Navy, 256 GB)  (8 GB RAM)...
[2025-07-29T10:40:44.208+0000] {logging_mixin.py:188} INFO - Scraping Page 120 for Samsung Galaxy A35 5G (Awesome Navy, 256 GB)  (8 GB RAM)...
[2025-07-29T10:40:54.480+0000] {logging_mixin.py:188} INFO - Scraping Page 121 for Samsung Galaxy A35 5G (Awesome Navy, 256 GB)  (8 GB RAM)...
[2025-07-29T10:41:04.364+0000] {logging_mixin.py:188} INFO - Scraping Page 122 for Samsung Galaxy A35 5G (Awesome Navy, 256 GB)  (8 GB RAM)...
[2025-07-29T10:41:14.685+0000] {logging_mixin.py:188} INFO - Scraping Page 123 for Samsung Galaxy A35 5G (Awesome Navy, 256 GB)  (8 GB RAM)...
[2025-07-29T10:41:24.212+0000] {logging_mixin.py:188} INFO - Scraping Page 124 for Samsung Galaxy A35 5G (Awesome Navy, 256 GB)  (8 GB RAM)...
[2025-07-29T10:41:33.478+0000] {logging_mixin.py:188} INFO - Scraping Page 125 for Samsung Galaxy A35 5G (Awesome Navy, 256 GB)  (8 GB RAM)...
[2025-07-29T10:41:43.171+0000] {logging_mixin.py:188} INFO - Scraping Page 126 for Samsung Galaxy A35 5G (Awesome Navy, 256 GB)  (8 GB RAM)...
[2025-07-29T10:41:52.473+0000] {logging_mixin.py:188} INFO - Scraping Page 127 for Samsung Galaxy A35 5G (Awesome Navy, 256 GB)  (8 GB RAM)...
[2025-07-29T10:42:01.669+0000] {logging_mixin.py:188} INFO - Scraping Page 128 for Samsung Galaxy A35 5G (Awesome Navy, 256 GB)  (8 GB RAM)...
[2025-07-29T10:42:10.898+0000] {logging_mixin.py:188} INFO - Scraping Page 129 for Samsung Galaxy A35 5G (Awesome Navy, 256 GB)  (8 GB RAM)...
[2025-07-29T10:42:20.367+0000] {logging_mixin.py:188} INFO - Scraping Page 130 for Samsung Galaxy A35 5G (Awesome Navy, 256 GB)  (8 GB RAM)...
[2025-07-29T10:42:29.726+0000] {logging_mixin.py:188} INFO - Scraping Page 131 for Samsung Galaxy A35 5G (Awesome Navy, 256 GB)  (8 GB RAM)...
[2025-07-29T10:42:38.994+0000] {logging_mixin.py:188} INFO - Scraping Page 132 for Samsung Galaxy A35 5G (Awesome Navy, 256 GB)  (8 GB RAM)...
[2025-07-29T10:42:48.360+0000] {logging_mixin.py:188} INFO - Scraping Page 133 for Samsung Galaxy A35 5G (Awesome Navy, 256 GB)  (8 GB RAM)...
[2025-07-29T10:42:57.678+0000] {logging_mixin.py:188} INFO - Scraping Page 134 for Samsung Galaxy A35 5G (Awesome Navy, 256 GB)  (8 GB RAM)...
[2025-07-29T10:43:07.500+0000] {logging_mixin.py:188} INFO - Scraping Page 135 for Samsung Galaxy A35 5G (Awesome Navy, 256 GB)  (8 GB RAM)...
[2025-07-29T10:43:17.534+0000] {logging_mixin.py:188} INFO - Scraping Page 136 for Samsung Galaxy A35 5G (Awesome Navy, 256 GB)  (8 GB RAM)...
[2025-07-29T10:43:27.209+0000] {logging_mixin.py:188} INFO - Scraping Page 137 for Samsung Galaxy A35 5G (Awesome Navy, 256 GB)  (8 GB RAM)...
[2025-07-29T10:43:36.541+0000] {logging_mixin.py:188} INFO - Scraping Page 138 for Samsung Galaxy A35 5G (Awesome Navy, 256 GB)  (8 GB RAM)...
[2025-07-29T10:43:45.863+0000] {logging_mixin.py:188} INFO - Scraping Page 139 for Samsung Galaxy A35 5G (Awesome Navy, 256 GB)  (8 GB RAM)...
[2025-07-29T10:43:55.009+0000] {logging_mixin.py:188} INFO - Scraping Page 140 for Samsung Galaxy A35 5G (Awesome Navy, 256 GB)  (8 GB RAM)...
[2025-07-29T10:44:05.140+0000] {logging_mixin.py:188} INFO - Scraping Page 141 for Samsung Galaxy A35 5G (Awesome Navy, 256 GB)  (8 GB RAM)...
[2025-07-29T10:44:14.494+0000] {logging_mixin.py:188} INFO - Scraping Page 142 for Samsung Galaxy A35 5G (Awesome Navy, 256 GB)  (8 GB RAM)...
[2025-07-29T10:44:24.552+0000] {logging_mixin.py:188} INFO - Scraping Page 143 for Samsung Galaxy A35 5G (Awesome Navy, 256 GB)  (8 GB RAM)...
[2025-07-29T10:44:33.999+0000] {logging_mixin.py:188} INFO - Scraping Page 144 for Samsung Galaxy A35 5G (Awesome Navy, 256 GB)  (8 GB RAM)...
[2025-07-29T10:44:57.946+0000] {logging_mixin.py:188} INFO - No more pages or pagination failed at page 144
[2025-07-29T10:44:58.123+0000] {logging_mixin.py:188} INFO - Saved 1435 reviews to /opt/airflow/data/raw/Samsung_Galaxy_A35_5G_(Awesome_Navy,_256_GB)__(8_GB_RAM)_reviews.csv
[2025-07-29T10:44:58.496+0000] {python.py:237} INFO - Done. Returned value was: /opt/airflow/data/raw/Samsung_Galaxy_A35_5G_(Awesome_Navy,_256_GB)__(8_GB_RAM)_reviews.csv
[2025-07-29T10:44:58.498+0000] {taskinstance.py:441} INFO - ::group::Post task execution logs
[2025-07-29T10:45:01.013+0000] {taskinstance.py:1206} INFO - Marking task as SUCCESS. dag_id=parallel_scraping_pipeline, task_id=scrape_task, run_id=manual__2025-07-29T10:21:21.870236+00:00, map_index=1, execution_date=20250729T102121, start_date=20250729T102222, end_date=20250729T104501
[2025-07-29T10:45:01.691+0000] {local_task_job_runner.py:243} INFO - Task exited with return code 0
[2025-07-29T10:45:05.645+0000] {taskinstance.py:3503} INFO - 3 downstream tasks scheduled from follow-on schedule check
[2025-07-29T10:45:05.712+0000] {local_task_job_runner.py:222} INFO - ::endgroup::
