[2025-07-29T12:12:45.666+0000] {local_task_job_runner.py:120} INFO - ::group::Pre task execution logs
[2025-07-29T12:13:04.071+0000] {taskinstance.py:2076} INFO - Dependencies all met for dep_context=non-requeueable deps ti=<TaskInstance: parallel_scraping_pipeline.scrape_task manual__2025-07-29T11:47:54.549432+00:00 map_index=12 [queued]>
[2025-07-29T12:13:06.547+0000] {taskinstance.py:2076} INFO - Dependencies all met for dep_context=requeueable deps ti=<TaskInstance: parallel_scraping_pipeline.scrape_task manual__2025-07-29T11:47:54.549432+00:00 map_index=12 [queued]>
[2025-07-29T12:13:06.548+0000] {taskinstance.py:2306} INFO - Starting attempt 1 of 1
[2025-07-29T12:13:07.560+0000] {taskinstance.py:2330} INFO - Executing <Mapped(_PythonDecoratedOperator): scrape_task> on 2025-07-29 11:47:54.549432+00:00
[2025-07-29T12:13:07.579+0000] {logging_mixin.py:188} WARNING - /home/airflow/.local/lib/python3.12/site-packages/airflow/task/task_runner/standard_task_runner.py:62 DeprecationWarning: This process (pid=2464) is multi-threaded, use of fork() may lead to deadlocks in the child.
[2025-07-29T12:13:07.580+0000] {standard_task_runner.py:90} INFO - Running: ['airflow', 'tasks', 'run', 'parallel_scraping_pipeline', 'scrape_task', 'manual__2025-07-29T11:47:54.549432+00:00', '--job-id', '138', '--raw', '--subdir', 'DAGS_FOLDER/parallel_pipeline_dag.py', '--cfg-path', '/tmp/tmp6m44d1at', '--map-index', '12']
[2025-07-29T12:13:07.582+0000] {standard_task_runner.py:64} INFO - Started process 2527 to run task
[2025-07-29T12:13:07.582+0000] {standard_task_runner.py:91} INFO - Job 138: Subtask scrape_task
[2025-07-29T12:13:09.850+0000] {logging_mixin.py:188} WARNING - /home/airflow/.local/lib/python3.12/site-packages/airflow/settings.py:195 DeprecationWarning: The sql_alchemy_conn option in [core] has been moved to the sql_alchemy_conn option in [database] - the old setting has been used, but please update your config.
[2025-07-29T12:13:14.585+0000] {task_command.py:426} INFO - Running <TaskInstance: parallel_scraping_pipeline.scrape_task manual__2025-07-29T11:47:54.549432+00:00 map_index=12 [running]> on host da8a53e6d45e
[2025-07-29T12:13:21.183+0000] {taskinstance.py:2648} INFO - Exporting env vars: AIRFLOW_CTX_DAG_OWNER='airflow' AIRFLOW_CTX_DAG_ID='parallel_scraping_pipeline' AIRFLOW_CTX_TASK_ID='scrape_task' AIRFLOW_CTX_EXECUTION_DATE='2025-07-29T11:47:54.549432+00:00' AIRFLOW_CTX_TRY_NUMBER='1' AIRFLOW_CTX_DAG_RUN_ID='manual__2025-07-29T11:47:54.549432+00:00'
[2025-07-29T12:13:21.189+0000] {taskinstance.py:430} INFO - ::endgroup::
[2025-07-29T12:13:21.191+0000] {logging_mixin.py:188} INFO - Initializing Stealth WebDriver...
[2025-07-29T12:13:30.335+0000] {logging_mixin.py:188} INFO - Extracted - Phone: vivo T4x 5G (Pronto Purple, 128 GB)  (8 GB RAM), Price: ₹14,999
[2025-07-29T12:13:35.671+0000] {logging_mixin.py:188} INFO - Scraping Page 1 for vivo T4x 5G (Pronto Purple, 128 GB)  (8 GB RAM)...
[2025-07-29T12:13:39.205+0000] {logging_mixin.py:188} INFO - Scraping Page 2 for vivo T4x 5G (Pronto Purple, 128 GB)  (8 GB RAM)...
[2025-07-29T12:13:42.934+0000] {logging_mixin.py:188} INFO - Scraping Page 3 for vivo T4x 5G (Pronto Purple, 128 GB)  (8 GB RAM)...
[2025-07-29T12:13:46.382+0000] {logging_mixin.py:188} INFO - Scraping Page 4 for vivo T4x 5G (Pronto Purple, 128 GB)  (8 GB RAM)...
[2025-07-29T12:13:51.393+0000] {logging_mixin.py:188} INFO - Scraping Page 5 for vivo T4x 5G (Pronto Purple, 128 GB)  (8 GB RAM)...
[2025-07-29T12:13:55.479+0000] {logging_mixin.py:188} INFO - Scraping Page 6 for vivo T4x 5G (Pronto Purple, 128 GB)  (8 GB RAM)...
[2025-07-29T12:13:59.042+0000] {logging_mixin.py:188} INFO - Scraping Page 7 for vivo T4x 5G (Pronto Purple, 128 GB)  (8 GB RAM)...
[2025-07-29T12:14:02.201+0000] {logging_mixin.py:188} INFO - Scraping Page 8 for vivo T4x 5G (Pronto Purple, 128 GB)  (8 GB RAM)...
[2025-07-29T12:14:06.369+0000] {logging_mixin.py:188} INFO - Scraping Page 9 for vivo T4x 5G (Pronto Purple, 128 GB)  (8 GB RAM)...
[2025-07-29T12:14:10.012+0000] {logging_mixin.py:188} INFO - Scraping Page 10 for vivo T4x 5G (Pronto Purple, 128 GB)  (8 GB RAM)...
[2025-07-29T12:14:13.631+0000] {logging_mixin.py:188} INFO - Scraping Page 11 for vivo T4x 5G (Pronto Purple, 128 GB)  (8 GB RAM)...
[2025-07-29T12:14:16.582+0000] {logging_mixin.py:188} INFO - Scraping Page 12 for vivo T4x 5G (Pronto Purple, 128 GB)  (8 GB RAM)...
[2025-07-29T12:14:19.896+0000] {logging_mixin.py:188} INFO - Scraping Page 13 for vivo T4x 5G (Pronto Purple, 128 GB)  (8 GB RAM)...
[2025-07-29T12:14:23.457+0000] {logging_mixin.py:188} INFO - Scraping Page 14 for vivo T4x 5G (Pronto Purple, 128 GB)  (8 GB RAM)...
[2025-07-29T12:14:26.947+0000] {logging_mixin.py:188} INFO - Scraping Page 15 for vivo T4x 5G (Pronto Purple, 128 GB)  (8 GB RAM)...
[2025-07-29T12:14:29.988+0000] {logging_mixin.py:188} INFO - Scraping Page 16 for vivo T4x 5G (Pronto Purple, 128 GB)  (8 GB RAM)...
[2025-07-29T12:14:33.658+0000] {logging_mixin.py:188} INFO - Scraping Page 17 for vivo T4x 5G (Pronto Purple, 128 GB)  (8 GB RAM)...
[2025-07-29T12:14:36.698+0000] {logging_mixin.py:188} INFO - Scraping Page 18 for vivo T4x 5G (Pronto Purple, 128 GB)  (8 GB RAM)...
[2025-07-29T12:14:40.309+0000] {logging_mixin.py:188} INFO - Scraping Page 19 for vivo T4x 5G (Pronto Purple, 128 GB)  (8 GB RAM)...
[2025-07-29T12:14:43.367+0000] {logging_mixin.py:188} INFO - Scraping Page 20 for vivo T4x 5G (Pronto Purple, 128 GB)  (8 GB RAM)...
[2025-07-29T12:14:47.549+0000] {logging_mixin.py:188} INFO - Scraping Page 21 for vivo T4x 5G (Pronto Purple, 128 GB)  (8 GB RAM)...
[2025-07-29T12:14:51.331+0000] {logging_mixin.py:188} INFO - Scraping Page 22 for vivo T4x 5G (Pronto Purple, 128 GB)  (8 GB RAM)...
[2025-07-29T12:14:54.293+0000] {logging_mixin.py:188} INFO - Scraping Page 23 for vivo T4x 5G (Pronto Purple, 128 GB)  (8 GB RAM)...
[2025-07-29T12:14:57.225+0000] {logging_mixin.py:188} INFO - Scraping Page 24 for vivo T4x 5G (Pronto Purple, 128 GB)  (8 GB RAM)...
[2025-07-29T12:15:00.096+0000] {logging_mixin.py:188} INFO - Scraping Page 25 for vivo T4x 5G (Pronto Purple, 128 GB)  (8 GB RAM)...
[2025-07-29T12:15:03.042+0000] {logging_mixin.py:188} INFO - Scraping Page 26 for vivo T4x 5G (Pronto Purple, 128 GB)  (8 GB RAM)...
[2025-07-29T12:15:06.188+0000] {logging_mixin.py:188} INFO - Scraping Page 27 for vivo T4x 5G (Pronto Purple, 128 GB)  (8 GB RAM)...
[2025-07-29T12:15:09.234+0000] {logging_mixin.py:188} INFO - Scraping Page 28 for vivo T4x 5G (Pronto Purple, 128 GB)  (8 GB RAM)...
[2025-07-29T12:15:12.455+0000] {logging_mixin.py:188} INFO - Scraping Page 29 for vivo T4x 5G (Pronto Purple, 128 GB)  (8 GB RAM)...
[2025-07-29T12:15:15.618+0000] {logging_mixin.py:188} INFO - Scraping Page 30 for vivo T4x 5G (Pronto Purple, 128 GB)  (8 GB RAM)...
[2025-07-29T12:15:18.506+0000] {logging_mixin.py:188} INFO - Scraping Page 31 for vivo T4x 5G (Pronto Purple, 128 GB)  (8 GB RAM)...
[2025-07-29T12:15:21.434+0000] {logging_mixin.py:188} INFO - Scraping Page 32 for vivo T4x 5G (Pronto Purple, 128 GB)  (8 GB RAM)...
[2025-07-29T12:15:24.428+0000] {logging_mixin.py:188} INFO - Scraping Page 33 for vivo T4x 5G (Pronto Purple, 128 GB)  (8 GB RAM)...
[2025-07-29T12:15:24.508+0000] {logging_mixin.py:188} INFO - No reviews found on page 33.
[2025-07-29T12:15:29.809+0000] {logging_mixin.py:188} INFO - Scraping Page 34 for vivo T4x 5G (Pronto Purple, 128 GB)  (8 GB RAM)...
[2025-07-29T12:15:33.472+0000] {logging_mixin.py:188} INFO - Scraping Page 35 for vivo T4x 5G (Pronto Purple, 128 GB)  (8 GB RAM)...
[2025-07-29T12:15:33.571+0000] {logging_mixin.py:188} INFO - No reviews found on page 35.
[2025-07-29T12:15:38.836+0000] {logging_mixin.py:188} INFO - Scraping Page 36 for vivo T4x 5G (Pronto Purple, 128 GB)  (8 GB RAM)...
[2025-07-29T12:15:41.767+0000] {logging_mixin.py:188} INFO - Scraping Page 37 for vivo T4x 5G (Pronto Purple, 128 GB)  (8 GB RAM)...
[2025-07-29T12:15:44.745+0000] {logging_mixin.py:188} INFO - Scraping Page 38 for vivo T4x 5G (Pronto Purple, 128 GB)  (8 GB RAM)...
[2025-07-29T12:15:47.624+0000] {logging_mixin.py:188} INFO - Scraping Page 39 for vivo T4x 5G (Pronto Purple, 128 GB)  (8 GB RAM)...
[2025-07-29T12:15:50.520+0000] {logging_mixin.py:188} INFO - Scraping Page 40 for vivo T4x 5G (Pronto Purple, 128 GB)  (8 GB RAM)...
[2025-07-29T12:15:53.433+0000] {logging_mixin.py:188} INFO - Scraping Page 41 for vivo T4x 5G (Pronto Purple, 128 GB)  (8 GB RAM)...
[2025-07-29T12:16:08.887+0000] {logging_mixin.py:188} INFO - Retry 1 waiting for reviews or next button...
[2025-07-29T12:16:29.355+0000] {logging_mixin.py:188} INFO - Retry 2 waiting for reviews or next button...
[2025-07-29T12:16:34.358+0000] {logging_mixin.py:188} INFO - Timeout waiting for reviews or next button. Ending scrape.
[2025-07-29T12:16:34.399+0000] {logging_mixin.py:188} INFO - Saved 179 reviews to /opt/airflow/data/raw/vivo_T4x_5G_(Pronto_Purple,_128_GB)__(8_GB_RAM)_reviews.csv
[2025-07-29T12:16:34.690+0000] {python.py:237} INFO - Done. Returned value was: /opt/airflow/data/raw/vivo_T4x_5G_(Pronto_Purple,_128_GB)__(8_GB_RAM)_reviews.csv
[2025-07-29T12:16:34.691+0000] {taskinstance.py:441} INFO - ::group::Post task execution logs
[2025-07-29T12:16:36.943+0000] {taskinstance.py:1206} INFO - Marking task as SUCCESS. dag_id=parallel_scraping_pipeline, task_id=scrape_task, run_id=manual__2025-07-29T11:47:54.549432+00:00, map_index=12, execution_date=20250729T114754, start_date=20250729T121304, end_date=20250729T121636
[2025-07-29T12:16:37.838+0000] {local_task_job_runner.py:243} INFO - Task exited with return code 0
[2025-07-29T12:16:39.735+0000] {taskinstance.py:3503} INFO - 0 downstream tasks scheduled from follow-on schedule check
[2025-07-29T12:16:39.819+0000] {local_task_job_runner.py:222} INFO - ::endgroup::
