[2025-07-27T10:14:02.380+0000] {local_task_job_runner.py:120} INFO - ::group::Pre task execution logs
[2025-07-27T10:14:02.649+0000] {taskinstance.py:2076} INFO - Dependencies all met for dep_context=non-requeueable deps ti=<TaskInstance: example_trigger_target_dag.bash_task manual__2025-07-27T10:13:39.319112+00:00 [queued]>
[2025-07-27T10:14:02.737+0000] {taskinstance.py:2076} INFO - Dependencies all met for dep_context=requeueable deps ti=<TaskInstance: example_trigger_target_dag.bash_task manual__2025-07-27T10:13:39.319112+00:00 [queued]>
[2025-07-27T10:14:02.740+0000] {taskinstance.py:2306} INFO - Starting attempt 1 of 1
[2025-07-27T10:14:02.933+0000] {taskinstance.py:2330} INFO - Executing <Task(BashOperator): bash_task> on 2025-07-27 10:13:39.319112+00:00
[2025-07-27T10:14:03.097+0000] {logging_mixin.py:188} WARNING - /home/***/.local/lib/python3.12/site-packages/***/task/task_runner/standard_task_runner.py:62 DeprecationWarning: This process (pid=639) is multi-threaded, use of fork() may lead to deadlocks in the child.
[2025-07-27T10:14:03.124+0000] {standard_task_runner.py:64} INFO - Started process 771 to run task
[2025-07-27T10:14:03.099+0000] {standard_task_runner.py:90} INFO - Running: ['***', 'tasks', 'run', 'example_trigger_target_dag', 'bash_task', 'manual__2025-07-27T10:13:39.319112+00:00', '--job-id', '62', '--raw', '--subdir', '/home/***/.local/lib/python3.12/site-packages/***/example_dags/example_trigger_target_dag.py', '--cfg-path', '/tmp/tmpixgvkb8p']
[2025-07-27T10:14:03.153+0000] {standard_task_runner.py:91} INFO - Job 62: Subtask bash_task
[2025-07-27T10:14:03.296+0000] {logging_mixin.py:188} WARNING - /home/***/.local/lib/python3.12/site-packages/***/settings.py:195 DeprecationWarning: The sql_alchemy_conn option in [core] has been moved to the sql_alchemy_conn option in [database] - the old setting has been used, but please update your config.
[2025-07-27T10:14:03.626+0000] {task_command.py:426} INFO - Running <TaskInstance: example_trigger_target_dag.bash_task manual__2025-07-27T10:13:39.319112+00:00 [running]> on host 4112a2618ff3
[2025-07-27T10:14:04.518+0000] {taskinstance.py:2648} INFO - Exporting env vars: AIRFLOW_CTX_DAG_OWNER='***' AIRFLOW_CTX_DAG_ID='example_trigger_target_dag' AIRFLOW_CTX_TASK_ID='bash_task' AIRFLOW_CTX_EXECUTION_DATE='2025-07-27T10:13:39.319112+00:00' AIRFLOW_CTX_TRY_NUMBER='1' AIRFLOW_CTX_DAG_RUN_ID='manual__2025-07-27T10:13:39.319112+00:00'
[2025-07-27T10:14:04.531+0000] {taskinstance.py:430} INFO - ::endgroup::
[2025-07-27T10:14:04.538+0000] {subprocess.py:63} INFO - Tmp dir root location: /tmp
[2025-07-27T10:14:04.542+0000] {subprocess.py:75} INFO - Running command: ['/usr/bin/bash', '-c', 'echo "Here is the message: $message"']
[2025-07-27T10:14:04.888+0000] {subprocess.py:86} INFO - Output:
[2025-07-27T10:14:04.894+0000] {subprocess.py:93} INFO - Here is the message: Hello World
[2025-07-27T10:14:04.916+0000] {subprocess.py:97} INFO - Command exited with return code 0
[2025-07-27T10:14:04.926+0000] {taskinstance.py:441} INFO - ::group::Post task execution logs
[2025-07-27T10:14:05.048+0000] {taskinstance.py:1206} INFO - Marking task as SUCCESS. dag_id=example_trigger_target_dag, task_id=bash_task, run_id=manual__2025-07-27T10:13:39.319112+00:00, execution_date=20250727T101339, start_date=20250727T101402, end_date=20250727T101405
[2025-07-27T10:14:05.266+0000] {local_task_job_runner.py:243} INFO - Task exited with return code 0
[2025-07-27T10:14:05.330+0000] {local_task_job_runner.py:222} INFO - ::endgroup::
