[2025-07-27T09:48:04.982+0000] {local_task_job_runner.py:120} INFO - ::group::Pre task execution logs
[2025-07-27T09:48:05.061+0000] {taskinstance.py:2076} INFO - Dependencies all met for dep_context=non-requeueable deps ti=<TaskInstance: parallel_scraping_pipeline.scrape_task manual__2025-07-27T08:42:32.706579+00:00 map_index=1 [queued]>
[2025-07-27T09:48:05.078+0000] {taskinstance.py:2076} INFO - Dependencies all met for dep_context=requeueable deps ti=<TaskInstance: parallel_scraping_pipeline.scrape_task manual__2025-07-27T08:42:32.706579+00:00 map_index=1 [queued]>
[2025-07-27T09:48:05.079+0000] {taskinstance.py:2306} INFO - Starting attempt 1 of 1
[2025-07-27T09:48:05.104+0000] {taskinstance.py:2330} INFO - Executing <Mapped(_PythonDecoratedOperator): scrape_task> on 2025-07-27 08:42:32.706579+00:00
[2025-07-27T09:48:05.140+0000] {logging_mixin.py:188} WARNING - /home/***/.local/lib/python3.12/site-packages/***/task/task_runner/standard_task_runner.py:62 DeprecationWarning: This process (pid=66254) is multi-threaded, use of fork() may lead to deadlocks in the child.
[2025-07-27T09:48:05.143+0000] {standard_task_runner.py:64} INFO - Started process 66308 to run task
[2025-07-27T09:48:05.150+0000] {standard_task_runner.py:90} INFO - Running: ['***', 'tasks', 'run', 'parallel_scraping_pipeline', 'scrape_task', 'manual__2025-07-27T08:42:32.706579+00:00', '--job-id', '6', '--raw', '--subdir', 'DAGS_FOLDER/parallel_pipeline_dag.py', '--cfg-path', '/tmp/tmpj98mnz67', '--map-index', '1']
[2025-07-27T09:48:05.152+0000] {standard_task_runner.py:91} INFO - Job 6: Subtask scrape_task
[2025-07-27T09:48:05.185+0000] {logging_mixin.py:188} WARNING - /home/***/.local/lib/python3.12/site-packages/***/settings.py:195 DeprecationWarning: The sql_alchemy_conn option in [core] has been moved to the sql_alchemy_conn option in [database] - the old setting has been used, but please update your config.
[2025-07-27T09:48:05.328+0000] {task_command.py:426} INFO - Running <TaskInstance: parallel_scraping_pipeline.scrape_task manual__2025-07-27T08:42:32.706579+00:00 map_index=1 [running]> on host c5e8c6942178
[2025-07-27T09:48:05.520+0000] {taskinstance.py:2648} INFO - Exporting env vars: AIRFLOW_CTX_DAG_OWNER='***' AIRFLOW_CTX_DAG_ID='parallel_scraping_pipeline' AIRFLOW_CTX_TASK_ID='scrape_task' AIRFLOW_CTX_EXECUTION_DATE='2025-07-27T08:42:32.706579+00:00' AIRFLOW_CTX_TRY_NUMBER='1' AIRFLOW_CTX_DAG_RUN_ID='manual__2025-07-27T08:42:32.706579+00:00'
[2025-07-27T09:48:05.523+0000] {taskinstance.py:430} INFO - ::endgroup::
[2025-07-27T09:48:05.525+0000] {logging_mixin.py:188} INFO - Initializing WebDriver...
[2025-07-27T09:53:10.258+0000] {logging_mixin.py:188} INFO - Extracted - Phone: vivo T4 Lite 5G Charger in the Box (Titanium Gold, 128 GB)  (4 GB RAM), Price: ₹9,999
[2025-07-27T09:53:13.912+0000] {logging_mixin.py:188} INFO - Scraping Page 1 for vivo T4 Lite 5G Charger in the Box (Titanium Gold, 128 GB)  (4 GB RAM)...
[2025-07-27T09:53:24.041+0000] {logging_mixin.py:188} INFO - Scraping Page 2 for vivo T4 Lite 5G Charger in the Box (Titanium Gold, 128 GB)  (4 GB RAM)...
[2025-07-27T09:53:26.773+0000] {logging_mixin.py:188} INFO - Scraping Page 3 for vivo T4 Lite 5G Charger in the Box (Titanium Gold, 128 GB)  (4 GB RAM)...
[2025-07-27T09:53:29.504+0000] {logging_mixin.py:188} INFO - Scraping Page 4 for vivo T4 Lite 5G Charger in the Box (Titanium Gold, 128 GB)  (4 GB RAM)...
[2025-07-27T09:53:32.526+0000] {logging_mixin.py:188} INFO - Scraping Page 5 for vivo T4 Lite 5G Charger in the Box (Titanium Gold, 128 GB)  (4 GB RAM)...
[2025-07-27T09:53:35.161+0000] {logging_mixin.py:188} INFO - Scraping Page 6 for vivo T4 Lite 5G Charger in the Box (Titanium Gold, 128 GB)  (4 GB RAM)...
[2025-07-27T09:53:38.209+0000] {logging_mixin.py:188} INFO - Scraping Page 7 for vivo T4 Lite 5G Charger in the Box (Titanium Gold, 128 GB)  (4 GB RAM)...
[2025-07-27T09:53:41.987+0000] {logging_mixin.py:188} INFO - Scraping Page 8 for vivo T4 Lite 5G Charger in the Box (Titanium Gold, 128 GB)  (4 GB RAM)...
[2025-07-27T09:53:44.600+0000] {logging_mixin.py:188} INFO - Scraping Page 9 for vivo T4 Lite 5G Charger in the Box (Titanium Gold, 128 GB)  (4 GB RAM)...
[2025-07-27T09:53:47.398+0000] {logging_mixin.py:188} INFO - Scraping Page 10 for vivo T4 Lite 5G Charger in the Box (Titanium Gold, 128 GB)  (4 GB RAM)...
[2025-07-27T09:53:49.909+0000] {logging_mixin.py:188} INFO - Scraping Page 11 for vivo T4 Lite 5G Charger in the Box (Titanium Gold, 128 GB)  (4 GB RAM)...
[2025-07-27T09:53:52.924+0000] {logging_mixin.py:188} INFO - Saved 100 reviews to /opt/***/data/raw/vivo_T4_Lite_5G_Charger_in_the_Box_(Titanium_Gold,_128_GB)__(4_GB_RAM)_reviews.csv
[2025-07-27T09:53:53.085+0000] {python.py:237} INFO - Done. Returned value was: /opt/***/data/raw/vivo_T4_Lite_5G_Charger_in_the_Box_(Titanium_Gold,_128_GB)__(4_GB_RAM)_reviews.csv
[2025-07-27T09:53:53.086+0000] {taskinstance.py:441} INFO - ::group::Post task execution logs
[2025-07-27T09:53:53.124+0000] {taskinstance.py:1206} INFO - Marking task as SUCCESS. dag_id=parallel_scraping_pipeline, task_id=scrape_task, run_id=manual__2025-07-27T08:42:32.706579+00:00, map_index=1, execution_date=20250727T084232, start_date=20250727T094805, end_date=20250727T095353
[2025-07-27T09:53:53.209+0000] {local_task_job_runner.py:243} INFO - Task exited with return code 0
[2025-07-27T09:53:53.260+0000] {taskinstance.py:3503} INFO - 0 downstream tasks scheduled from follow-on schedule check
[2025-07-27T09:53:53.265+0000] {local_task_job_runner.py:222} INFO - ::endgroup::
