[2025-07-29T12:09:54.554+0000] {local_task_job_runner.py:120} INFO - ::group::Pre task execution logs
[2025-07-29T12:09:56.069+0000] {taskinstance.py:2076} INFO - Dependencies all met for dep_context=non-requeueable deps ti=<TaskInstance: parallel_scraping_pipeline.scrape_task manual__2025-07-29T11:47:54.549432+00:00 map_index=11 [queued]>
[2025-07-29T12:09:57.092+0000] {taskinstance.py:2076} INFO - Dependencies all met for dep_context=requeueable deps ti=<TaskInstance: parallel_scraping_pipeline.scrape_task manual__2025-07-29T11:47:54.549432+00:00 map_index=11 [queued]>
[2025-07-29T12:09:57.094+0000] {taskinstance.py:2306} INFO - Starting attempt 1 of 1
[2025-07-29T12:09:58.787+0000] {taskinstance.py:2330} INFO - Executing <Mapped(_PythonDecoratedOperator): scrape_task> on 2025-07-29 11:47:54.549432+00:00
[2025-07-29T12:09:58.809+0000] {logging_mixin.py:188} WARNING - /home/airflow/.local/lib/python3.12/site-packages/airflow/task/task_runner/standard_task_runner.py:62 DeprecationWarning: This process (pid=2069) is multi-threaded, use of fork() may lead to deadlocks in the child.
[2025-07-29T12:09:58.811+0000] {standard_task_runner.py:64} INFO - Started process 2110 to run task
[2025-07-29T12:09:58.812+0000] {standard_task_runner.py:90} INFO - Running: ['airflow', 'tasks', 'run', 'parallel_scraping_pipeline', 'scrape_task', 'manual__2025-07-29T11:47:54.549432+00:00', '--job-id', '137', '--raw', '--subdir', 'DAGS_FOLDER/parallel_pipeline_dag.py', '--cfg-path', '/tmp/tmpm7uv9a49', '--map-index', '11']
[2025-07-29T12:09:58.817+0000] {standard_task_runner.py:91} INFO - Job 137: Subtask scrape_task
[2025-07-29T12:09:59.622+0000] {logging_mixin.py:188} WARNING - /home/airflow/.local/lib/python3.12/site-packages/airflow/settings.py:195 DeprecationWarning: The sql_alchemy_conn option in [core] has been moved to the sql_alchemy_conn option in [database] - the old setting has been used, but please update your config.
[2025-07-29T12:10:01.906+0000] {task_command.py:426} INFO - Running <TaskInstance: parallel_scraping_pipeline.scrape_task manual__2025-07-29T11:47:54.549432+00:00 map_index=11 [running]> on host da8a53e6d45e
[2025-07-29T12:10:07.558+0000] {taskinstance.py:2648} INFO - Exporting env vars: AIRFLOW_CTX_DAG_OWNER='airflow' AIRFLOW_CTX_DAG_ID='parallel_scraping_pipeline' AIRFLOW_CTX_TASK_ID='scrape_task' AIRFLOW_CTX_EXECUTION_DATE='2025-07-29T11:47:54.549432+00:00' AIRFLOW_CTX_TRY_NUMBER='1' AIRFLOW_CTX_DAG_RUN_ID='manual__2025-07-29T11:47:54.549432+00:00'
[2025-07-29T12:10:07.562+0000] {taskinstance.py:430} INFO - ::endgroup::
[2025-07-29T12:10:07.564+0000] {logging_mixin.py:188} INFO - Initializing Stealth WebDriver...
[2025-07-29T12:10:17.361+0000] {logging_mixin.py:188} INFO - Extracted - Phone: Apple iPhone 15 (Black, 128 GB), Price: ₹64,900
[2025-07-29T12:10:22.874+0000] {logging_mixin.py:188} INFO - Scraping Page 1 for Apple iPhone 15 (Black, 128 GB)...
[2025-07-29T12:10:27.557+0000] {logging_mixin.py:188} INFO - Scraping Page 2 for Apple iPhone 15 (Black, 128 GB)...
[2025-07-29T12:10:31.012+0000] {logging_mixin.py:188} INFO - Scraping Page 3 for Apple iPhone 15 (Black, 128 GB)...
[2025-07-29T12:10:34.498+0000] {logging_mixin.py:188} INFO - Scraping Page 4 for Apple iPhone 15 (Black, 128 GB)...
[2025-07-29T12:10:38.169+0000] {logging_mixin.py:188} INFO - Scraping Page 5 for Apple iPhone 15 (Black, 128 GB)...
[2025-07-29T12:10:41.597+0000] {logging_mixin.py:188} INFO - Scraping Page 6 for Apple iPhone 15 (Black, 128 GB)...
[2025-07-29T12:10:45.197+0000] {logging_mixin.py:188} INFO - Scraping Page 7 for Apple iPhone 15 (Black, 128 GB)...
[2025-07-29T12:10:50.358+0000] {logging_mixin.py:188} INFO - Scraping Page 8 for Apple iPhone 15 (Black, 128 GB)...
[2025-07-29T12:10:54.603+0000] {logging_mixin.py:188} INFO - Scraping Page 9 for Apple iPhone 15 (Black, 128 GB)...
[2025-07-29T12:10:59.675+0000] {logging_mixin.py:188} INFO - Scraping Page 10 for Apple iPhone 15 (Black, 128 GB)...
[2025-07-29T12:11:03.240+0000] {logging_mixin.py:188} INFO - Scraping Page 11 for Apple iPhone 15 (Black, 128 GB)...
[2025-07-29T12:11:06.916+0000] {logging_mixin.py:188} INFO - Scraping Page 12 for Apple iPhone 15 (Black, 128 GB)...
[2025-07-29T12:11:10.930+0000] {logging_mixin.py:188} INFO - Scraping Page 13 for Apple iPhone 15 (Black, 128 GB)...
[2025-07-29T12:11:14.664+0000] {logging_mixin.py:188} INFO - Scraping Page 14 for Apple iPhone 15 (Black, 128 GB)...
[2025-07-29T12:11:22.731+0000] {logging_mixin.py:188} INFO - Scraping Page 15 for Apple iPhone 15 (Black, 128 GB)...
[2025-07-29T12:11:26.147+0000] {logging_mixin.py:188} INFO - Scraping Page 16 for Apple iPhone 15 (Black, 128 GB)...
[2025-07-29T12:11:31.063+0000] {logging_mixin.py:188} INFO - Scraping Page 17 for Apple iPhone 15 (Black, 128 GB)...
[2025-07-29T12:11:41.835+0000] {logging_mixin.py:188} INFO - Scraping Page 18 for Apple iPhone 15 (Black, 128 GB)...
[2025-07-29T12:11:51.009+0000] {logging_mixin.py:188} INFO - Scraping Page 19 for Apple iPhone 15 (Black, 128 GB)...
[2025-07-29T12:11:54.740+0000] {logging_mixin.py:188} INFO - An error occurred while scraping https://www.flipkart.com/apple-iphone-15-black-128-gb/p/itm6ac6485515ae4?pid=MOBGTAGPTB3VS24W&lid=LSTMOBGTAGPTB3VS24WKFODHL&marketplace=FLIPKART&q=iphone&store=tyy%2F4io&srno=s_1_2&otracker=search&otracker1=search&fm=Search&iid=7ce3e8d0-d87a-40b8-be13-71d617f5fef7.MOBGTAGPTB3VS24W.SEARCH&ppt=sp&ppn=sp&ssid=2orob46xyo0000001753125840725&qH=0b3f45b266a97d70: Message: element click intercepted: Element <a class="_9QVEpD" href="/apple-iphone-15-black-128-gb/product-reviews/itm6ac6485515ae4?pid=MOBGTAGPTB3VS24W&amp;lid=LSTMOBGTAGPTB3VS24WKFODHL&amp;marketplace=FLIPKART&amp;page=20">...</a> is not clickable at point (721, 239). Other element would receive the click: <div class="H30l+S h-JV4l">...</div>
  (Session info: chrome=138.0.7204.168); For documentation on this error, please visit: https://www.selenium.dev/documentation/webdriver/troubleshooting/errors#elementclickinterceptedexception
Stacktrace:
#0 0x62c4478ef70e <unknown>
#1 0x62c44738ba51 <unknown>
#2 0x62c4473dc701 <unknown>
#3 0x62c4473dacb9 <unknown>
#4 0x62c4473d8851 <unknown>
#5 0x62c4473d7fe3 <unknown>
#6 0x62c4473cc91a <unknown>
#7 0x62c4473f9ff2 <unknown>
#8 0x62c4473cc0fd <unknown>
#9 0x62c4473fa1be <unknown>
#10 0x62c447419444 <unknown>
#11 0x62c4473f9dc3 <unknown>
#12 0x62c4473ca959 <unknown>
#13 0x62c4473cb4c1 <unknown>
#14 0x62c4478bb8aa <unknown>
#15 0x62c4478bec11 <unknown>
#16 0x62c4478be6a8 <unknown>
#17 0x62c4478bf0b5 <unknown>
#18 0x62c4478a534c <unknown>
#19 0x62c4478bf421 <unknown>
#20 0x62c44788de2a <unknown>
#21 0x62c4478dd855 <unknown>
#22 0x62c4478dda4e <unknown>
#23 0x62c4478ee9f5 <unknown>
#24 0x75436cb3a134 <unknown>
[2025-07-29T12:11:55.072+0000] {python.py:237} INFO - Done. Returned value was: None
[2025-07-29T12:11:55.073+0000] {taskinstance.py:441} INFO - ::group::Post task execution logs
[2025-07-29T12:11:59.944+0000] {taskinstance.py:1206} INFO - Marking task as SUCCESS. dag_id=parallel_scraping_pipeline, task_id=scrape_task, run_id=manual__2025-07-29T11:47:54.549432+00:00, map_index=11, execution_date=20250729T114754, start_date=20250729T120956, end_date=20250729T121159
[2025-07-29T12:12:11.682+0000] {local_task_job_runner.py:243} INFO - Task exited with return code 0
[2025-07-29T12:12:17.039+0000] {taskinstance.py:3503} INFO - 0 downstream tasks scheduled from follow-on schedule check
[2025-07-29T12:12:18.410+0000] {local_task_job_runner.py:222} INFO - ::endgroup::
