[2025-07-29T12:05:11.032+0000] {local_task_job_runner.py:120} INFO - ::group::Pre task execution logs
[2025-07-29T12:05:12.203+0000] {taskinstance.py:2076} INFO - Dependencies all met for dep_context=non-requeueable deps ti=<TaskInstance: parallel_scraping_pipeline.get_urls manual__2025-07-29T11:49:06.536136+00:00 [queued]>
[2025-07-29T12:05:12.669+0000] {taskinstance.py:2076} INFO - Dependencies all met for dep_context=requeueable deps ti=<TaskInstance: parallel_scraping_pipeline.get_urls manual__2025-07-29T11:49:06.536136+00:00 [queued]>
[2025-07-29T12:05:12.671+0000] {taskinstance.py:2306} INFO - Starting attempt 1 of 1
[2025-07-29T12:05:14.549+0000] {taskinstance.py:2330} INFO - Executing <Task(_PythonDecoratedOperator): get_urls> on 2025-07-29 11:49:06.536136+00:00
[2025-07-29T12:05:14.571+0000] {logging_mixin.py:188} WARNING - /home/airflow/.local/lib/python3.12/site-packages/airflow/task/task_runner/standard_task_runner.py:62 DeprecationWarning: This process (pid=191) is multi-threaded, use of fork() may lead to deadlocks in the child.
[2025-07-29T12:05:14.570+0000] {standard_task_runner.py:90} INFO - Running: ['airflow', 'tasks', 'run', 'parallel_scraping_pipeline', 'get_urls', 'manual__2025-07-29T11:49:06.536136+00:00', '--job-id', '127', '--raw', '--subdir', 'DAGS_FOLDER/parallel_pipeline_dag.py', '--cfg-path', '/tmp/tmp8cofqlxn']
[2025-07-29T12:05:14.573+0000] {standard_task_runner.py:64} INFO - Started process 204 to run task
[2025-07-29T12:05:14.574+0000] {standard_task_runner.py:91} INFO - Job 127: Subtask get_urls
[2025-07-29T12:05:15.176+0000] {logging_mixin.py:188} WARNING - /home/airflow/.local/lib/python3.12/site-packages/airflow/settings.py:195 DeprecationWarning: The sql_alchemy_conn option in [core] has been moved to the sql_alchemy_conn option in [database] - the old setting has been used, but please update your config.
[2025-07-29T12:05:17.092+0000] {task_command.py:426} INFO - Running <TaskInstance: parallel_scraping_pipeline.get_urls manual__2025-07-29T11:49:06.536136+00:00 [running]> on host da8a53e6d45e
[2025-07-29T12:05:22.057+0000] {taskinstance.py:2648} INFO - Exporting env vars: AIRFLOW_CTX_DAG_OWNER='airflow' AIRFLOW_CTX_DAG_ID='parallel_scraping_pipeline' AIRFLOW_CTX_TASK_ID='get_urls' AIRFLOW_CTX_EXECUTION_DATE='2025-07-29T11:49:06.536136+00:00' AIRFLOW_CTX_TRY_NUMBER='1' AIRFLOW_CTX_DAG_RUN_ID='manual__2025-07-29T11:49:06.536136+00:00'
[2025-07-29T12:05:22.072+0000] {taskinstance.py:430} INFO - ::endgroup::
[2025-07-29T12:05:22.075+0000] {logging_mixin.py:188} INFO - Processing 0 unique URLs.
[2025-07-29T12:05:22.078+0000] {python.py:237} INFO - Done. Returned value was: []
[2025-07-29T12:05:22.080+0000] {taskinstance.py:441} INFO - ::group::Post task execution logs
[2025-07-29T12:05:24.057+0000] {taskinstance.py:1206} INFO - Marking task as SUCCESS. dag_id=parallel_scraping_pipeline, task_id=get_urls, run_id=manual__2025-07-29T11:49:06.536136+00:00, execution_date=20250729T114906, start_date=20250729T120512, end_date=20250729T120524
[2025-07-29T12:05:24.761+0000] {local_task_job_runner.py:243} INFO - Task exited with return code 0
[2025-07-29T12:05:26.455+0000] {abstractoperator.py:588} INFO - Marking <TaskInstance: parallel_scraping_pipeline.scrape_task manual__2025-07-29T11:49:06.536136+00:00 [None]> as SKIPPED since the map has 0 values to expand
[2025-07-29T12:05:26.948+0000] {taskinstance.py:3503} INFO - 0 downstream tasks scheduled from follow-on schedule check
[2025-07-29T12:05:27.064+0000] {local_task_job_runner.py:222} INFO - ::endgroup::
