[2025-07-29T09:16:49.041+0000] {local_task_job_runner.py:120} INFO - ::group::Pre task execution logs
[2025-07-29T09:16:50.078+0000] {taskinstance.py:2076} INFO - Dependencies all met for dep_context=non-requeueable deps ti=<TaskInstance: sequential_scraping_pipeline.create_reviewer_data_table_seq manual__2025-07-29T09:16:31.233805+00:00 [queued]>
[2025-07-29T09:16:50.675+0000] {taskinstance.py:2076} INFO - Dependencies all met for dep_context=requeueable deps ti=<TaskInstance: sequential_scraping_pipeline.create_reviewer_data_table_seq manual__2025-07-29T09:16:31.233805+00:00 [queued]>
[2025-07-29T09:16:50.677+0000] {taskinstance.py:2306} INFO - Starting attempt 1 of 1
[2025-07-29T09:16:51.417+0000] {taskinstance.py:2330} INFO - Executing <Task(PostgresOperator): create_reviewer_data_table_seq> on 2025-07-29 09:16:31.233805+00:00
[2025-07-29T09:16:51.568+0000] {standard_task_runner.py:90} INFO - Running: ['airflow', 'tasks', 'run', 'sequential_scraping_pipeline', 'create_reviewer_data_table_seq', 'manual__2025-07-29T09:16:31.233805+00:00', '--job-id', '86', '--raw', '--subdir', 'DAGS_FOLDER/sequential_pipeline_dag.py', '--cfg-path', '/tmp/tmpod13f1ip']
[2025-07-29T09:16:51.585+0000] {standard_task_runner.py:91} INFO - Job 86: Subtask create_reviewer_data_table_seq
[2025-07-29T09:16:51.589+0000] {logging_mixin.py:188} WARNING - /home/airflow/.local/lib/python3.12/site-packages/airflow/task/task_runner/standard_task_runner.py:62 DeprecationWarning: This process (pid=1147) is multi-threaded, use of fork() may lead to deadlocks in the child.
[2025-07-29T09:16:51.598+0000] {standard_task_runner.py:64} INFO - Started process 1166 to run task
[2025-07-29T09:16:52.671+0000] {logging_mixin.py:188} WARNING - /home/airflow/.local/lib/python3.12/site-packages/airflow/settings.py:195 DeprecationWarning: The sql_alchemy_conn option in [core] has been moved to the sql_alchemy_conn option in [database] - the old setting has been used, but please update your config.
[2025-07-29T09:16:54.864+0000] {task_command.py:426} INFO - Running <TaskInstance: sequential_scraping_pipeline.create_reviewer_data_table_seq manual__2025-07-29T09:16:31.233805+00:00 [running]> on host e06a2c010c87
[2025-07-29T09:17:00.584+0000] {taskinstance.py:2648} INFO - Exporting env vars: AIRFLOW_CTX_DAG_OWNER='airflow' AIRFLOW_CTX_DAG_ID='sequential_scraping_pipeline' AIRFLOW_CTX_TASK_ID='create_reviewer_data_table_seq' AIRFLOW_CTX_EXECUTION_DATE='2025-07-29T09:16:31.233805+00:00' AIRFLOW_CTX_TRY_NUMBER='1' AIRFLOW_CTX_DAG_RUN_ID='manual__2025-07-29T09:16:31.233805+00:00'
[2025-07-29T09:17:00.595+0000] {taskinstance.py:430} INFO - ::endgroup::
[2025-07-29T09:17:00.598+0000] {sql.py:282} INFO - Executing: 
        CREATE TABLE IF NOT EXISTS flipkart_reviewer_data (
            "Phone_Name" TEXT, "Price" FLOAT(53), "Review_ID" TEXT,
            "Author" TEXT, "Location" TEXT, "Rating" BIGINT, "Title" TEXT,
            "Review" TEXT, "Month" TEXT, "Year" FLOAT(53)
        );
        
[2025-07-29T09:17:01.473+0000] {base.py:84} INFO - Using connection ID 'postgres_default' for task execution.
[2025-07-29T09:17:02.254+0000] {base.py:84} INFO - Using connection ID 'postgres_default' for task execution.
[2025-07-29T09:17:02.813+0000] {sql.py:495} INFO - Running statement: 
        CREATE TABLE IF NOT EXISTS flipkart_reviewer_data (
            "Phone_Name" TEXT, "Price" FLOAT(53), "Review_ID" TEXT,
            "Author" TEXT, "Location" TEXT, "Rating" BIGINT, "Title" TEXT,
            "Review" TEXT, "Month" TEXT, "Year" FLOAT(53)
        );
        , parameters: None
[2025-07-29T09:17:03.006+0000] {taskinstance.py:441} INFO - ::group::Post task execution logs
[2025-07-29T09:17:03.703+0000] {taskinstance.py:1206} INFO - Marking task as SUCCESS. dag_id=sequential_scraping_pipeline, task_id=create_reviewer_data_table_seq, run_id=manual__2025-07-29T09:16:31.233805+00:00, execution_date=20250729T091631, start_date=20250729T091650, end_date=20250729T091703
[2025-07-29T09:17:07.067+0000] {local_task_job_runner.py:243} INFO - Task exited with return code 0
[2025-07-29T09:17:08.100+0000] {logging_mixin.py:188} WARNING - /home/airflow/.local/lib/python3.12/site-packages/airflow/models/baseoperator.py:1297 AirflowProviderDeprecationWarning: Call to deprecated class PostgresOperator. (Please use `airflow.providers.common.sql.operators.sql.SQLExecuteQueryOperator`.Also, you can provide `hook_params={'schema': <database>}`.)
[2025-07-29T09:17:08.504+0000] {taskinstance.py:3503} INFO - 1 downstream tasks scheduled from follow-on schedule check
[2025-07-29T09:17:08.603+0000] {local_task_job_runner.py:222} INFO - ::endgroup::
