[2025-07-29T07:49:45.054+0000] {local_task_job_runner.py:120} INFO - ::group::Pre task execution logs
[2025-07-29T07:49:47.025+0000] {taskinstance.py:2076} INFO - Dependencies all met for dep_context=non-requeueable deps ti=<TaskInstance: parallel_scraping_pipeline.create_reviewer_data_table manual__2025-07-29T07:49:10.770230+00:00 [queued]>
[2025-07-29T07:49:48.469+0000] {taskinstance.py:2076} INFO - Dependencies all met for dep_context=requeueable deps ti=<TaskInstance: parallel_scraping_pipeline.create_reviewer_data_table manual__2025-07-29T07:49:10.770230+00:00 [queued]>
[2025-07-29T07:49:48.475+0000] {taskinstance.py:2306} INFO - Starting attempt 1 of 1
[2025-07-29T07:49:49.887+0000] {taskinstance.py:2330} INFO - Executing <Task(PostgresOperator): create_reviewer_data_table> on 2025-07-29 07:49:10.770230+00:00
[2025-07-29T07:49:49.927+0000] {standard_task_runner.py:90} INFO - Running: ['airflow', 'tasks', 'run', 'parallel_scraping_pipeline', 'create_reviewer_data_table', 'manual__2025-07-29T07:49:10.770230+00:00', '--job-id', '54', '--raw', '--subdir', 'DAGS_FOLDER/parallel_pipeline_dag.py', '--cfg-path', '/tmp/tmpa72finy_']
[2025-07-29T07:49:49.927+0000] {logging_mixin.py:188} WARNING - /home/airflow/.local/lib/python3.12/site-packages/airflow/task/task_runner/standard_task_runner.py:62 DeprecationWarning: This process (pid=2515) is multi-threaded, use of fork() may lead to deadlocks in the child.
[2025-07-29T07:49:49.931+0000] {standard_task_runner.py:91} INFO - Job 54: Subtask create_reviewer_data_table
[2025-07-29T07:49:49.931+0000] {standard_task_runner.py:64} INFO - Started process 2529 to run task
[2025-07-29T07:49:51.762+0000] {logging_mixin.py:188} WARNING - /home/airflow/.local/lib/python3.12/site-packages/airflow/settings.py:195 DeprecationWarning: The sql_alchemy_conn option in [core] has been moved to the sql_alchemy_conn option in [database] - the old setting has been used, but please update your config.
[2025-07-29T07:49:57.430+0000] {task_command.py:426} INFO - Running <TaskInstance: parallel_scraping_pipeline.create_reviewer_data_table manual__2025-07-29T07:49:10.770230+00:00 [running]> on host 507e5441ba68
[2025-07-29T07:50:11.394+0000] {taskinstance.py:2648} INFO - Exporting env vars: AIRFLOW_CTX_DAG_OWNER='airflow' AIRFLOW_CTX_DAG_ID='parallel_scraping_pipeline' AIRFLOW_CTX_TASK_ID='create_reviewer_data_table' AIRFLOW_CTX_EXECUTION_DATE='2025-07-29T07:49:10.770230+00:00' AIRFLOW_CTX_TRY_NUMBER='1' AIRFLOW_CTX_DAG_RUN_ID='manual__2025-07-29T07:49:10.770230+00:00'
[2025-07-29T07:50:11.403+0000] {taskinstance.py:430} INFO - ::endgroup::
[2025-07-29T07:50:11.405+0000] {sql.py:282} INFO - Executing: 
        CREATE TABLE IF NOT EXISTS flipkart_reviewer_data (
            "Phone_Name" TEXT, "Price" FLOAT(53), "Review_ID" TEXT, 
            "Author" TEXT, "Location" TEXT, "Rating" BIGINT, "Title" TEXT, 
            "Review" TEXT, "Month" TEXT, "Year" FLOAT(53)
        );
        
[2025-07-29T07:50:13.134+0000] {base.py:84} INFO - Using connection ID 'postgres_default' for task execution.
[2025-07-29T07:50:15.079+0000] {base.py:84} INFO - Using connection ID 'postgres_default' for task execution.
[2025-07-29T07:50:17.224+0000] {sql.py:495} INFO - Running statement: 
        CREATE TABLE IF NOT EXISTS flipkart_reviewer_data (
            "Phone_Name" TEXT, "Price" FLOAT(53), "Review_ID" TEXT, 
            "Author" TEXT, "Location" TEXT, "Rating" BIGINT, "Title" TEXT, 
            "Review" TEXT, "Month" TEXT, "Year" FLOAT(53)
        );
        , parameters: None
[2025-07-29T07:50:17.942+0000] {taskinstance.py:441} INFO - ::group::Post task execution logs
[2025-07-29T07:50:20.723+0000] {taskinstance.py:1206} INFO - Marking task as SUCCESS. dag_id=parallel_scraping_pipeline, task_id=create_reviewer_data_table, run_id=manual__2025-07-29T07:49:10.770230+00:00, execution_date=20250729T074910, start_date=20250729T074947, end_date=20250729T075020
[2025-07-29T07:50:24.778+0000] {local_task_job_runner.py:243} INFO - Task exited with return code 0
[2025-07-29T07:50:27.271+0000] {logging_mixin.py:188} WARNING - /home/airflow/.local/lib/python3.12/site-packages/airflow/models/baseoperator.py:1297 AirflowProviderDeprecationWarning: Call to deprecated class PostgresOperator. (Please use `airflow.providers.common.sql.operators.sql.SQLExecuteQueryOperator`.Also, you can provide `hook_params={'schema': <database>}`.)
[2025-07-29T07:50:29.307+0000] {taskinstance.py:3503} INFO - 1 downstream tasks scheduled from follow-on schedule check
[2025-07-29T07:50:29.716+0000] {local_task_job_runner.py:222} INFO - ::endgroup::
