[2025-07-25T11:14:40.428+0000] {local_task_job_runner.py:120} INFO - ::group::Pre task execution logs
[2025-07-25T11:14:40.688+0000] {taskinstance.py:2076} INFO - Dependencies all met for dep_context=non-requeueable deps ti=<TaskInstance: flipkart_sentiment_pipeline_v3.scrape_task manual__2025-07-25T11:14:25.199029+00:00 [queued]>
[2025-07-25T11:14:40.793+0000] {taskinstance.py:2076} INFO - Dependencies all met for dep_context=requeueable deps ti=<TaskInstance: flipkart_sentiment_pipeline_v3.scrape_task manual__2025-07-25T11:14:25.199029+00:00 [queued]>
[2025-07-25T11:14:40.798+0000] {taskinstance.py:2306} INFO - Starting attempt 1 of 1
[2025-07-25T11:14:40.949+0000] {taskinstance.py:2330} INFO - Executing <Task(_PythonDecoratedOperator): scrape_task> on 2025-07-25 11:14:25.199029+00:00
[2025-07-25T11:14:41.028+0000] {warnings.py:112} WARNING - /home/***/.local/lib/python3.12/site-packages/***/task/task_runner/standard_task_runner.py:62: DeprecationWarning: This process (pid=1784) is multi-threaded, use of fork() may lead to deadlocks in the child.
  pid = os.fork()

[2025-07-25T11:14:41.049+0000] {standard_task_runner.py:64} INFO - Started process 1794 to run task
[2025-07-25T11:14:41.047+0000] {standard_task_runner.py:90} INFO - Running: ['***', 'tasks', 'run', 'flipkart_sentiment_pipeline_v3', 'scrape_task', 'manual__2025-07-25T11:14:25.199029+00:00', '--job-id', '7', '--raw', '--subdir', 'DAGS_FOLDER/sentiment_pipeline_dag.py', '--cfg-path', '/tmp/tmp55krh2k_']
[2025-07-25T11:14:41.072+0000] {standard_task_runner.py:91} INFO - Job 7: Subtask scrape_task
[2025-07-25T11:14:41.168+0000] {warnings.py:112} WARNING - /home/***/.local/lib/python3.12/site-packages/***/settings.py:195: DeprecationWarning: The sql_alchemy_conn option in [core] has been moved to the sql_alchemy_conn option in [database] - the old setting has been used, but please update your config.
  SQL_ALCHEMY_CONN = conf.get("database", "SQL_ALCHEMY_CONN")

[2025-07-25T11:14:41.470+0000] {task_command.py:426} INFO - Running <TaskInstance: flipkart_sentiment_pipeline_v3.scrape_task manual__2025-07-25T11:14:25.199029+00:00 [running]> on host fb07c225d43f
[2025-07-25T11:14:42.096+0000] {taskinstance.py:2648} INFO - Exporting env vars: AIRFLOW_CTX_DAG_OWNER='***' AIRFLOW_CTX_DAG_ID='flipkart_sentiment_pipeline_v3' AIRFLOW_CTX_TASK_ID='scrape_task' AIRFLOW_CTX_EXECUTION_DATE='2025-07-25T11:14:25.199029+00:00' AIRFLOW_CTX_TRY_NUMBER='1' AIRFLOW_CTX_DAG_RUN_ID='manual__2025-07-25T11:14:25.199029+00:00'
[2025-07-25T11:14:42.106+0000] {taskinstance.py:430} INFO - ::endgroup::
[2025-07-25T11:14:42.113+0000] {logging_mixin.py:188} INFO - Starting scrape for URL: https://www.flipkart.com/apple-iphone-15-black-128-gb/p/itme5f540d559560
[2025-07-25T11:14:42.119+0000] {logging_mixin.py:188} INFO - Initializing WebDriver...
[2025-07-25T11:14:59.262+0000] {logging_mixin.py:188} INFO - Extracted - Phone: Unknown_Phone, Price: N/A
[2025-07-25T11:14:59.342+0000] {logging_mixin.py:188} INFO - An error occurred while scraping https://www.flipkart.com/apple-iphone-15-black-128-gb/p/itme5f540d559560: Message: no such element: Unable to locate element: {"method":"partial link text","selector":"All"}
  (Session info: chrome=138.0.7204.168); For documentation on this error, please visit: https://www.selenium.dev/documentation/webdriver/troubleshooting/errors#nosuchelementexception
Stacktrace:
#0 0x558c1123470e <unknown>
#1 0x558c10cd0a51 <unknown>
#2 0x558c10d1b60f <unknown>
#3 0x558c10d1b7e1 <unknown>
#4 0x558c10d60694 <unknown>
#5 0x558c10d3f01d <unknown>
#6 0x558c10d5e444 <unknown>
#7 0x558c10d3edc3 <unknown>
#8 0x558c10d0f959 <unknown>
#9 0x558c10d104c1 <unknown>
#10 0x558c112008aa <unknown>
#11 0x558c11203c11 <unknown>
#12 0x558c112036a8 <unknown>
#13 0x558c112040b5 <unknown>
#14 0x558c111ea34c <unknown>
#15 0x558c11204421 <unknown>
#16 0x558c111d2e2a <unknown>
#17 0x558c11222855 <unknown>
#18 0x558c11222a4e <unknown>
#19 0x558c112339f5 <unknown>
#20 0x7ba71242b134 <unknown>
[2025-07-25T11:14:59.758+0000] {python.py:237} INFO - Done. Returned value was: None
[2025-07-25T11:14:59.763+0000] {taskinstance.py:441} INFO - ::group::Post task execution logs
[2025-07-25T11:14:59.822+0000] {taskinstance.py:1206} INFO - Marking task as SUCCESS. dag_id=flipkart_sentiment_pipeline_v3, task_id=scrape_task, run_id=manual__2025-07-25T11:14:25.199029+00:00, execution_date=20250725T111425, start_date=20250725T111440, end_date=20250725T111459
[2025-07-25T11:14:59.980+0000] {local_task_job_runner.py:243} INFO - Task exited with return code 0
[2025-07-25T11:15:00.048+0000] {local_task_job_runner.py:222} INFO - ::endgroup::
