[2025-07-29T09:14:29.179+0000] {local_task_job_runner.py:120} INFO - ::group::Pre task execution logs
[2025-07-29T09:14:30.160+0000] {taskinstance.py:2076} INFO - Dependencies all met for dep_context=non-requeueable deps ti=<TaskInstance: parallel_scraping_pipeline.scrape_task manual__2025-07-29T09:13:05.501288+00:00 map_index=1 [queued]>
[2025-07-29T09:14:30.711+0000] {taskinstance.py:2076} INFO - Dependencies all met for dep_context=requeueable deps ti=<TaskInstance: parallel_scraping_pipeline.scrape_task manual__2025-07-29T09:13:05.501288+00:00 map_index=1 [queued]>
[2025-07-29T09:14:30.726+0000] {taskinstance.py:2306} INFO - Starting attempt 1 of 1
[2025-07-29T09:14:31.324+0000] {taskinstance.py:2330} INFO - Executing <Mapped(_PythonDecoratedOperator): scrape_task> on 2025-07-29 09:13:05.501288+00:00
[2025-07-29T09:14:31.696+0000] {logging_mixin.py:188} WARNING - /home/airflow/.local/lib/python3.12/site-packages/airflow/task/task_runner/standard_task_runner.py:62 DeprecationWarning: This process (pid=582) is multi-threaded, use of fork() may lead to deadlocks in the child.
[2025-07-29T09:14:31.707+0000] {standard_task_runner.py:90} INFO - Running: ['airflow', 'tasks', 'run', 'parallel_scraping_pipeline', 'scrape_task', 'manual__2025-07-29T09:13:05.501288+00:00', '--job-id', '85', '--raw', '--subdir', 'DAGS_FOLDER/parallel_pipeline_dag.py', '--cfg-path', '/tmp/tmp_ojyfepy', '--map-index', '1']
[2025-07-29T09:14:31.778+0000] {standard_task_runner.py:64} INFO - Started process 603 to run task
[2025-07-29T09:14:31.765+0000] {standard_task_runner.py:91} INFO - Job 85: Subtask scrape_task
[2025-07-29T09:14:32.890+0000] {logging_mixin.py:188} WARNING - /home/airflow/.local/lib/python3.12/site-packages/airflow/settings.py:195 DeprecationWarning: The sql_alchemy_conn option in [core] has been moved to the sql_alchemy_conn option in [database] - the old setting has been used, but please update your config.
[2025-07-29T09:14:36.098+0000] {task_command.py:426} INFO - Running <TaskInstance: parallel_scraping_pipeline.scrape_task manual__2025-07-29T09:13:05.501288+00:00 map_index=1 [running]> on host e06a2c010c87
[2025-07-29T09:14:41.239+0000] {taskinstance.py:2648} INFO - Exporting env vars: AIRFLOW_CTX_DAG_OWNER='airflow' AIRFLOW_CTX_DAG_ID='parallel_scraping_pipeline' AIRFLOW_CTX_TASK_ID='scrape_task' AIRFLOW_CTX_EXECUTION_DATE='2025-07-29T09:13:05.501288+00:00' AIRFLOW_CTX_TRY_NUMBER='1' AIRFLOW_CTX_DAG_RUN_ID='manual__2025-07-29T09:13:05.501288+00:00'
[2025-07-29T09:14:41.274+0000] {taskinstance.py:430} INFO - ::endgroup::
[2025-07-29T09:14:41.288+0000] {logging_mixin.py:188} INFO - Initializing Stealth WebDriver...
[2025-07-29T09:15:13.616+0000] {logging_mixin.py:188} INFO - Extracted - Phone: Samsung Galaxy S24 FE 5G (Blue, 128 GB)  (8 GB RAM), Price: ₹35,999
[2025-07-29T09:15:21.983+0000] {logging_mixin.py:188} INFO - Scraping Page 1 for Samsung Galaxy S24 FE 5G (Blue, 128 GB)  (8 GB RAM)...
[2025-07-29T09:15:25.998+0000] {logging_mixin.py:188} INFO - An error occurred while scraping https://www.flipkart.com/samsung-galaxy-s24-fe-5g-blue-128-gb/p/itme960199e26f23?pid=MOBH4ZG3Z5NCBW2H&lid=LSTMOBH4ZG3Z5NCBW2HHP3FVG&marketplace=FLIPKART&q=samsung+smart+phones&store=tyy%2F4io&spotlightTagId=default_BestsellerId_tyy%2F4io&srno=s_1_11&otracker=search&otracker1=search&fm=Search&iid=dcbefbbe-6b57-4c6a-833b-d09682ea1ccd.MOBH4ZG3Z5NCBW2H.SEARCH&ppt=sp&ppn=sp&ssid=jptywgea800000001753735370995&qH=fa7a2885ee123978: 'NoneType' object is not callable
[2025-07-29T09:15:26.450+0000] {python.py:237} INFO - Done. Returned value was: None
[2025-07-29T09:15:26.455+0000] {taskinstance.py:441} INFO - ::group::Post task execution logs
[2025-07-29T09:15:27.198+0000] {taskinstance.py:1206} INFO - Marking task as SUCCESS. dag_id=parallel_scraping_pipeline, task_id=scrape_task, run_id=manual__2025-07-29T09:13:05.501288+00:00, map_index=1, execution_date=20250729T091305, start_date=20250729T091430, end_date=20250729T091527
[2025-07-29T09:15:30.087+0000] {local_task_job_runner.py:243} INFO - Task exited with return code 0
[2025-07-29T09:15:32.250+0000] {abstractoperator.py:588} INFO - Marking <TaskInstance: parallel_scraping_pipeline.clean_task manual__2025-07-29T09:13:05.501288+00:00 [None]> as SKIPPED since the map has 0 values to expand
[2025-07-29T09:15:32.677+0000] {taskinstance.py:3503} INFO - 0 downstream tasks scheduled from follow-on schedule check
[2025-07-29T09:15:32.850+0000] {local_task_job_runner.py:222} INFO - ::endgroup::
