[2025-07-28T20:54:16.816+0000] {local_task_job_runner.py:120} INFO - ::group::Pre task execution logs
[2025-07-28T20:54:17.430+0000] {taskinstance.py:2076} INFO - Dependencies all met for dep_context=non-requeueable deps ti=<TaskInstance: sequential_scraping_pipeline.process_urls_sequentially manual__2025-07-28T20:53:54.210183+00:00 [queued]>
[2025-07-28T20:54:17.663+0000] {taskinstance.py:2076} INFO - Dependencies all met for dep_context=requeueable deps ti=<TaskInstance: sequential_scraping_pipeline.process_urls_sequentially manual__2025-07-28T20:53:54.210183+00:00 [queued]>
[2025-07-28T20:54:17.665+0000] {taskinstance.py:2306} INFO - Starting attempt 1 of 1
[2025-07-28T20:54:17.982+0000] {taskinstance.py:2330} INFO - Executing <Task(_PythonDecoratedOperator): process_urls_sequentially> on 2025-07-28 20:53:54.210183+00:00
[2025-07-28T20:54:18.000+0000] {logging_mixin.py:188} WARNING - /home/airflow/.local/lib/python3.12/site-packages/airflow/task/task_runner/standard_task_runner.py:62 DeprecationWarning: This process (pid=271) is multi-threaded, use of fork() may lead to deadlocks in the child.
[2025-07-28T20:54:18.002+0000] {standard_task_runner.py:64} INFO - Started process 291 to run task
[2025-07-28T20:54:18.002+0000] {standard_task_runner.py:90} INFO - Running: ['airflow', 'tasks', 'run', 'sequential_scraping_pipeline', 'process_urls_sequentially', 'manual__2025-07-28T20:53:54.210183+00:00', '--job-id', '26', '--raw', '--subdir', 'DAGS_FOLDER/sequential_pipeline_dag.py', '--cfg-path', '/tmp/tmpt6ssudwe']
[2025-07-28T20:54:18.003+0000] {standard_task_runner.py:91} INFO - Job 26: Subtask process_urls_sequentially
[2025-07-28T20:54:18.651+0000] {logging_mixin.py:188} WARNING - /home/airflow/.local/lib/python3.12/site-packages/airflow/settings.py:195 DeprecationWarning: The sql_alchemy_conn option in [core] has been moved to the sql_alchemy_conn option in [database] - the old setting has been used, but please update your config.
[2025-07-28T20:54:20.069+0000] {task_command.py:426} INFO - Running <TaskInstance: sequential_scraping_pipeline.process_urls_sequentially manual__2025-07-28T20:53:54.210183+00:00 [running]> on host 8cf7cfd9e861
[2025-07-28T20:54:23.812+0000] {taskinstance.py:2648} INFO - Exporting env vars: AIRFLOW_CTX_DAG_OWNER='airflow' AIRFLOW_CTX_DAG_ID='sequential_scraping_pipeline' AIRFLOW_CTX_TASK_ID='process_urls_sequentially' AIRFLOW_CTX_EXECUTION_DATE='2025-07-28T20:53:54.210183+00:00' AIRFLOW_CTX_TRY_NUMBER='1' AIRFLOW_CTX_DAG_RUN_ID='manual__2025-07-28T20:53:54.210183+00:00'
[2025-07-28T20:54:23.816+0000] {taskinstance.py:430} INFO - ::endgroup::
[2025-07-28T20:54:23.818+0000] {logging_mixin.py:188} INFO - --- Starting sequential processing for: https://www.flipkart.com/samsung-galaxy-a15-5g-blue-128-gb/p/itm66a3a07cba1e7?pid=MOBGWD8558BQ3QQB&lid=LSTMOBGWD8558BQ3QQBHLTXQM&marketplace=FLIPKART&q=samsung+smart+phones&store=tyy%2F4io&srno=s_1_17&otracker=search&otracker1=search&fm=Search&iid=dcbefbbe-6b57-4c6a-833b-d09682ea1ccd.MOBGWD8558BQ3QQB.SEARCH&ppt=sp&ppn=sp&ssid=jptywgea800000001753735370995&qH=fa7a2885ee123978 ---
[2025-07-28T20:54:23.819+0000] {logging_mixin.py:188} INFO - Initializing WebDriver...
[2025-07-28T20:54:33.186+0000] {logging_mixin.py:188} INFO - Extracted - Phone: Samsung Galaxy A15 5G (Blue, 128 GB)  (6 GB RAM), Price: ₹15,499
[2025-07-28T20:54:36.545+0000] {logging_mixin.py:188} INFO - Scraping Page 1 for Samsung Galaxy A15 5G (Blue, 128 GB)  (6 GB RAM)...
[2025-07-28T20:54:39.546+0000] {logging_mixin.py:188} INFO - Scraping Page 2 for Samsung Galaxy A15 5G (Blue, 128 GB)  (6 GB RAM)...
[2025-07-28T20:54:42.148+0000] {logging_mixin.py:188} INFO - Scraping Page 3 for Samsung Galaxy A15 5G (Blue, 128 GB)  (6 GB RAM)...
[2025-07-28T20:54:44.770+0000] {logging_mixin.py:188} INFO - Scraping Page 4 for Samsung Galaxy A15 5G (Blue, 128 GB)  (6 GB RAM)...
[2025-07-28T20:54:47.848+0000] {logging_mixin.py:188} INFO - Scraping Page 5 for Samsung Galaxy A15 5G (Blue, 128 GB)  (6 GB RAM)...
[2025-07-28T20:54:50.593+0000] {logging_mixin.py:188} INFO - Scraping Page 6 for Samsung Galaxy A15 5G (Blue, 128 GB)  (6 GB RAM)...
[2025-07-28T20:54:53.483+0000] {logging_mixin.py:188} INFO - Scraping Page 7 for Samsung Galaxy A15 5G (Blue, 128 GB)  (6 GB RAM)...
[2025-07-28T20:54:56.068+0000] {logging_mixin.py:188} INFO - Scraping Page 8 for Samsung Galaxy A15 5G (Blue, 128 GB)  (6 GB RAM)...
[2025-07-28T20:54:58.629+0000] {logging_mixin.py:188} INFO - Scraping Page 9 for Samsung Galaxy A15 5G (Blue, 128 GB)  (6 GB RAM)...
[2025-07-28T20:55:01.272+0000] {logging_mixin.py:188} INFO - Scraping Page 10 for Samsung Galaxy A15 5G (Blue, 128 GB)  (6 GB RAM)...
[2025-07-28T20:55:13.470+0000] {logging_mixin.py:188} INFO - Saved 97 reviews to /opt/airflow/data/raw/Samsung_Galaxy_A15_5G_(Blue,_128_GB)__(6_GB_RAM)_reviews.csv
[2025-07-28T20:55:13.608+0000] {logging_mixin.py:188} INFO - Processing 97 reviews from Samsung_Galaxy_A15_5G_(Blue,_128_GB)__(6_GB_RAM)_reviews.csv...
[2025-07-28T20:55:13.723+0000] {logging_mixin.py:188} INFO - 
🗑️ Removed 0 duplicate reviews based on Review_ID.
[2025-07-28T20:55:13.732+0000] {logging_mixin.py:188} INFO - 
📁 Clean data saved: /opt/airflow/data/cleaned/Samsung_Galaxy_A15_5G_(Blue,_128_GB)__(6_GB_RAM)_reviews_CLEANED.csv
[2025-07-28T20:55:13.733+0000] {logging_mixin.py:188} INFO - 📊 Final shape: (97, 10)
[2025-07-28T20:55:13.734+0000] {logging_mixin.py:188} INFO - Preparing to write /opt/airflow/data/cleaned/Samsung_Galaxy_A15_5G_(Blue,_128_GB)__(6_GB_RAM)_reviews_CLEANED.csv to PostgreSQL table 'flipkart_reviewer_data'...
[2025-07-28T20:55:15.012+0000] {logging_mixin.py:188} INFO - ✅ Successfully wrote 97 rows to table 'flipkart_reviewer_data'.
[2025-07-28T20:55:15.013+0000] {python.py:237} INFO - Done. Returned value was: None
[2025-07-28T20:55:15.015+0000] {taskinstance.py:441} INFO - ::group::Post task execution logs
[2025-07-28T20:55:15.510+0000] {taskinstance.py:1206} INFO - Marking task as SUCCESS. dag_id=sequential_scraping_pipeline, task_id=process_urls_sequentially, run_id=manual__2025-07-28T20:53:54.210183+00:00, execution_date=20250728T205354, start_date=20250728T205417, end_date=20250728T205515
[2025-07-28T20:55:15.820+0000] {local_task_job_runner.py:243} INFO - Task exited with return code 0
[2025-07-28T20:55:16.390+0000] {taskinstance.py:3503} INFO - 0 downstream tasks scheduled from follow-on schedule check
[2025-07-28T20:55:16.447+0000] {local_task_job_runner.py:222} INFO - ::endgroup::
