[2025-07-25T10:27:37.728+0000] {local_task_job_runner.py:120} INFO - ::group::Pre task execution logs
[2025-07-25T10:27:37.779+0000] {taskinstance.py:2076} INFO - Dependencies all met for dep_context=non-requeueable deps ti=<TaskInstance: flipkart_sentiment_pipeline_v2.initial_clean_task manual__2025-07-25T10:26:09.552792+00:00 [queued]>
[2025-07-25T10:27:37.799+0000] {taskinstance.py:2076} INFO - Dependencies all met for dep_context=requeueable deps ti=<TaskInstance: flipkart_sentiment_pipeline_v2.initial_clean_task manual__2025-07-25T10:26:09.552792+00:00 [queued]>
[2025-07-25T10:27:37.805+0000] {taskinstance.py:2306} INFO - Starting attempt 1 of 1
[2025-07-25T10:27:37.835+0000] {taskinstance.py:2330} INFO - Executing <Task(_PythonDecoratedOperator): initial_clean_task> on 2025-07-25 10:26:09.552792+00:00
[2025-07-25T10:27:37.868+0000] {warnings.py:112} WARNING - /home/***/.local/lib/python3.12/site-packages/***/task/task_runner/standard_task_runner.py:62: DeprecationWarning: This process (pid=658) is multi-threaded, use of fork() may lead to deadlocks in the child.
  pid = os.fork()

[2025-07-25T10:27:37.873+0000] {standard_task_runner.py:64} INFO - Started process 668 to run task
[2025-07-25T10:27:37.871+0000] {standard_task_runner.py:90} INFO - Running: ['***', 'tasks', 'run', 'flipkart_sentiment_pipeline_v2', 'initial_clean_task', 'manual__2025-07-25T10:26:09.552792+00:00', '--job-id', '5', '--raw', '--subdir', 'DAGS_FOLDER/sentiment_pipeline_dag.py', '--cfg-path', '/tmp/tmptlofvfbz']
[2025-07-25T10:27:37.875+0000] {standard_task_runner.py:91} INFO - Job 5: Subtask initial_clean_task
[2025-07-25T10:27:37.913+0000] {warnings.py:112} WARNING - /home/***/.local/lib/python3.12/site-packages/***/settings.py:195: DeprecationWarning: The sql_alchemy_conn option in [core] has been moved to the sql_alchemy_conn option in [database] - the old setting has been used, but please update your config.
  SQL_ALCHEMY_CONN = conf.get("database", "SQL_ALCHEMY_CONN")

[2025-07-25T10:27:38.025+0000] {task_command.py:426} INFO - Running <TaskInstance: flipkart_sentiment_pipeline_v2.initial_clean_task manual__2025-07-25T10:26:09.552792+00:00 [running]> on host fb07c225d43f
[2025-07-25T10:27:38.288+0000] {taskinstance.py:2648} INFO - Exporting env vars: AIRFLOW_CTX_DAG_OWNER='***' AIRFLOW_CTX_DAG_ID='flipkart_sentiment_pipeline_v2' AIRFLOW_CTX_TASK_ID='initial_clean_task' AIRFLOW_CTX_EXECUTION_DATE='2025-07-25T10:26:09.552792+00:00' AIRFLOW_CTX_TRY_NUMBER='1' AIRFLOW_CTX_DAG_RUN_ID='manual__2025-07-25T10:26:09.552792+00:00'
[2025-07-25T10:27:38.292+0000] {taskinstance.py:430} INFO - ::endgroup::
[2025-07-25T10:27:38.295+0000] {logging_mixin.py:188} INFO - Scraping failed, skipping initial cleaning.
[2025-07-25T10:27:38.296+0000] {python.py:237} INFO - Done. Returned value was: None
[2025-07-25T10:27:38.297+0000] {taskinstance.py:441} INFO - ::group::Post task execution logs
[2025-07-25T10:27:38.317+0000] {taskinstance.py:1206} INFO - Marking task as SUCCESS. dag_id=flipkart_sentiment_pipeline_v2, task_id=initial_clean_task, run_id=manual__2025-07-25T10:26:09.552792+00:00, execution_date=20250725T102609, start_date=20250725T102737, end_date=20250725T102738
[2025-07-25T10:27:38.415+0000] {local_task_job_runner.py:243} INFO - Task exited with return code 0
[2025-07-25T10:27:38.458+0000] {taskinstance.py:3503} INFO - 1 downstream tasks scheduled from follow-on schedule check
[2025-07-25T10:27:38.463+0000] {local_task_job_runner.py:222} INFO - ::endgroup::
