[2025-07-29T10:21:54.631+0000] {local_task_job_runner.py:120} INFO - ::group::Pre task execution logs
[2025-07-29T10:21:55.619+0000] {taskinstance.py:2076} INFO - Dependencies all met for dep_context=non-requeueable deps ti=<TaskInstance: parallel_scraping_pipeline.get_urls manual__2025-07-29T10:21:21.870236+00:00 [queued]>
[2025-07-29T10:21:55.909+0000] {taskinstance.py:2076} INFO - Dependencies all met for dep_context=requeueable deps ti=<TaskInstance: parallel_scraping_pipeline.get_urls manual__2025-07-29T10:21:21.870236+00:00 [queued]>
[2025-07-29T10:21:55.910+0000] {taskinstance.py:2306} INFO - Starting attempt 1 of 1
[2025-07-29T10:21:56.947+0000] {taskinstance.py:2330} INFO - Executing <Task(_PythonDecoratedOperator): get_urls> on 2025-07-29 10:21:21.870236+00:00
[2025-07-29T10:21:56.978+0000] {standard_task_runner.py:90} INFO - Running: ['airflow', 'tasks', 'run', 'parallel_scraping_pipeline', 'get_urls', 'manual__2025-07-29T10:21:21.870236+00:00', '--job-id', '92', '--raw', '--subdir', 'DAGS_FOLDER/parallel_pipeline_dag.py', '--cfg-path', '/tmp/tmp76ajediz']
[2025-07-29T10:21:56.981+0000] {standard_task_runner.py:91} INFO - Job 92: Subtask get_urls
[2025-07-29T10:21:56.981+0000] {logging_mixin.py:188} WARNING - /home/airflow/.local/lib/python3.12/site-packages/airflow/task/task_runner/standard_task_runner.py:62 DeprecationWarning: This process (pid=332) is multi-threaded, use of fork() may lead to deadlocks in the child.
[2025-07-29T10:21:56.983+0000] {standard_task_runner.py:64} INFO - Started process 345 to run task
[2025-07-29T10:21:57.661+0000] {logging_mixin.py:188} WARNING - /home/airflow/.local/lib/python3.12/site-packages/airflow/settings.py:195 DeprecationWarning: The sql_alchemy_conn option in [core] has been moved to the sql_alchemy_conn option in [database] - the old setting has been used, but please update your config.
[2025-07-29T10:21:59.356+0000] {task_command.py:426} INFO - Running <TaskInstance: parallel_scraping_pipeline.get_urls manual__2025-07-29T10:21:21.870236+00:00 [running]> on host f328c07fe88e
[2025-07-29T10:22:03.652+0000] {taskinstance.py:2648} INFO - Exporting env vars: AIRFLOW_CTX_DAG_OWNER='airflow' AIRFLOW_CTX_DAG_ID='parallel_scraping_pipeline' AIRFLOW_CTX_TASK_ID='get_urls' AIRFLOW_CTX_EXECUTION_DATE='2025-07-29T10:21:21.870236+00:00' AIRFLOW_CTX_TRY_NUMBER='1' AIRFLOW_CTX_DAG_RUN_ID='manual__2025-07-29T10:21:21.870236+00:00'
[2025-07-29T10:22:03.658+0000] {taskinstance.py:430} INFO - ::endgroup::
[2025-07-29T10:22:03.660+0000] {logging_mixin.py:188} INFO - Processing 3 unique URLs.
[2025-07-29T10:22:03.661+0000] {python.py:237} INFO - Done. Returned value was: ['https://www.flipkart.com/samsung-galaxy-s24-fe-5g-blue-128-gb/p/itme960199e26f23?pid=MOBH4ZG3Z5NCBW2H&lid=LSTMOBH4ZG3Z5NCBW2HHP3FVG&marketplace=FLIPKART&q=samsung+smart+phones&store=tyy%2F4io&spotlightTagId=default_BestsellerId_tyy%2F4io&srno=s_1_11&otracker=search&otracker1=search&fm=Search&iid=dcbefbbe-6b57-4c6a-833b-d09682ea1ccd.MOBH4ZG3Z5NCBW2H.SEARCH&ppt=sp&ppn=sp&ssid=jptywgea800000001753735370995&qH=fa7a2885ee123978', 'https://www.flipkart.com/samsung-galaxy-a35-5g-awesome-navy-256-gb/p/itm2d2e398127998?pid=MOBGYT2HEEYGMZFH&lid=LSTMOBGYT2HEEYGMZFH3U1TOF&marketplace=FLIPKART&q=samsung+smart+phones&store=tyy%2F4io&srno=s_1_4&otracker=search&otracker1=search&fm=Search&iid=dcbefbbe-6b57-4c6a-833b-d09682ea1ccd.MOBGYT2HEEYGMZFH.SEARCH&ppt=sp&ppn=sp&ssid=jptywgea800000001753735370995&qH=fa7a2885ee123978', 'https://www.flipkart.com/samsung-galaxy-f06-5g-bahama-blue-128-gb/p/itm9acd4c5748761?pid=MOBH9AS4DSSQECZM&lid=LSTMOBH9AS4DSSQECZMNC3LC0&marketplace=FLIPKART&q=samsung+smart+phones&store=tyy%2F4io&srno=s_1_2&otracker=search&otracker1=search&fm=Search&iid=dcbefbbe-6b57-4c6a-833b-d09682ea1ccd.MOBH9AS4DSSQECZM.SEARCH&ppt=sp&ppn=sp&ssid=jptywgea800000001753735370995&qH=fa7a2885ee123978']
[2025-07-29T10:22:03.662+0000] {taskinstance.py:441} INFO - ::group::Post task execution logs
[2025-07-29T10:22:05.448+0000] {taskinstance.py:1206} INFO - Marking task as SUCCESS. dag_id=parallel_scraping_pipeline, task_id=get_urls, run_id=manual__2025-07-29T10:21:21.870236+00:00, execution_date=20250729T102121, start_date=20250729T102155, end_date=20250729T102205
[2025-07-29T10:22:06.133+0000] {local_task_job_runner.py:243} INFO - Task exited with return code 0
[2025-07-29T10:22:09.509+0000] {taskinstance.py:3503} INFO - 3 downstream tasks scheduled from follow-on schedule check
[2025-07-29T10:22:09.598+0000] {local_task_job_runner.py:222} INFO - ::endgroup::
