[2025-07-27T10:12:55.189+0000] {local_task_job_runner.py:120} INFO - ::group::Pre task execution logs
[2025-07-27T10:12:55.366+0000] {taskinstance.py:2076} INFO - Dependencies all met for dep_context=non-requeueable deps ti=<TaskInstance: example_task_group.section_1.task_2 scheduled__2025-07-26T00:00:00+00:00 [queued]>
[2025-07-27T10:12:55.391+0000] {taskinstance.py:2076} INFO - Dependencies all met for dep_context=requeueable deps ti=<TaskInstance: example_task_group.section_1.task_2 scheduled__2025-07-26T00:00:00+00:00 [queued]>
[2025-07-27T10:12:55.396+0000] {taskinstance.py:2306} INFO - Starting attempt 1 of 1
[2025-07-27T10:12:55.505+0000] {taskinstance.py:2330} INFO - Executing <Task(BashOperator): section_1.task_2> on 2025-07-26 00:00:00+00:00
[2025-07-27T10:12:55.620+0000] {logging_mixin.py:188} WARNING - /home/***/.local/lib/python3.12/site-packages/***/task/task_runner/standard_task_runner.py:62 DeprecationWarning: This process (pid=243) is multi-threaded, use of fork() may lead to deadlocks in the child.
[2025-07-27T10:12:55.644+0000] {standard_task_runner.py:64} INFO - Started process 331 to run task
[2025-07-27T10:12:55.648+0000] {standard_task_runner.py:90} INFO - Running: ['***', 'tasks', 'run', 'example_task_group', 'section_1.task_2', 'scheduled__2025-07-26T00:00:00+00:00', '--job-id', '8', '--raw', '--subdir', '/home/***/.local/lib/python3.12/site-packages/***/example_dags/example_task_group.py', '--cfg-path', '/tmp/tmpybkcipkq']
[2025-07-27T10:12:55.672+0000] {standard_task_runner.py:91} INFO - Job 8: Subtask section_1.task_2
[2025-07-27T10:12:55.813+0000] {logging_mixin.py:188} WARNING - /home/***/.local/lib/python3.12/site-packages/***/settings.py:195 DeprecationWarning: The sql_alchemy_conn option in [core] has been moved to the sql_alchemy_conn option in [database] - the old setting has been used, but please update your config.
[2025-07-27T10:12:56.213+0000] {task_command.py:426} INFO - Running <TaskInstance: example_task_group.section_1.task_2 scheduled__2025-07-26T00:00:00+00:00 [running]> on host 4112a2618ff3
[2025-07-27T10:12:56.881+0000] {taskinstance.py:2648} INFO - Exporting env vars: AIRFLOW_CTX_DAG_OWNER='***' AIRFLOW_CTX_DAG_ID='example_task_group' AIRFLOW_CTX_TASK_ID='section_1.task_2' AIRFLOW_CTX_EXECUTION_DATE='2025-07-26T00:00:00+00:00' AIRFLOW_CTX_TRY_NUMBER='1' AIRFLOW_CTX_DAG_RUN_ID='scheduled__2025-07-26T00:00:00+00:00'
[2025-07-27T10:12:56.886+0000] {taskinstance.py:430} INFO - ::endgroup::
[2025-07-27T10:12:56.890+0000] {subprocess.py:63} INFO - Tmp dir root location: /tmp
[2025-07-27T10:12:56.906+0000] {subprocess.py:75} INFO - Running command: ['/usr/bin/bash', '-c', 'echo 1']
[2025-07-27T10:12:57.084+0000] {subprocess.py:86} INFO - Output:
[2025-07-27T10:12:57.130+0000] {subprocess.py:93} INFO - 1
[2025-07-27T10:12:57.131+0000] {subprocess.py:97} INFO - Command exited with return code 0
[2025-07-27T10:12:57.132+0000] {taskinstance.py:441} INFO - ::group::Post task execution logs
[2025-07-27T10:12:57.248+0000] {taskinstance.py:1206} INFO - Marking task as SUCCESS. dag_id=example_task_group, task_id=section_1.task_2, run_id=scheduled__2025-07-26T00:00:00+00:00, execution_date=20250726T000000, start_date=20250727T101255, end_date=20250727T101257
[2025-07-27T10:12:57.396+0000] {local_task_job_runner.py:243} INFO - Task exited with return code 0
[2025-07-27T10:12:57.473+0000] {local_task_job_runner.py:222} INFO - ::endgroup::
