[2025-07-27T10:14:10.976+0000] {local_task_job_runner.py:120} INFO - ::group::Pre task execution logs
[2025-07-27T10:14:11.666+0000] {taskinstance.py:2076} INFO - Dependencies all met for dep_context=non-requeueable deps ti=<TaskInstance: example_bash_operator.runme_2 scheduled__2025-07-26T00:00:00+00:00 [queued]>
[2025-07-27T10:14:12.045+0000] {taskinstance.py:2076} INFO - Dependencies all met for dep_context=requeueable deps ti=<TaskInstance: example_bash_operator.runme_2 scheduled__2025-07-26T00:00:00+00:00 [queued]>
[2025-07-27T10:14:12.060+0000] {taskinstance.py:2306} INFO - Starting attempt 1 of 1
[2025-07-27T10:14:12.161+0000] {taskinstance.py:2330} INFO - Executing <Task(BashOperator): runme_2> on 2025-07-26 00:00:00+00:00
[2025-07-27T10:14:12.205+0000] {logging_mixin.py:188} WARNING - /home/***/.local/lib/python3.12/site-packages/***/task/task_runner/standard_task_runner.py:62 DeprecationWarning: This process (pid=715) is multi-threaded, use of fork() may lead to deadlocks in the child.
[2025-07-27T10:14:12.212+0000] {standard_task_runner.py:64} INFO - Started process 818 to run task
[2025-07-27T10:14:12.234+0000] {standard_task_runner.py:90} INFO - Running: ['***', 'tasks', 'run', 'example_bash_operator', 'runme_2', 'scheduled__2025-07-26T00:00:00+00:00', '--job-id', '68', '--raw', '--subdir', '/home/***/.local/lib/python3.12/site-packages/***/example_dags/example_bash_operator.py', '--cfg-path', '/tmp/tmpk92h125t']
[2025-07-27T10:14:12.244+0000] {standard_task_runner.py:91} INFO - Job 68: Subtask runme_2
[2025-07-27T10:14:12.297+0000] {logging_mixin.py:188} WARNING - /home/***/.local/lib/python3.12/site-packages/***/settings.py:195 DeprecationWarning: The sql_alchemy_conn option in [core] has been moved to the sql_alchemy_conn option in [database] - the old setting has been used, but please update your config.
[2025-07-27T10:14:12.871+0000] {task_command.py:426} INFO - Running <TaskInstance: example_bash_operator.runme_2 scheduled__2025-07-26T00:00:00+00:00 [running]> on host 4112a2618ff3
[2025-07-27T10:14:13.501+0000] {taskinstance.py:2648} INFO - Exporting env vars: AIRFLOW_CTX_DAG_OWNER='***' AIRFLOW_CTX_DAG_ID='example_bash_operator' AIRFLOW_CTX_TASK_ID='runme_2' AIRFLOW_CTX_EXECUTION_DATE='2025-07-26T00:00:00+00:00' AIRFLOW_CTX_TRY_NUMBER='1' AIRFLOW_CTX_DAG_RUN_ID='scheduled__2025-07-26T00:00:00+00:00'
[2025-07-27T10:14:13.521+0000] {taskinstance.py:430} INFO - ::endgroup::
[2025-07-27T10:14:13.552+0000] {subprocess.py:63} INFO - Tmp dir root location: /tmp
[2025-07-27T10:14:13.560+0000] {subprocess.py:75} INFO - Running command: ['/usr/bin/bash', '-c', 'echo "example_bash_operator__runme_2__20250726" && sleep 1']
[2025-07-27T10:14:13.846+0000] {subprocess.py:86} INFO - Output:
[2025-07-27T10:14:13.851+0000] {subprocess.py:93} INFO - example_bash_operator__runme_2__20250726
[2025-07-27T10:14:14.902+0000] {subprocess.py:97} INFO - Command exited with return code 0
[2025-07-27T10:14:14.932+0000] {taskinstance.py:441} INFO - ::group::Post task execution logs
[2025-07-27T10:14:15.079+0000] {taskinstance.py:1206} INFO - Marking task as SUCCESS. dag_id=example_bash_operator, task_id=runme_2, run_id=scheduled__2025-07-26T00:00:00+00:00, execution_date=20250726T000000, start_date=20250727T101411, end_date=20250727T101415
[2025-07-27T10:14:15.386+0000] {local_task_job_runner.py:243} INFO - Task exited with return code 0
[2025-07-27T10:14:15.490+0000] {local_task_job_runner.py:222} INFO - ::endgroup::
