[2025-07-29T12:05:11.880+0000] {local_task_job_runner.py:120} INFO - ::group::Pre task execution logs
[2025-07-29T12:05:13.098+0000] {taskinstance.py:2076} INFO - Dependencies all met for dep_context=non-requeueable deps ti=<TaskInstance: parallel_scraping_pipeline.scrape_task manual__2025-07-29T11:47:54.549432+00:00 map_index=3 [queued]>
[2025-07-29T12:05:13.576+0000] {taskinstance.py:2076} INFO - Dependencies all met for dep_context=requeueable deps ti=<TaskInstance: parallel_scraping_pipeline.scrape_task manual__2025-07-29T11:47:54.549432+00:00 map_index=3 [queued]>
[2025-07-29T12:05:13.577+0000] {taskinstance.py:2306} INFO - Starting attempt 1 of 1
[2025-07-29T12:05:14.551+0000] {taskinstance.py:2330} INFO - Executing <Mapped(_PythonDecoratedOperator): scrape_task> on 2025-07-29 11:47:54.549432+00:00
[2025-07-29T12:05:14.567+0000] {standard_task_runner.py:90} INFO - Running: ['airflow', 'tasks', 'run', 'parallel_scraping_pipeline', 'scrape_task', 'manual__2025-07-29T11:47:54.549432+00:00', '--job-id', '128', '--raw', '--subdir', 'DAGS_FOLDER/parallel_pipeline_dag.py', '--cfg-path', '/tmp/tmpg76t6gnn', '--map-index', '3']
[2025-07-29T12:05:14.568+0000] {logging_mixin.py:188} WARNING - /home/airflow/.local/lib/python3.12/site-packages/airflow/task/task_runner/standard_task_runner.py:62 DeprecationWarning: This process (pid=192) is multi-threaded, use of fork() may lead to deadlocks in the child.
[2025-07-29T12:05:14.570+0000] {standard_task_runner.py:91} INFO - Job 128: Subtask scrape_task
[2025-07-29T12:05:14.571+0000] {standard_task_runner.py:64} INFO - Started process 203 to run task
[2025-07-29T12:05:15.354+0000] {logging_mixin.py:188} WARNING - /home/airflow/.local/lib/python3.12/site-packages/airflow/settings.py:195 DeprecationWarning: The sql_alchemy_conn option in [core] has been moved to the sql_alchemy_conn option in [database] - the old setting has been used, but please update your config.
[2025-07-29T12:05:17.341+0000] {task_command.py:426} INFO - Running <TaskInstance: parallel_scraping_pipeline.scrape_task manual__2025-07-29T11:47:54.549432+00:00 map_index=3 [running]> on host da8a53e6d45e
[2025-07-29T12:05:22.593+0000] {taskinstance.py:2648} INFO - Exporting env vars: AIRFLOW_CTX_DAG_OWNER='airflow' AIRFLOW_CTX_DAG_ID='parallel_scraping_pipeline' AIRFLOW_CTX_TASK_ID='scrape_task' AIRFLOW_CTX_EXECUTION_DATE='2025-07-29T11:47:54.549432+00:00' AIRFLOW_CTX_TRY_NUMBER='1' AIRFLOW_CTX_DAG_RUN_ID='manual__2025-07-29T11:47:54.549432+00:00'
[2025-07-29T12:05:22.597+0000] {taskinstance.py:430} INFO - ::endgroup::
[2025-07-29T12:05:22.599+0000] {logging_mixin.py:188} INFO - Initializing Stealth WebDriver...
[2025-07-29T12:05:37.268+0000] {logging_mixin.py:188} INFO - Extracted - Phone: MOTOROLA G96 5G (Pantone Ashleigh Blue, 256 GB)  (8 GB RAM), Price: ₹19,999
[2025-07-29T12:05:42.615+0000] {logging_mixin.py:188} INFO - Scraping Page 1 for MOTOROLA G96 5G (Pantone Ashleigh Blue, 256 GB)  (8 GB RAM)...
[2025-07-29T12:05:46.121+0000] {logging_mixin.py:188} INFO - Scraping Page 2 for MOTOROLA G96 5G (Pantone Ashleigh Blue, 256 GB)  (8 GB RAM)...
[2025-07-29T12:05:49.002+0000] {logging_mixin.py:188} INFO - Scraping Page 3 for MOTOROLA G96 5G (Pantone Ashleigh Blue, 256 GB)  (8 GB RAM)...
[2025-07-29T12:05:52.630+0000] {logging_mixin.py:188} INFO - Scraping Page 4 for MOTOROLA G96 5G (Pantone Ashleigh Blue, 256 GB)  (8 GB RAM)...
[2025-07-29T12:05:56.140+0000] {logging_mixin.py:188} INFO - Scraping Page 5 for MOTOROLA G96 5G (Pantone Ashleigh Blue, 256 GB)  (8 GB RAM)...
[2025-07-29T12:06:00.021+0000] {logging_mixin.py:188} INFO - Scraping Page 6 for MOTOROLA G96 5G (Pantone Ashleigh Blue, 256 GB)  (8 GB RAM)...
[2025-07-29T12:06:03.696+0000] {logging_mixin.py:188} INFO - Scraping Page 7 for MOTOROLA G96 5G (Pantone Ashleigh Blue, 256 GB)  (8 GB RAM)...
[2025-07-29T12:06:07.303+0000] {logging_mixin.py:188} INFO - Scraping Page 8 for MOTOROLA G96 5G (Pantone Ashleigh Blue, 256 GB)  (8 GB RAM)...
[2025-07-29T12:06:10.254+0000] {logging_mixin.py:188} INFO - Scraping Page 9 for MOTOROLA G96 5G (Pantone Ashleigh Blue, 256 GB)  (8 GB RAM)...
[2025-07-29T12:06:13.120+0000] {logging_mixin.py:188} INFO - Scraping Page 10 for MOTOROLA G96 5G (Pantone Ashleigh Blue, 256 GB)  (8 GB RAM)...
[2025-07-29T12:06:16.047+0000] {logging_mixin.py:188} INFO - Scraping Page 11 for MOTOROLA G96 5G (Pantone Ashleigh Blue, 256 GB)  (8 GB RAM)...
[2025-07-29T12:06:18.993+0000] {logging_mixin.py:188} INFO - Scraping Page 12 for MOTOROLA G96 5G (Pantone Ashleigh Blue, 256 GB)  (8 GB RAM)...
[2025-07-29T12:06:22.046+0000] {logging_mixin.py:188} INFO - Scraping Page 13 for MOTOROLA G96 5G (Pantone Ashleigh Blue, 256 GB)  (8 GB RAM)...
[2025-07-29T12:06:24.909+0000] {logging_mixin.py:188} INFO - Scraping Page 14 for MOTOROLA G96 5G (Pantone Ashleigh Blue, 256 GB)  (8 GB RAM)...
[2025-07-29T12:06:27.803+0000] {logging_mixin.py:188} INFO - Scraping Page 15 for MOTOROLA G96 5G (Pantone Ashleigh Blue, 256 GB)  (8 GB RAM)...
[2025-07-29T12:06:31.547+0000] {logging_mixin.py:188} INFO - Scraping Page 16 for MOTOROLA G96 5G (Pantone Ashleigh Blue, 256 GB)  (8 GB RAM)...
[2025-07-29T12:06:36.178+0000] {logging_mixin.py:188} INFO - Scraping Page 17 for MOTOROLA G96 5G (Pantone Ashleigh Blue, 256 GB)  (8 GB RAM)...
[2025-07-29T12:06:39.071+0000] {logging_mixin.py:188} INFO - Scraping Page 18 for MOTOROLA G96 5G (Pantone Ashleigh Blue, 256 GB)  (8 GB RAM)...
[2025-07-29T12:06:42.016+0000] {logging_mixin.py:188} INFO - Scraping Page 19 for MOTOROLA G96 5G (Pantone Ashleigh Blue, 256 GB)  (8 GB RAM)...
[2025-07-29T12:06:44.873+0000] {logging_mixin.py:188} INFO - Scraping Page 20 for MOTOROLA G96 5G (Pantone Ashleigh Blue, 256 GB)  (8 GB RAM)...
[2025-07-29T12:06:47.747+0000] {logging_mixin.py:188} INFO - Scraping Page 21 for MOTOROLA G96 5G (Pantone Ashleigh Blue, 256 GB)  (8 GB RAM)...
[2025-07-29T12:06:50.614+0000] {logging_mixin.py:188} INFO - Scraping Page 22 for MOTOROLA G96 5G (Pantone Ashleigh Blue, 256 GB)  (8 GB RAM)...
[2025-07-29T12:07:06.013+0000] {logging_mixin.py:188} INFO - Retry 1 waiting for reviews or next button...
[2025-07-29T12:07:26.039+0000] {logging_mixin.py:188} INFO - Retry 2 waiting for reviews or next button...
[2025-07-29T12:07:31.036+0000] {logging_mixin.py:188} INFO - Timeout waiting for reviews or next button. Ending scrape.
[2025-07-29T12:07:31.065+0000] {logging_mixin.py:188} INFO - Saved 210 reviews to /opt/airflow/data/raw/MOTOROLA_G96_5G_(Pantone_Ashleigh_Blue,_256_GB)__(8_GB_RAM)_reviews.csv
[2025-07-29T12:07:31.207+0000] {python.py:237} INFO - Done. Returned value was: /opt/airflow/data/raw/MOTOROLA_G96_5G_(Pantone_Ashleigh_Blue,_256_GB)__(8_GB_RAM)_reviews.csv
[2025-07-29T12:07:31.208+0000] {taskinstance.py:441} INFO - ::group::Post task execution logs
[2025-07-29T12:07:33.104+0000] {taskinstance.py:1206} INFO - Marking task as SUCCESS. dag_id=parallel_scraping_pipeline, task_id=scrape_task, run_id=manual__2025-07-29T11:47:54.549432+00:00, map_index=3, execution_date=20250729T114754, start_date=20250729T120513, end_date=20250729T120733
[2025-07-29T12:07:33.702+0000] {local_task_job_runner.py:243} INFO - Task exited with return code 0
[2025-07-29T12:07:35.361+0000] {taskinstance.py:3503} INFO - 0 downstream tasks scheduled from follow-on schedule check
[2025-07-29T12:07:35.434+0000] {local_task_job_runner.py:222} INFO - ::endgroup::
