[2025-07-25T11:15:10.968+0000] {local_task_job_runner.py:120} INFO - ::group::Pre task execution logs
[2025-07-25T11:15:11.197+0000] {taskinstance.py:2076} INFO - Dependencies all met for dep_context=non-requeueable deps ti=<TaskInstance: flipkart_sentiment_pipeline_v3.clean_task manual__2025-07-25T11:14:25.199029+00:00 [queued]>
[2025-07-25T11:15:11.336+0000] {taskinstance.py:2076} INFO - Dependencies all met for dep_context=requeueable deps ti=<TaskInstance: flipkart_sentiment_pipeline_v3.clean_task manual__2025-07-25T11:14:25.199029+00:00 [queued]>
[2025-07-25T11:15:11.344+0000] {taskinstance.py:2306} INFO - Starting attempt 1 of 1
[2025-07-25T11:15:11.575+0000] {taskinstance.py:2330} INFO - Executing <Task(_PythonDecoratedOperator): clean_task> on 2025-07-25 11:14:25.199029+00:00
[2025-07-25T11:15:11.663+0000] {warnings.py:112} WARNING - /home/***/.local/lib/python3.12/site-packages/***/task/task_runner/standard_task_runner.py:62: DeprecationWarning: This process (pid=1951) is multi-threaded, use of fork() may lead to deadlocks in the child.
  pid = os.fork()

[2025-07-25T11:15:11.672+0000] {standard_task_runner.py:90} INFO - Running: ['***', 'tasks', 'run', 'flipkart_sentiment_pipeline_v3', 'clean_task', 'manual__2025-07-25T11:14:25.199029+00:00', '--job-id', '8', '--raw', '--subdir', 'DAGS_FOLDER/sentiment_pipeline_dag.py', '--cfg-path', '/tmp/tmpq2g0jvnx']
[2025-07-25T11:15:11.683+0000] {standard_task_runner.py:64} INFO - Started process 1954 to run task
[2025-07-25T11:15:11.687+0000] {standard_task_runner.py:91} INFO - Job 8: Subtask clean_task
[2025-07-25T11:15:11.805+0000] {warnings.py:112} WARNING - /home/***/.local/lib/python3.12/site-packages/***/settings.py:195: DeprecationWarning: The sql_alchemy_conn option in [core] has been moved to the sql_alchemy_conn option in [database] - the old setting has been used, but please update your config.
  SQL_ALCHEMY_CONN = conf.get("database", "SQL_ALCHEMY_CONN")

[2025-07-25T11:15:12.176+0000] {task_command.py:426} INFO - Running <TaskInstance: flipkart_sentiment_pipeline_v3.clean_task manual__2025-07-25T11:14:25.199029+00:00 [running]> on host fb07c225d43f
[2025-07-25T11:15:12.953+0000] {taskinstance.py:2648} INFO - Exporting env vars: AIRFLOW_CTX_DAG_OWNER='***' AIRFLOW_CTX_DAG_ID='flipkart_sentiment_pipeline_v3' AIRFLOW_CTX_TASK_ID='clean_task' AIRFLOW_CTX_EXECUTION_DATE='2025-07-25T11:14:25.199029+00:00' AIRFLOW_CTX_TRY_NUMBER='1' AIRFLOW_CTX_DAG_RUN_ID='manual__2025-07-25T11:14:25.199029+00:00'
[2025-07-25T11:15:12.965+0000] {taskinstance.py:430} INFO - ::endgroup::
[2025-07-25T11:15:12.973+0000] {logging_mixin.py:188} INFO - Scraping failed, skipping cleaning.
[2025-07-25T11:15:12.976+0000] {python.py:237} INFO - Done. Returned value was: None
[2025-07-25T11:15:12.979+0000] {taskinstance.py:441} INFO - ::group::Post task execution logs
[2025-07-25T11:15:13.023+0000] {taskinstance.py:1206} INFO - Marking task as SUCCESS. dag_id=flipkart_sentiment_pipeline_v3, task_id=clean_task, run_id=manual__2025-07-25T11:14:25.199029+00:00, execution_date=20250725T111425, start_date=20250725T111511, end_date=20250725T111513
[2025-07-25T11:15:13.188+0000] {local_task_job_runner.py:243} INFO - Task exited with return code 0
[2025-07-25T11:15:13.297+0000] {taskinstance.py:3503} INFO - 1 downstream tasks scheduled from follow-on schedule check
[2025-07-25T11:15:13.304+0000] {local_task_job_runner.py:222} INFO - ::endgroup::
