[2025-07-27T10:13:51.602+0000] {local_task_job_runner.py:120} INFO - ::group::Pre task execution logs
[2025-07-27T10:13:52.266+0000] {taskinstance.py:2076} INFO - Dependencies all met for dep_context=non-requeueable deps ti=<TaskInstance: latest_only.latest_only scheduled__2025-07-27T04:00:00+00:00 [queued]>
[2025-07-27T10:13:52.385+0000] {taskinstance.py:2076} INFO - Dependencies all met for dep_context=requeueable deps ti=<TaskInstance: latest_only.latest_only scheduled__2025-07-27T04:00:00+00:00 [queued]>
[2025-07-27T10:13:52.387+0000] {taskinstance.py:2306} INFO - Starting attempt 1 of 1
[2025-07-27T10:13:52.519+0000] {taskinstance.py:2330} INFO - Executing <Task(LatestOnlyOperator): latest_only> on 2025-07-27 04:00:00+00:00
[2025-07-27T10:13:52.730+0000] {logging_mixin.py:188} WARNING - /home/***/.local/lib/python3.12/site-packages/***/task/task_runner/standard_task_runner.py:62 DeprecationWarning: This process (pid=597) is multi-threaded, use of fork() may lead to deadlocks in the child.
[2025-07-27T10:13:52.738+0000] {standard_task_runner.py:64} INFO - Started process 719 to run task
[2025-07-27T10:13:52.723+0000] {standard_task_runner.py:90} INFO - Running: ['***', 'tasks', 'run', 'latest_only', 'latest_only', 'scheduled__2025-07-27T04:00:00+00:00', '--job-id', '53', '--raw', '--subdir', '/home/***/.local/lib/python3.12/site-packages/***/example_dags/example_latest_only.py', '--cfg-path', '/tmp/tmpr_a2_lcw']
[2025-07-27T10:13:52.776+0000] {standard_task_runner.py:91} INFO - Job 53: Subtask latest_only
[2025-07-27T10:13:52.975+0000] {logging_mixin.py:188} WARNING - /home/***/.local/lib/python3.12/site-packages/***/settings.py:195 DeprecationWarning: The sql_alchemy_conn option in [core] has been moved to the sql_alchemy_conn option in [database] - the old setting has been used, but please update your config.
[2025-07-27T10:13:53.349+0000] {task_command.py:426} INFO - Running <TaskInstance: latest_only.latest_only scheduled__2025-07-27T04:00:00+00:00 [running]> on host 4112a2618ff3
[2025-07-27T10:13:54.050+0000] {taskinstance.py:2648} INFO - Exporting env vars: AIRFLOW_CTX_DAG_OWNER='***' AIRFLOW_CTX_DAG_ID='latest_only' AIRFLOW_CTX_TASK_ID='latest_only' AIRFLOW_CTX_EXECUTION_DATE='2025-07-27T04:00:00+00:00' AIRFLOW_CTX_TRY_NUMBER='1' AIRFLOW_CTX_DAG_RUN_ID='scheduled__2025-07-27T04:00:00+00:00'
[2025-07-27T10:13:54.090+0000] {taskinstance.py:430} INFO - ::endgroup::
[2025-07-27T10:13:54.118+0000] {latest_only.py:63} INFO - Checking latest only with left_window: 2025-07-27 08:00:00+00:00 right_window: 2025-07-27 12:00:00+00:00 now: 2025-07-27 10:13:54.118808+00:00
[2025-07-27T10:13:54.136+0000] {latest_only.py:76} INFO - Latest, allowing execution to proceed.
[2025-07-27T10:13:54.137+0000] {branch.py:36} INFO - Branch into ['task1']
[2025-07-27T10:13:54.148+0000] {skipmixin.py:178} INFO - Following branch ['task1']
[2025-07-27T10:13:54.233+0000] {skipmixin.py:246} INFO - Skipping tasks []
[2025-07-27T10:13:54.493+0000] {taskinstance.py:441} INFO - ::group::Post task execution logs
[2025-07-27T10:13:54.643+0000] {taskinstance.py:1206} INFO - Marking task as SUCCESS. dag_id=latest_only, task_id=latest_only, run_id=scheduled__2025-07-27T04:00:00+00:00, execution_date=20250727T040000, start_date=20250727T101352, end_date=20250727T101354
[2025-07-27T10:13:54.927+0000] {local_task_job_runner.py:243} INFO - Task exited with return code 0
[2025-07-27T10:13:55.330+0000] {taskinstance.py:3503} INFO - 0 downstream tasks scheduled from follow-on schedule check
[2025-07-27T10:13:55.357+0000] {local_task_job_runner.py:222} INFO - ::endgroup::
