[2025-07-29T08:43:35.443+0000] {local_task_job_runner.py:120} INFO - ::group::Pre task execution logs
[2025-07-29T08:43:36.354+0000] {taskinstance.py:2076} INFO - Dependencies all met for dep_context=non-requeueable deps ti=<TaskInstance: parallel_scraping_pipeline.scrape_task manual__2025-07-29T08:42:39.808367+00:00 map_index=1 [queued]>
[2025-07-29T08:43:36.845+0000] {taskinstance.py:2076} INFO - Dependencies all met for dep_context=requeueable deps ti=<TaskInstance: parallel_scraping_pipeline.scrape_task manual__2025-07-29T08:42:39.808367+00:00 map_index=1 [queued]>
[2025-07-29T08:43:36.849+0000] {taskinstance.py:2306} INFO - Starting attempt 1 of 1
[2025-07-29T08:43:37.404+0000] {taskinstance.py:2330} INFO - Executing <Mapped(_PythonDecoratedOperator): scrape_task> on 2025-07-29 08:42:39.808367+00:00
[2025-07-29T08:43:37.421+0000] {logging_mixin.py:188} WARNING - /home/airflow/.local/lib/python3.12/site-packages/airflow/task/task_runner/standard_task_runner.py:62 DeprecationWarning: This process (pid=481) is multi-threaded, use of fork() may lead to deadlocks in the child.
[2025-07-29T08:43:37.422+0000] {standard_task_runner.py:90} INFO - Running: ['airflow', 'tasks', 'run', 'parallel_scraping_pipeline', 'scrape_task', 'manual__2025-07-29T08:42:39.808367+00:00', '--job-id', '74', '--raw', '--subdir', 'DAGS_FOLDER/parallel_pipeline_dag.py', '--cfg-path', '/tmp/tmpdiorqnlq', '--map-index', '1']
[2025-07-29T08:43:37.425+0000] {standard_task_runner.py:64} INFO - Started process 492 to run task
[2025-07-29T08:43:37.425+0000] {standard_task_runner.py:91} INFO - Job 74: Subtask scrape_task
[2025-07-29T08:43:38.370+0000] {logging_mixin.py:188} WARNING - /home/airflow/.local/lib/python3.12/site-packages/airflow/settings.py:195 DeprecationWarning: The sql_alchemy_conn option in [core] has been moved to the sql_alchemy_conn option in [database] - the old setting has been used, but please update your config.
[2025-07-29T08:43:40.235+0000] {task_command.py:426} INFO - Running <TaskInstance: parallel_scraping_pipeline.scrape_task manual__2025-07-29T08:42:39.808367+00:00 map_index=1 [running]> on host e287f56751a6
[2025-07-29T08:43:44.773+0000] {taskinstance.py:2648} INFO - Exporting env vars: AIRFLOW_CTX_DAG_OWNER='airflow' AIRFLOW_CTX_DAG_ID='parallel_scraping_pipeline' AIRFLOW_CTX_TASK_ID='scrape_task' AIRFLOW_CTX_EXECUTION_DATE='2025-07-29T08:42:39.808367+00:00' AIRFLOW_CTX_TRY_NUMBER='1' AIRFLOW_CTX_DAG_RUN_ID='manual__2025-07-29T08:42:39.808367+00:00'
[2025-07-29T08:43:44.781+0000] {taskinstance.py:430} INFO - ::endgroup::
[2025-07-29T08:43:44.783+0000] {logging_mixin.py:188} INFO - Initializing Stealth WebDriver...
[2025-07-29T08:43:57.622+0000] {logging_mixin.py:188} INFO - Extracted - Phone: Samsung Galaxy S24 FE 5G (Blue, 128 GB)  (8 GB RAM), Price: ₹35,999
[2025-07-29T08:44:07.958+0000] {logging_mixin.py:188} INFO - Could not find 'All reviews' link. Assuming we are already on the reviews page.
[2025-07-29T08:44:07.963+0000] {logging_mixin.py:188} INFO - Scraping Page 1 for Samsung Galaxy S24 FE 5G (Blue, 128 GB)  (8 GB RAM)...
[2025-07-29T08:44:18.303+0000] {logging_mixin.py:188} INFO - No review containers found on the first page. Exiting.
[2025-07-29T08:44:19.459+0000] {python.py:237} INFO - Done. Returned value was: None
[2025-07-29T08:44:19.460+0000] {taskinstance.py:441} INFO - ::group::Post task execution logs
[2025-07-29T08:44:20.219+0000] {taskinstance.py:1206} INFO - Marking task as SUCCESS. dag_id=parallel_scraping_pipeline, task_id=scrape_task, run_id=manual__2025-07-29T08:42:39.808367+00:00, map_index=1, execution_date=20250729T084239, start_date=20250729T084336, end_date=20250729T084420
[2025-07-29T08:44:20.624+0000] {local_task_job_runner.py:243} INFO - Task exited with return code 0
[2025-07-29T08:44:21.424+0000] {local_task_job_runner.py:222} INFO - ::endgroup::
