[2025-07-28T21:03:33.958+0000] {local_task_job_runner.py:120} INFO - ::group::Pre task execution logs
[2025-07-28T21:03:34.661+0000] {taskinstance.py:2076} INFO - Dependencies all met for dep_context=non-requeueable deps ti=<TaskInstance: parallel_scraping_pipeline.scrape_task manual__2025-07-28T21:03:09.717459+00:00 map_index=1 [queued]>
[2025-07-28T21:03:34.943+0000] {taskinstance.py:2076} INFO - Dependencies all met for dep_context=requeueable deps ti=<TaskInstance: parallel_scraping_pipeline.scrape_task manual__2025-07-28T21:03:09.717459+00:00 map_index=1 [queued]>
[2025-07-28T21:03:34.945+0000] {taskinstance.py:2306} INFO - Starting attempt 1 of 1
[2025-07-28T21:03:35.248+0000] {taskinstance.py:2330} INFO - Executing <Mapped(_PythonDecoratedOperator): scrape_task> on 2025-07-28 21:03:09.717459+00:00
[2025-07-28T21:03:35.268+0000] {logging_mixin.py:188} WARNING - /home/airflow/.local/lib/python3.12/site-packages/airflow/task/task_runner/standard_task_runner.py:62 DeprecationWarning: This process (pid=970) is multi-threaded, use of fork() may lead to deadlocks in the child.
[2025-07-28T21:03:35.267+0000] {standard_task_runner.py:90} INFO - Running: ['airflow', 'tasks', 'run', 'parallel_scraping_pipeline', 'scrape_task', 'manual__2025-07-28T21:03:09.717459+00:00', '--job-id', '28', '--raw', '--subdir', 'DAGS_FOLDER/parallel_pipeline_dag.py', '--cfg-path', '/tmp/tmpcgils3x6', '--map-index', '1']
[2025-07-28T21:03:35.270+0000] {standard_task_runner.py:91} INFO - Job 28: Subtask scrape_task
[2025-07-28T21:03:35.270+0000] {standard_task_runner.py:64} INFO - Started process 981 to run task
[2025-07-28T21:03:35.866+0000] {logging_mixin.py:188} WARNING - /home/airflow/.local/lib/python3.12/site-packages/airflow/settings.py:195 DeprecationWarning: The sql_alchemy_conn option in [core] has been moved to the sql_alchemy_conn option in [database] - the old setting has been used, but please update your config.
[2025-07-28T21:03:37.175+0000] {task_command.py:426} INFO - Running <TaskInstance: parallel_scraping_pipeline.scrape_task manual__2025-07-28T21:03:09.717459+00:00 map_index=1 [running]> on host 8cf7cfd9e861
[2025-07-28T21:03:40.376+0000] {taskinstance.py:2648} INFO - Exporting env vars: AIRFLOW_CTX_DAG_OWNER='airflow' AIRFLOW_CTX_DAG_ID='parallel_scraping_pipeline' AIRFLOW_CTX_TASK_ID='scrape_task' AIRFLOW_CTX_EXECUTION_DATE='2025-07-28T21:03:09.717459+00:00' AIRFLOW_CTX_TRY_NUMBER='1' AIRFLOW_CTX_DAG_RUN_ID='manual__2025-07-28T21:03:09.717459+00:00'
[2025-07-28T21:03:40.382+0000] {taskinstance.py:430} INFO - ::endgroup::
[2025-07-28T21:03:40.384+0000] {logging_mixin.py:188} INFO - Initializing WebDriver...
[2025-07-28T21:03:53.851+0000] {logging_mixin.py:188} INFO - Extracted - Phone: Samsung Galaxy S24 FE 5G (Blue, 128 GB)  (8 GB RAM), Price: ₹35,999
[2025-07-28T21:03:57.319+0000] {logging_mixin.py:188} INFO - Scraping Page 1 for Samsung Galaxy S24 FE 5G (Blue, 128 GB)  (8 GB RAM)...
[2025-07-28T21:04:00.022+0000] {logging_mixin.py:188} INFO - Scraping Page 2 for Samsung Galaxy S24 FE 5G (Blue, 128 GB)  (8 GB RAM)...
[2025-07-28T21:04:02.525+0000] {logging_mixin.py:188} INFO - Scraping Page 3 for Samsung Galaxy S24 FE 5G (Blue, 128 GB)  (8 GB RAM)...
[2025-07-28T21:04:05.112+0000] {logging_mixin.py:188} INFO - Scraping Page 4 for Samsung Galaxy S24 FE 5G (Blue, 128 GB)  (8 GB RAM)...
[2025-07-28T21:04:07.656+0000] {logging_mixin.py:188} INFO - Scraping Page 5 for Samsung Galaxy S24 FE 5G (Blue, 128 GB)  (8 GB RAM)...
[2025-07-28T21:04:10.202+0000] {logging_mixin.py:188} INFO - Scraping Page 6 for Samsung Galaxy S24 FE 5G (Blue, 128 GB)  (8 GB RAM)...
[2025-07-28T21:04:12.726+0000] {logging_mixin.py:188} INFO - Scraping Page 7 for Samsung Galaxy S24 FE 5G (Blue, 128 GB)  (8 GB RAM)...
[2025-07-28T21:04:15.229+0000] {logging_mixin.py:188} INFO - Scraping Page 8 for Samsung Galaxy S24 FE 5G (Blue, 128 GB)  (8 GB RAM)...
[2025-07-28T21:04:17.730+0000] {logging_mixin.py:188} INFO - Scraping Page 9 for Samsung Galaxy S24 FE 5G (Blue, 128 GB)  (8 GB RAM)...
[2025-07-28T21:04:20.334+0000] {logging_mixin.py:188} INFO - Scraping Page 10 for Samsung Galaxy S24 FE 5G (Blue, 128 GB)  (8 GB RAM)...
[2025-07-28T21:04:22.932+0000] {logging_mixin.py:188} INFO - Scraping Page 11 for Samsung Galaxy S24 FE 5G (Blue, 128 GB)  (8 GB RAM)...
[2025-07-28T21:04:25.697+0000] {logging_mixin.py:188} INFO - Scraping Page 12 for Samsung Galaxy S24 FE 5G (Blue, 128 GB)  (8 GB RAM)...
[2025-07-28T21:04:28.245+0000] {logging_mixin.py:188} INFO - Scraping Page 13 for Samsung Galaxy S24 FE 5G (Blue, 128 GB)  (8 GB RAM)...
[2025-07-28T21:04:30.698+0000] {logging_mixin.py:188} INFO - Scraping Page 14 for Samsung Galaxy S24 FE 5G (Blue, 128 GB)  (8 GB RAM)...
[2025-07-28T21:04:33.166+0000] {logging_mixin.py:188} INFO - Scraping Page 15 for Samsung Galaxy S24 FE 5G (Blue, 128 GB)  (8 GB RAM)...
[2025-07-28T21:04:36.154+0000] {logging_mixin.py:188} INFO - Scraping Page 16 for Samsung Galaxy S24 FE 5G (Blue, 128 GB)  (8 GB RAM)...
[2025-07-28T21:04:38.774+0000] {logging_mixin.py:188} INFO - Scraping Page 17 for Samsung Galaxy S24 FE 5G (Blue, 128 GB)  (8 GB RAM)...
[2025-07-28T21:04:41.639+0000] {logging_mixin.py:188} INFO - Scraping Page 18 for Samsung Galaxy S24 FE 5G (Blue, 128 GB)  (8 GB RAM)...
[2025-07-28T21:04:44.469+0000] {logging_mixin.py:188} INFO - Scraping Page 19 for Samsung Galaxy S24 FE 5G (Blue, 128 GB)  (8 GB RAM)...
[2025-07-28T21:04:47.066+0000] {logging_mixin.py:188} INFO - Scraping Page 20 for Samsung Galaxy S24 FE 5G (Blue, 128 GB)  (8 GB RAM)...
[2025-07-28T21:04:49.585+0000] {logging_mixin.py:188} INFO - Scraping Page 21 for Samsung Galaxy S24 FE 5G (Blue, 128 GB)  (8 GB RAM)...
[2025-07-28T21:04:52.168+0000] {logging_mixin.py:188} INFO - Scraping Page 22 for Samsung Galaxy S24 FE 5G (Blue, 128 GB)  (8 GB RAM)...
[2025-07-28T21:04:55.278+0000] {logging_mixin.py:188} INFO - Scraping Page 23 for Samsung Galaxy S24 FE 5G (Blue, 128 GB)  (8 GB RAM)...
[2025-07-28T21:04:58.228+0000] {logging_mixin.py:188} INFO - Scraping Page 24 for Samsung Galaxy S24 FE 5G (Blue, 128 GB)  (8 GB RAM)...
[2025-07-28T21:05:01.313+0000] {logging_mixin.py:188} INFO - Scraping Page 25 for Samsung Galaxy S24 FE 5G (Blue, 128 GB)  (8 GB RAM)...
[2025-07-28T21:05:04.002+0000] {logging_mixin.py:188} INFO - Scraping Page 26 for Samsung Galaxy S24 FE 5G (Blue, 128 GB)  (8 GB RAM)...
[2025-07-28T21:05:06.617+0000] {logging_mixin.py:188} INFO - Scraping Page 27 for Samsung Galaxy S24 FE 5G (Blue, 128 GB)  (8 GB RAM)...
[2025-07-28T21:05:09.133+0000] {logging_mixin.py:188} INFO - Scraping Page 28 for Samsung Galaxy S24 FE 5G (Blue, 128 GB)  (8 GB RAM)...
[2025-07-28T21:05:11.999+0000] {logging_mixin.py:188} INFO - Scraping Page 29 for Samsung Galaxy S24 FE 5G (Blue, 128 GB)  (8 GB RAM)...
[2025-07-28T21:05:14.564+0000] {logging_mixin.py:188} INFO - Scraping Page 30 for Samsung Galaxy S24 FE 5G (Blue, 128 GB)  (8 GB RAM)...
[2025-07-28T21:05:17.365+0000] {logging_mixin.py:188} INFO - Scraping Page 31 for Samsung Galaxy S24 FE 5G (Blue, 128 GB)  (8 GB RAM)...
[2025-07-28T21:05:19.830+0000] {logging_mixin.py:188} INFO - Scraping Page 32 for Samsung Galaxy S24 FE 5G (Blue, 128 GB)  (8 GB RAM)...
[2025-07-28T21:05:22.373+0000] {logging_mixin.py:188} INFO - Scraping Page 33 for Samsung Galaxy S24 FE 5G (Blue, 128 GB)  (8 GB RAM)...
[2025-07-28T21:05:25.039+0000] {logging_mixin.py:188} INFO - Scraping Page 34 for Samsung Galaxy S24 FE 5G (Blue, 128 GB)  (8 GB RAM)...
[2025-07-28T21:05:27.618+0000] {logging_mixin.py:188} INFO - Scraping Page 35 for Samsung Galaxy S24 FE 5G (Blue, 128 GB)  (8 GB RAM)...
[2025-07-28T21:05:30.192+0000] {logging_mixin.py:188} INFO - Scraping Page 36 for Samsung Galaxy S24 FE 5G (Blue, 128 GB)  (8 GB RAM)...
[2025-07-28T21:05:33.505+0000] {logging_mixin.py:188} INFO - Scraping Page 37 for Samsung Galaxy S24 FE 5G (Blue, 128 GB)  (8 GB RAM)...
[2025-07-28T21:05:36.201+0000] {logging_mixin.py:188} INFO - Scraping Page 38 for Samsung Galaxy S24 FE 5G (Blue, 128 GB)  (8 GB RAM)...
[2025-07-28T21:05:38.765+0000] {logging_mixin.py:188} INFO - Scraping Page 39 for Samsung Galaxy S24 FE 5G (Blue, 128 GB)  (8 GB RAM)...
[2025-07-28T21:05:41.321+0000] {logging_mixin.py:188} INFO - Scraping Page 40 for Samsung Galaxy S24 FE 5G (Blue, 128 GB)  (8 GB RAM)...
[2025-07-28T21:05:43.823+0000] {logging_mixin.py:188} INFO - Scraping Page 41 for Samsung Galaxy S24 FE 5G (Blue, 128 GB)  (8 GB RAM)...
[2025-07-28T21:05:46.415+0000] {logging_mixin.py:188} INFO - Scraping Page 42 for Samsung Galaxy S24 FE 5G (Blue, 128 GB)  (8 GB RAM)...
[2025-07-28T21:05:49.569+0000] {logging_mixin.py:188} INFO - Scraping Page 43 for Samsung Galaxy S24 FE 5G (Blue, 128 GB)  (8 GB RAM)...
[2025-07-28T21:05:52.306+0000] {logging_mixin.py:188} INFO - Scraping Page 44 for Samsung Galaxy S24 FE 5G (Blue, 128 GB)  (8 GB RAM)...
[2025-07-28T21:05:54.982+0000] {logging_mixin.py:188} INFO - Scraping Page 45 for Samsung Galaxy S24 FE 5G (Blue, 128 GB)  (8 GB RAM)...
[2025-07-28T21:05:57.444+0000] {logging_mixin.py:188} INFO - Scraping Page 46 for Samsung Galaxy S24 FE 5G (Blue, 128 GB)  (8 GB RAM)...
[2025-07-28T21:05:59.930+0000] {logging_mixin.py:188} INFO - Scraping Page 47 for Samsung Galaxy S24 FE 5G (Blue, 128 GB)  (8 GB RAM)...
[2025-07-28T21:06:02.532+0000] {logging_mixin.py:188} INFO - Scraping Page 48 for Samsung Galaxy S24 FE 5G (Blue, 128 GB)  (8 GB RAM)...
[2025-07-28T21:06:05.164+0000] {logging_mixin.py:188} INFO - Scraping Page 49 for Samsung Galaxy S24 FE 5G (Blue, 128 GB)  (8 GB RAM)...
[2025-07-28T21:06:07.832+0000] {logging_mixin.py:188} INFO - Scraping Page 50 for Samsung Galaxy S24 FE 5G (Blue, 128 GB)  (8 GB RAM)...
[2025-07-28T21:06:10.527+0000] {logging_mixin.py:188} INFO - Scraping Page 51 for Samsung Galaxy S24 FE 5G (Blue, 128 GB)  (8 GB RAM)...
[2025-07-28T21:06:13.126+0000] {logging_mixin.py:188} INFO - Scraping Page 52 for Samsung Galaxy S24 FE 5G (Blue, 128 GB)  (8 GB RAM)...
[2025-07-28T21:06:15.556+0000] {logging_mixin.py:188} INFO - Scraping Page 53 for Samsung Galaxy S24 FE 5G (Blue, 128 GB)  (8 GB RAM)...
[2025-07-28T21:06:18.110+0000] {logging_mixin.py:188} INFO - Scraping Page 54 for Samsung Galaxy S24 FE 5G (Blue, 128 GB)  (8 GB RAM)...
[2025-07-28T21:06:20.701+0000] {logging_mixin.py:188} INFO - Scraping Page 55 for Samsung Galaxy S24 FE 5G (Blue, 128 GB)  (8 GB RAM)...
[2025-07-28T21:06:23.478+0000] {logging_mixin.py:188} INFO - Scraping Page 56 for Samsung Galaxy S24 FE 5G (Blue, 128 GB)  (8 GB RAM)...
[2025-07-28T21:06:26.022+0000] {logging_mixin.py:188} INFO - Scraping Page 57 for Samsung Galaxy S24 FE 5G (Blue, 128 GB)  (8 GB RAM)...
[2025-07-28T21:06:28.566+0000] {logging_mixin.py:188} INFO - Scraping Page 58 for Samsung Galaxy S24 FE 5G (Blue, 128 GB)  (8 GB RAM)...
[2025-07-28T21:06:31.398+0000] {logging_mixin.py:188} INFO - Scraping Page 59 for Samsung Galaxy S24 FE 5G (Blue, 128 GB)  (8 GB RAM)...
[2025-07-28T21:06:33.904+0000] {logging_mixin.py:188} INFO - Scraping Page 60 for Samsung Galaxy S24 FE 5G (Blue, 128 GB)  (8 GB RAM)...
[2025-07-28T21:06:36.428+0000] {logging_mixin.py:188} INFO - Scraping Page 61 for Samsung Galaxy S24 FE 5G (Blue, 128 GB)  (8 GB RAM)...
[2025-07-28T21:06:38.953+0000] {logging_mixin.py:188} INFO - Scraping Page 62 for Samsung Galaxy S24 FE 5G (Blue, 128 GB)  (8 GB RAM)...
[2025-07-28T21:06:41.558+0000] {logging_mixin.py:188} INFO - Scraping Page 63 for Samsung Galaxy S24 FE 5G (Blue, 128 GB)  (8 GB RAM)...
[2025-07-28T21:06:44.238+0000] {logging_mixin.py:188} INFO - Scraping Page 64 for Samsung Galaxy S24 FE 5G (Blue, 128 GB)  (8 GB RAM)...
[2025-07-28T21:06:46.751+0000] {logging_mixin.py:188} INFO - Scraping Page 65 for Samsung Galaxy S24 FE 5G (Blue, 128 GB)  (8 GB RAM)...
[2025-07-28T21:06:49.348+0000] {logging_mixin.py:188} INFO - Scraping Page 66 for Samsung Galaxy S24 FE 5G (Blue, 128 GB)  (8 GB RAM)...
[2025-07-28T21:06:52.085+0000] {logging_mixin.py:188} INFO - Scraping Page 67 for Samsung Galaxy S24 FE 5G (Blue, 128 GB)  (8 GB RAM)...
[2025-07-28T21:06:54.603+0000] {logging_mixin.py:188} INFO - Scraping Page 68 for Samsung Galaxy S24 FE 5G (Blue, 128 GB)  (8 GB RAM)...
[2025-07-28T21:06:57.141+0000] {logging_mixin.py:188} INFO - Scraping Page 69 for Samsung Galaxy S24 FE 5G (Blue, 128 GB)  (8 GB RAM)...
[2025-07-28T21:06:59.595+0000] {logging_mixin.py:188} INFO - Scraping Page 70 for Samsung Galaxy S24 FE 5G (Blue, 128 GB)  (8 GB RAM)...
[2025-07-28T21:07:02.121+0000] {logging_mixin.py:188} INFO - Scraping Page 71 for Samsung Galaxy S24 FE 5G (Blue, 128 GB)  (8 GB RAM)...
[2025-07-28T21:07:04.628+0000] {logging_mixin.py:188} INFO - Scraping Page 72 for Samsung Galaxy S24 FE 5G (Blue, 128 GB)  (8 GB RAM)...
[2025-07-28T21:07:07.151+0000] {logging_mixin.py:188} INFO - Scraping Page 73 for Samsung Galaxy S24 FE 5G (Blue, 128 GB)  (8 GB RAM)...
[2025-07-28T21:07:09.640+0000] {logging_mixin.py:188} INFO - Scraping Page 74 for Samsung Galaxy S24 FE 5G (Blue, 128 GB)  (8 GB RAM)...
[2025-07-28T21:07:12.226+0000] {logging_mixin.py:188} INFO - Scraping Page 75 for Samsung Galaxy S24 FE 5G (Blue, 128 GB)  (8 GB RAM)...
[2025-07-28T21:07:14.784+0000] {logging_mixin.py:188} INFO - Scraping Page 76 for Samsung Galaxy S24 FE 5G (Blue, 128 GB)  (8 GB RAM)...
[2025-07-28T21:07:17.292+0000] {logging_mixin.py:188} INFO - Scraping Page 77 for Samsung Galaxy S24 FE 5G (Blue, 128 GB)  (8 GB RAM)...
[2025-07-28T21:07:19.805+0000] {logging_mixin.py:188} INFO - Scraping Page 78 for Samsung Galaxy S24 FE 5G (Blue, 128 GB)  (8 GB RAM)...
[2025-07-28T21:07:22.424+0000] {logging_mixin.py:188} INFO - Scraping Page 79 for Samsung Galaxy S24 FE 5G (Blue, 128 GB)  (8 GB RAM)...
[2025-07-28T21:07:25.186+0000] {logging_mixin.py:188} INFO - Scraping Page 80 for Samsung Galaxy S24 FE 5G (Blue, 128 GB)  (8 GB RAM)...
[2025-07-28T21:07:27.772+0000] {logging_mixin.py:188} INFO - Scraping Page 81 for Samsung Galaxy S24 FE 5G (Blue, 128 GB)  (8 GB RAM)...
[2025-07-28T21:07:30.309+0000] {logging_mixin.py:188} INFO - Scraping Page 82 for Samsung Galaxy S24 FE 5G (Blue, 128 GB)  (8 GB RAM)...
[2025-07-28T21:07:32.837+0000] {logging_mixin.py:188} INFO - Scraping Page 83 for Samsung Galaxy S24 FE 5G (Blue, 128 GB)  (8 GB RAM)...
[2025-07-28T21:07:35.381+0000] {logging_mixin.py:188} INFO - Scraping Page 84 for Samsung Galaxy S24 FE 5G (Blue, 128 GB)  (8 GB RAM)...
[2025-07-28T21:07:38.036+0000] {logging_mixin.py:188} INFO - Scraping Page 85 for Samsung Galaxy S24 FE 5G (Blue, 128 GB)  (8 GB RAM)...
[2025-07-28T21:07:40.648+0000] {logging_mixin.py:188} INFO - Scraping Page 86 for Samsung Galaxy S24 FE 5G (Blue, 128 GB)  (8 GB RAM)...
[2025-07-28T21:07:43.314+0000] {logging_mixin.py:188} INFO - Scraping Page 87 for Samsung Galaxy S24 FE 5G (Blue, 128 GB)  (8 GB RAM)...
[2025-07-28T21:07:45.916+0000] {logging_mixin.py:188} INFO - Scraping Page 88 for Samsung Galaxy S24 FE 5G (Blue, 128 GB)  (8 GB RAM)...
[2025-07-28T21:07:48.740+0000] {logging_mixin.py:188} INFO - Scraping Page 89 for Samsung Galaxy S24 FE 5G (Blue, 128 GB)  (8 GB RAM)...
[2025-07-28T21:07:51.282+0000] {logging_mixin.py:188} INFO - Scraping Page 90 for Samsung Galaxy S24 FE 5G (Blue, 128 GB)  (8 GB RAM)...
[2025-07-28T21:07:53.919+0000] {logging_mixin.py:188} INFO - Scraping Page 91 for Samsung Galaxy S24 FE 5G (Blue, 128 GB)  (8 GB RAM)...
[2025-07-28T21:07:56.455+0000] {logging_mixin.py:188} INFO - Scraping Page 92 for Samsung Galaxy S24 FE 5G (Blue, 128 GB)  (8 GB RAM)...
[2025-07-28T21:07:59.001+0000] {logging_mixin.py:188} INFO - Scraping Page 93 for Samsung Galaxy S24 FE 5G (Blue, 128 GB)  (8 GB RAM)...
[2025-07-28T21:08:01.596+0000] {logging_mixin.py:188} INFO - Scraping Page 94 for Samsung Galaxy S24 FE 5G (Blue, 128 GB)  (8 GB RAM)...
[2025-07-28T21:08:04.097+0000] {logging_mixin.py:188} INFO - Scraping Page 95 for Samsung Galaxy S24 FE 5G (Blue, 128 GB)  (8 GB RAM)...
[2025-07-28T21:08:06.576+0000] {logging_mixin.py:188} INFO - Scraping Page 96 for Samsung Galaxy S24 FE 5G (Blue, 128 GB)  (8 GB RAM)...
[2025-07-28T21:08:09.090+0000] {logging_mixin.py:188} INFO - Scraping Page 97 for Samsung Galaxy S24 FE 5G (Blue, 128 GB)  (8 GB RAM)...
[2025-07-28T21:08:12.020+0000] {logging_mixin.py:188} INFO - Scraping Page 98 for Samsung Galaxy S24 FE 5G (Blue, 128 GB)  (8 GB RAM)...
[2025-07-28T21:08:14.674+0000] {logging_mixin.py:188} INFO - Scraping Page 99 for Samsung Galaxy S24 FE 5G (Blue, 128 GB)  (8 GB RAM)...
[2025-07-28T21:08:17.212+0000] {logging_mixin.py:188} INFO - Scraping Page 100 for Samsung Galaxy S24 FE 5G (Blue, 128 GB)  (8 GB RAM)...
[2025-07-28T21:08:19.907+0000] {logging_mixin.py:188} INFO - Scraping Page 101 for Samsung Galaxy S24 FE 5G (Blue, 128 GB)  (8 GB RAM)...
[2025-07-28T21:08:32.393+0000] {logging_mixin.py:188} INFO - Saved 1000 reviews to /opt/airflow/data/raw/Samsung_Galaxy_S24_FE_5G_(Blue,_128_GB)__(8_GB_RAM)_reviews.csv
[2025-07-28T21:08:32.648+0000] {python.py:237} INFO - Done. Returned value was: /opt/airflow/data/raw/Samsung_Galaxy_S24_FE_5G_(Blue,_128_GB)__(8_GB_RAM)_reviews.csv
[2025-07-28T21:08:32.648+0000] {taskinstance.py:441} INFO - ::group::Post task execution logs
[2025-07-28T21:08:33.838+0000] {taskinstance.py:1206} INFO - Marking task as SUCCESS. dag_id=parallel_scraping_pipeline, task_id=scrape_task, run_id=manual__2025-07-28T21:03:09.717459+00:00, map_index=1, execution_date=20250728T210309, start_date=20250728T210334, end_date=20250728T210833
[2025-07-28T21:08:34.171+0000] {local_task_job_runner.py:243} INFO - Task exited with return code 0
[2025-07-28T21:08:34.723+0000] {local_task_job_runner.py:222} INFO - ::endgroup::
