[2025-07-29T12:07:44.978+0000] {local_task_job_runner.py:120} INFO - ::group::Pre task execution logs
[2025-07-29T12:07:45.963+0000] {taskinstance.py:2076} INFO - Dependencies all met for dep_context=non-requeueable deps ti=<TaskInstance: parallel_scraping_pipeline.scrape_task manual__2025-07-29T11:47:54.549432+00:00 map_index=7 [queued]>
[2025-07-29T12:07:46.496+0000] {taskinstance.py:2076} INFO - Dependencies all met for dep_context=requeueable deps ti=<TaskInstance: parallel_scraping_pipeline.scrape_task manual__2025-07-29T11:47:54.549432+00:00 map_index=7 [queued]>
[2025-07-29T12:07:46.498+0000] {taskinstance.py:2306} INFO - Starting attempt 1 of 1
[2025-07-29T12:07:47.645+0000] {taskinstance.py:2330} INFO - Executing <Mapped(_PythonDecoratedOperator): scrape_task> on 2025-07-29 11:47:54.549432+00:00
[2025-07-29T12:07:47.662+0000] {standard_task_runner.py:90} INFO - Running: ['airflow', 'tasks', 'run', 'parallel_scraping_pipeline', 'scrape_task', 'manual__2025-07-29T11:47:54.549432+00:00', '--job-id', '133', '--raw', '--subdir', 'DAGS_FOLDER/parallel_pipeline_dag.py', '--cfg-path', '/tmp/tmp6yx5pt9g', '--map-index', '7']
[2025-07-29T12:07:47.662+0000] {logging_mixin.py:188} WARNING - /home/airflow/.local/lib/python3.12/site-packages/airflow/task/task_runner/standard_task_runner.py:62 DeprecationWarning: This process (pid=1280) is multi-threaded, use of fork() may lead to deadlocks in the child.
[2025-07-29T12:07:47.665+0000] {standard_task_runner.py:64} INFO - Started process 1294 to run task
[2025-07-29T12:07:47.664+0000] {standard_task_runner.py:91} INFO - Job 133: Subtask scrape_task
[2025-07-29T12:07:48.342+0000] {logging_mixin.py:188} WARNING - /home/airflow/.local/lib/python3.12/site-packages/airflow/settings.py:195 DeprecationWarning: The sql_alchemy_conn option in [core] has been moved to the sql_alchemy_conn option in [database] - the old setting has been used, but please update your config.
[2025-07-29T12:07:50.772+0000] {task_command.py:426} INFO - Running <TaskInstance: parallel_scraping_pipeline.scrape_task manual__2025-07-29T11:47:54.549432+00:00 map_index=7 [running]> on host da8a53e6d45e
[2025-07-29T12:07:57.639+0000] {taskinstance.py:2648} INFO - Exporting env vars: AIRFLOW_CTX_DAG_OWNER='airflow' AIRFLOW_CTX_DAG_ID='parallel_scraping_pipeline' AIRFLOW_CTX_TASK_ID='scrape_task' AIRFLOW_CTX_EXECUTION_DATE='2025-07-29T11:47:54.549432+00:00' AIRFLOW_CTX_TRY_NUMBER='1' AIRFLOW_CTX_DAG_RUN_ID='manual__2025-07-29T11:47:54.549432+00:00'
[2025-07-29T12:07:57.642+0000] {taskinstance.py:430} INFO - ::endgroup::
[2025-07-29T12:07:57.644+0000] {logging_mixin.py:188} INFO - Initializing Stealth WebDriver...
[2025-07-29T12:08:07.301+0000] {logging_mixin.py:188} INFO - Extracted - Phone: Apple iPhone 11 (Black, 64 GB), Price: ₹43,900
[2025-07-29T12:08:12.669+0000] {logging_mixin.py:188} INFO - Scraping Page 1 for Apple iPhone 11 (Black, 64 GB)...
[2025-07-29T12:08:16.284+0000] {logging_mixin.py:188} INFO - Scraping Page 2 for Apple iPhone 11 (Black, 64 GB)...
[2025-07-29T12:08:19.796+0000] {logging_mixin.py:188} INFO - Scraping Page 3 for Apple iPhone 11 (Black, 64 GB)...
[2025-07-29T12:08:23.236+0000] {logging_mixin.py:188} INFO - Scraping Page 4 for Apple iPhone 11 (Black, 64 GB)...
[2025-07-29T12:08:26.116+0000] {logging_mixin.py:188} INFO - Scraping Page 5 for Apple iPhone 11 (Black, 64 GB)...
[2025-07-29T12:08:29.540+0000] {logging_mixin.py:188} INFO - Scraping Page 6 for Apple iPhone 11 (Black, 64 GB)...
[2025-07-29T12:08:32.524+0000] {logging_mixin.py:188} INFO - Scraping Page 7 for Apple iPhone 11 (Black, 64 GB)...
[2025-07-29T12:08:35.416+0000] {logging_mixin.py:188} INFO - Scraping Page 8 for Apple iPhone 11 (Black, 64 GB)...
[2025-07-29T12:08:38.352+0000] {logging_mixin.py:188} INFO - Scraping Page 9 for Apple iPhone 11 (Black, 64 GB)...
[2025-07-29T12:08:41.354+0000] {logging_mixin.py:188} INFO - Scraping Page 10 for Apple iPhone 11 (Black, 64 GB)...
[2025-07-29T12:08:44.229+0000] {logging_mixin.py:188} INFO - Scraping Page 11 for Apple iPhone 11 (Black, 64 GB)...
[2025-07-29T12:08:48.257+0000] {logging_mixin.py:188} INFO - Scraping Page 12 for Apple iPhone 11 (Black, 64 GB)...
[2025-07-29T12:08:52.203+0000] {logging_mixin.py:188} INFO - Scraping Page 13 for Apple iPhone 11 (Black, 64 GB)...
[2025-07-29T12:08:55.669+0000] {logging_mixin.py:188} INFO - Scraping Page 14 for Apple iPhone 11 (Black, 64 GB)...
[2025-07-29T12:08:58.907+0000] {logging_mixin.py:188} INFO - Scraping Page 15 for Apple iPhone 11 (Black, 64 GB)...
[2025-07-29T12:09:02.366+0000] {logging_mixin.py:188} INFO - Scraping Page 16 for Apple iPhone 11 (Black, 64 GB)...
[2025-07-29T12:09:05.393+0000] {logging_mixin.py:188} INFO - Scraping Page 17 for Apple iPhone 11 (Black, 64 GB)...
[2025-07-29T12:09:08.941+0000] {logging_mixin.py:188} INFO - Scraping Page 18 for Apple iPhone 11 (Black, 64 GB)...
[2025-07-29T12:09:12.641+0000] {logging_mixin.py:188} INFO - Scraping Page 19 for Apple iPhone 11 (Black, 64 GB)...
[2025-07-29T12:09:15.623+0000] {logging_mixin.py:188} INFO - Scraping Page 20 for Apple iPhone 11 (Black, 64 GB)...
[2025-07-29T12:09:19.069+0000] {logging_mixin.py:188} INFO - Scraping Page 21 for Apple iPhone 11 (Black, 64 GB)...
[2025-07-29T12:09:22.051+0000] {logging_mixin.py:188} INFO - Scraping Page 22 for Apple iPhone 11 (Black, 64 GB)...
[2025-07-29T12:09:25.541+0000] {logging_mixin.py:188} INFO - Scraping Page 23 for Apple iPhone 11 (Black, 64 GB)...
[2025-07-29T12:09:28.926+0000] {logging_mixin.py:188} INFO - Scraping Page 24 for Apple iPhone 11 (Black, 64 GB)...
[2025-07-29T12:09:32.415+0000] {logging_mixin.py:188} INFO - Scraping Page 25 for Apple iPhone 11 (Black, 64 GB)...
[2025-07-29T12:09:35.559+0000] {logging_mixin.py:188} INFO - Scraping Page 26 for Apple iPhone 11 (Black, 64 GB)...
[2025-07-29T12:09:39.470+0000] {logging_mixin.py:188} INFO - Scraping Page 27 for Apple iPhone 11 (Black, 64 GB)...
[2025-07-29T12:09:42.710+0000] {logging_mixin.py:188} INFO - Scraping Page 28 for Apple iPhone 11 (Black, 64 GB)...
[2025-07-29T12:09:46.759+0000] {logging_mixin.py:188} INFO - Scraping Page 29 for Apple iPhone 11 (Black, 64 GB)...
[2025-07-29T12:09:50.152+0000] {logging_mixin.py:188} INFO - Scraping Page 30 for Apple iPhone 11 (Black, 64 GB)...
[2025-07-29T12:09:53.548+0000] {logging_mixin.py:188} INFO - Scraping Page 31 for Apple iPhone 11 (Black, 64 GB)...
[2025-07-29T12:09:56.962+0000] {logging_mixin.py:188} INFO - Scraping Page 32 for Apple iPhone 11 (Black, 64 GB)...
[2025-07-29T12:10:00.396+0000] {logging_mixin.py:188} INFO - Scraping Page 33 for Apple iPhone 11 (Black, 64 GB)...
[2025-07-29T12:10:03.966+0000] {logging_mixin.py:188} INFO - Scraping Page 34 for Apple iPhone 11 (Black, 64 GB)...
[2025-07-29T12:10:06.911+0000] {logging_mixin.py:188} INFO - Scraping Page 35 for Apple iPhone 11 (Black, 64 GB)...
[2025-07-29T12:10:10.186+0000] {logging_mixin.py:188} INFO - Scraping Page 36 for Apple iPhone 11 (Black, 64 GB)...
[2025-07-29T12:10:13.593+0000] {logging_mixin.py:188} INFO - Scraping Page 37 for Apple iPhone 11 (Black, 64 GB)...
[2025-07-29T12:10:16.668+0000] {logging_mixin.py:188} INFO - Scraping Page 38 for Apple iPhone 11 (Black, 64 GB)...
[2025-07-29T12:10:20.147+0000] {logging_mixin.py:188} INFO - Scraping Page 39 for Apple iPhone 11 (Black, 64 GB)...
[2025-07-29T12:10:24.047+0000] {logging_mixin.py:188} INFO - Scraping Page 40 for Apple iPhone 11 (Black, 64 GB)...
[2025-07-29T12:10:30.631+0000] {logging_mixin.py:188} INFO - Scraping Page 41 for Apple iPhone 11 (Black, 64 GB)...
[2025-07-29T12:10:34.282+0000] {logging_mixin.py:188} INFO - Scraping Page 42 for Apple iPhone 11 (Black, 64 GB)...
[2025-07-29T12:10:38.331+0000] {logging_mixin.py:188} INFO - Scraping Page 43 for Apple iPhone 11 (Black, 64 GB)...
[2025-07-29T12:10:42.415+0000] {logging_mixin.py:188} INFO - Scraping Page 44 for Apple iPhone 11 (Black, 64 GB)...
[2025-07-29T12:10:51.400+0000] {logging_mixin.py:188} INFO - Scraping Page 45 for Apple iPhone 11 (Black, 64 GB)...
[2025-07-29T12:10:54.832+0000] {logging_mixin.py:188} INFO - An error occurred while scraping https://www.flipkart.com/apple-iphone-11-black-64-gb/p/itm4e5041ba101fd?pid=MOBFWQ6BXGJCEYNY&lid=LSTMOBFWQ6BXGJCEYNYIJLDFV&marketplace=FLIPKART&q=iphone+11&store=tyy%2F4io&srno=s_1_1&otracker=search&otracker1=search&fm=Search&iid=c4781ba8-bd07-46cb-b78d-64716dca50f2.MOBFWQ6BXGJCEYNY.SEARCH&ppt=pp&ppn=pp&ssid=3cle7o5v8w0000001753125980817&qH=f6cdfdaa9f3c23f3: Message: element click intercepted: Element <a class="_9QVEpD" href="/apple-iphone-11-black-64-gb/product-reviews/itm4e5041ba101fd?pid=MOBFWQ6BXGJCEYNY&amp;lid=LSTMOBFWQ6BXGJCEYNYHWAXCG&amp;marketplace=FLIPKART&amp;page=46">...</a> is not clickable at point (721, 238). Other element would receive the click: <div class="H30l+S h-JV4l">...</div>
  (Session info: chrome=138.0.7204.168); For documentation on this error, please visit: https://www.selenium.dev/documentation/webdriver/troubleshooting/errors#elementclickinterceptedexception
Stacktrace:
#0 0x5ff9d867470e <unknown>
#1 0x5ff9d8110a51 <unknown>
#2 0x5ff9d8161701 <unknown>
#3 0x5ff9d815fcb9 <unknown>
#4 0x5ff9d815d851 <unknown>
#5 0x5ff9d815cfe3 <unknown>
#6 0x5ff9d815191a <unknown>
#7 0x5ff9d817eff2 <unknown>
#8 0x5ff9d81510fd <unknown>
#9 0x5ff9d817f1be <unknown>
#10 0x5ff9d819e444 <unknown>
#11 0x5ff9d817edc3 <unknown>
#12 0x5ff9d814f959 <unknown>
#13 0x5ff9d81504c1 <unknown>
#14 0x5ff9d86408aa <unknown>
#15 0x5ff9d8643c11 <unknown>
#16 0x5ff9d86436a8 <unknown>
#17 0x5ff9d86440b5 <unknown>
#18 0x5ff9d862a34c <unknown>
#19 0x5ff9d8644421 <unknown>
#20 0x5ff9d8612e2a <unknown>
#21 0x5ff9d8662855 <unknown>
#22 0x5ff9d8662a4e <unknown>
#23 0x5ff9d86739f5 <unknown>
#24 0x77a95393d134 <unknown>
[2025-07-29T12:10:55.387+0000] {python.py:237} INFO - Done. Returned value was: None
[2025-07-29T12:10:55.388+0000] {taskinstance.py:441} INFO - ::group::Post task execution logs
[2025-07-29T12:10:59.776+0000] {taskinstance.py:1206} INFO - Marking task as SUCCESS. dag_id=parallel_scraping_pipeline, task_id=scrape_task, run_id=manual__2025-07-29T11:47:54.549432+00:00, map_index=7, execution_date=20250729T114754, start_date=20250729T120745, end_date=20250729T121059
[2025-07-29T12:11:05.884+0000] {local_task_job_runner.py:243} INFO - Task exited with return code 0
[2025-07-29T12:11:14.743+0000] {taskinstance.py:3503} INFO - 0 downstream tasks scheduled from follow-on schedule check
[2025-07-29T12:11:14.896+0000] {local_task_job_runner.py:222} INFO - ::endgroup::
