[2025-07-27T13:11:52.978+0000] {local_task_job_runner.py:120} INFO - ::group::Pre task execution logs
[2025-07-27T13:11:53.030+0000] {taskinstance.py:2076} INFO - Dependencies all met for dep_context=non-requeueable deps ti=<TaskInstance: parallel_scraping_pipeline.scrape_task manual__2025-07-27T13:11:48.427324+00:00 map_index=0 [queued]>
[2025-07-27T13:11:53.046+0000] {taskinstance.py:2076} INFO - Dependencies all met for dep_context=requeueable deps ti=<TaskInstance: parallel_scraping_pipeline.scrape_task manual__2025-07-27T13:11:48.427324+00:00 map_index=0 [queued]>
[2025-07-27T13:11:53.047+0000] {taskinstance.py:2306} INFO - Starting attempt 1 of 1
[2025-07-27T13:11:53.064+0000] {taskinstance.py:2330} INFO - Executing <Mapped(_PythonDecoratedOperator): scrape_task> on 2025-07-27 13:11:48.427324+00:00
[2025-07-27T13:11:53.082+0000] {logging_mixin.py:188} WARNING - /home/***/.local/lib/python3.12/site-packages/***/task/task_runner/standard_task_runner.py:62 DeprecationWarning: This process (pid=534) is multi-threaded, use of fork() may lead to deadlocks in the child.
[2025-07-27T13:11:53.082+0000] {standard_task_runner.py:90} INFO - Running: ['***', 'tasks', 'run', 'parallel_scraping_pipeline', 'scrape_task', 'manual__2025-07-27T13:11:48.427324+00:00', '--job-id', '9', '--raw', '--subdir', 'DAGS_FOLDER/parallel_pipeline_dag.py', '--cfg-path', '/tmp/tmpzu9df7ph', '--map-index', '0']
[2025-07-27T13:11:53.085+0000] {standard_task_runner.py:64} INFO - Started process 537 to run task
[2025-07-27T13:11:53.087+0000] {standard_task_runner.py:91} INFO - Job 9: Subtask scrape_task
[2025-07-27T13:11:53.117+0000] {logging_mixin.py:188} WARNING - /home/***/.local/lib/python3.12/site-packages/***/settings.py:195 DeprecationWarning: The sql_alchemy_conn option in [core] has been moved to the sql_alchemy_conn option in [database] - the old setting has been used, but please update your config.
[2025-07-27T13:11:53.215+0000] {task_command.py:426} INFO - Running <TaskInstance: parallel_scraping_pipeline.scrape_task manual__2025-07-27T13:11:48.427324+00:00 map_index=0 [running]> on host 9465eee47a4f
[2025-07-27T13:11:53.378+0000] {taskinstance.py:2648} INFO - Exporting env vars: AIRFLOW_CTX_DAG_OWNER='***' AIRFLOW_CTX_DAG_ID='parallel_scraping_pipeline' AIRFLOW_CTX_TASK_ID='scrape_task' AIRFLOW_CTX_EXECUTION_DATE='2025-07-27T13:11:48.427324+00:00' AIRFLOW_CTX_TRY_NUMBER='1' AIRFLOW_CTX_DAG_RUN_ID='manual__2025-07-27T13:11:48.427324+00:00'
[2025-07-27T13:11:53.382+0000] {taskinstance.py:430} INFO - ::endgroup::
[2025-07-27T13:11:53.383+0000] {logging_mixin.py:188} INFO - Initializing WebDriver...
[2025-07-27T13:12:36.637+0000] {logging_mixin.py:188} INFO - Extracted - Phone: OPPO A3x (Nebula Red, 64 GB)  (4 GB RAM), Price: ₹8,999
[2025-07-27T13:12:39.884+0000] {logging_mixin.py:188} INFO - Scraping Page 1 for OPPO A3x (Nebula Red, 64 GB)  (4 GB RAM)...
[2025-07-27T13:12:43.282+0000] {logging_mixin.py:188} INFO - An error occurred while scraping https://www.flipkart.com/oppo-a3x-nebula-red-64-gb/p/itmb6580550fdab9?pid=MOBH4SQN4NBAJSRS&lid=LSTMOBH4SQN4NBAJSRSM3LUGV&marketplace=FLIPKART&q=oppo&store=search.flipkart.com&srno=s_1_10&otracker=search&otracker1=search&fm=organic&iid=c5a4fcb8-35f3-441c-a36e-4239a6ec5b05.MOBH4SQN4NBAJSRS.SEARCH&ppt=pp&ppn=pp&ssid=s5zdcfdb5c0000001753611616936&qH=c892ba238c98835d: Message: element click intercepted: Element <a class="_9QVEpD" href="/oppo-a3x-nebula-red-64-gb/product-reviews/itmb6580550fdab9?pid=MOBH4SQN4NBAJSRS&amp;lid=LSTMOBH4SQN4NBAJSRSM3LUGV&amp;marketplace=FLIPKART&amp;page=2">...</a> is not clickable at point (722, 461). Other element would receive the click: <div class="H30l+S h-JV4l">...</div>
  (Session info: chrome=138.0.7204.168); For documentation on this error, please visit: https://www.selenium.dev/documentation/webdriver/troubleshooting/errors#elementclickinterceptedexception
Stacktrace:
#0 0x5f149687570e <unknown>
#1 0x5f1496311a51 <unknown>
#2 0x5f1496362701 <unknown>
#3 0x5f1496360cb9 <unknown>
#4 0x5f149635e851 <unknown>
#5 0x5f149635dfe3 <unknown>
#6 0x5f149635291a <unknown>
#7 0x5f149637fff2 <unknown>
#8 0x5f14963520fd <unknown>
#9 0x5f14963801be <unknown>
#10 0x5f149639f444 <unknown>
#11 0x5f149637fdc3 <unknown>
#12 0x5f1496350959 <unknown>
#13 0x5f14963514c1 <unknown>
#14 0x5f14968418aa <unknown>
#15 0x5f1496844c11 <unknown>
#16 0x5f14968446a8 <unknown>
#17 0x5f14968450b5 <unknown>
#18 0x5f149682b34c <unknown>
#19 0x5f1496845421 <unknown>
#20 0x5f1496813e2a <unknown>
#21 0x5f1496863855 <unknown>
#22 0x5f1496863a4e <unknown>
#23 0x5f14968749f5 <unknown>
#24 0x728dd8897134 <unknown>
[2025-07-27T13:12:43.550+0000] {python.py:237} INFO - Done. Returned value was: None
[2025-07-27T13:12:43.551+0000] {taskinstance.py:441} INFO - ::group::Post task execution logs
[2025-07-27T13:12:43.575+0000] {taskinstance.py:1206} INFO - Marking task as SUCCESS. dag_id=parallel_scraping_pipeline, task_id=scrape_task, run_id=manual__2025-07-27T13:11:48.427324+00:00, map_index=0, execution_date=20250727T131148, start_date=20250727T131153, end_date=20250727T131243
[2025-07-27T13:12:43.672+0000] {local_task_job_runner.py:243} INFO - Task exited with return code 0
[2025-07-27T13:12:43.722+0000] {taskinstance.py:3503} INFO - 0 downstream tasks scheduled from follow-on schedule check
[2025-07-27T13:12:43.726+0000] {local_task_job_runner.py:222} INFO - ::endgroup::
