[2025-07-27T10:13:15.143+0000] {local_task_job_runner.py:120} INFO - ::group::Pre task execution logs
[2025-07-27T10:13:15.706+0000] {taskinstance.py:2076} INFO - Dependencies all met for dep_context=non-requeueable deps ti=<TaskInstance: example_xcom.bash_push scheduled__2021-01-01T00:00:00+00:00 [queued]>
[2025-07-27T10:13:15.758+0000] {taskinstance.py:2076} INFO - Dependencies all met for dep_context=requeueable deps ti=<TaskInstance: example_xcom.bash_push scheduled__2021-01-01T00:00:00+00:00 [queued]>
[2025-07-27T10:13:15.766+0000] {taskinstance.py:2306} INFO - Starting attempt 1 of 1
[2025-07-27T10:13:15.899+0000] {taskinstance.py:2330} INFO - Executing <Task(BashOperator): bash_push> on 2021-01-01 00:00:00+00:00
[2025-07-27T10:13:16.086+0000] {logging_mixin.py:188} WARNING - /home/***/.local/lib/python3.12/site-packages/***/task/task_runner/standard_task_runner.py:62 DeprecationWarning: This process (pid=349) is multi-threaded, use of fork() may lead to deadlocks in the child.
[2025-07-27T10:13:16.138+0000] {standard_task_runner.py:64} INFO - Started process 472 to run task
[2025-07-27T10:13:16.104+0000] {standard_task_runner.py:90} INFO - Running: ['***', 'tasks', 'run', 'example_xcom', 'bash_push', 'scheduled__2021-01-01T00:00:00+00:00', '--job-id', '21', '--raw', '--subdir', '/home/***/.local/lib/python3.12/site-packages/***/example_dags/example_xcom.py', '--cfg-path', '/tmp/tmp17emv1wi']
[2025-07-27T10:13:16.190+0000] {standard_task_runner.py:91} INFO - Job 21: Subtask bash_push
[2025-07-27T10:13:16.357+0000] {logging_mixin.py:188} WARNING - /home/***/.local/lib/python3.12/site-packages/***/settings.py:195 DeprecationWarning: The sql_alchemy_conn option in [core] has been moved to the sql_alchemy_conn option in [database] - the old setting has been used, but please update your config.
[2025-07-27T10:13:16.883+0000] {task_command.py:426} INFO - Running <TaskInstance: example_xcom.bash_push scheduled__2021-01-01T00:00:00+00:00 [running]> on host 4112a2618ff3
[2025-07-27T10:13:18.043+0000] {taskinstance.py:2648} INFO - Exporting env vars: AIRFLOW_CTX_DAG_OWNER='***' AIRFLOW_CTX_DAG_ID='example_xcom' AIRFLOW_CTX_TASK_ID='bash_push' AIRFLOW_CTX_EXECUTION_DATE='2021-01-01T00:00:00+00:00' AIRFLOW_CTX_TRY_NUMBER='1' AIRFLOW_CTX_DAG_RUN_ID='scheduled__2021-01-01T00:00:00+00:00'
[2025-07-27T10:13:18.072+0000] {taskinstance.py:430} INFO - ::endgroup::
[2025-07-27T10:13:18.103+0000] {subprocess.py:63} INFO - Tmp dir root location: /tmp
[2025-07-27T10:13:18.172+0000] {subprocess.py:75} INFO - Running command: ['/usr/bin/bash', '-c', 'echo "bash_push demo"  && echo "Manually set xcom value None" && echo "value_by_return"']
[2025-07-27T10:13:18.343+0000] {subprocess.py:86} INFO - Output:
[2025-07-27T10:13:18.366+0000] {subprocess.py:93} INFO - bash_push demo
[2025-07-27T10:13:18.374+0000] {subprocess.py:93} INFO - Manually set xcom value None
[2025-07-27T10:13:18.382+0000] {subprocess.py:93} INFO - value_by_return
[2025-07-27T10:13:18.395+0000] {subprocess.py:97} INFO - Command exited with return code 0
[2025-07-27T10:13:18.401+0000] {taskinstance.py:441} INFO - ::group::Post task execution logs
[2025-07-27T10:13:18.605+0000] {taskinstance.py:1206} INFO - Marking task as SUCCESS. dag_id=example_xcom, task_id=bash_push, run_id=scheduled__2021-01-01T00:00:00+00:00, execution_date=20210101T000000, start_date=20250727T101315, end_date=20250727T101318
[2025-07-27T10:13:19.110+0000] {local_task_job_runner.py:243} INFO - Task exited with return code 0
[2025-07-27T10:13:19.391+0000] {taskinstance.py:3503} INFO - 2 downstream tasks scheduled from follow-on schedule check
[2025-07-27T10:13:19.427+0000] {local_task_job_runner.py:222} INFO - ::endgroup::
