[2025-07-29T11:20:28.969+0000] {local_task_job_runner.py:120} INFO - ::group::Pre task execution logs
[2025-07-29T11:20:31.092+0000] {taskinstance.py:2076} INFO - Dependencies all met for dep_context=non-requeueable deps ti=<TaskInstance: parallel_scraping_pipeline.scrape_task manual__2025-07-29T11:18:47.059471+00:00 map_index=0 [queued]>
[2025-07-29T11:20:31.805+0000] {taskinstance.py:2076} INFO - Dependencies all met for dep_context=requeueable deps ti=<TaskInstance: parallel_scraping_pipeline.scrape_task manual__2025-07-29T11:18:47.059471+00:00 map_index=0 [queued]>
[2025-07-29T11:20:31.814+0000] {taskinstance.py:2306} INFO - Starting attempt 1 of 1
[2025-07-29T11:20:32.735+0000] {taskinstance.py:2330} INFO - Executing <Mapped(_PythonDecoratedOperator): scrape_task> on 2025-07-29 11:18:47.059471+00:00
[2025-07-29T11:20:32.811+0000] {logging_mixin.py:188} WARNING - /home/airflow/.local/lib/python3.12/site-packages/airflow/task/task_runner/standard_task_runner.py:62 DeprecationWarning: This process (pid=747) is multi-threaded, use of fork() may lead to deadlocks in the child.
[2025-07-29T11:20:32.844+0000] {standard_task_runner.py:64} INFO - Started process 764 to run task
[2025-07-29T11:20:32.855+0000] {standard_task_runner.py:90} INFO - Running: ['airflow', 'tasks', 'run', 'parallel_scraping_pipeline', 'scrape_task', 'manual__2025-07-29T11:18:47.059471+00:00', '--job-id', '113', '--raw', '--subdir', 'DAGS_FOLDER/parallel_pipeline_dag.py', '--cfg-path', '/tmp/tmpkhbqsm0u', '--map-index', '0']
[2025-07-29T11:20:32.858+0000] {standard_task_runner.py:91} INFO - Job 113: Subtask scrape_task
[2025-07-29T11:20:34.277+0000] {logging_mixin.py:188} WARNING - /home/airflow/.local/lib/python3.12/site-packages/airflow/settings.py:195 DeprecationWarning: The sql_alchemy_conn option in [core] has been moved to the sql_alchemy_conn option in [database] - the old setting has been used, but please update your config.
[2025-07-29T11:20:37.042+0000] {task_command.py:426} INFO - Running <TaskInstance: parallel_scraping_pipeline.scrape_task manual__2025-07-29T11:18:47.059471+00:00 map_index=0 [running]> on host dd044cea268d
[2025-07-29T11:20:44.500+0000] {taskinstance.py:2648} INFO - Exporting env vars: AIRFLOW_CTX_DAG_OWNER='airflow' AIRFLOW_CTX_DAG_ID='parallel_scraping_pipeline' AIRFLOW_CTX_TASK_ID='scrape_task' AIRFLOW_CTX_EXECUTION_DATE='2025-07-29T11:18:47.059471+00:00' AIRFLOW_CTX_TRY_NUMBER='1' AIRFLOW_CTX_DAG_RUN_ID='manual__2025-07-29T11:18:47.059471+00:00'
[2025-07-29T11:20:44.518+0000] {taskinstance.py:430} INFO - ::endgroup::
[2025-07-29T11:20:44.522+0000] {logging_mixin.py:188} INFO - Initializing Stealth WebDriver...
[2025-07-29T11:21:03.677+0000] {logging_mixin.py:188} INFO - Extracted - Phone: Samsung Galaxy S24 FE 5G (Blue, 128 GB)  (8 GB RAM), Price: ₹35,999
[2025-07-29T11:21:09.454+0000] {logging_mixin.py:188} INFO - Scraping Page 1 for Samsung Galaxy S24 FE 5G (Blue, 128 GB)  (8 GB RAM)...
[2025-07-29T11:21:13.360+0000] {logging_mixin.py:188} INFO - Scraping Page 2 for Samsung Galaxy S24 FE 5G (Blue, 128 GB)  (8 GB RAM)...
[2025-07-29T11:21:17.630+0000] {logging_mixin.py:188} INFO - Scraping Page 3 for Samsung Galaxy S24 FE 5G (Blue, 128 GB)  (8 GB RAM)...
[2025-07-29T11:21:22.545+0000] {logging_mixin.py:188} INFO - Scraping Page 4 for Samsung Galaxy S24 FE 5G (Blue, 128 GB)  (8 GB RAM)...
[2025-07-29T11:21:27.456+0000] {logging_mixin.py:188} INFO - Scraping Page 5 for Samsung Galaxy S24 FE 5G (Blue, 128 GB)  (8 GB RAM)...
[2025-07-29T11:21:32.830+0000] {logging_mixin.py:188} INFO - Scraping Page 6 for Samsung Galaxy S24 FE 5G (Blue, 128 GB)  (8 GB RAM)...
[2025-07-29T11:21:37.918+0000] {logging_mixin.py:188} INFO - Scraping Page 7 for Samsung Galaxy S24 FE 5G (Blue, 128 GB)  (8 GB RAM)...
[2025-07-29T11:21:42.490+0000] {logging_mixin.py:188} INFO - Scraping Page 8 for Samsung Galaxy S24 FE 5G (Blue, 128 GB)  (8 GB RAM)...
[2025-07-29T11:21:46.136+0000] {logging_mixin.py:188} INFO - Scraping Page 9 for Samsung Galaxy S24 FE 5G (Blue, 128 GB)  (8 GB RAM)...
[2025-07-29T11:21:51.404+0000] {logging_mixin.py:188} INFO - Scraping Page 10 for Samsung Galaxy S24 FE 5G (Blue, 128 GB)  (8 GB RAM)...
[2025-07-29T11:21:56.134+0000] {logging_mixin.py:188} INFO - Scraping Page 11 for Samsung Galaxy S24 FE 5G (Blue, 128 GB)  (8 GB RAM)...
[2025-07-29T11:21:59.997+0000] {logging_mixin.py:188} INFO - Scraping Page 12 for Samsung Galaxy S24 FE 5G (Blue, 128 GB)  (8 GB RAM)...
[2025-07-29T11:22:03.638+0000] {logging_mixin.py:188} INFO - Scraping Page 13 for Samsung Galaxy S24 FE 5G (Blue, 128 GB)  (8 GB RAM)...
[2025-07-29T11:22:07.857+0000] {logging_mixin.py:188} INFO - Scraping Page 14 for Samsung Galaxy S24 FE 5G (Blue, 128 GB)  (8 GB RAM)...
[2025-07-29T11:22:11.350+0000] {logging_mixin.py:188} INFO - Scraping Page 15 for Samsung Galaxy S24 FE 5G (Blue, 128 GB)  (8 GB RAM)...
[2025-07-29T11:22:14.914+0000] {logging_mixin.py:188} INFO - Scraping Page 16 for Samsung Galaxy S24 FE 5G (Blue, 128 GB)  (8 GB RAM)...
[2025-07-29T11:22:19.114+0000] {logging_mixin.py:188} INFO - Scraping Page 17 for Samsung Galaxy S24 FE 5G (Blue, 128 GB)  (8 GB RAM)...
[2025-07-29T11:22:23.181+0000] {logging_mixin.py:188} INFO - Scraping Page 18 for Samsung Galaxy S24 FE 5G (Blue, 128 GB)  (8 GB RAM)...
[2025-07-29T11:22:27.470+0000] {logging_mixin.py:188} INFO - Scraping Page 19 for Samsung Galaxy S24 FE 5G (Blue, 128 GB)  (8 GB RAM)...
[2025-07-29T11:22:33.646+0000] {logging_mixin.py:188} INFO - Scraping Page 20 for Samsung Galaxy S24 FE 5G (Blue, 128 GB)  (8 GB RAM)...
[2025-07-29T11:22:38.028+0000] {logging_mixin.py:188} INFO - Scraping Page 21 for Samsung Galaxy S24 FE 5G (Blue, 128 GB)  (8 GB RAM)...
[2025-07-29T11:22:41.730+0000] {logging_mixin.py:188} INFO - Scraping Page 22 for Samsung Galaxy S24 FE 5G (Blue, 128 GB)  (8 GB RAM)...
[2025-07-29T11:22:45.321+0000] {logging_mixin.py:188} INFO - Scraping Page 23 for Samsung Galaxy S24 FE 5G (Blue, 128 GB)  (8 GB RAM)...
[2025-07-29T11:22:49.105+0000] {logging_mixin.py:188} INFO - Scraping Page 24 for Samsung Galaxy S24 FE 5G (Blue, 128 GB)  (8 GB RAM)...
[2025-07-29T11:22:52.642+0000] {logging_mixin.py:188} INFO - Scraping Page 25 for Samsung Galaxy S24 FE 5G (Blue, 128 GB)  (8 GB RAM)...
[2025-07-29T11:22:56.697+0000] {logging_mixin.py:188} INFO - Scraping Page 26 for Samsung Galaxy S24 FE 5G (Blue, 128 GB)  (8 GB RAM)...
[2025-07-29T11:22:59.946+0000] {logging_mixin.py:188} INFO - Scraping Page 27 for Samsung Galaxy S24 FE 5G (Blue, 128 GB)  (8 GB RAM)...
[2025-07-29T11:23:03.822+0000] {logging_mixin.py:188} INFO - Scraping Page 28 for Samsung Galaxy S24 FE 5G (Blue, 128 GB)  (8 GB RAM)...
[2025-07-29T11:23:07.942+0000] {logging_mixin.py:188} INFO - Scraping Page 29 for Samsung Galaxy S24 FE 5G (Blue, 128 GB)  (8 GB RAM)...
[2025-07-29T11:23:12.531+0000] {logging_mixin.py:188} INFO - Scraping Page 30 for Samsung Galaxy S24 FE 5G (Blue, 128 GB)  (8 GB RAM)...
[2025-07-29T11:23:16.441+0000] {logging_mixin.py:188} INFO - Scraping Page 31 for Samsung Galaxy S24 FE 5G (Blue, 128 GB)  (8 GB RAM)...
[2025-07-29T11:23:20.301+0000] {logging_mixin.py:188} INFO - Scraping Page 32 for Samsung Galaxy S24 FE 5G (Blue, 128 GB)  (8 GB RAM)...
[2025-07-29T11:23:23.772+0000] {logging_mixin.py:188} INFO - Scraping Page 33 for Samsung Galaxy S24 FE 5G (Blue, 128 GB)  (8 GB RAM)...
[2025-07-29T11:23:28.291+0000] {logging_mixin.py:188} INFO - Scraping Page 34 for Samsung Galaxy S24 FE 5G (Blue, 128 GB)  (8 GB RAM)...
[2025-07-29T11:23:32.475+0000] {logging_mixin.py:188} INFO - Scraping Page 35 for Samsung Galaxy S24 FE 5G (Blue, 128 GB)  (8 GB RAM)...
[2025-07-29T11:23:35.804+0000] {logging_mixin.py:188} INFO - Scraping Page 36 for Samsung Galaxy S24 FE 5G (Blue, 128 GB)  (8 GB RAM)...
[2025-07-29T11:23:39.732+0000] {logging_mixin.py:188} INFO - Scraping Page 37 for Samsung Galaxy S24 FE 5G (Blue, 128 GB)  (8 GB RAM)...
[2025-07-29T11:23:43.203+0000] {logging_mixin.py:188} INFO - Scraping Page 38 for Samsung Galaxy S24 FE 5G (Blue, 128 GB)  (8 GB RAM)...
[2025-07-29T11:23:46.631+0000] {logging_mixin.py:188} INFO - Scraping Page 39 for Samsung Galaxy S24 FE 5G (Blue, 128 GB)  (8 GB RAM)...
[2025-07-29T11:23:51.193+0000] {logging_mixin.py:188} INFO - Scraping Page 40 for Samsung Galaxy S24 FE 5G (Blue, 128 GB)  (8 GB RAM)...
[2025-07-29T11:23:56.101+0000] {logging_mixin.py:188} INFO - Scraping Page 41 for Samsung Galaxy S24 FE 5G (Blue, 128 GB)  (8 GB RAM)...
[2025-07-29T11:24:00.196+0000] {logging_mixin.py:188} INFO - Scraping Page 42 for Samsung Galaxy S24 FE 5G (Blue, 128 GB)  (8 GB RAM)...
[2025-07-29T11:24:00.321+0000] {logging_mixin.py:188} INFO - No reviews found on page 42.
[2025-07-29T11:24:06.108+0000] {logging_mixin.py:188} INFO - Scraping Page 43 for Samsung Galaxy S24 FE 5G (Blue, 128 GB)  (8 GB RAM)...
[2025-07-29T11:24:10.254+0000] {logging_mixin.py:188} INFO - Scraping Page 44 for Samsung Galaxy S24 FE 5G (Blue, 128 GB)  (8 GB RAM)...
[2025-07-29T11:24:14.164+0000] {logging_mixin.py:188} INFO - Scraping Page 45 for Samsung Galaxy S24 FE 5G (Blue, 128 GB)  (8 GB RAM)...
[2025-07-29T11:24:18.191+0000] {logging_mixin.py:188} INFO - Scraping Page 46 for Samsung Galaxy S24 FE 5G (Blue, 128 GB)  (8 GB RAM)...
[2025-07-29T11:24:21.565+0000] {logging_mixin.py:188} INFO - Scraping Page 47 for Samsung Galaxy S24 FE 5G (Blue, 128 GB)  (8 GB RAM)...
[2025-07-29T11:24:25.452+0000] {logging_mixin.py:188} INFO - Scraping Page 48 for Samsung Galaxy S24 FE 5G (Blue, 128 GB)  (8 GB RAM)...
[2025-07-29T11:24:29.363+0000] {logging_mixin.py:188} INFO - Scraping Page 49 for Samsung Galaxy S24 FE 5G (Blue, 128 GB)  (8 GB RAM)...
[2025-07-29T11:24:34.238+0000] {logging_mixin.py:188} INFO - Scraping Page 50 for Samsung Galaxy S24 FE 5G (Blue, 128 GB)  (8 GB RAM)...
[2025-07-29T11:24:38.491+0000] {logging_mixin.py:188} INFO - Scraping Page 51 for Samsung Galaxy S24 FE 5G (Blue, 128 GB)  (8 GB RAM)...
[2025-07-29T11:24:38.859+0000] {logging_mixin.py:188} INFO - No reviews found on page 51.
[2025-07-29T11:24:44.709+0000] {logging_mixin.py:188} INFO - Scraping Page 52 for Samsung Galaxy S24 FE 5G (Blue, 128 GB)  (8 GB RAM)...
[2025-07-29T11:24:48.775+0000] {logging_mixin.py:188} INFO - Scraping Page 53 for Samsung Galaxy S24 FE 5G (Blue, 128 GB)  (8 GB RAM)...
[2025-07-29T11:24:48.903+0000] {logging_mixin.py:188} INFO - No reviews found on page 53.
[2025-07-29T11:24:54.507+0000] {logging_mixin.py:188} INFO - Scraping Page 54 for Samsung Galaxy S24 FE 5G (Blue, 128 GB)  (8 GB RAM)...
[2025-07-29T11:24:58.612+0000] {logging_mixin.py:188} INFO - Scraping Page 55 for Samsung Galaxy S24 FE 5G (Blue, 128 GB)  (8 GB RAM)...
[2025-07-29T11:25:01.918+0000] {logging_mixin.py:188} INFO - Scraping Page 56 for Samsung Galaxy S24 FE 5G (Blue, 128 GB)  (8 GB RAM)...
[2025-07-29T11:25:05.477+0000] {logging_mixin.py:188} INFO - Scraping Page 57 for Samsung Galaxy S24 FE 5G (Blue, 128 GB)  (8 GB RAM)...
[2025-07-29T11:25:09.308+0000] {logging_mixin.py:188} INFO - Scraping Page 58 for Samsung Galaxy S24 FE 5G (Blue, 128 GB)  (8 GB RAM)...
[2025-07-29T11:25:11.710+0000] {logging_mixin.py:188} INFO - No reviews found on page 58.
[2025-07-29T11:25:17.641+0000] {logging_mixin.py:188} INFO - Scraping Page 59 for Samsung Galaxy S24 FE 5G (Blue, 128 GB)  (8 GB RAM)...
[2025-07-29T11:25:21.337+0000] {logging_mixin.py:188} INFO - Scraping Page 60 for Samsung Galaxy S24 FE 5G (Blue, 128 GB)  (8 GB RAM)...
[2025-07-29T11:25:21.530+0000] {logging_mixin.py:188} INFO - No reviews found on page 60.
[2025-07-29T11:25:27.354+0000] {logging_mixin.py:188} INFO - Scraping Page 61 for Samsung Galaxy S24 FE 5G (Blue, 128 GB)  (8 GB RAM)...
[2025-07-29T11:25:31.272+0000] {logging_mixin.py:188} INFO - Scraping Page 62 for Samsung Galaxy S24 FE 5G (Blue, 128 GB)  (8 GB RAM)...
[2025-07-29T11:25:34.856+0000] {logging_mixin.py:188} INFO - Scraping Page 63 for Samsung Galaxy S24 FE 5G (Blue, 128 GB)  (8 GB RAM)...
[2025-07-29T11:25:38.375+0000] {logging_mixin.py:188} INFO - Scraping Page 64 for Samsung Galaxy S24 FE 5G (Blue, 128 GB)  (8 GB RAM)...
[2025-07-29T11:25:41.739+0000] {logging_mixin.py:188} INFO - Scraping Page 65 for Samsung Galaxy S24 FE 5G (Blue, 128 GB)  (8 GB RAM)...
[2025-07-29T11:25:45.830+0000] {logging_mixin.py:188} INFO - Scraping Page 66 for Samsung Galaxy S24 FE 5G (Blue, 128 GB)  (8 GB RAM)...
[2025-07-29T11:25:46.062+0000] {logging_mixin.py:188} INFO - No reviews found on page 66.
[2025-07-29T11:25:52.384+0000] {logging_mixin.py:188} INFO - Scraping Page 67 for Samsung Galaxy S24 FE 5G (Blue, 128 GB)  (8 GB RAM)...
[2025-07-29T11:25:56.174+0000] {logging_mixin.py:188} INFO - Scraping Page 68 for Samsung Galaxy S24 FE 5G (Blue, 128 GB)  (8 GB RAM)...
[2025-07-29T11:26:00.094+0000] {logging_mixin.py:188} INFO - Scraping Page 69 for Samsung Galaxy S24 FE 5G (Blue, 128 GB)  (8 GB RAM)...
[2025-07-29T11:26:03.445+0000] {logging_mixin.py:188} INFO - Scraping Page 70 for Samsung Galaxy S24 FE 5G (Blue, 128 GB)  (8 GB RAM)...
[2025-07-29T11:26:07.208+0000] {logging_mixin.py:188} INFO - Scraping Page 71 for Samsung Galaxy S24 FE 5G (Blue, 128 GB)  (8 GB RAM)...
[2025-07-29T11:26:10.997+0000] {logging_mixin.py:188} INFO - Scraping Page 72 for Samsung Galaxy S24 FE 5G (Blue, 128 GB)  (8 GB RAM)...
[2025-07-29T11:26:14.513+0000] {logging_mixin.py:188} INFO - Scraping Page 73 for Samsung Galaxy S24 FE 5G (Blue, 128 GB)  (8 GB RAM)...
[2025-07-29T11:26:18.338+0000] {logging_mixin.py:188} INFO - Scraping Page 74 for Samsung Galaxy S24 FE 5G (Blue, 128 GB)  (8 GB RAM)...
[2025-07-29T11:26:21.649+0000] {logging_mixin.py:188} INFO - Scraping Page 75 for Samsung Galaxy S24 FE 5G (Blue, 128 GB)  (8 GB RAM)...
[2025-07-29T11:26:25.245+0000] {logging_mixin.py:188} INFO - Scraping Page 76 for Samsung Galaxy S24 FE 5G (Blue, 128 GB)  (8 GB RAM)...
[2025-07-29T11:26:29.372+0000] {logging_mixin.py:188} INFO - Scraping Page 77 for Samsung Galaxy S24 FE 5G (Blue, 128 GB)  (8 GB RAM)...
[2025-07-29T11:26:33.491+0000] {logging_mixin.py:188} INFO - Scraping Page 78 for Samsung Galaxy S24 FE 5G (Blue, 128 GB)  (8 GB RAM)...
[2025-07-29T11:26:36.926+0000] {logging_mixin.py:188} INFO - Scraping Page 79 for Samsung Galaxy S24 FE 5G (Blue, 128 GB)  (8 GB RAM)...
[2025-07-29T11:26:40.461+0000] {logging_mixin.py:188} INFO - Scraping Page 80 for Samsung Galaxy S24 FE 5G (Blue, 128 GB)  (8 GB RAM)...
[2025-07-29T11:26:43.834+0000] {logging_mixin.py:188} INFO - Scraping Page 81 for Samsung Galaxy S24 FE 5G (Blue, 128 GB)  (8 GB RAM)...
[2025-07-29T11:26:47.849+0000] {logging_mixin.py:188} INFO - Scraping Page 82 for Samsung Galaxy S24 FE 5G (Blue, 128 GB)  (8 GB RAM)...
[2025-07-29T11:26:51.948+0000] {logging_mixin.py:188} INFO - Scraping Page 83 for Samsung Galaxy S24 FE 5G (Blue, 128 GB)  (8 GB RAM)...
[2025-07-29T11:26:55.839+0000] {logging_mixin.py:188} INFO - Scraping Page 84 for Samsung Galaxy S24 FE 5G (Blue, 128 GB)  (8 GB RAM)...
[2025-07-29T11:26:59.731+0000] {logging_mixin.py:188} INFO - Scraping Page 85 for Samsung Galaxy S24 FE 5G (Blue, 128 GB)  (8 GB RAM)...
[2025-07-29T11:27:03.027+0000] {logging_mixin.py:188} INFO - Scraping Page 86 for Samsung Galaxy S24 FE 5G (Blue, 128 GB)  (8 GB RAM)...
[2025-07-29T11:27:07.623+0000] {logging_mixin.py:188} INFO - Scraping Page 87 for Samsung Galaxy S24 FE 5G (Blue, 128 GB)  (8 GB RAM)...
[2025-07-29T11:27:12.349+0000] {logging_mixin.py:188} INFO - Scraping Page 88 for Samsung Galaxy S24 FE 5G (Blue, 128 GB)  (8 GB RAM)...
[2025-07-29T11:27:15.821+0000] {logging_mixin.py:188} INFO - Scraping Page 89 for Samsung Galaxy S24 FE 5G (Blue, 128 GB)  (8 GB RAM)...
[2025-07-29T11:27:20.085+0000] {logging_mixin.py:188} INFO - Scraping Page 90 for Samsung Galaxy S24 FE 5G (Blue, 128 GB)  (8 GB RAM)...
[2025-07-29T11:27:23.408+0000] {logging_mixin.py:188} INFO - Scraping Page 91 for Samsung Galaxy S24 FE 5G (Blue, 128 GB)  (8 GB RAM)...
[2025-07-29T11:27:27.062+0000] {logging_mixin.py:188} INFO - Scraping Page 92 for Samsung Galaxy S24 FE 5G (Blue, 128 GB)  (8 GB RAM)...
[2025-07-29T11:27:31.145+0000] {logging_mixin.py:188} INFO - Scraping Page 93 for Samsung Galaxy S24 FE 5G (Blue, 128 GB)  (8 GB RAM)...
[2025-07-29T11:27:34.668+0000] {logging_mixin.py:188} INFO - Scraping Page 94 for Samsung Galaxy S24 FE 5G (Blue, 128 GB)  (8 GB RAM)...
[2025-07-29T11:27:39.257+0000] {logging_mixin.py:188} INFO - Scraping Page 95 for Samsung Galaxy S24 FE 5G (Blue, 128 GB)  (8 GB RAM)...
[2025-07-29T11:27:42.554+0000] {logging_mixin.py:188} INFO - Scraping Page 96 for Samsung Galaxy S24 FE 5G (Blue, 128 GB)  (8 GB RAM)...
[2025-07-29T11:27:46.082+0000] {logging_mixin.py:188} INFO - Scraping Page 97 for Samsung Galaxy S24 FE 5G (Blue, 128 GB)  (8 GB RAM)...
[2025-07-29T11:27:50.852+0000] {logging_mixin.py:188} INFO - Scraping Page 98 for Samsung Galaxy S24 FE 5G (Blue, 128 GB)  (8 GB RAM)...
[2025-07-29T11:27:54.664+0000] {logging_mixin.py:188} INFO - Scraping Page 99 for Samsung Galaxy S24 FE 5G (Blue, 128 GB)  (8 GB RAM)...
[2025-07-29T11:27:59.932+0000] {logging_mixin.py:188} INFO - Scraping Page 100 for Samsung Galaxy S24 FE 5G (Blue, 128 GB)  (8 GB RAM)...
[2025-07-29T11:28:03.594+0000] {logging_mixin.py:188} INFO - Scraping Page 101 for Samsung Galaxy S24 FE 5G (Blue, 128 GB)  (8 GB RAM)...
[2025-07-29T11:28:07.096+0000] {logging_mixin.py:188} INFO - Scraping Page 102 for Samsung Galaxy S24 FE 5G (Blue, 128 GB)  (8 GB RAM)...
[2025-07-29T11:28:19.874+0000] {logging_mixin.py:188} INFO - No 'Next' button found. Scraping complete.
[2025-07-29T11:28:19.952+0000] {logging_mixin.py:188} INFO - Saved 392 reviews to /opt/airflow/data/raw/Samsung_Galaxy_S24_FE_5G_(Blue,_128_GB)__(8_GB_RAM)_reviews.csv
[2025-07-29T11:28:20.317+0000] {python.py:237} INFO - Done. Returned value was: /opt/airflow/data/raw/Samsung_Galaxy_S24_FE_5G_(Blue,_128_GB)__(8_GB_RAM)_reviews.csv
[2025-07-29T11:28:20.319+0000] {taskinstance.py:441} INFO - ::group::Post task execution logs
[2025-07-29T11:28:22.586+0000] {taskinstance.py:1206} INFO - Marking task as SUCCESS. dag_id=parallel_scraping_pipeline, task_id=scrape_task, run_id=manual__2025-07-29T11:18:47.059471+00:00, map_index=0, execution_date=20250729T111847, start_date=20250729T112031, end_date=20250729T112822
[2025-07-29T11:28:23.206+0000] {local_task_job_runner.py:243} INFO - Task exited with return code 0
[2025-07-29T11:28:26.849+0000] {taskinstance.py:3503} INFO - 1 downstream tasks scheduled from follow-on schedule check
[2025-07-29T11:28:26.952+0000] {local_task_job_runner.py:222} INFO - ::endgroup::
