[2025-07-27T10:14:10.203+0000] {local_task_job_runner.py:120} INFO - ::group::Pre task execution logs
[2025-07-27T10:14:10.910+0000] {taskinstance.py:2076} INFO - Dependencies all met for dep_context=non-requeueable deps ti=<TaskInstance: example_setup_teardown.root_setup scheduled__2025-07-26T00:00:00+00:00 [queued]>
[2025-07-27T10:14:11.068+0000] {taskinstance.py:2076} INFO - Dependencies all met for dep_context=requeueable deps ti=<TaskInstance: example_setup_teardown.root_setup scheduled__2025-07-26T00:00:00+00:00 [queued]>
[2025-07-27T10:14:11.072+0000] {taskinstance.py:2306} INFO - Starting attempt 1 of 1
[2025-07-27T10:14:11.213+0000] {taskinstance.py:2330} INFO - Executing <Task(BashOperator): root_setup> on 2025-07-26 00:00:00+00:00
[2025-07-27T10:14:11.300+0000] {logging_mixin.py:188} WARNING - /home/***/.local/lib/python3.12/site-packages/***/task/task_runner/standard_task_runner.py:62 DeprecationWarning: This process (pid=684) is multi-threaded, use of fork() may lead to deadlocks in the child.
[2025-07-27T10:14:11.342+0000] {standard_task_runner.py:64} INFO - Started process 815 to run task
[2025-07-27T10:14:11.319+0000] {standard_task_runner.py:90} INFO - Running: ['***', 'tasks', 'run', 'example_setup_teardown', 'root_setup', 'scheduled__2025-07-26T00:00:00+00:00', '--job-id', '67', '--raw', '--subdir', '/home/***/.local/lib/python3.12/site-packages/***/example_dags/example_setup_teardown.py', '--cfg-path', '/tmp/tmp839lwls7']
[2025-07-27T10:14:11.393+0000] {standard_task_runner.py:91} INFO - Job 67: Subtask root_setup
[2025-07-27T10:14:11.974+0000] {logging_mixin.py:188} WARNING - /home/***/.local/lib/python3.12/site-packages/***/settings.py:195 DeprecationWarning: The sql_alchemy_conn option in [core] has been moved to the sql_alchemy_conn option in [database] - the old setting has been used, but please update your config.
[2025-07-27T10:14:12.501+0000] {task_command.py:426} INFO - Running <TaskInstance: example_setup_teardown.root_setup scheduled__2025-07-26T00:00:00+00:00 [running]> on host 4112a2618ff3
[2025-07-27T10:14:13.669+0000] {taskinstance.py:2648} INFO - Exporting env vars: AIRFLOW_CTX_DAG_OWNER='***' AIRFLOW_CTX_DAG_ID='example_setup_teardown' AIRFLOW_CTX_TASK_ID='root_setup' AIRFLOW_CTX_EXECUTION_DATE='2025-07-26T00:00:00+00:00' AIRFLOW_CTX_TRY_NUMBER='1' AIRFLOW_CTX_DAG_RUN_ID='scheduled__2025-07-26T00:00:00+00:00'
[2025-07-27T10:14:13.681+0000] {taskinstance.py:430} INFO - ::endgroup::
[2025-07-27T10:14:13.687+0000] {subprocess.py:63} INFO - Tmp dir root location: /tmp
[2025-07-27T10:14:13.692+0000] {subprocess.py:75} INFO - Running command: ['/usr/bin/bash', '-c', "echo 'Hello from root_setup'"]
[2025-07-27T10:14:14.022+0000] {subprocess.py:86} INFO - Output:
[2025-07-27T10:14:14.036+0000] {subprocess.py:93} INFO - Hello from root_setup
[2025-07-27T10:14:14.037+0000] {subprocess.py:97} INFO - Command exited with return code 0
[2025-07-27T10:14:14.043+0000] {taskinstance.py:441} INFO - ::group::Post task execution logs
[2025-07-27T10:14:14.298+0000] {taskinstance.py:1206} INFO - Marking task as SUCCESS. dag_id=example_setup_teardown, task_id=root_setup, run_id=scheduled__2025-07-26T00:00:00+00:00, execution_date=20250726T000000, start_date=20250727T101410, end_date=20250727T101414
[2025-07-27T10:14:14.759+0000] {local_task_job_runner.py:243} INFO - Task exited with return code 0
[2025-07-27T10:14:15.143+0000] {taskinstance.py:3503} INFO - 1 downstream tasks scheduled from follow-on schedule check
[2025-07-27T10:14:15.158+0000] {local_task_job_runner.py:222} INFO - ::endgroup::
