[2025-07-27T09:47:59.722+0000] {local_task_job_runner.py:120} INFO - ::group::Pre task execution logs
[2025-07-27T09:47:59.786+0000] {taskinstance.py:2076} INFO - Dependencies all met for dep_context=non-requeueable deps ti=<TaskInstance: parallel_scraping_pipeline.get_urls manual__2025-07-27T09:47:55.689159+00:00 [queued]>
[2025-07-27T09:47:59.798+0000] {taskinstance.py:2076} INFO - Dependencies all met for dep_context=requeueable deps ti=<TaskInstance: parallel_scraping_pipeline.get_urls manual__2025-07-27T09:47:55.689159+00:00 [queued]>
[2025-07-27T09:47:59.799+0000] {taskinstance.py:2306} INFO - Starting attempt 1 of 1
[2025-07-27T09:47:59.823+0000] {taskinstance.py:2330} INFO - Executing <Task(_PythonDecoratedOperator): get_urls> on 2025-07-27 09:47:55.689159+00:00
[2025-07-27T09:47:59.844+0000] {logging_mixin.py:188} WARNING - /home/***/.local/lib/python3.12/site-packages/***/task/task_runner/standard_task_runner.py:62 DeprecationWarning: This process (pid=66165) is multi-threaded, use of fork() may lead to deadlocks in the child.
[2025-07-27T09:47:59.846+0000] {standard_task_runner.py:64} INFO - Started process 66235 to run task
[2025-07-27T09:47:59.842+0000] {standard_task_runner.py:90} INFO - Running: ['***', 'tasks', 'run', 'parallel_scraping_pipeline', 'get_urls', 'manual__2025-07-27T09:47:55.689159+00:00', '--job-id', '3', '--raw', '--subdir', 'DAGS_FOLDER/parallel_pipeline_dag.py', '--cfg-path', '/tmp/tmpx_358zu8']
[2025-07-27T09:47:59.849+0000] {standard_task_runner.py:91} INFO - Job 3: Subtask get_urls
[2025-07-27T09:47:59.878+0000] {logging_mixin.py:188} WARNING - /home/***/.local/lib/python3.12/site-packages/***/settings.py:195 DeprecationWarning: The sql_alchemy_conn option in [core] has been moved to the sql_alchemy_conn option in [database] - the old setting has been used, but please update your config.
[2025-07-27T09:47:59.973+0000] {task_command.py:426} INFO - Running <TaskInstance: parallel_scraping_pipeline.get_urls manual__2025-07-27T09:47:55.689159+00:00 [running]> on host c5e8c6942178
[2025-07-27T09:48:00.141+0000] {taskinstance.py:2648} INFO - Exporting env vars: AIRFLOW_CTX_DAG_OWNER='***' AIRFLOW_CTX_DAG_ID='parallel_scraping_pipeline' AIRFLOW_CTX_TASK_ID='get_urls' AIRFLOW_CTX_EXECUTION_DATE='2025-07-27T09:47:55.689159+00:00' AIRFLOW_CTX_TRY_NUMBER='1' AIRFLOW_CTX_DAG_RUN_ID='manual__2025-07-27T09:47:55.689159+00:00'
[2025-07-27T09:48:00.147+0000] {taskinstance.py:430} INFO - ::endgroup::
[2025-07-27T09:48:00.150+0000] {python.py:237} INFO - Done. Returned value was: []
[2025-07-27T09:48:00.153+0000] {taskinstance.py:441} INFO - ::group::Post task execution logs
[2025-07-27T09:48:00.222+0000] {taskinstance.py:1206} INFO - Marking task as SUCCESS. dag_id=parallel_scraping_pipeline, task_id=get_urls, run_id=manual__2025-07-27T09:47:55.689159+00:00, execution_date=20250727T094755, start_date=20250727T094759, end_date=20250727T094800
[2025-07-27T09:48:00.313+0000] {local_task_job_runner.py:243} INFO - Task exited with return code 0
[2025-07-27T09:48:00.454+0000] {abstractoperator.py:588} INFO - Marking <TaskInstance: parallel_scraping_pipeline.scrape_task manual__2025-07-27T09:47:55.689159+00:00 [None]> as SKIPPED since the map has 0 values to expand
[2025-07-27T09:48:00.477+0000] {taskinstance.py:3503} INFO - 0 downstream tasks scheduled from follow-on schedule check
[2025-07-27T09:48:00.489+0000] {local_task_job_runner.py:222} INFO - ::endgroup::
