[2025-07-29T07:44:29.187+0000] {local_task_job_runner.py:120} INFO - ::group::Pre task execution logs
[2025-07-29T07:44:31.412+0000] {taskinstance.py:2076} INFO - Dependencies all met for dep_context=non-requeueable deps ti=<TaskInstance: sequential_scraping_pipeline.create_reviewer_data_table_seq manual__2025-07-29T07:43:42.293020+00:00 [queued]>
[2025-07-29T07:44:32.641+0000] {taskinstance.py:2076} INFO - Dependencies all met for dep_context=requeueable deps ti=<TaskInstance: sequential_scraping_pipeline.create_reviewer_data_table_seq manual__2025-07-29T07:43:42.293020+00:00 [queued]>
[2025-07-29T07:44:32.650+0000] {taskinstance.py:2306} INFO - Starting attempt 1 of 1
[2025-07-29T07:44:33.972+0000] {taskinstance.py:2330} INFO - Executing <Task(PostgresOperator): create_reviewer_data_table_seq> on 2025-07-29 07:43:42.293020+00:00
[2025-07-29T07:44:34.006+0000] {logging_mixin.py:188} WARNING - /home/airflow/.local/lib/python3.12/site-packages/airflow/task/task_runner/standard_task_runner.py:62 DeprecationWarning: This process (pid=2277) is multi-threaded, use of fork() may lead to deadlocks in the child.
[2025-07-29T07:44:34.005+0000] {standard_task_runner.py:90} INFO - Running: ['airflow', 'tasks', 'run', 'sequential_scraping_pipeline', 'create_reviewer_data_table_seq', 'manual__2025-07-29T07:43:42.293020+00:00', '--job-id', '51', '--raw', '--subdir', 'DAGS_FOLDER/sequential_pipeline_dag.py', '--cfg-path', '/tmp/tmpcsqcgd9b']
[2025-07-29T07:44:34.011+0000] {standard_task_runner.py:91} INFO - Job 51: Subtask create_reviewer_data_table_seq
[2025-07-29T07:44:34.011+0000] {standard_task_runner.py:64} INFO - Started process 2294 to run task
[2025-07-29T07:44:36.238+0000] {logging_mixin.py:188} WARNING - /home/airflow/.local/lib/python3.12/site-packages/airflow/settings.py:195 DeprecationWarning: The sql_alchemy_conn option in [core] has been moved to the sql_alchemy_conn option in [database] - the old setting has been used, but please update your config.
[2025-07-29T07:44:43.046+0000] {task_command.py:426} INFO - Running <TaskInstance: sequential_scraping_pipeline.create_reviewer_data_table_seq manual__2025-07-29T07:43:42.293020+00:00 [running]> on host 507e5441ba68
[2025-07-29T07:45:00.293+0000] {taskinstance.py:2648} INFO - Exporting env vars: AIRFLOW_CTX_DAG_OWNER='airflow' AIRFLOW_CTX_DAG_ID='sequential_scraping_pipeline' AIRFLOW_CTX_TASK_ID='create_reviewer_data_table_seq' AIRFLOW_CTX_EXECUTION_DATE='2025-07-29T07:43:42.293020+00:00' AIRFLOW_CTX_TRY_NUMBER='1' AIRFLOW_CTX_DAG_RUN_ID='manual__2025-07-29T07:43:42.293020+00:00'
[2025-07-29T07:45:00.304+0000] {taskinstance.py:430} INFO - ::endgroup::
[2025-07-29T07:45:00.306+0000] {sql.py:282} INFO - Executing: 
        CREATE TABLE IF NOT EXISTS flipkart_reviewer_data (
            "Phone_Name" TEXT, "Price" FLOAT(53), "Review_ID" TEXT,
            "Author" TEXT, "Location" TEXT, "Rating" BIGINT, "Title" TEXT,
            "Review" TEXT, "Month" TEXT, "Year" FLOAT(53)
        );
        
[2025-07-29T07:45:02.170+0000] {base.py:84} INFO - Using connection ID 'postgres_default' for task execution.
[2025-07-29T07:45:04.180+0000] {base.py:84} INFO - Using connection ID 'postgres_default' for task execution.
[2025-07-29T07:45:05.509+0000] {sql.py:495} INFO - Running statement: 
        CREATE TABLE IF NOT EXISTS flipkart_reviewer_data (
            "Phone_Name" TEXT, "Price" FLOAT(53), "Review_ID" TEXT,
            "Author" TEXT, "Location" TEXT, "Rating" BIGINT, "Title" TEXT,
            "Review" TEXT, "Month" TEXT, "Year" FLOAT(53)
        );
        , parameters: None
[2025-07-29T07:45:06.127+0000] {taskinstance.py:441} INFO - ::group::Post task execution logs
[2025-07-29T07:45:08.661+0000] {taskinstance.py:1206} INFO - Marking task as SUCCESS. dag_id=sequential_scraping_pipeline, task_id=create_reviewer_data_table_seq, run_id=manual__2025-07-29T07:43:42.293020+00:00, execution_date=20250729T074342, start_date=20250729T074431, end_date=20250729T074508
[2025-07-29T07:45:15.448+0000] {local_task_job_runner.py:243} INFO - Task exited with return code 0
[2025-07-29T07:45:17.369+0000] {logging_mixin.py:188} WARNING - /home/airflow/.local/lib/python3.12/site-packages/airflow/models/baseoperator.py:1297 AirflowProviderDeprecationWarning: Call to deprecated class PostgresOperator. (Please use `airflow.providers.common.sql.operators.sql.SQLExecuteQueryOperator`.Also, you can provide `hook_params={'schema': <database>}`.)
[2025-07-29T07:45:18.190+0000] {taskinstance.py:3503} INFO - 0 downstream tasks scheduled from follow-on schedule check
[2025-07-29T07:45:18.456+0000] {local_task_job_runner.py:222} INFO - ::endgroup::
