[2025-07-27T10:13:34.188+0000] {local_task_job_runner.py:120} INFO - ::group::Pre task execution logs
[2025-07-27T10:13:34.817+0000] {taskinstance.py:2076} INFO - Dependencies all met for dep_context=non-requeueable deps ti=<TaskInstance: example_setup_teardown_taskflow.outer_teardown scheduled__2025-07-26T00:00:00+00:00 [queued]>
[2025-07-27T10:13:34.976+0000] {taskinstance.py:2076} INFO - Dependencies all met for dep_context=requeueable deps ti=<TaskInstance: example_setup_teardown_taskflow.outer_teardown scheduled__2025-07-26T00:00:00+00:00 [queued]>
[2025-07-27T10:13:34.989+0000] {taskinstance.py:2306} INFO - Starting attempt 1 of 1
[2025-07-27T10:13:35.283+0000] {taskinstance.py:2330} INFO - Executing <Task(_PythonDecoratedOperator): outer_teardown> on 2025-07-26 00:00:00+00:00
[2025-07-27T10:13:35.455+0000] {logging_mixin.py:188} WARNING - /home/***/.local/lib/python3.12/site-packages/***/task/task_runner/standard_task_runner.py:62 DeprecationWarning: This process (pid=449) is multi-threaded, use of fork() may lead to deadlocks in the child.
[2025-07-27T10:13:35.472+0000] {standard_task_runner.py:64} INFO - Started process 596 to run task
[2025-07-27T10:13:35.496+0000] {standard_task_runner.py:90} INFO - Running: ['***', 'tasks', 'run', 'example_setup_teardown_taskflow', 'outer_teardown', 'scheduled__2025-07-26T00:00:00+00:00', '--job-id', '40', '--raw', '--subdir', '/home/***/.local/lib/python3.12/site-packages/***/example_dags/example_setup_teardown_taskflow.py', '--cfg-path', '/tmp/tmpym3zcand']
[2025-07-27T10:13:35.567+0000] {standard_task_runner.py:91} INFO - Job 40: Subtask outer_teardown
[2025-07-27T10:13:35.780+0000] {logging_mixin.py:188} WARNING - /home/***/.local/lib/python3.12/site-packages/***/settings.py:195 DeprecationWarning: The sql_alchemy_conn option in [core] has been moved to the sql_alchemy_conn option in [database] - the old setting has been used, but please update your config.
[2025-07-27T10:13:36.215+0000] {task_command.py:426} INFO - Running <TaskInstance: example_setup_teardown_taskflow.outer_teardown scheduled__2025-07-26T00:00:00+00:00 [running]> on host 4112a2618ff3
[2025-07-27T10:13:38.475+0000] {taskinstance.py:2648} INFO - Exporting env vars: AIRFLOW_CTX_DAG_OWNER='***' AIRFLOW_CTX_DAG_ID='example_setup_teardown_taskflow' AIRFLOW_CTX_TASK_ID='outer_teardown' AIRFLOW_CTX_EXECUTION_DATE='2025-07-26T00:00:00+00:00' AIRFLOW_CTX_TRY_NUMBER='1' AIRFLOW_CTX_DAG_RUN_ID='scheduled__2025-07-26T00:00:00+00:00'
[2025-07-27T10:13:38.491+0000] {taskinstance.py:430} INFO - ::endgroup::
[2025-07-27T10:13:38.505+0000] {logging_mixin.py:188} INFO - I am outer_teardown
[2025-07-27T10:13:38.508+0000] {logging_mixin.py:188} INFO - Tearing down cluster: some cluster id
[2025-07-27T10:13:38.518+0000] {python.py:237} INFO - Done. Returned value was: None
[2025-07-27T10:13:38.522+0000] {taskinstance.py:441} INFO - ::group::Post task execution logs
[2025-07-27T10:13:38.565+0000] {taskinstance.py:1206} INFO - Marking task as SUCCESS. dag_id=example_setup_teardown_taskflow, task_id=outer_teardown, run_id=scheduled__2025-07-26T00:00:00+00:00, execution_date=20250726T000000, start_date=20250727T101334, end_date=20250727T101338
[2025-07-27T10:13:38.770+0000] {local_task_job_runner.py:243} INFO - Task exited with return code 0
[2025-07-27T10:13:38.898+0000] {local_task_job_runner.py:222} INFO - ::endgroup::
