[2025-07-29T06:26:59.474+0000] {local_task_job_runner.py:120} INFO - ::group::Pre task execution logs
[2025-07-29T06:27:00.496+0000] {taskinstance.py:2076} INFO - Dependencies all met for dep_context=non-requeueable deps ti=<TaskInstance: sequential_scraping_pipeline.process_urls_sequentially manual__2025-07-29T06:26:15.208910+00:00 [queued]>
[2025-07-29T06:27:00.904+0000] {taskinstance.py:2076} INFO - Dependencies all met for dep_context=requeueable deps ti=<TaskInstance: sequential_scraping_pipeline.process_urls_sequentially manual__2025-07-29T06:26:15.208910+00:00 [queued]>
[2025-07-29T06:27:00.905+0000] {taskinstance.py:2306} INFO - Starting attempt 1 of 1
[2025-07-29T06:27:01.411+0000] {taskinstance.py:2330} INFO - Executing <Task(_PythonDecoratedOperator): process_urls_sequentially> on 2025-07-29 06:26:15.208910+00:00
[2025-07-29T06:27:01.430+0000] {standard_task_runner.py:90} INFO - Running: ['airflow', 'tasks', 'run', 'sequential_scraping_pipeline', 'process_urls_sequentially', 'manual__2025-07-29T06:26:15.208910+00:00', '--job-id', '46', '--raw', '--subdir', 'DAGS_FOLDER/sequential_pipeline_dag.py', '--cfg-path', '/tmp/tmps38fmhj6']
[2025-07-29T06:27:01.431+0000] {logging_mixin.py:188} WARNING - /home/airflow/.local/lib/python3.12/site-packages/airflow/task/task_runner/standard_task_runner.py:62 DeprecationWarning: This process (pid=461) is multi-threaded, use of fork() may lead to deadlocks in the child.
[2025-07-29T06:27:01.432+0000] {standard_task_runner.py:91} INFO - Job 46: Subtask process_urls_sequentially
[2025-07-29T06:27:01.433+0000] {standard_task_runner.py:64} INFO - Started process 478 to run task
[2025-07-29T06:27:02.428+0000] {logging_mixin.py:188} WARNING - /home/airflow/.local/lib/python3.12/site-packages/airflow/settings.py:195 DeprecationWarning: The sql_alchemy_conn option in [core] has been moved to the sql_alchemy_conn option in [database] - the old setting has been used, but please update your config.
[2025-07-29T06:27:04.515+0000] {task_command.py:426} INFO - Running <TaskInstance: sequential_scraping_pipeline.process_urls_sequentially manual__2025-07-29T06:26:15.208910+00:00 [running]> on host 6e2f3bbf9aac
[2025-07-29T06:27:10.474+0000] {taskinstance.py:2648} INFO - Exporting env vars: AIRFLOW_CTX_DAG_OWNER='airflow' AIRFLOW_CTX_DAG_ID='sequential_scraping_pipeline' AIRFLOW_CTX_TASK_ID='process_urls_sequentially' AIRFLOW_CTX_EXECUTION_DATE='2025-07-29T06:26:15.208910+00:00' AIRFLOW_CTX_TRY_NUMBER='1' AIRFLOW_CTX_DAG_RUN_ID='manual__2025-07-29T06:26:15.208910+00:00'
[2025-07-29T06:27:10.480+0000] {taskinstance.py:430} INFO - ::endgroup::
[2025-07-29T06:27:10.486+0000] {logging_mixin.py:188} INFO - --- Starting sequential processing for: https://www.flipkart.com/samsung-galaxy-s24-fe-5g-blue-128-gb/p/itme960199e26f23?pid=MOBH4ZG3Z5NCBW2H&lid=LSTMOBH4ZG3Z5NCBW2HHP3FVG&marketplace=FLIPKART&q=samsung+smart+phones&store=tyy%2F4io&spotlightTagId=default_BestsellerId_tyy%2F4io&srno=s_1_11&otracker=search&otracker1=search&fm=Search&iid=dcbefbbe-6b57-4c6a-833b-d09682ea1ccd.MOBH4ZG3Z5NCBW2H.SEARCH&ppt=sp&ppn=sp&ssid=jptywgea800000001753735370995&qH=fa7a2885ee123978 ---
[2025-07-29T06:27:10.487+0000] {logging_mixin.py:188} INFO - Initializing WebDriver...
[2025-07-29T06:27:23.932+0000] {logging_mixin.py:188} INFO - Extracted - Phone: Samsung Galaxy S24 FE 5G (Blue, 128 GB)  (8 GB RAM), Price: ₹35,999
[2025-07-29T06:27:27.265+0000] {logging_mixin.py:188} INFO - Scraping Page 1 for Samsung Galaxy S24 FE 5G (Blue, 128 GB)  (8 GB RAM)...
[2025-07-29T06:27:29.905+0000] {logging_mixin.py:188} INFO - Scraping Page 2 for Samsung Galaxy S24 FE 5G (Blue, 128 GB)  (8 GB RAM)...
[2025-07-29T06:27:32.583+0000] {logging_mixin.py:188} INFO - Scraping Page 3 for Samsung Galaxy S24 FE 5G (Blue, 128 GB)  (8 GB RAM)...
[2025-07-29T06:27:35.212+0000] {logging_mixin.py:188} INFO - Scraping Page 4 for Samsung Galaxy S24 FE 5G (Blue, 128 GB)  (8 GB RAM)...
[2025-07-29T06:27:37.758+0000] {logging_mixin.py:188} INFO - Scraping Page 5 for Samsung Galaxy S24 FE 5G (Blue, 128 GB)  (8 GB RAM)...
[2025-07-29T06:27:40.587+0000] {logging_mixin.py:188} INFO - Scraping Page 6 for Samsung Galaxy S24 FE 5G (Blue, 128 GB)  (8 GB RAM)...
[2025-07-29T06:27:43.177+0000] {logging_mixin.py:188} INFO - Scraping Page 7 for Samsung Galaxy S24 FE 5G (Blue, 128 GB)  (8 GB RAM)...
[2025-07-29T06:27:46.053+0000] {logging_mixin.py:188} INFO - Scraping Page 8 for Samsung Galaxy S24 FE 5G (Blue, 128 GB)  (8 GB RAM)...
[2025-07-29T06:27:48.783+0000] {logging_mixin.py:188} INFO - Scraping Page 9 for Samsung Galaxy S24 FE 5G (Blue, 128 GB)  (8 GB RAM)...
[2025-07-29T06:27:51.310+0000] {logging_mixin.py:188} INFO - Scraping Page 10 for Samsung Galaxy S24 FE 5G (Blue, 128 GB)  (8 GB RAM)...
[2025-07-29T06:27:53.882+0000] {logging_mixin.py:188} INFO - Scraping Page 11 for Samsung Galaxy S24 FE 5G (Blue, 128 GB)  (8 GB RAM)...
[2025-07-29T06:27:56.491+0000] {logging_mixin.py:188} INFO - Scraping Page 12 for Samsung Galaxy S24 FE 5G (Blue, 128 GB)  (8 GB RAM)...
[2025-07-29T06:27:59.153+0000] {logging_mixin.py:188} INFO - Scraping Page 13 for Samsung Galaxy S24 FE 5G (Blue, 128 GB)  (8 GB RAM)...
[2025-07-29T06:28:01.447+0000] {logging_mixin.py:188} INFO - Scraping Page 14 for Samsung Galaxy S24 FE 5G (Blue, 128 GB)  (8 GB RAM)...
[2025-07-29T06:28:03.727+0000] {logging_mixin.py:188} INFO - Scraping Page 15 for Samsung Galaxy S24 FE 5G (Blue, 128 GB)  (8 GB RAM)...
[2025-07-29T06:28:06.677+0000] {logging_mixin.py:188} INFO - Scraping Page 16 for Samsung Galaxy S24 FE 5G (Blue, 128 GB)  (8 GB RAM)...
[2025-07-29T06:28:09.194+0000] {logging_mixin.py:188} INFO - Scraping Page 17 for Samsung Galaxy S24 FE 5G (Blue, 128 GB)  (8 GB RAM)...
[2025-07-29T06:28:11.872+0000] {logging_mixin.py:188} INFO - Scraping Page 18 for Samsung Galaxy S24 FE 5G (Blue, 128 GB)  (8 GB RAM)...
[2025-07-29T06:28:14.096+0000] {logging_mixin.py:188} INFO - Scraping Page 19 for Samsung Galaxy S24 FE 5G (Blue, 128 GB)  (8 GB RAM)...
[2025-07-29T06:28:16.361+0000] {logging_mixin.py:188} INFO - Scraping Page 20 for Samsung Galaxy S24 FE 5G (Blue, 128 GB)  (8 GB RAM)...
[2025-07-29T06:28:19.075+0000] {logging_mixin.py:188} INFO - Scraping Page 21 for Samsung Galaxy S24 FE 5G (Blue, 128 GB)  (8 GB RAM)...
[2025-07-29T06:28:21.638+0000] {logging_mixin.py:188} INFO - Scraping Page 22 for Samsung Galaxy S24 FE 5G (Blue, 128 GB)  (8 GB RAM)...
[2025-07-29T06:28:24.184+0000] {logging_mixin.py:188} INFO - Scraping Page 23 for Samsung Galaxy S24 FE 5G (Blue, 128 GB)  (8 GB RAM)...
[2025-07-29T06:28:26.732+0000] {logging_mixin.py:188} INFO - Scraping Page 24 for Samsung Galaxy S24 FE 5G (Blue, 128 GB)  (8 GB RAM)...
[2025-07-29T06:28:29.390+0000] {logging_mixin.py:188} INFO - Scraping Page 25 for Samsung Galaxy S24 FE 5G (Blue, 128 GB)  (8 GB RAM)...
[2025-07-29T06:28:32.001+0000] {logging_mixin.py:188} INFO - Scraping Page 26 for Samsung Galaxy S24 FE 5G (Blue, 128 GB)  (8 GB RAM)...
[2025-07-29T06:28:34.729+0000] {logging_mixin.py:188} INFO - Scraping Page 27 for Samsung Galaxy S24 FE 5G (Blue, 128 GB)  (8 GB RAM)...
[2025-07-29T06:28:37.415+0000] {logging_mixin.py:188} INFO - Scraping Page 28 for Samsung Galaxy S24 FE 5G (Blue, 128 GB)  (8 GB RAM)...
[2025-07-29T06:28:39.961+0000] {logging_mixin.py:188} INFO - Scraping Page 29 for Samsung Galaxy S24 FE 5G (Blue, 128 GB)  (8 GB RAM)...
[2025-07-29T06:28:42.486+0000] {logging_mixin.py:188} INFO - Scraping Page 30 for Samsung Galaxy S24 FE 5G (Blue, 128 GB)  (8 GB RAM)...
[2025-07-29T06:28:45.196+0000] {logging_mixin.py:188} INFO - Scraping Page 31 for Samsung Galaxy S24 FE 5G (Blue, 128 GB)  (8 GB RAM)...
[2025-07-29T06:28:47.785+0000] {logging_mixin.py:188} INFO - Scraping Page 32 for Samsung Galaxy S24 FE 5G (Blue, 128 GB)  (8 GB RAM)...
[2025-07-29T06:28:50.453+0000] {logging_mixin.py:188} INFO - Scraping Page 33 for Samsung Galaxy S24 FE 5G (Blue, 128 GB)  (8 GB RAM)...
[2025-07-29T06:28:52.757+0000] {logging_mixin.py:188} INFO - Scraping Page 34 for Samsung Galaxy S24 FE 5G (Blue, 128 GB)  (8 GB RAM)...
[2025-07-29T06:28:55.010+0000] {logging_mixin.py:188} INFO - Scraping Page 35 for Samsung Galaxy S24 FE 5G (Blue, 128 GB)  (8 GB RAM)...
[2025-07-29T06:28:57.292+0000] {logging_mixin.py:188} INFO - Scraping Page 36 for Samsung Galaxy S24 FE 5G (Blue, 128 GB)  (8 GB RAM)...
[2025-07-29T06:28:59.519+0000] {logging_mixin.py:188} INFO - Scraping Page 37 for Samsung Galaxy S24 FE 5G (Blue, 128 GB)  (8 GB RAM)...
[2025-07-29T06:29:01.748+0000] {logging_mixin.py:188} INFO - Scraping Page 38 for Samsung Galaxy S24 FE 5G (Blue, 128 GB)  (8 GB RAM)...
[2025-07-29T06:29:03.986+0000] {logging_mixin.py:188} INFO - Scraping Page 39 for Samsung Galaxy S24 FE 5G (Blue, 128 GB)  (8 GB RAM)...
[2025-07-29T06:29:06.260+0000] {logging_mixin.py:188} INFO - Scraping Page 40 for Samsung Galaxy S24 FE 5G (Blue, 128 GB)  (8 GB RAM)...
[2025-07-29T06:29:08.539+0000] {logging_mixin.py:188} INFO - Scraping Page 41 for Samsung Galaxy S24 FE 5G (Blue, 128 GB)  (8 GB RAM)...
[2025-07-29T06:29:10.836+0000] {logging_mixin.py:188} INFO - Scraping Page 42 for Samsung Galaxy S24 FE 5G (Blue, 128 GB)  (8 GB RAM)...
[2025-07-29T06:29:13.058+0000] {logging_mixin.py:188} INFO - Scraping Page 43 for Samsung Galaxy S24 FE 5G (Blue, 128 GB)  (8 GB RAM)...
[2025-07-29T06:29:15.314+0000] {logging_mixin.py:188} INFO - Scraping Page 44 for Samsung Galaxy S24 FE 5G (Blue, 128 GB)  (8 GB RAM)...
[2025-07-29T06:29:17.556+0000] {logging_mixin.py:188} INFO - Scraping Page 45 for Samsung Galaxy S24 FE 5G (Blue, 128 GB)  (8 GB RAM)...
[2025-07-29T06:29:20.098+0000] {logging_mixin.py:188} INFO - Scraping Page 46 for Samsung Galaxy S24 FE 5G (Blue, 128 GB)  (8 GB RAM)...
[2025-07-29T06:29:22.342+0000] {logging_mixin.py:188} INFO - Scraping Page 47 for Samsung Galaxy S24 FE 5G (Blue, 128 GB)  (8 GB RAM)...
[2025-07-29T06:29:24.602+0000] {logging_mixin.py:188} INFO - Scraping Page 48 for Samsung Galaxy S24 FE 5G (Blue, 128 GB)  (8 GB RAM)...
[2025-07-29T06:29:27.188+0000] {logging_mixin.py:188} INFO - Scraping Page 49 for Samsung Galaxy S24 FE 5G (Blue, 128 GB)  (8 GB RAM)...
[2025-07-29T06:29:29.830+0000] {logging_mixin.py:188} INFO - Scraping Page 50 for Samsung Galaxy S24 FE 5G (Blue, 128 GB)  (8 GB RAM)...
[2025-07-29T06:29:32.610+0000] {logging_mixin.py:188} INFO - Scraping Page 51 for Samsung Galaxy S24 FE 5G (Blue, 128 GB)  (8 GB RAM)...
[2025-07-29T06:29:34.836+0000] {logging_mixin.py:188} INFO - Scraping Page 52 for Samsung Galaxy S24 FE 5G (Blue, 128 GB)  (8 GB RAM)...
[2025-07-29T06:29:37.073+0000] {logging_mixin.py:188} INFO - Scraping Page 53 for Samsung Galaxy S24 FE 5G (Blue, 128 GB)  (8 GB RAM)...
[2025-07-29T06:29:39.305+0000] {logging_mixin.py:188} INFO - Scraping Page 54 for Samsung Galaxy S24 FE 5G (Blue, 128 GB)  (8 GB RAM)...
[2025-07-29T06:29:42.530+0000] {logging_mixin.py:188} INFO - Scraping Page 55 for Samsung Galaxy S24 FE 5G (Blue, 128 GB)  (8 GB RAM)...
[2025-07-29T06:29:44.852+0000] {logging_mixin.py:188} INFO - Scraping Page 56 for Samsung Galaxy S24 FE 5G (Blue, 128 GB)  (8 GB RAM)...
[2025-07-29T06:29:47.153+0000] {logging_mixin.py:188} INFO - Scraping Page 57 for Samsung Galaxy S24 FE 5G (Blue, 128 GB)  (8 GB RAM)...
[2025-07-29T06:29:49.416+0000] {logging_mixin.py:188} INFO - Scraping Page 58 for Samsung Galaxy S24 FE 5G (Blue, 128 GB)  (8 GB RAM)...
[2025-07-29T06:29:51.638+0000] {logging_mixin.py:188} INFO - Scraping Page 59 for Samsung Galaxy S24 FE 5G (Blue, 128 GB)  (8 GB RAM)...
[2025-07-29T06:29:53.864+0000] {logging_mixin.py:188} INFO - Scraping Page 60 for Samsung Galaxy S24 FE 5G (Blue, 128 GB)  (8 GB RAM)...
[2025-07-29T06:29:56.219+0000] {logging_mixin.py:188} INFO - Scraping Page 61 for Samsung Galaxy S24 FE 5G (Blue, 128 GB)  (8 GB RAM)...
[2025-07-29T06:29:58.472+0000] {logging_mixin.py:188} INFO - Scraping Page 62 for Samsung Galaxy S24 FE 5G (Blue, 128 GB)  (8 GB RAM)...
[2025-07-29T06:30:00.767+0000] {logging_mixin.py:188} INFO - Scraping Page 63 for Samsung Galaxy S24 FE 5G (Blue, 128 GB)  (8 GB RAM)...
[2025-07-29T06:30:03.106+0000] {logging_mixin.py:188} INFO - Scraping Page 64 for Samsung Galaxy S24 FE 5G (Blue, 128 GB)  (8 GB RAM)...
[2025-07-29T06:30:05.651+0000] {logging_mixin.py:188} INFO - Scraping Page 65 for Samsung Galaxy S24 FE 5G (Blue, 128 GB)  (8 GB RAM)...
[2025-07-29T06:30:08.258+0000] {logging_mixin.py:188} INFO - Scraping Page 66 for Samsung Galaxy S24 FE 5G (Blue, 128 GB)  (8 GB RAM)...
[2025-07-29T06:30:10.486+0000] {logging_mixin.py:188} INFO - Scraping Page 67 for Samsung Galaxy S24 FE 5G (Blue, 128 GB)  (8 GB RAM)...
[2025-07-29T06:30:12.713+0000] {logging_mixin.py:188} INFO - Scraping Page 68 for Samsung Galaxy S24 FE 5G (Blue, 128 GB)  (8 GB RAM)...
[2025-07-29T06:30:14.956+0000] {logging_mixin.py:188} INFO - Scraping Page 69 for Samsung Galaxy S24 FE 5G (Blue, 128 GB)  (8 GB RAM)...
[2025-07-29T06:30:17.240+0000] {logging_mixin.py:188} INFO - Scraping Page 70 for Samsung Galaxy S24 FE 5G (Blue, 128 GB)  (8 GB RAM)...
[2025-07-29T06:30:19.492+0000] {logging_mixin.py:188} INFO - Scraping Page 71 for Samsung Galaxy S24 FE 5G (Blue, 128 GB)  (8 GB RAM)...
[2025-07-29T06:30:21.731+0000] {logging_mixin.py:188} INFO - Scraping Page 72 for Samsung Galaxy S24 FE 5G (Blue, 128 GB)  (8 GB RAM)...
[2025-07-29T06:30:23.955+0000] {logging_mixin.py:188} INFO - Scraping Page 73 for Samsung Galaxy S24 FE 5G (Blue, 128 GB)  (8 GB RAM)...
[2025-07-29T06:30:26.190+0000] {logging_mixin.py:188} INFO - Scraping Page 74 for Samsung Galaxy S24 FE 5G (Blue, 128 GB)  (8 GB RAM)...
[2025-07-29T06:30:28.716+0000] {logging_mixin.py:188} INFO - Scraping Page 75 for Samsung Galaxy S24 FE 5G (Blue, 128 GB)  (8 GB RAM)...
[2025-07-29T06:30:31.343+0000] {logging_mixin.py:188} INFO - Scraping Page 76 for Samsung Galaxy S24 FE 5G (Blue, 128 GB)  (8 GB RAM)...
[2025-07-29T06:30:34.046+0000] {logging_mixin.py:188} INFO - Scraping Page 77 for Samsung Galaxy S24 FE 5G (Blue, 128 GB)  (8 GB RAM)...
[2025-07-29T06:30:36.602+0000] {logging_mixin.py:188} INFO - Scraping Page 78 for Samsung Galaxy S24 FE 5G (Blue, 128 GB)  (8 GB RAM)...
[2025-07-29T06:30:39.241+0000] {logging_mixin.py:188} INFO - Scraping Page 79 for Samsung Galaxy S24 FE 5G (Blue, 128 GB)  (8 GB RAM)...
[2025-07-29T06:30:41.783+0000] {logging_mixin.py:188} INFO - Scraping Page 80 for Samsung Galaxy S24 FE 5G (Blue, 128 GB)  (8 GB RAM)...
[2025-07-29T06:30:44.317+0000] {logging_mixin.py:188} INFO - Scraping Page 81 for Samsung Galaxy S24 FE 5G (Blue, 128 GB)  (8 GB RAM)...
[2025-07-29T06:30:46.543+0000] {logging_mixin.py:188} INFO - Scraping Page 82 for Samsung Galaxy S24 FE 5G (Blue, 128 GB)  (8 GB RAM)...
[2025-07-29T06:30:48.838+0000] {logging_mixin.py:188} INFO - Scraping Page 83 for Samsung Galaxy S24 FE 5G (Blue, 128 GB)  (8 GB RAM)...
[2025-07-29T06:30:51.445+0000] {logging_mixin.py:188} INFO - Scraping Page 84 for Samsung Galaxy S24 FE 5G (Blue, 128 GB)  (8 GB RAM)...
[2025-07-29T06:30:54.008+0000] {logging_mixin.py:188} INFO - Scraping Page 85 for Samsung Galaxy S24 FE 5G (Blue, 128 GB)  (8 GB RAM)...
[2025-07-29T06:30:56.567+0000] {logging_mixin.py:188} INFO - Scraping Page 86 for Samsung Galaxy S24 FE 5G (Blue, 128 GB)  (8 GB RAM)...
[2025-07-29T06:30:59.188+0000] {logging_mixin.py:188} INFO - Scraping Page 87 for Samsung Galaxy S24 FE 5G (Blue, 128 GB)  (8 GB RAM)...
[2025-07-29T06:31:01.791+0000] {logging_mixin.py:188} INFO - Scraping Page 88 for Samsung Galaxy S24 FE 5G (Blue, 128 GB)  (8 GB RAM)...
[2025-07-29T06:31:04.521+0000] {logging_mixin.py:188} INFO - Scraping Page 89 for Samsung Galaxy S24 FE 5G (Blue, 128 GB)  (8 GB RAM)...
[2025-07-29T06:31:07.240+0000] {logging_mixin.py:188} INFO - Scraping Page 90 for Samsung Galaxy S24 FE 5G (Blue, 128 GB)  (8 GB RAM)...
[2025-07-29T06:31:09.895+0000] {logging_mixin.py:188} INFO - Scraping Page 91 for Samsung Galaxy S24 FE 5G (Blue, 128 GB)  (8 GB RAM)...
[2025-07-29T06:31:12.501+0000] {logging_mixin.py:188} INFO - Scraping Page 92 for Samsung Galaxy S24 FE 5G (Blue, 128 GB)  (8 GB RAM)...
[2025-07-29T06:31:15.071+0000] {logging_mixin.py:188} INFO - Scraping Page 93 for Samsung Galaxy S24 FE 5G (Blue, 128 GB)  (8 GB RAM)...
[2025-07-29T06:31:17.667+0000] {logging_mixin.py:188} INFO - Scraping Page 94 for Samsung Galaxy S24 FE 5G (Blue, 128 GB)  (8 GB RAM)...
[2025-07-29T06:31:20.251+0000] {logging_mixin.py:188} INFO - Scraping Page 95 for Samsung Galaxy S24 FE 5G (Blue, 128 GB)  (8 GB RAM)...
[2025-07-29T06:31:22.812+0000] {logging_mixin.py:188} INFO - Scraping Page 96 for Samsung Galaxy S24 FE 5G (Blue, 128 GB)  (8 GB RAM)...
[2025-07-29T06:31:25.418+0000] {logging_mixin.py:188} INFO - Scraping Page 97 for Samsung Galaxy S24 FE 5G (Blue, 128 GB)  (8 GB RAM)...
[2025-07-29T06:31:27.993+0000] {logging_mixin.py:188} INFO - Scraping Page 98 for Samsung Galaxy S24 FE 5G (Blue, 128 GB)  (8 GB RAM)...
[2025-07-29T06:31:30.527+0000] {logging_mixin.py:188} INFO - Scraping Page 99 for Samsung Galaxy S24 FE 5G (Blue, 128 GB)  (8 GB RAM)...
[2025-07-29T06:31:33.225+0000] {logging_mixin.py:188} INFO - Scraping Page 100 for Samsung Galaxy S24 FE 5G (Blue, 128 GB)  (8 GB RAM)...
[2025-07-29T06:31:35.878+0000] {logging_mixin.py:188} INFO - Scraping Page 101 for Samsung Galaxy S24 FE 5G (Blue, 128 GB)  (8 GB RAM)...
[2025-07-29T06:31:38.792+0000] {logging_mixin.py:188} INFO - Scraping Page 102 for Samsung Galaxy S24 FE 5G (Blue, 128 GB)  (8 GB RAM)...
[2025-07-29T06:31:51.116+0000] {logging_mixin.py:188} INFO - Saved 392 reviews to /opt/airflow/data/raw/Samsung_Galaxy_S24_FE_5G_(Blue,_128_GB)__(8_GB_RAM)_reviews.csv
[2025-07-29T06:31:51.378+0000] {logging_mixin.py:188} INFO - Processing 392 reviews from Samsung_Galaxy_S24_FE_5G_(Blue,_128_GB)__(8_GB_RAM)_reviews.csv...
[2025-07-29T06:31:51.550+0000] {logging_mixin.py:188} INFO - 
🗑️ Removed 33 duplicate reviews based on Review_ID.
[2025-07-29T06:31:51.602+0000] {logging_mixin.py:188} INFO - 
📁 Clean data saved: /opt/airflow/data/cleaned/Samsung_Galaxy_S24_FE_5G_(Blue,_128_GB)__(8_GB_RAM)_reviews_CLEANED.csv
[2025-07-29T06:31:51.604+0000] {logging_mixin.py:188} INFO - 📊 Final shape: (359, 10)
[2025-07-29T06:31:51.612+0000] {logging_mixin.py:188} INFO - Preparing to write /opt/airflow/data/cleaned/Samsung_Galaxy_S24_FE_5G_(Blue,_128_GB)__(8_GB_RAM)_reviews_CLEANED.csv to PostgreSQL table 'flipkart_reviewer_data'...
[2025-07-29T06:31:54.260+0000] {logging_mixin.py:188} INFO - ✅ Successfully appended 359 rows to table 'flipkart_reviewer_data'.
[2025-07-29T06:31:54.262+0000] {logging_mixin.py:188} INFO - --- Starting sequential processing for: https://www.flipkart.com/samsung-galaxy-f06-5g-bahama-blue-128-gb/p/itm9acd4c5748761?pid=MOBH9AS4DSSQECZM&lid=LSTMOBH9AS4DSSQECZMNC3LC0&marketplace=FLIPKART&q=samsung+smart+phones&store=tyy%2F4io&srno=s_1_2&otracker=search&otracker1=search&fm=Search&iid=dcbefbbe-6b57-4c6a-833b-d09682ea1ccd.MOBH9AS4DSSQECZM.SEARCH&ppt=sp&ppn=sp&ssid=jptywgea800000001753735370995&qH=fa7a2885ee123978 ---
[2025-07-29T06:31:54.264+0000] {logging_mixin.py:188} INFO - Initializing WebDriver...
[2025-07-29T06:32:05.309+0000] {logging_mixin.py:188} INFO - Extracted - Phone: Samsung Galaxy F06 5G (Bahama Blue, 128 GB)  (6 GB RAM), Price: ₹9,999
[2025-07-29T06:32:08.585+0000] {logging_mixin.py:188} INFO - Scraping Page 1 for Samsung Galaxy F06 5G (Bahama Blue, 128 GB)  (6 GB RAM)...
[2025-07-29T06:32:11.233+0000] {logging_mixin.py:188} INFO - Scraping Page 2 for Samsung Galaxy F06 5G (Bahama Blue, 128 GB)  (6 GB RAM)...
[2025-07-29T06:32:13.714+0000] {logging_mixin.py:188} INFO - Scraping Page 3 for Samsung Galaxy F06 5G (Bahama Blue, 128 GB)  (6 GB RAM)...
[2025-07-29T06:32:16.421+0000] {logging_mixin.py:188} INFO - Scraping Page 4 for Samsung Galaxy F06 5G (Bahama Blue, 128 GB)  (6 GB RAM)...
[2025-07-29T06:32:19.404+0000] {logging_mixin.py:188} INFO - Scraping Page 5 for Samsung Galaxy F06 5G (Bahama Blue, 128 GB)  (6 GB RAM)...
[2025-07-29T06:32:21.953+0000] {logging_mixin.py:188} INFO - Scraping Page 6 for Samsung Galaxy F06 5G (Bahama Blue, 128 GB)  (6 GB RAM)...
[2025-07-29T06:32:24.536+0000] {logging_mixin.py:188} INFO - Scraping Page 7 for Samsung Galaxy F06 5G (Bahama Blue, 128 GB)  (6 GB RAM)...
[2025-07-29T06:32:27.074+0000] {logging_mixin.py:188} INFO - Scraping Page 8 for Samsung Galaxy F06 5G (Bahama Blue, 128 GB)  (6 GB RAM)...
[2025-07-29T06:32:29.605+0000] {logging_mixin.py:188} INFO - Scraping Page 9 for Samsung Galaxy F06 5G (Bahama Blue, 128 GB)  (6 GB RAM)...
[2025-07-29T06:32:32.147+0000] {logging_mixin.py:188} INFO - Scraping Page 10 for Samsung Galaxy F06 5G (Bahama Blue, 128 GB)  (6 GB RAM)...
[2025-07-29T06:32:34.706+0000] {logging_mixin.py:188} INFO - Scraping Page 11 for Samsung Galaxy F06 5G (Bahama Blue, 128 GB)  (6 GB RAM)...
[2025-07-29T06:32:37.294+0000] {logging_mixin.py:188} INFO - Scraping Page 12 for Samsung Galaxy F06 5G (Bahama Blue, 128 GB)  (6 GB RAM)...
[2025-07-29T06:32:39.822+0000] {logging_mixin.py:188} INFO - Scraping Page 13 for Samsung Galaxy F06 5G (Bahama Blue, 128 GB)  (6 GB RAM)...
[2025-07-29T06:32:42.345+0000] {logging_mixin.py:188} INFO - Scraping Page 14 for Samsung Galaxy F06 5G (Bahama Blue, 128 GB)  (6 GB RAM)...
[2025-07-29T06:32:44.864+0000] {logging_mixin.py:188} INFO - Scraping Page 15 for Samsung Galaxy F06 5G (Bahama Blue, 128 GB)  (6 GB RAM)...
[2025-07-29T06:32:47.478+0000] {logging_mixin.py:188} INFO - Scraping Page 16 for Samsung Galaxy F06 5G (Bahama Blue, 128 GB)  (6 GB RAM)...
[2025-07-29T06:32:49.927+0000] {logging_mixin.py:188} INFO - Scraping Page 17 for Samsung Galaxy F06 5G (Bahama Blue, 128 GB)  (6 GB RAM)...
[2025-07-29T06:32:52.471+0000] {logging_mixin.py:188} INFO - Scraping Page 18 for Samsung Galaxy F06 5G (Bahama Blue, 128 GB)  (6 GB RAM)...
[2025-07-29T06:32:54.982+0000] {logging_mixin.py:188} INFO - Scraping Page 19 for Samsung Galaxy F06 5G (Bahama Blue, 128 GB)  (6 GB RAM)...
[2025-07-29T06:32:57.791+0000] {logging_mixin.py:188} INFO - Scraping Page 20 for Samsung Galaxy F06 5G (Bahama Blue, 128 GB)  (6 GB RAM)...
[2025-07-29T06:33:00.315+0000] {logging_mixin.py:188} INFO - Scraping Page 21 for Samsung Galaxy F06 5G (Bahama Blue, 128 GB)  (6 GB RAM)...
[2025-07-29T06:33:02.847+0000] {logging_mixin.py:188} INFO - Scraping Page 22 for Samsung Galaxy F06 5G (Bahama Blue, 128 GB)  (6 GB RAM)...
[2025-07-29T06:33:05.294+0000] {logging_mixin.py:188} INFO - Scraping Page 23 for Samsung Galaxy F06 5G (Bahama Blue, 128 GB)  (6 GB RAM)...
[2025-07-29T06:33:07.872+0000] {logging_mixin.py:188} INFO - Scraping Page 24 for Samsung Galaxy F06 5G (Bahama Blue, 128 GB)  (6 GB RAM)...
[2025-07-29T06:33:10.376+0000] {logging_mixin.py:188} INFO - Scraping Page 25 for Samsung Galaxy F06 5G (Bahama Blue, 128 GB)  (6 GB RAM)...
[2025-07-29T06:33:12.950+0000] {logging_mixin.py:188} INFO - Scraping Page 26 for Samsung Galaxy F06 5G (Bahama Blue, 128 GB)  (6 GB RAM)...
[2025-07-29T06:33:15.393+0000] {logging_mixin.py:188} INFO - Scraping Page 27 for Samsung Galaxy F06 5G (Bahama Blue, 128 GB)  (6 GB RAM)...
[2025-07-29T06:33:17.839+0000] {logging_mixin.py:188} INFO - Scraping Page 28 for Samsung Galaxy F06 5G (Bahama Blue, 128 GB)  (6 GB RAM)...
[2025-07-29T06:33:20.424+0000] {logging_mixin.py:188} INFO - Scraping Page 29 for Samsung Galaxy F06 5G (Bahama Blue, 128 GB)  (6 GB RAM)...
[2025-07-29T06:33:22.963+0000] {logging_mixin.py:188} INFO - Scraping Page 30 for Samsung Galaxy F06 5G (Bahama Blue, 128 GB)  (6 GB RAM)...
[2025-07-29T06:33:25.486+0000] {logging_mixin.py:188} INFO - Scraping Page 31 for Samsung Galaxy F06 5G (Bahama Blue, 128 GB)  (6 GB RAM)...
[2025-07-29T06:33:27.970+0000] {logging_mixin.py:188} INFO - Scraping Page 32 for Samsung Galaxy F06 5G (Bahama Blue, 128 GB)  (6 GB RAM)...
[2025-07-29T06:33:30.818+0000] {logging_mixin.py:188} INFO - Scraping Page 33 for Samsung Galaxy F06 5G (Bahama Blue, 128 GB)  (6 GB RAM)...
[2025-07-29T06:33:33.393+0000] {logging_mixin.py:188} INFO - Scraping Page 34 for Samsung Galaxy F06 5G (Bahama Blue, 128 GB)  (6 GB RAM)...
[2025-07-29T06:33:35.994+0000] {logging_mixin.py:188} INFO - Scraping Page 35 for Samsung Galaxy F06 5G (Bahama Blue, 128 GB)  (6 GB RAM)...
[2025-07-29T06:33:38.473+0000] {logging_mixin.py:188} INFO - Scraping Page 36 for Samsung Galaxy F06 5G (Bahama Blue, 128 GB)  (6 GB RAM)...
[2025-07-29T06:33:40.969+0000] {logging_mixin.py:188} INFO - Scraping Page 37 for Samsung Galaxy F06 5G (Bahama Blue, 128 GB)  (6 GB RAM)...
[2025-07-29T06:33:43.545+0000] {logging_mixin.py:188} INFO - Scraping Page 38 for Samsung Galaxy F06 5G (Bahama Blue, 128 GB)  (6 GB RAM)...
[2025-07-29T06:33:46.250+0000] {logging_mixin.py:188} INFO - Scraping Page 39 for Samsung Galaxy F06 5G (Bahama Blue, 128 GB)  (6 GB RAM)...
[2025-07-29T06:33:48.747+0000] {logging_mixin.py:188} INFO - Scraping Page 40 for Samsung Galaxy F06 5G (Bahama Blue, 128 GB)  (6 GB RAM)...
[2025-07-29T06:33:51.485+0000] {logging_mixin.py:188} INFO - Scraping Page 41 for Samsung Galaxy F06 5G (Bahama Blue, 128 GB)  (6 GB RAM)...
[2025-07-29T06:33:54.202+0000] {logging_mixin.py:188} INFO - Scraping Page 42 for Samsung Galaxy F06 5G (Bahama Blue, 128 GB)  (6 GB RAM)...
[2025-07-29T06:33:56.713+0000] {logging_mixin.py:188} INFO - Scraping Page 43 for Samsung Galaxy F06 5G (Bahama Blue, 128 GB)  (6 GB RAM)...
[2025-07-29T06:33:59.291+0000] {logging_mixin.py:188} INFO - Scraping Page 44 for Samsung Galaxy F06 5G (Bahama Blue, 128 GB)  (6 GB RAM)...
[2025-07-29T06:34:01.786+0000] {logging_mixin.py:188} INFO - Scraping Page 45 for Samsung Galaxy F06 5G (Bahama Blue, 128 GB)  (6 GB RAM)...
[2025-07-29T06:34:04.405+0000] {logging_mixin.py:188} INFO - Scraping Page 46 for Samsung Galaxy F06 5G (Bahama Blue, 128 GB)  (6 GB RAM)...
[2025-07-29T06:34:06.987+0000] {logging_mixin.py:188} INFO - Scraping Page 47 for Samsung Galaxy F06 5G (Bahama Blue, 128 GB)  (6 GB RAM)...
[2025-07-29T06:34:09.449+0000] {logging_mixin.py:188} INFO - Scraping Page 48 for Samsung Galaxy F06 5G (Bahama Blue, 128 GB)  (6 GB RAM)...
[2025-07-29T06:34:11.903+0000] {logging_mixin.py:188} INFO - Scraping Page 49 for Samsung Galaxy F06 5G (Bahama Blue, 128 GB)  (6 GB RAM)...
[2025-07-29T06:34:14.374+0000] {logging_mixin.py:188} INFO - Scraping Page 50 for Samsung Galaxy F06 5G (Bahama Blue, 128 GB)  (6 GB RAM)...
[2025-07-29T06:34:17.014+0000] {logging_mixin.py:188} INFO - Scraping Page 51 for Samsung Galaxy F06 5G (Bahama Blue, 128 GB)  (6 GB RAM)...
[2025-07-29T06:34:19.739+0000] {logging_mixin.py:188} INFO - Scraping Page 52 for Samsung Galaxy F06 5G (Bahama Blue, 128 GB)  (6 GB RAM)...
[2025-07-29T06:34:22.278+0000] {logging_mixin.py:188} INFO - Scraping Page 53 for Samsung Galaxy F06 5G (Bahama Blue, 128 GB)  (6 GB RAM)...
[2025-07-29T06:34:34.490+0000] {logging_mixin.py:188} INFO - Saved 530 reviews to /opt/airflow/data/raw/Samsung_Galaxy_F06_5G_(Bahama_Blue,_128_GB)__(6_GB_RAM)_reviews.csv
[2025-07-29T06:34:34.670+0000] {logging_mixin.py:188} INFO - Processing 530 reviews from Samsung_Galaxy_F06_5G_(Bahama_Blue,_128_GB)__(6_GB_RAM)_reviews.csv...
[2025-07-29T06:34:34.873+0000] {logging_mixin.py:188} INFO - 
🗑️ Removed 0 duplicate reviews based on Review_ID.
[2025-07-29T06:34:34.922+0000] {logging_mixin.py:188} INFO - 
📁 Clean data saved: /opt/airflow/data/cleaned/Samsung_Galaxy_F06_5G_(Bahama_Blue,_128_GB)__(6_GB_RAM)_reviews_CLEANED.csv
[2025-07-29T06:34:34.923+0000] {logging_mixin.py:188} INFO - 📊 Final shape: (530, 10)
[2025-07-29T06:34:34.924+0000] {logging_mixin.py:188} INFO - Preparing to write /opt/airflow/data/cleaned/Samsung_Galaxy_F06_5G_(Bahama_Blue,_128_GB)__(6_GB_RAM)_reviews_CLEANED.csv to PostgreSQL table 'flipkart_reviewer_data'...
[2025-07-29T06:34:37.464+0000] {logging_mixin.py:188} INFO - ✅ Successfully appended 530 rows to table 'flipkart_reviewer_data'.
[2025-07-29T06:34:37.465+0000] {logging_mixin.py:188} INFO - --- Starting sequential processing for: https://www.flipkart.com/samsung-galaxy-a35-5g-awesome-navy-256-gb/p/itm2d2e398127998?pid=MOBGYT2HEEYGMZFH&lid=LSTMOBGYT2HEEYGMZFH3U1TOF&marketplace=FLIPKART&q=samsung+smart+phones&store=tyy%2F4io&srno=s_1_4&otracker=search&otracker1=search&fm=Search&iid=dcbefbbe-6b57-4c6a-833b-d09682ea1ccd.MOBGYT2HEEYGMZFH.SEARCH&ppt=sp&ppn=sp&ssid=jptywgea800000001753735370995&qH=fa7a2885ee123978 ---
[2025-07-29T06:34:37.466+0000] {logging_mixin.py:188} INFO - Initializing WebDriver...
[2025-07-29T06:34:46.220+0000] {logging_mixin.py:188} INFO - Extracted - Phone: Samsung Galaxy A35 5G (Awesome Navy, 256 GB)  (8 GB RAM), Price: ₹21,999
[2025-07-29T06:34:49.474+0000] {logging_mixin.py:188} INFO - Scraping Page 1 for Samsung Galaxy A35 5G (Awesome Navy, 256 GB)  (8 GB RAM)...
[2025-07-29T06:34:52.125+0000] {logging_mixin.py:188} INFO - Scraping Page 2 for Samsung Galaxy A35 5G (Awesome Navy, 256 GB)  (8 GB RAM)...
[2025-07-29T06:34:54.864+0000] {logging_mixin.py:188} INFO - Scraping Page 3 for Samsung Galaxy A35 5G (Awesome Navy, 256 GB)  (8 GB RAM)...
[2025-07-29T06:34:57.490+0000] {logging_mixin.py:188} INFO - Scraping Page 4 for Samsung Galaxy A35 5G (Awesome Navy, 256 GB)  (8 GB RAM)...
[2025-07-29T06:35:00.120+0000] {logging_mixin.py:188} INFO - Scraping Page 5 for Samsung Galaxy A35 5G (Awesome Navy, 256 GB)  (8 GB RAM)...
[2025-07-29T06:35:02.755+0000] {logging_mixin.py:188} INFO - Scraping Page 6 for Samsung Galaxy A35 5G (Awesome Navy, 256 GB)  (8 GB RAM)...
[2025-07-29T06:35:05.406+0000] {logging_mixin.py:188} INFO - Scraping Page 7 for Samsung Galaxy A35 5G (Awesome Navy, 256 GB)  (8 GB RAM)...
[2025-07-29T06:35:08.039+0000] {logging_mixin.py:188} INFO - Scraping Page 8 for Samsung Galaxy A35 5G (Awesome Navy, 256 GB)  (8 GB RAM)...
[2025-07-29T06:35:10.695+0000] {logging_mixin.py:188} INFO - Scraping Page 9 for Samsung Galaxy A35 5G (Awesome Navy, 256 GB)  (8 GB RAM)...
[2025-07-29T06:35:13.296+0000] {logging_mixin.py:188} INFO - Scraping Page 10 for Samsung Galaxy A35 5G (Awesome Navy, 256 GB)  (8 GB RAM)...
[2025-07-29T06:35:15.904+0000] {logging_mixin.py:188} INFO - Scraping Page 11 for Samsung Galaxy A35 5G (Awesome Navy, 256 GB)  (8 GB RAM)...
[2025-07-29T06:35:18.796+0000] {logging_mixin.py:188} INFO - Scraping Page 12 for Samsung Galaxy A35 5G (Awesome Navy, 256 GB)  (8 GB RAM)...
[2025-07-29T06:35:21.388+0000] {logging_mixin.py:188} INFO - Scraping Page 13 for Samsung Galaxy A35 5G (Awesome Navy, 256 GB)  (8 GB RAM)...
[2025-07-29T06:35:24.082+0000] {logging_mixin.py:188} INFO - Scraping Page 14 for Samsung Galaxy A35 5G (Awesome Navy, 256 GB)  (8 GB RAM)...
[2025-07-29T06:35:26.999+0000] {logging_mixin.py:188} INFO - Scraping Page 15 for Samsung Galaxy A35 5G (Awesome Navy, 256 GB)  (8 GB RAM)...
[2025-07-29T06:35:29.585+0000] {logging_mixin.py:188} INFO - Scraping Page 16 for Samsung Galaxy A35 5G (Awesome Navy, 256 GB)  (8 GB RAM)...
[2025-07-29T06:35:32.169+0000] {logging_mixin.py:188} INFO - Scraping Page 17 for Samsung Galaxy A35 5G (Awesome Navy, 256 GB)  (8 GB RAM)...
[2025-07-29T06:35:34.766+0000] {logging_mixin.py:188} INFO - Scraping Page 18 for Samsung Galaxy A35 5G (Awesome Navy, 256 GB)  (8 GB RAM)...
[2025-07-29T06:35:37.351+0000] {logging_mixin.py:188} INFO - Scraping Page 19 for Samsung Galaxy A35 5G (Awesome Navy, 256 GB)  (8 GB RAM)...
[2025-07-29T06:35:39.994+0000] {logging_mixin.py:188} INFO - Scraping Page 20 for Samsung Galaxy A35 5G (Awesome Navy, 256 GB)  (8 GB RAM)...
[2025-07-29T06:35:42.626+0000] {logging_mixin.py:188} INFO - Scraping Page 21 for Samsung Galaxy A35 5G (Awesome Navy, 256 GB)  (8 GB RAM)...
[2025-07-29T06:35:53.352+0000] {logging_mixin.py:188} INFO - Scraping Page 22 for Samsung Galaxy A35 5G (Awesome Navy, 256 GB)  (8 GB RAM)...
[2025-07-29T06:35:56.942+0000] {logging_mixin.py:188} INFO - Scraping Page 23 for Samsung Galaxy A35 5G (Awesome Navy, 256 GB)  (8 GB RAM)...
[2025-07-29T06:36:01.017+0000] {logging_mixin.py:188} INFO - Scraping Page 24 for Samsung Galaxy A35 5G (Awesome Navy, 256 GB)  (8 GB RAM)...
[2025-07-29T06:36:05.321+0000] {logging_mixin.py:188} INFO - Scraping Page 25 for Samsung Galaxy A35 5G (Awesome Navy, 256 GB)  (8 GB RAM)...
[2025-07-29T06:36:08.492+0000] {logging_mixin.py:188} INFO - Scraping Page 26 for Samsung Galaxy A35 5G (Awesome Navy, 256 GB)  (8 GB RAM)...
[2025-07-29T06:36:12.201+0000] {logging_mixin.py:188} INFO - Scraping Page 27 for Samsung Galaxy A35 5G (Awesome Navy, 256 GB)  (8 GB RAM)...
[2025-07-29T06:36:16.140+0000] {logging_mixin.py:188} INFO - Scraping Page 28 for Samsung Galaxy A35 5G (Awesome Navy, 256 GB)  (8 GB RAM)...
[2025-07-29T06:36:19.556+0000] {logging_mixin.py:188} INFO - Scraping Page 29 for Samsung Galaxy A35 5G (Awesome Navy, 256 GB)  (8 GB RAM)...
[2025-07-29T06:36:23.782+0000] {logging_mixin.py:188} INFO - Scraping Page 30 for Samsung Galaxy A35 5G (Awesome Navy, 256 GB)  (8 GB RAM)...
[2025-07-29T06:36:28.176+0000] {logging_mixin.py:188} INFO - Scraping Page 31 for Samsung Galaxy A35 5G (Awesome Navy, 256 GB)  (8 GB RAM)...
[2025-07-29T06:36:31.789+0000] {logging_mixin.py:188} INFO - Scraping Page 32 for Samsung Galaxy A35 5G (Awesome Navy, 256 GB)  (8 GB RAM)...
[2025-07-29T06:36:37.356+0000] {logging_mixin.py:188} INFO - Scraping Page 33 for Samsung Galaxy A35 5G (Awesome Navy, 256 GB)  (8 GB RAM)...
[2025-07-29T06:36:40.403+0000] {logging_mixin.py:188} INFO - Scraping Page 34 for Samsung Galaxy A35 5G (Awesome Navy, 256 GB)  (8 GB RAM)...
[2025-07-29T06:36:44.560+0000] {logging_mixin.py:188} INFO - Scraping Page 35 for Samsung Galaxy A35 5G (Awesome Navy, 256 GB)  (8 GB RAM)...
[2025-07-29T06:36:47.275+0000] {logging_mixin.py:188} INFO - Scraping Page 36 for Samsung Galaxy A35 5G (Awesome Navy, 256 GB)  (8 GB RAM)...
[2025-07-29T06:36:50.478+0000] {logging_mixin.py:188} INFO - Scraping Page 37 for Samsung Galaxy A35 5G (Awesome Navy, 256 GB)  (8 GB RAM)...
[2025-07-29T06:36:53.033+0000] {logging_mixin.py:188} INFO - Scraping Page 38 for Samsung Galaxy A35 5G (Awesome Navy, 256 GB)  (8 GB RAM)...
[2025-07-29T06:36:55.650+0000] {logging_mixin.py:188} INFO - Scraping Page 39 for Samsung Galaxy A35 5G (Awesome Navy, 256 GB)  (8 GB RAM)...
[2025-07-29T06:36:58.243+0000] {logging_mixin.py:188} INFO - Scraping Page 40 for Samsung Galaxy A35 5G (Awesome Navy, 256 GB)  (8 GB RAM)...
[2025-07-29T06:37:00.864+0000] {logging_mixin.py:188} INFO - Scraping Page 41 for Samsung Galaxy A35 5G (Awesome Navy, 256 GB)  (8 GB RAM)...
[2025-07-29T06:37:03.559+0000] {logging_mixin.py:188} INFO - Scraping Page 42 for Samsung Galaxy A35 5G (Awesome Navy, 256 GB)  (8 GB RAM)...
[2025-07-29T06:37:06.160+0000] {logging_mixin.py:188} INFO - Scraping Page 43 for Samsung Galaxy A35 5G (Awesome Navy, 256 GB)  (8 GB RAM)...
[2025-07-29T06:37:09.165+0000] {logging_mixin.py:188} INFO - Scraping Page 44 for Samsung Galaxy A35 5G (Awesome Navy, 256 GB)  (8 GB RAM)...
[2025-07-29T06:37:11.943+0000] {logging_mixin.py:188} INFO - Scraping Page 45 for Samsung Galaxy A35 5G (Awesome Navy, 256 GB)  (8 GB RAM)...
[2025-07-29T06:37:14.617+0000] {logging_mixin.py:188} INFO - Scraping Page 46 for Samsung Galaxy A35 5G (Awesome Navy, 256 GB)  (8 GB RAM)...
[2025-07-29T06:37:17.660+0000] {logging_mixin.py:188} INFO - Scraping Page 47 for Samsung Galaxy A35 5G (Awesome Navy, 256 GB)  (8 GB RAM)...
[2025-07-29T06:37:20.323+0000] {logging_mixin.py:188} INFO - Scraping Page 48 for Samsung Galaxy A35 5G (Awesome Navy, 256 GB)  (8 GB RAM)...
[2025-07-29T06:37:22.989+0000] {logging_mixin.py:188} INFO - Scraping Page 49 for Samsung Galaxy A35 5G (Awesome Navy, 256 GB)  (8 GB RAM)...
[2025-07-29T06:37:25.654+0000] {logging_mixin.py:188} INFO - Scraping Page 50 for Samsung Galaxy A35 5G (Awesome Navy, 256 GB)  (8 GB RAM)...
[2025-07-29T06:37:28.262+0000] {logging_mixin.py:188} INFO - Scraping Page 51 for Samsung Galaxy A35 5G (Awesome Navy, 256 GB)  (8 GB RAM)...
[2025-07-29T06:37:30.907+0000] {logging_mixin.py:188} INFO - Scraping Page 52 for Samsung Galaxy A35 5G (Awesome Navy, 256 GB)  (8 GB RAM)...
[2025-07-29T06:37:33.810+0000] {logging_mixin.py:188} INFO - Scraping Page 53 for Samsung Galaxy A35 5G (Awesome Navy, 256 GB)  (8 GB RAM)...
[2025-07-29T06:37:36.558+0000] {logging_mixin.py:188} INFO - Scraping Page 54 for Samsung Galaxy A35 5G (Awesome Navy, 256 GB)  (8 GB RAM)...
[2025-07-29T06:37:39.511+0000] {logging_mixin.py:188} INFO - Scraping Page 55 for Samsung Galaxy A35 5G (Awesome Navy, 256 GB)  (8 GB RAM)...
[2025-07-29T06:37:42.144+0000] {logging_mixin.py:188} INFO - Scraping Page 56 for Samsung Galaxy A35 5G (Awesome Navy, 256 GB)  (8 GB RAM)...
[2025-07-29T06:37:44.783+0000] {logging_mixin.py:188} INFO - Scraping Page 57 for Samsung Galaxy A35 5G (Awesome Navy, 256 GB)  (8 GB RAM)...
[2025-07-29T06:37:47.344+0000] {logging_mixin.py:188} INFO - Scraping Page 58 for Samsung Galaxy A35 5G (Awesome Navy, 256 GB)  (8 GB RAM)...
[2025-07-29T06:37:49.941+0000] {logging_mixin.py:188} INFO - Scraping Page 59 for Samsung Galaxy A35 5G (Awesome Navy, 256 GB)  (8 GB RAM)...
[2025-07-29T06:37:52.716+0000] {logging_mixin.py:188} INFO - Scraping Page 60 for Samsung Galaxy A35 5G (Awesome Navy, 256 GB)  (8 GB RAM)...
[2025-07-29T06:37:55.395+0000] {logging_mixin.py:188} INFO - Scraping Page 61 for Samsung Galaxy A35 5G (Awesome Navy, 256 GB)  (8 GB RAM)...
[2025-07-29T06:37:58.097+0000] {logging_mixin.py:188} INFO - Scraping Page 62 for Samsung Galaxy A35 5G (Awesome Navy, 256 GB)  (8 GB RAM)...
[2025-07-29T06:38:00.707+0000] {logging_mixin.py:188} INFO - Scraping Page 63 for Samsung Galaxy A35 5G (Awesome Navy, 256 GB)  (8 GB RAM)...
[2025-07-29T06:38:03.362+0000] {logging_mixin.py:188} INFO - Scraping Page 64 for Samsung Galaxy A35 5G (Awesome Navy, 256 GB)  (8 GB RAM)...
[2025-07-29T06:38:05.944+0000] {logging_mixin.py:188} INFO - Scraping Page 65 for Samsung Galaxy A35 5G (Awesome Navy, 256 GB)  (8 GB RAM)...
[2025-07-29T06:38:08.549+0000] {logging_mixin.py:188} INFO - Scraping Page 66 for Samsung Galaxy A35 5G (Awesome Navy, 256 GB)  (8 GB RAM)...
[2025-07-29T06:38:11.201+0000] {logging_mixin.py:188} INFO - Scraping Page 67 for Samsung Galaxy A35 5G (Awesome Navy, 256 GB)  (8 GB RAM)...
[2025-07-29T06:38:13.778+0000] {logging_mixin.py:188} INFO - Scraping Page 68 for Samsung Galaxy A35 5G (Awesome Navy, 256 GB)  (8 GB RAM)...
[2025-07-29T06:38:16.534+0000] {logging_mixin.py:188} INFO - Scraping Page 69 for Samsung Galaxy A35 5G (Awesome Navy, 256 GB)  (8 GB RAM)...
[2025-07-29T06:38:19.126+0000] {logging_mixin.py:188} INFO - Scraping Page 70 for Samsung Galaxy A35 5G (Awesome Navy, 256 GB)  (8 GB RAM)...
[2025-07-29T06:38:21.805+0000] {logging_mixin.py:188} INFO - Scraping Page 71 for Samsung Galaxy A35 5G (Awesome Navy, 256 GB)  (8 GB RAM)...
[2025-07-29T06:38:24.398+0000] {logging_mixin.py:188} INFO - Scraping Page 72 for Samsung Galaxy A35 5G (Awesome Navy, 256 GB)  (8 GB RAM)...
[2025-07-29T06:38:27.101+0000] {logging_mixin.py:188} INFO - Scraping Page 73 for Samsung Galaxy A35 5G (Awesome Navy, 256 GB)  (8 GB RAM)...
[2025-07-29T06:38:29.790+0000] {logging_mixin.py:188} INFO - Scraping Page 74 for Samsung Galaxy A35 5G (Awesome Navy, 256 GB)  (8 GB RAM)...
[2025-07-29T06:38:32.489+0000] {logging_mixin.py:188} INFO - Scraping Page 75 for Samsung Galaxy A35 5G (Awesome Navy, 256 GB)  (8 GB RAM)...
[2025-07-29T06:38:35.348+0000] {logging_mixin.py:188} INFO - Scraping Page 76 for Samsung Galaxy A35 5G (Awesome Navy, 256 GB)  (8 GB RAM)...
[2025-07-29T06:38:38.050+0000] {logging_mixin.py:188} INFO - Scraping Page 77 for Samsung Galaxy A35 5G (Awesome Navy, 256 GB)  (8 GB RAM)...
[2025-07-29T06:38:40.787+0000] {logging_mixin.py:188} INFO - Scraping Page 78 for Samsung Galaxy A35 5G (Awesome Navy, 256 GB)  (8 GB RAM)...
[2025-07-29T06:38:43.374+0000] {logging_mixin.py:188} INFO - Scraping Page 79 for Samsung Galaxy A35 5G (Awesome Navy, 256 GB)  (8 GB RAM)...
[2025-07-29T06:38:45.985+0000] {logging_mixin.py:188} INFO - Scraping Page 80 for Samsung Galaxy A35 5G (Awesome Navy, 256 GB)  (8 GB RAM)...
[2025-07-29T06:38:48.639+0000] {logging_mixin.py:188} INFO - Scraping Page 81 for Samsung Galaxy A35 5G (Awesome Navy, 256 GB)  (8 GB RAM)...
[2025-07-29T06:38:51.819+0000] {logging_mixin.py:188} INFO - Scraping Page 82 for Samsung Galaxy A35 5G (Awesome Navy, 256 GB)  (8 GB RAM)...
[2025-07-29T06:38:54.545+0000] {logging_mixin.py:188} INFO - Scraping Page 83 for Samsung Galaxy A35 5G (Awesome Navy, 256 GB)  (8 GB RAM)...
[2025-07-29T06:38:57.151+0000] {logging_mixin.py:188} INFO - Scraping Page 84 for Samsung Galaxy A35 5G (Awesome Navy, 256 GB)  (8 GB RAM)...
[2025-07-29T06:38:59.818+0000] {logging_mixin.py:188} INFO - Scraping Page 85 for Samsung Galaxy A35 5G (Awesome Navy, 256 GB)  (8 GB RAM)...
[2025-07-29T06:39:02.959+0000] {logging_mixin.py:188} INFO - Scraping Page 86 for Samsung Galaxy A35 5G (Awesome Navy, 256 GB)  (8 GB RAM)...
[2025-07-29T06:39:05.881+0000] {logging_mixin.py:188} INFO - Scraping Page 87 for Samsung Galaxy A35 5G (Awesome Navy, 256 GB)  (8 GB RAM)...
[2025-07-29T06:39:08.494+0000] {logging_mixin.py:188} INFO - Scraping Page 88 for Samsung Galaxy A35 5G (Awesome Navy, 256 GB)  (8 GB RAM)...
[2025-07-29T06:39:11.692+0000] {logging_mixin.py:188} INFO - Scraping Page 89 for Samsung Galaxy A35 5G (Awesome Navy, 256 GB)  (8 GB RAM)...
[2025-07-29T06:39:14.446+0000] {logging_mixin.py:188} INFO - Scraping Page 90 for Samsung Galaxy A35 5G (Awesome Navy, 256 GB)  (8 GB RAM)...
[2025-07-29T06:39:17.161+0000] {logging_mixin.py:188} INFO - Scraping Page 91 for Samsung Galaxy A35 5G (Awesome Navy, 256 GB)  (8 GB RAM)...
[2025-07-29T06:39:19.777+0000] {logging_mixin.py:188} INFO - Scraping Page 92 for Samsung Galaxy A35 5G (Awesome Navy, 256 GB)  (8 GB RAM)...
[2025-07-29T06:39:22.418+0000] {logging_mixin.py:188} INFO - Scraping Page 93 for Samsung Galaxy A35 5G (Awesome Navy, 256 GB)  (8 GB RAM)...
[2025-07-29T06:39:25.030+0000] {logging_mixin.py:188} INFO - Scraping Page 94 for Samsung Galaxy A35 5G (Awesome Navy, 256 GB)  (8 GB RAM)...
[2025-07-29T06:39:27.722+0000] {logging_mixin.py:188} INFO - Scraping Page 95 for Samsung Galaxy A35 5G (Awesome Navy, 256 GB)  (8 GB RAM)...
[2025-07-29T06:39:30.318+0000] {logging_mixin.py:188} INFO - Scraping Page 96 for Samsung Galaxy A35 5G (Awesome Navy, 256 GB)  (8 GB RAM)...
[2025-07-29T06:39:33.067+0000] {logging_mixin.py:188} INFO - Scraping Page 97 for Samsung Galaxy A35 5G (Awesome Navy, 256 GB)  (8 GB RAM)...
[2025-07-29T06:39:36.022+0000] {logging_mixin.py:188} INFO - Scraping Page 98 for Samsung Galaxy A35 5G (Awesome Navy, 256 GB)  (8 GB RAM)...
[2025-07-29T06:39:38.773+0000] {logging_mixin.py:188} INFO - Scraping Page 99 for Samsung Galaxy A35 5G (Awesome Navy, 256 GB)  (8 GB RAM)...
[2025-07-29T06:39:41.628+0000] {logging_mixin.py:188} INFO - Scraping Page 100 for Samsung Galaxy A35 5G (Awesome Navy, 256 GB)  (8 GB RAM)...
[2025-07-29T06:39:44.375+0000] {logging_mixin.py:188} INFO - Scraping Page 101 for Samsung Galaxy A35 5G (Awesome Navy, 256 GB)  (8 GB RAM)...
[2025-07-29T06:39:47.438+0000] {logging_mixin.py:188} INFO - Scraping Page 102 for Samsung Galaxy A35 5G (Awesome Navy, 256 GB)  (8 GB RAM)...
[2025-07-29T06:39:50.099+0000] {logging_mixin.py:188} INFO - Scraping Page 103 for Samsung Galaxy A35 5G (Awesome Navy, 256 GB)  (8 GB RAM)...
[2025-07-29T06:39:52.765+0000] {logging_mixin.py:188} INFO - Scraping Page 104 for Samsung Galaxy A35 5G (Awesome Navy, 256 GB)  (8 GB RAM)...
[2025-07-29T06:39:55.435+0000] {logging_mixin.py:188} INFO - Scraping Page 105 for Samsung Galaxy A35 5G (Awesome Navy, 256 GB)  (8 GB RAM)...
[2025-07-29T06:39:58.495+0000] {logging_mixin.py:188} INFO - Scraping Page 106 for Samsung Galaxy A35 5G (Awesome Navy, 256 GB)  (8 GB RAM)...
[2025-07-29T06:40:01.090+0000] {logging_mixin.py:188} INFO - Scraping Page 107 for Samsung Galaxy A35 5G (Awesome Navy, 256 GB)  (8 GB RAM)...
[2025-07-29T06:40:03.685+0000] {logging_mixin.py:188} INFO - Scraping Page 108 for Samsung Galaxy A35 5G (Awesome Navy, 256 GB)  (8 GB RAM)...
[2025-07-29T06:40:06.498+0000] {logging_mixin.py:188} INFO - Scraping Page 109 for Samsung Galaxy A35 5G (Awesome Navy, 256 GB)  (8 GB RAM)...
[2025-07-29T06:40:09.181+0000] {logging_mixin.py:188} INFO - Scraping Page 110 for Samsung Galaxy A35 5G (Awesome Navy, 256 GB)  (8 GB RAM)...
[2025-07-29T06:40:12.115+0000] {logging_mixin.py:188} INFO - Scraping Page 111 for Samsung Galaxy A35 5G (Awesome Navy, 256 GB)  (8 GB RAM)...
[2025-07-29T06:40:14.923+0000] {logging_mixin.py:188} INFO - Scraping Page 112 for Samsung Galaxy A35 5G (Awesome Navy, 256 GB)  (8 GB RAM)...
[2025-07-29T06:40:17.561+0000] {logging_mixin.py:188} INFO - Scraping Page 113 for Samsung Galaxy A35 5G (Awesome Navy, 256 GB)  (8 GB RAM)...
[2025-07-29T06:40:20.440+0000] {logging_mixin.py:188} INFO - Scraping Page 114 for Samsung Galaxy A35 5G (Awesome Navy, 256 GB)  (8 GB RAM)...
[2025-07-29T06:40:23.126+0000] {logging_mixin.py:188} INFO - Scraping Page 115 for Samsung Galaxy A35 5G (Awesome Navy, 256 GB)  (8 GB RAM)...
[2025-07-29T06:40:26.385+0000] {logging_mixin.py:188} INFO - An error occurred while scraping https://www.flipkart.com/samsung-galaxy-a35-5g-awesome-navy-256-gb/p/itm2d2e398127998?pid=MOBGYT2HEEYGMZFH&lid=LSTMOBGYT2HEEYGMZFH3U1TOF&marketplace=FLIPKART&q=samsung+smart+phones&store=tyy%2F4io&srno=s_1_4&otracker=search&otracker1=search&fm=Search&iid=dcbefbbe-6b57-4c6a-833b-d09682ea1ccd.MOBGYT2HEEYGMZFH.SEARCH&ppt=sp&ppn=sp&ssid=jptywgea800000001753735370995&qH=fa7a2885ee123978: Message: element click intercepted: Element <a class="_9QVEpD" href="/samsung-galaxy-a35-5g-awesome-navy-256-gb/product-reviews/itm2d2e398127998?pid=MOBGYT2HEEYGMZFH&amp;lid=LSTMOBGYT2HEEYGMZFH3U1TOF&amp;marketplace=FLIPKART&amp;page=116">...</a> is not clickable at point (723, 461). Other element would receive the click: <div class="H30l+S h-JV4l">...</div>
  (Session info: chrome=138.0.7204.168); For documentation on this error, please visit: https://www.selenium.dev/documentation/webdriver/troubleshooting/errors#elementclickinterceptedexception
Stacktrace:
#0 0x60beccd5b70e <unknown>
#1 0x60becc7f7a51 <unknown>
#2 0x60becc848701 <unknown>
#3 0x60becc846cb9 <unknown>
#4 0x60becc844851 <unknown>
#5 0x60becc843fe3 <unknown>
#6 0x60becc83891a <unknown>
#7 0x60becc865ff2 <unknown>
#8 0x60becc8380fd <unknown>
#9 0x60becc8661be <unknown>
#10 0x60becc885444 <unknown>
#11 0x60becc865dc3 <unknown>
#12 0x60becc836959 <unknown>
#13 0x60becc8374c1 <unknown>
#14 0x60beccd278aa <unknown>
#15 0x60beccd2ac11 <unknown>
#16 0x60beccd2a6a8 <unknown>
#17 0x60beccd2b0b5 <unknown>
#18 0x60beccd1134c <unknown>
#19 0x60beccd2b421 <unknown>
#20 0x60becccf9e2a <unknown>
#21 0x60beccd49855 <unknown>
#22 0x60beccd49a4e <unknown>
#23 0x60beccd5a9f5 <unknown>
#24 0x7e6cd104e134 <unknown>
[2025-07-29T06:40:26.729+0000] {python.py:237} INFO - Done. Returned value was: None
[2025-07-29T06:40:26.731+0000] {taskinstance.py:441} INFO - ::group::Post task execution logs
[2025-07-29T06:40:30.607+0000] {taskinstance.py:1206} INFO - Marking task as SUCCESS. dag_id=sequential_scraping_pipeline, task_id=process_urls_sequentially, run_id=manual__2025-07-29T06:26:15.208910+00:00, execution_date=20250729T062615, start_date=20250729T062700, end_date=20250729T064030
[2025-07-29T06:40:32.017+0000] {local_task_job_runner.py:243} INFO - Task exited with return code 0
[2025-07-29T06:40:34.559+0000] {taskinstance.py:3503} INFO - 0 downstream tasks scheduled from follow-on schedule check
[2025-07-29T06:40:34.663+0000] {local_task_job_runner.py:222} INFO - ::endgroup::
