[2025-07-27T10:13:54.465+0000] {local_task_job_runner.py:120} INFO - ::group::Pre task execution logs
[2025-07-27T10:13:55.159+0000] {taskinstance.py:2076} INFO - Dependencies all met for dep_context=non-requeueable deps ti=<TaskInstance: example_branch_operator.branching_ext_python scheduled__2025-07-26T00:00:00+00:00 [queued]>
[2025-07-27T10:13:55.219+0000] {taskinstance.py:2076} INFO - Dependencies all met for dep_context=requeueable deps ti=<TaskInstance: example_branch_operator.branching_ext_python scheduled__2025-07-26T00:00:00+00:00 [queued]>
[2025-07-27T10:13:55.221+0000] {taskinstance.py:2306} INFO - Starting attempt 1 of 1
[2025-07-27T10:13:55.264+0000] {taskinstance.py:2330} INFO - Executing <Task(BranchExternalPythonOperator): branching_ext_python> on 2025-07-26 00:00:00+00:00
[2025-07-27T10:13:55.330+0000] {logging_mixin.py:188} WARNING - /home/***/.local/lib/python3.12/site-packages/***/task/task_runner/standard_task_runner.py:62 DeprecationWarning: This process (pid=617) is multi-threaded, use of fork() may lead to deadlocks in the child.
[2025-07-27T10:13:55.349+0000] {standard_task_runner.py:64} INFO - Started process 737 to run task
[2025-07-27T10:13:55.319+0000] {standard_task_runner.py:90} INFO - Running: ['***', 'tasks', 'run', 'example_branch_operator', 'branching_ext_python', 'scheduled__2025-07-26T00:00:00+00:00', '--job-id', '54', '--raw', '--subdir', '/home/***/.local/lib/python3.12/site-packages/***/example_dags/example_branch_operator.py', '--cfg-path', '/tmp/tmpcb9b1e0j']
[2025-07-27T10:13:55.375+0000] {standard_task_runner.py:91} INFO - Job 54: Subtask branching_ext_python
[2025-07-27T10:13:55.497+0000] {logging_mixin.py:188} WARNING - /home/***/.local/lib/python3.12/site-packages/***/settings.py:195 DeprecationWarning: The sql_alchemy_conn option in [core] has been moved to the sql_alchemy_conn option in [database] - the old setting has been used, but please update your config.
[2025-07-27T10:13:56.025+0000] {task_command.py:426} INFO - Running <TaskInstance: example_branch_operator.branching_ext_python scheduled__2025-07-26T00:00:00+00:00 [running]> on host 4112a2618ff3
[2025-07-27T10:13:57.141+0000] {taskinstance.py:2648} INFO - Exporting env vars: AIRFLOW_CTX_DAG_OWNER='***' AIRFLOW_CTX_DAG_ID='example_branch_operator' AIRFLOW_CTX_TASK_ID='branching_ext_python' AIRFLOW_CTX_EXECUTION_DATE='2025-07-26T00:00:00+00:00' AIRFLOW_CTX_TRY_NUMBER='1' AIRFLOW_CTX_DAG_RUN_ID='scheduled__2025-07-26T00:00:00+00:00'
[2025-07-27T10:13:57.173+0000] {taskinstance.py:430} INFO - ::endgroup::
[2025-07-27T10:13:57.188+0000] {baseoperator.py:400} WARNING - BranchExternalPythonOperator.execute cannot be called outside TaskInstance!
[2025-07-27T10:14:03.879+0000] {baseoperator.py:400} WARNING - BranchExternalPythonOperator.execute cannot be called outside TaskInstance!
[2025-07-27T10:14:04.963+0000] {process_utils.py:183} INFO - Executing cmd: /home/***/.local/bin/python /tmp/venv-call3h88a_cn/script.py /tmp/venv-call3h88a_cn/script.in /tmp/venv-call3h88a_cn/script.out /tmp/venv-call3h88a_cn/string_args.txt /tmp/venv-call3h88a_cn/termination.log
[2025-07-27T10:14:04.976+0000] {process_utils.py:187} INFO - Output:
[2025-07-27T10:14:36.026+0000] {process_utils.py:191} INFO - /home/***/.local/lib/python3.12/site-packages/***/configuration.py:815 DeprecationWarning: The sql_alchemy_conn option in [core] has been moved to the sql_alchemy_conn option in [database] - the old setting has been used, but please update your config.
[2025-07-27T10:14:36.045+0000] {process_utils.py:191} INFO - /home/***/.local/lib/python3.12/site-packages/***/configuration.py:741 DeprecationWarning: The sql_alchemy_conn option in [core] has been moved to the sql_alchemy_conn option in [database] - the old setting has been used, but please update your config.
[2025-07-27T10:14:36.096+0000] {process_utils.py:191} INFO - /home/***/.local/lib/python3.12/site-packages/***/settings.py:195 DeprecationWarning: The sql_alchemy_conn option in [core] has been moved to the sql_alchemy_conn option in [database] - the old setting has been used, but please update your config.
[2025-07-27T10:14:45.167+0000] {process_utils.py:191} INFO - /home/***/.local/lib/python3.12/site-packages/***/models/base.py:72 DeprecationWarning: The sql_alchemy_conn option in [core] has been moved to the sql_alchemy_conn option in [database] - the old setting has been used, but please update your config.
[2025-07-27T10:14:59.275+0000] {python.py:237} INFO - Done. Returned value was: ext_py_b
[2025-07-27T10:14:59.289+0000] {branch.py:36} INFO - Branch into ext_py_b
[2025-07-27T10:14:59.292+0000] {skipmixin.py:178} INFO - Following branch ext_py_b
[2025-07-27T10:14:59.695+0000] {skipmixin.py:246} INFO - Skipping tasks [('ext_py_d', -1), ('ext_py_c', -1), ('ext_py_a', -1)]
[2025-07-27T10:14:59.906+0000] {taskinstance.py:441} INFO - ::group::Post task execution logs
[2025-07-27T10:15:00.045+0000] {taskinstance.py:1206} INFO - Marking task as SUCCESS. dag_id=example_branch_operator, task_id=branching_ext_python, run_id=scheduled__2025-07-26T00:00:00+00:00, execution_date=20250726T000000, start_date=20250727T101355, end_date=20250727T101500
[2025-07-27T10:15:00.357+0000] {local_task_job_runner.py:243} INFO - Task exited with return code 0
[2025-07-27T10:15:00.903+0000] {taskinstance.py:3503} INFO - 1 downstream tasks scheduled from follow-on schedule check
[2025-07-27T10:15:00.936+0000] {local_task_job_runner.py:222} INFO - ::endgroup::
