[2025-07-29T12:05:39.584+0000] {local_task_job_runner.py:120} INFO - ::group::Pre task execution logs
[2025-07-29T12:05:43.489+0000] {taskinstance.py:2076} INFO - Dependencies all met for dep_context=non-requeueable deps ti=<TaskInstance: parallel_scraping_pipeline.scrape_task manual__2025-07-29T11:47:54.549432+00:00 map_index=4 [queued]>
[2025-07-29T12:05:45.068+0000] {taskinstance.py:2076} INFO - Dependencies all met for dep_context=requeueable deps ti=<TaskInstance: parallel_scraping_pipeline.scrape_task manual__2025-07-29T11:47:54.549432+00:00 map_index=4 [queued]>
[2025-07-29T12:05:45.069+0000] {taskinstance.py:2306} INFO - Starting attempt 1 of 1
[2025-07-29T12:05:45.908+0000] {taskinstance.py:2330} INFO - Executing <Mapped(_PythonDecoratedOperator): scrape_task> on 2025-07-29 11:47:54.549432+00:00
[2025-07-29T12:05:45.958+0000] {standard_task_runner.py:90} INFO - Running: ['airflow', 'tasks', 'run', 'parallel_scraping_pipeline', 'scrape_task', 'manual__2025-07-29T11:47:54.549432+00:00', '--job-id', '130', '--raw', '--subdir', 'DAGS_FOLDER/parallel_pipeline_dag.py', '--cfg-path', '/tmp/tmp31b6f5c4', '--map-index', '4']
[2025-07-29T12:05:45.959+0000] {logging_mixin.py:188} WARNING - /home/airflow/.local/lib/python3.12/site-packages/airflow/task/task_runner/standard_task_runner.py:62 DeprecationWarning: This process (pid=450) is multi-threaded, use of fork() may lead to deadlocks in the child.
[2025-07-29T12:05:45.964+0000] {standard_task_runner.py:91} INFO - Job 130: Subtask scrape_task
[2025-07-29T12:05:45.966+0000] {standard_task_runner.py:64} INFO - Started process 533 to run task
[2025-07-29T12:05:47.242+0000] {logging_mixin.py:188} WARNING - /home/airflow/.local/lib/python3.12/site-packages/airflow/settings.py:195 DeprecationWarning: The sql_alchemy_conn option in [core] has been moved to the sql_alchemy_conn option in [database] - the old setting has been used, but please update your config.
[2025-07-29T12:05:49.293+0000] {task_command.py:426} INFO - Running <TaskInstance: parallel_scraping_pipeline.scrape_task manual__2025-07-29T11:47:54.549432+00:00 map_index=4 [running]> on host da8a53e6d45e
[2025-07-29T12:05:54.768+0000] {taskinstance.py:2648} INFO - Exporting env vars: AIRFLOW_CTX_DAG_OWNER='airflow' AIRFLOW_CTX_DAG_ID='parallel_scraping_pipeline' AIRFLOW_CTX_TASK_ID='scrape_task' AIRFLOW_CTX_EXECUTION_DATE='2025-07-29T11:47:54.549432+00:00' AIRFLOW_CTX_TRY_NUMBER='1' AIRFLOW_CTX_DAG_RUN_ID='manual__2025-07-29T11:47:54.549432+00:00'
[2025-07-29T12:05:54.776+0000] {taskinstance.py:430} INFO - ::endgroup::
[2025-07-29T12:05:54.778+0000] {logging_mixin.py:188} INFO - Initializing Stealth WebDriver...
[2025-07-29T12:06:05.624+0000] {logging_mixin.py:188} INFO - Extracted - Phone: Samsung Galaxy A15 5G (Blue, 128 GB)  (6 GB RAM), Price: ₹15,499
[2025-07-29T12:06:10.936+0000] {logging_mixin.py:188} INFO - Scraping Page 1 for Samsung Galaxy A15 5G (Blue, 128 GB)  (6 GB RAM)...
[2025-07-29T12:06:14.466+0000] {logging_mixin.py:188} INFO - Scraping Page 2 for Samsung Galaxy A15 5G (Blue, 128 GB)  (6 GB RAM)...
[2025-07-29T12:06:17.420+0000] {logging_mixin.py:188} INFO - Scraping Page 3 for Samsung Galaxy A15 5G (Blue, 128 GB)  (6 GB RAM)...
[2025-07-29T12:06:20.451+0000] {logging_mixin.py:188} INFO - Scraping Page 4 for Samsung Galaxy A15 5G (Blue, 128 GB)  (6 GB RAM)...
[2025-07-29T12:06:24.017+0000] {logging_mixin.py:188} INFO - Scraping Page 5 for Samsung Galaxy A15 5G (Blue, 128 GB)  (6 GB RAM)...
[2025-07-29T12:06:26.932+0000] {logging_mixin.py:188} INFO - Scraping Page 6 for Samsung Galaxy A15 5G (Blue, 128 GB)  (6 GB RAM)...
[2025-07-29T12:06:30.309+0000] {logging_mixin.py:188} INFO - Scraping Page 7 for Samsung Galaxy A15 5G (Blue, 128 GB)  (6 GB RAM)...
[2025-07-29T12:06:34.753+0000] {logging_mixin.py:188} INFO - Scraping Page 8 for Samsung Galaxy A15 5G (Blue, 128 GB)  (6 GB RAM)...
[2025-07-29T12:06:38.128+0000] {logging_mixin.py:188} INFO - Scraping Page 9 for Samsung Galaxy A15 5G (Blue, 128 GB)  (6 GB RAM)...
[2025-07-29T12:06:41.018+0000] {logging_mixin.py:188} INFO - Scraping Page 10 for Samsung Galaxy A15 5G (Blue, 128 GB)  (6 GB RAM)...
[2025-07-29T12:06:52.238+0000] {logging_mixin.py:188} INFO - No 'Next' button found. Scraping complete.
[2025-07-29T12:06:52.290+0000] {logging_mixin.py:188} INFO - Saved 97 reviews to /opt/airflow/data/raw/Samsung_Galaxy_A15_5G_(Blue,_128_GB)__(6_GB_RAM)_reviews.csv
[2025-07-29T12:06:52.429+0000] {python.py:237} INFO - Done. Returned value was: /opt/airflow/data/raw/Samsung_Galaxy_A15_5G_(Blue,_128_GB)__(6_GB_RAM)_reviews.csv
[2025-07-29T12:06:52.431+0000] {taskinstance.py:441} INFO - ::group::Post task execution logs
[2025-07-29T12:06:53.602+0000] {taskinstance.py:1206} INFO - Marking task as SUCCESS. dag_id=parallel_scraping_pipeline, task_id=scrape_task, run_id=manual__2025-07-29T11:47:54.549432+00:00, map_index=4, execution_date=20250729T114754, start_date=20250729T120543, end_date=20250729T120653
[2025-07-29T12:06:54.406+0000] {local_task_job_runner.py:243} INFO - Task exited with return code 0
[2025-07-29T12:06:55.500+0000] {taskinstance.py:3503} INFO - 0 downstream tasks scheduled from follow-on schedule check
[2025-07-29T12:06:55.558+0000] {local_task_job_runner.py:222} INFO - ::endgroup::
