[2025-07-29T08:10:40.776+0000] {local_task_job_runner.py:120} INFO - ::group::Pre task execution logs
[2025-07-29T08:10:41.666+0000] {taskinstance.py:2076} INFO - Dependencies all met for dep_context=non-requeueable deps ti=<TaskInstance: parallel_scraping_pipeline.create_reviewer_data_table manual__2025-07-29T08:10:24.543976+00:00 [queued]>
[2025-07-29T08:10:42.024+0000] {taskinstance.py:2076} INFO - Dependencies all met for dep_context=requeueable deps ti=<TaskInstance: parallel_scraping_pipeline.create_reviewer_data_table manual__2025-07-29T08:10:24.543976+00:00 [queued]>
[2025-07-29T08:10:42.026+0000] {taskinstance.py:2306} INFO - Starting attempt 1 of 1
[2025-07-29T08:10:42.541+0000] {taskinstance.py:2330} INFO - Executing <Task(PostgresOperator): create_reviewer_data_table> on 2025-07-29 08:10:24.543976+00:00
[2025-07-29T08:10:42.557+0000] {logging_mixin.py:188} WARNING - /home/airflow/.local/lib/python3.12/site-packages/airflow/task/task_runner/standard_task_runner.py:62 DeprecationWarning: This process (pid=3583) is multi-threaded, use of fork() may lead to deadlocks in the child.
[2025-07-29T08:10:42.558+0000] {standard_task_runner.py:90} INFO - Running: ['airflow', 'tasks', 'run', 'parallel_scraping_pipeline', 'create_reviewer_data_table', 'manual__2025-07-29T08:10:24.543976+00:00', '--job-id', '63', '--raw', '--subdir', 'DAGS_FOLDER/parallel_pipeline_dag.py', '--cfg-path', '/tmp/tmp4s9_q7qg']
[2025-07-29T08:10:42.559+0000] {standard_task_runner.py:64} INFO - Started process 3594 to run task
[2025-07-29T08:10:42.560+0000] {standard_task_runner.py:91} INFO - Job 63: Subtask create_reviewer_data_table
[2025-07-29T08:10:43.472+0000] {logging_mixin.py:188} WARNING - /home/airflow/.local/lib/python3.12/site-packages/airflow/settings.py:195 DeprecationWarning: The sql_alchemy_conn option in [core] has been moved to the sql_alchemy_conn option in [database] - the old setting has been used, but please update your config.
[2025-07-29T08:10:45.794+0000] {task_command.py:426} INFO - Running <TaskInstance: parallel_scraping_pipeline.create_reviewer_data_table manual__2025-07-29T08:10:24.543976+00:00 [running]> on host 507e5441ba68
[2025-07-29T08:10:50.847+0000] {taskinstance.py:2648} INFO - Exporting env vars: AIRFLOW_CTX_DAG_OWNER='airflow' AIRFLOW_CTX_DAG_ID='parallel_scraping_pipeline' AIRFLOW_CTX_TASK_ID='create_reviewer_data_table' AIRFLOW_CTX_EXECUTION_DATE='2025-07-29T08:10:24.543976+00:00' AIRFLOW_CTX_TRY_NUMBER='1' AIRFLOW_CTX_DAG_RUN_ID='manual__2025-07-29T08:10:24.543976+00:00'
[2025-07-29T08:10:50.851+0000] {taskinstance.py:430} INFO - ::endgroup::
[2025-07-29T08:10:50.852+0000] {sql.py:282} INFO - Executing: 
        CREATE TABLE IF NOT EXISTS flipkart_reviewer_data (
            "Phone_Name" TEXT, "Price" FLOAT(53), "Review_ID" TEXT, 
            "Author" TEXT, "Location" TEXT, "Rating" BIGINT, "Title" TEXT, 
            "Review" TEXT, "Month" TEXT, "Year" FLOAT(53)
        );
        
[2025-07-29T08:10:51.647+0000] {base.py:84} INFO - Using connection ID 'postgres_default' for task execution.
[2025-07-29T08:10:52.526+0000] {base.py:84} INFO - Using connection ID 'postgres_default' for task execution.
[2025-07-29T08:10:53.150+0000] {sql.py:495} INFO - Running statement: 
        CREATE TABLE IF NOT EXISTS flipkart_reviewer_data (
            "Phone_Name" TEXT, "Price" FLOAT(53), "Review_ID" TEXT, 
            "Author" TEXT, "Location" TEXT, "Rating" BIGINT, "Title" TEXT, 
            "Review" TEXT, "Month" TEXT, "Year" FLOAT(53)
        );
        , parameters: None
[2025-07-29T08:10:53.447+0000] {taskinstance.py:441} INFO - ::group::Post task execution logs
[2025-07-29T08:10:54.248+0000] {taskinstance.py:1206} INFO - Marking task as SUCCESS. dag_id=parallel_scraping_pipeline, task_id=create_reviewer_data_table, run_id=manual__2025-07-29T08:10:24.543976+00:00, execution_date=20250729T081024, start_date=20250729T081041, end_date=20250729T081054
[2025-07-29T08:10:56.726+0000] {local_task_job_runner.py:243} INFO - Task exited with return code 0
[2025-07-29T08:10:57.620+0000] {logging_mixin.py:188} WARNING - /home/airflow/.local/lib/python3.12/site-packages/airflow/models/baseoperator.py:1297 AirflowProviderDeprecationWarning: Call to deprecated class PostgresOperator. (Please use `airflow.providers.common.sql.operators.sql.SQLExecuteQueryOperator`.Also, you can provide `hook_params={'schema': <database>}`.)
[2025-07-29T08:10:58.493+0000] {taskinstance.py:3503} INFO - 1 downstream tasks scheduled from follow-on schedule check
[2025-07-29T08:10:58.577+0000] {local_task_job_runner.py:222} INFO - ::endgroup::
