[2025-07-29T07:57:04.310+0000] {local_task_job_runner.py:120} INFO - ::group::Pre task execution logs
[2025-07-29T07:57:08.859+0000] {taskinstance.py:2076} INFO - Dependencies all met for dep_context=non-requeueable deps ti=<TaskInstance: parallel_scraping_pipeline.scrape_task manual__2025-07-29T07:53:35.889550+00:00 map_index=1 [queued]>
[2025-07-29T07:57:10.422+0000] {taskinstance.py:2076} INFO - Dependencies all met for dep_context=requeueable deps ti=<TaskInstance: parallel_scraping_pipeline.scrape_task manual__2025-07-29T07:53:35.889550+00:00 map_index=1 [queued]>
[2025-07-29T07:57:10.426+0000] {taskinstance.py:2306} INFO - Starting attempt 1 of 1
[2025-07-29T07:57:18.137+0000] {taskinstance.py:2330} INFO - Executing <Mapped(_PythonDecoratedOperator): scrape_task> on 2025-07-29 07:53:35.889550+00:00
[2025-07-29T07:57:18.196+0000] {standard_task_runner.py:90} INFO - Running: ['airflow', 'tasks', 'run', 'parallel_scraping_pipeline', 'scrape_task', 'manual__2025-07-29T07:53:35.889550+00:00', '--job-id', '58', '--raw', '--subdir', 'DAGS_FOLDER/parallel_pipeline_dag.py', '--cfg-path', '/tmp/tmpa0hly3e2', '--map-index', '1']
[2025-07-29T07:57:18.195+0000] {logging_mixin.py:188} WARNING - /home/airflow/.local/lib/python3.12/site-packages/airflow/task/task_runner/standard_task_runner.py:62 DeprecationWarning: This process (pid=2840) is multi-threaded, use of fork() may lead to deadlocks in the child.
[2025-07-29T07:57:18.201+0000] {standard_task_runner.py:91} INFO - Job 58: Subtask scrape_task
[2025-07-29T07:57:18.203+0000] {standard_task_runner.py:64} INFO - Started process 2873 to run task
[2025-07-29T07:57:21.411+0000] {logging_mixin.py:188} WARNING - /home/airflow/.local/lib/python3.12/site-packages/airflow/settings.py:195 DeprecationWarning: The sql_alchemy_conn option in [core] has been moved to the sql_alchemy_conn option in [database] - the old setting has been used, but please update your config.
[2025-07-29T07:57:31.600+0000] {task_command.py:426} INFO - Running <TaskInstance: parallel_scraping_pipeline.scrape_task manual__2025-07-29T07:53:35.889550+00:00 map_index=1 [running]> on host 507e5441ba68
[2025-07-29T07:58:10.635+0000] {taskinstance.py:2648} INFO - Exporting env vars: AIRFLOW_CTX_DAG_OWNER='airflow' AIRFLOW_CTX_DAG_ID='parallel_scraping_pipeline' AIRFLOW_CTX_TASK_ID='scrape_task' AIRFLOW_CTX_EXECUTION_DATE='2025-07-29T07:53:35.889550+00:00' AIRFLOW_CTX_TRY_NUMBER='1' AIRFLOW_CTX_DAG_RUN_ID='manual__2025-07-29T07:53:35.889550+00:00'
[2025-07-29T07:58:10.647+0000] {taskinstance.py:430} INFO - ::endgroup::
[2025-07-29T07:58:10.650+0000] {logging_mixin.py:188} INFO - Initializing Stealth WebDriver...
[2025-07-29T07:58:15.703+0000] {selenium_manager.py:137} WARNING - Exception managing chrome: error sending request for url (https://googlechromelabs.github.io/chrome-for-testing/known-good-versions-with-downloads.json)
[2025-07-29T07:58:15.707+0000] {selenium_manager.py:137} WARNING - Error sending stats to Plausible: error sending request for url (https://plausible.io/api/event)
[2025-07-29T07:59:55.743+0000] {logging_mixin.py:188} INFO - Extracted - Phone: Samsung Galaxy F06 5G (Bahama Blue, 128 GB)  (6 GB RAM), Price: ₹9,999
[2025-07-29T08:00:06.083+0000] {logging_mixin.py:188} INFO - Could not find 'All reviews' link. Assuming we are already on the reviews page.
[2025-07-29T08:00:06.085+0000] {logging_mixin.py:188} INFO - Scraping Page 1 for Samsung Galaxy F06 5G (Bahama Blue, 128 GB)  (6 GB RAM)...
[2025-07-29T08:00:08.251+0000] {logging_mixin.py:188} INFO - No review containers found on the first page. Exiting.
[2025-07-29T08:00:08.497+0000] {python.py:237} INFO - Done. Returned value was: None
[2025-07-29T08:00:08.499+0000] {taskinstance.py:441} INFO - ::group::Post task execution logs
[2025-07-29T08:00:14.630+0000] {taskinstance.py:1206} INFO - Marking task as SUCCESS. dag_id=parallel_scraping_pipeline, task_id=scrape_task, run_id=manual__2025-07-29T07:53:35.889550+00:00, map_index=1, execution_date=20250729T075335, start_date=20250729T075708, end_date=20250729T080014
[2025-07-29T08:00:21.761+0000] {local_task_job_runner.py:243} INFO - Task exited with return code 0
[2025-07-29T08:00:24.145+0000] {taskinstance.py:3503} INFO - 0 downstream tasks scheduled from follow-on schedule check
[2025-07-29T08:00:24.595+0000] {local_task_job_runner.py:222} INFO - ::endgroup::
