[2025-07-27T10:14:04.896+0000] {local_task_job_runner.py:120} INFO - ::group::Pre task execution logs
[2025-07-27T10:14:05.206+0000] {taskinstance.py:2076} INFO - Dependencies all met for dep_context=non-requeueable deps ti=<TaskInstance: example_branch_datetime_operator.datetime_branch scheduled__2025-07-26T00:00:00+00:00 [queued]>
[2025-07-27T10:14:05.247+0000] {taskinstance.py:2076} INFO - Dependencies all met for dep_context=requeueable deps ti=<TaskInstance: example_branch_datetime_operator.datetime_branch scheduled__2025-07-26T00:00:00+00:00 [queued]>
[2025-07-27T10:14:05.252+0000] {taskinstance.py:2306} INFO - Starting attempt 1 of 1
[2025-07-27T10:14:05.414+0000] {taskinstance.py:2330} INFO - Executing <Task(BranchDateTimeOperator): datetime_branch> on 2025-07-26 00:00:00+00:00
[2025-07-27T10:14:05.593+0000] {logging_mixin.py:188} WARNING - /home/***/.local/lib/python3.12/site-packages/***/task/task_runner/standard_task_runner.py:62 DeprecationWarning: This process (pid=660) is multi-threaded, use of fork() may lead to deadlocks in the child.
[2025-07-27T10:14:05.600+0000] {standard_task_runner.py:64} INFO - Started process 791 to run task
[2025-07-27T10:14:05.557+0000] {standard_task_runner.py:90} INFO - Running: ['***', 'tasks', 'run', 'example_branch_datetime_operator', 'datetime_branch', 'scheduled__2025-07-26T00:00:00+00:00', '--job-id', '63', '--raw', '--subdir', '/home/***/.local/lib/python3.12/site-packages/***/example_dags/example_branch_datetime_operator.py', '--cfg-path', '/tmp/tmppjaq4lhz']
[2025-07-27T10:14:05.648+0000] {standard_task_runner.py:91} INFO - Job 63: Subtask datetime_branch
[2025-07-27T10:14:05.824+0000] {logging_mixin.py:188} WARNING - /home/***/.local/lib/python3.12/site-packages/***/settings.py:195 DeprecationWarning: The sql_alchemy_conn option in [core] has been moved to the sql_alchemy_conn option in [database] - the old setting has been used, but please update your config.
[2025-07-27T10:14:06.171+0000] {task_command.py:426} INFO - Running <TaskInstance: example_branch_datetime_operator.datetime_branch scheduled__2025-07-26T00:00:00+00:00 [running]> on host 4112a2618ff3
[2025-07-27T10:14:07.183+0000] {taskinstance.py:2648} INFO - Exporting env vars: AIRFLOW_CTX_DAG_OWNER='***' AIRFLOW_CTX_DAG_ID='example_branch_datetime_operator' AIRFLOW_CTX_TASK_ID='datetime_branch' AIRFLOW_CTX_EXECUTION_DATE='2025-07-26T00:00:00+00:00' AIRFLOW_CTX_TRY_NUMBER='1' AIRFLOW_CTX_DAG_RUN_ID='scheduled__2025-07-26T00:00:00+00:00'
[2025-07-27T10:14:07.193+0000] {taskinstance.py:430} INFO - ::endgroup::
[2025-07-27T10:14:07.219+0000] {branch.py:36} INFO - Branch into ['date_outside_range']
[2025-07-27T10:14:07.226+0000] {skipmixin.py:178} INFO - Following branch ['date_outside_range']
[2025-07-27T10:14:07.464+0000] {skipmixin.py:246} INFO - Skipping tasks [('date_in_range', -1)]
[2025-07-27T10:14:07.713+0000] {taskinstance.py:441} INFO - ::group::Post task execution logs
[2025-07-27T10:14:07.841+0000] {taskinstance.py:1206} INFO - Marking task as SUCCESS. dag_id=example_branch_datetime_operator, task_id=datetime_branch, run_id=scheduled__2025-07-26T00:00:00+00:00, execution_date=20250726T000000, start_date=20250727T101405, end_date=20250727T101407
[2025-07-27T10:14:08.409+0000] {local_task_job_runner.py:243} INFO - Task exited with return code 0
[2025-07-27T10:14:08.741+0000] {taskinstance.py:3503} INFO - 0 downstream tasks scheduled from follow-on schedule check
[2025-07-27T10:14:08.776+0000] {local_task_job_runner.py:222} INFO - ::endgroup::
