[2025-07-28T21:41:59.119+0000] {local_task_job_runner.py:120} INFO - ::group::Pre task execution logs
[2025-07-28T21:41:59.743+0000] {taskinstance.py:2076} INFO - Dependencies all met for dep_context=non-requeueable deps ti=<TaskInstance: sequential_scraping_pipeline.process_urls_sequentially manual__2025-07-28T21:41:32.939001+00:00 [queued]>
[2025-07-28T21:41:59.972+0000] {taskinstance.py:2076} INFO - Dependencies all met for dep_context=requeueable deps ti=<TaskInstance: sequential_scraping_pipeline.process_urls_sequentially manual__2025-07-28T21:41:32.939001+00:00 [queued]>
[2025-07-28T21:41:59.973+0000] {taskinstance.py:2306} INFO - Starting attempt 1 of 1
[2025-07-28T21:42:00.343+0000] {taskinstance.py:2330} INFO - Executing <Task(_PythonDecoratedOperator): process_urls_sequentially> on 2025-07-28 21:41:32.939001+00:00
[2025-07-28T21:42:00.362+0000] {logging_mixin.py:188} WARNING - /home/airflow/.local/lib/python3.12/site-packages/airflow/task/task_runner/standard_task_runner.py:62 DeprecationWarning: This process (pid=1098) is multi-threaded, use of fork() may lead to deadlocks in the child.
[2025-07-28T21:42:00.362+0000] {standard_task_runner.py:90} INFO - Running: ['airflow', 'tasks', 'run', 'sequential_scraping_pipeline', 'process_urls_sequentially', 'manual__2025-07-28T21:41:32.939001+00:00', '--job-id', '42', '--raw', '--subdir', 'DAGS_FOLDER/sequential_pipeline_dag.py', '--cfg-path', '/tmp/tmpzpg825d9']
[2025-07-28T21:42:00.363+0000] {standard_task_runner.py:64} INFO - Started process 1114 to run task
[2025-07-28T21:42:00.364+0000] {standard_task_runner.py:91} INFO - Job 42: Subtask process_urls_sequentially
[2025-07-28T21:42:00.914+0000] {logging_mixin.py:188} WARNING - /home/airflow/.local/lib/python3.12/site-packages/airflow/settings.py:195 DeprecationWarning: The sql_alchemy_conn option in [core] has been moved to the sql_alchemy_conn option in [database] - the old setting has been used, but please update your config.
[2025-07-28T21:42:02.359+0000] {task_command.py:426} INFO - Running <TaskInstance: sequential_scraping_pipeline.process_urls_sequentially manual__2025-07-28T21:41:32.939001+00:00 [running]> on host 88e3cb6438f4
[2025-07-28T21:42:06.213+0000] {taskinstance.py:2648} INFO - Exporting env vars: AIRFLOW_CTX_DAG_OWNER='airflow' AIRFLOW_CTX_DAG_ID='sequential_scraping_pipeline' AIRFLOW_CTX_TASK_ID='process_urls_sequentially' AIRFLOW_CTX_EXECUTION_DATE='2025-07-28T21:41:32.939001+00:00' AIRFLOW_CTX_TRY_NUMBER='1' AIRFLOW_CTX_DAG_RUN_ID='manual__2025-07-28T21:41:32.939001+00:00'
[2025-07-28T21:42:06.217+0000] {taskinstance.py:430} INFO - ::endgroup::
[2025-07-28T21:42:06.220+0000] {logging_mixin.py:188} INFO - --- Starting sequential processing for: https://www.flipkart.com/samsung-galaxy-f06-5g-bahama-blue-128-gb/p/itm9acd4c5748761?pid=MOBH9AS4DSSQECZM&lid=LSTMOBH9AS4DSSQECZMNC3LC0&marketplace=FLIPKART&q=samsung+smart+phones&store=tyy%2F4io&srno=s_1_2&otracker=search&otracker1=search&fm=Search&iid=dcbefbbe-6b57-4c6a-833b-d09682ea1ccd.MOBH9AS4DSSQECZM.SEARCH&ppt=sp&ppn=sp&ssid=jptywgea800000001753735370995&qH=fa7a2885ee123978 ---
[2025-07-28T21:42:06.220+0000] {logging_mixin.py:188} INFO - Initializing WebDriver...
[2025-07-28T21:42:17.185+0000] {logging_mixin.py:188} INFO - Extracted - Phone: Samsung Galaxy F06 5G (Bahama Blue, 128 GB)  (6 GB RAM), Price: ₹9,999
[2025-07-28T21:42:20.466+0000] {logging_mixin.py:188} INFO - Scraping Page 1 for Samsung Galaxy F06 5G (Bahama Blue, 128 GB)  (6 GB RAM)...
[2025-07-28T21:42:22.931+0000] {logging_mixin.py:188} INFO - Scraping Page 2 for Samsung Galaxy F06 5G (Bahama Blue, 128 GB)  (6 GB RAM)...
[2025-07-28T21:42:25.567+0000] {logging_mixin.py:188} INFO - Scraping Page 3 for Samsung Galaxy F06 5G (Bahama Blue, 128 GB)  (6 GB RAM)...
[2025-07-28T21:42:28.105+0000] {logging_mixin.py:188} INFO - Scraping Page 4 for Samsung Galaxy F06 5G (Bahama Blue, 128 GB)  (6 GB RAM)...
[2025-07-28T21:42:30.675+0000] {logging_mixin.py:188} INFO - Scraping Page 5 for Samsung Galaxy F06 5G (Bahama Blue, 128 GB)  (6 GB RAM)...
[2025-07-28T21:42:33.157+0000] {logging_mixin.py:188} INFO - Scraping Page 6 for Samsung Galaxy F06 5G (Bahama Blue, 128 GB)  (6 GB RAM)...
[2025-07-28T21:42:35.613+0000] {logging_mixin.py:188} INFO - Scraping Page 7 for Samsung Galaxy F06 5G (Bahama Blue, 128 GB)  (6 GB RAM)...
[2025-07-28T21:42:38.058+0000] {logging_mixin.py:188} INFO - Scraping Page 8 for Samsung Galaxy F06 5G (Bahama Blue, 128 GB)  (6 GB RAM)...
[2025-07-28T21:42:40.567+0000] {logging_mixin.py:188} INFO - Scraping Page 9 for Samsung Galaxy F06 5G (Bahama Blue, 128 GB)  (6 GB RAM)...
[2025-07-28T21:42:43.141+0000] {logging_mixin.py:188} INFO - Scraping Page 10 for Samsung Galaxy F06 5G (Bahama Blue, 128 GB)  (6 GB RAM)...
[2025-07-28T21:42:45.587+0000] {logging_mixin.py:188} INFO - Scraping Page 11 for Samsung Galaxy F06 5G (Bahama Blue, 128 GB)  (6 GB RAM)...
[2025-07-28T21:42:48.083+0000] {logging_mixin.py:188} INFO - Scraping Page 12 for Samsung Galaxy F06 5G (Bahama Blue, 128 GB)  (6 GB RAM)...
[2025-07-28T21:42:50.579+0000] {logging_mixin.py:188} INFO - Scraping Page 13 for Samsung Galaxy F06 5G (Bahama Blue, 128 GB)  (6 GB RAM)...
[2025-07-28T21:42:53.057+0000] {logging_mixin.py:188} INFO - Scraping Page 14 for Samsung Galaxy F06 5G (Bahama Blue, 128 GB)  (6 GB RAM)...
[2025-07-28T21:42:55.515+0000] {logging_mixin.py:188} INFO - Scraping Page 15 for Samsung Galaxy F06 5G (Bahama Blue, 128 GB)  (6 GB RAM)...
[2025-07-28T21:42:57.961+0000] {logging_mixin.py:188} INFO - Scraping Page 16 for Samsung Galaxy F06 5G (Bahama Blue, 128 GB)  (6 GB RAM)...
[2025-07-28T21:43:00.765+0000] {logging_mixin.py:188} INFO - Scraping Page 17 for Samsung Galaxy F06 5G (Bahama Blue, 128 GB)  (6 GB RAM)...
[2025-07-28T21:43:03.307+0000] {logging_mixin.py:188} INFO - Scraping Page 18 for Samsung Galaxy F06 5G (Bahama Blue, 128 GB)  (6 GB RAM)...
[2025-07-28T21:43:05.783+0000] {logging_mixin.py:188} INFO - Scraping Page 19 for Samsung Galaxy F06 5G (Bahama Blue, 128 GB)  (6 GB RAM)...
[2025-07-28T21:43:08.193+0000] {logging_mixin.py:188} INFO - Scraping Page 20 for Samsung Galaxy F06 5G (Bahama Blue, 128 GB)  (6 GB RAM)...
[2025-07-28T21:43:10.767+0000] {logging_mixin.py:188} INFO - Scraping Page 21 for Samsung Galaxy F06 5G (Bahama Blue, 128 GB)  (6 GB RAM)...
[2025-07-28T21:43:13.217+0000] {logging_mixin.py:188} INFO - Scraping Page 22 for Samsung Galaxy F06 5G (Bahama Blue, 128 GB)  (6 GB RAM)...
[2025-07-28T21:43:15.663+0000] {logging_mixin.py:188} INFO - Scraping Page 23 for Samsung Galaxy F06 5G (Bahama Blue, 128 GB)  (6 GB RAM)...
[2025-07-28T21:43:18.172+0000] {logging_mixin.py:188} INFO - Scraping Page 24 for Samsung Galaxy F06 5G (Bahama Blue, 128 GB)  (6 GB RAM)...
[2025-07-28T21:43:20.598+0000] {logging_mixin.py:188} INFO - Scraping Page 25 for Samsung Galaxy F06 5G (Bahama Blue, 128 GB)  (6 GB RAM)...
[2025-07-28T21:43:23.008+0000] {logging_mixin.py:188} INFO - Scraping Page 26 for Samsung Galaxy F06 5G (Bahama Blue, 128 GB)  (6 GB RAM)...
[2025-07-28T21:43:25.538+0000] {logging_mixin.py:188} INFO - Scraping Page 27 for Samsung Galaxy F06 5G (Bahama Blue, 128 GB)  (6 GB RAM)...
[2025-07-28T21:43:28.057+0000] {logging_mixin.py:188} INFO - Scraping Page 28 for Samsung Galaxy F06 5G (Bahama Blue, 128 GB)  (6 GB RAM)...
[2025-07-28T21:43:30.511+0000] {logging_mixin.py:188} INFO - Scraping Page 29 for Samsung Galaxy F06 5G (Bahama Blue, 128 GB)  (6 GB RAM)...
[2025-07-28T21:43:32.957+0000] {logging_mixin.py:188} INFO - Scraping Page 30 for Samsung Galaxy F06 5G (Bahama Blue, 128 GB)  (6 GB RAM)...
[2025-07-28T21:43:35.770+0000] {logging_mixin.py:188} INFO - Scraping Page 31 for Samsung Galaxy F06 5G (Bahama Blue, 128 GB)  (6 GB RAM)...
[2025-07-28T21:43:38.234+0000] {logging_mixin.py:188} INFO - Scraping Page 32 for Samsung Galaxy F06 5G (Bahama Blue, 128 GB)  (6 GB RAM)...
[2025-07-28T21:43:40.731+0000] {logging_mixin.py:188} INFO - Scraping Page 33 for Samsung Galaxy F06 5G (Bahama Blue, 128 GB)  (6 GB RAM)...
[2025-07-28T21:43:43.139+0000] {logging_mixin.py:188} INFO - Scraping Page 34 for Samsung Galaxy F06 5G (Bahama Blue, 128 GB)  (6 GB RAM)...
[2025-07-28T21:43:45.584+0000] {logging_mixin.py:188} INFO - Scraping Page 35 for Samsung Galaxy F06 5G (Bahama Blue, 128 GB)  (6 GB RAM)...
[2025-07-28T21:43:48.026+0000] {logging_mixin.py:188} INFO - Scraping Page 36 for Samsung Galaxy F06 5G (Bahama Blue, 128 GB)  (6 GB RAM)...
[2025-07-28T21:43:50.454+0000] {logging_mixin.py:188} INFO - Scraping Page 37 for Samsung Galaxy F06 5G (Bahama Blue, 128 GB)  (6 GB RAM)...
[2025-07-28T21:43:53.169+0000] {logging_mixin.py:188} INFO - Scraping Page 38 for Samsung Galaxy F06 5G (Bahama Blue, 128 GB)  (6 GB RAM)...
[2025-07-28T21:43:55.581+0000] {logging_mixin.py:188} INFO - Scraping Page 39 for Samsung Galaxy F06 5G (Bahama Blue, 128 GB)  (6 GB RAM)...
[2025-07-28T21:43:58.023+0000] {logging_mixin.py:188} INFO - Scraping Page 40 for Samsung Galaxy F06 5G (Bahama Blue, 128 GB)  (6 GB RAM)...
[2025-07-28T21:44:00.589+0000] {logging_mixin.py:188} INFO - Scraping Page 41 for Samsung Galaxy F06 5G (Bahama Blue, 128 GB)  (6 GB RAM)...
[2025-07-28T21:44:03.078+0000] {logging_mixin.py:188} INFO - Scraping Page 42 for Samsung Galaxy F06 5G (Bahama Blue, 128 GB)  (6 GB RAM)...
[2025-07-28T21:44:05.472+0000] {logging_mixin.py:188} INFO - Scraping Page 43 for Samsung Galaxy F06 5G (Bahama Blue, 128 GB)  (6 GB RAM)...
[2025-07-28T21:44:07.881+0000] {logging_mixin.py:188} INFO - Scraping Page 44 for Samsung Galaxy F06 5G (Bahama Blue, 128 GB)  (6 GB RAM)...
[2025-07-28T21:44:10.334+0000] {logging_mixin.py:188} INFO - Scraping Page 45 for Samsung Galaxy F06 5G (Bahama Blue, 128 GB)  (6 GB RAM)...
[2025-07-28T21:44:12.778+0000] {logging_mixin.py:188} INFO - Scraping Page 46 for Samsung Galaxy F06 5G (Bahama Blue, 128 GB)  (6 GB RAM)...
[2025-07-28T21:44:15.213+0000] {logging_mixin.py:188} INFO - Scraping Page 47 for Samsung Galaxy F06 5G (Bahama Blue, 128 GB)  (6 GB RAM)...
[2025-07-28T21:44:17.626+0000] {logging_mixin.py:188} INFO - Scraping Page 48 for Samsung Galaxy F06 5G (Bahama Blue, 128 GB)  (6 GB RAM)...
[2025-07-28T21:44:20.102+0000] {logging_mixin.py:188} INFO - Scraping Page 49 for Samsung Galaxy F06 5G (Bahama Blue, 128 GB)  (6 GB RAM)...
[2025-07-28T21:44:22.495+0000] {logging_mixin.py:188} INFO - Scraping Page 50 for Samsung Galaxy F06 5G (Bahama Blue, 128 GB)  (6 GB RAM)...
[2025-07-28T21:44:24.912+0000] {logging_mixin.py:188} INFO - Scraping Page 51 for Samsung Galaxy F06 5G (Bahama Blue, 128 GB)  (6 GB RAM)...
[2025-07-28T21:44:27.325+0000] {logging_mixin.py:188} INFO - Scraping Page 52 for Samsung Galaxy F06 5G (Bahama Blue, 128 GB)  (6 GB RAM)...
[2025-07-28T21:44:29.776+0000] {logging_mixin.py:188} INFO - Scraping Page 53 for Samsung Galaxy F06 5G (Bahama Blue, 128 GB)  (6 GB RAM)...
[2025-07-28T21:44:41.879+0000] {logging_mixin.py:188} INFO - Saved 530 reviews to /opt/airflow/data/raw/Samsung_Galaxy_F06_5G_(Bahama_Blue,_128_GB)__(6_GB_RAM)_reviews.csv
[2025-07-28T21:44:42.040+0000] {logging_mixin.py:188} INFO - Processing 530 reviews from Samsung_Galaxy_F06_5G_(Bahama_Blue,_128_GB)__(6_GB_RAM)_reviews.csv...
[2025-07-28T21:44:42.225+0000] {logging_mixin.py:188} INFO - 
🗑️ Removed 0 duplicate reviews based on Review_ID.
[2025-07-28T21:44:42.242+0000] {logging_mixin.py:188} INFO - 
📁 Clean data saved: /opt/airflow/data/cleaned/Samsung_Galaxy_F06_5G_(Bahama_Blue,_128_GB)__(6_GB_RAM)_reviews_CLEANED.csv
[2025-07-28T21:44:42.243+0000] {logging_mixin.py:188} INFO - 📊 Final shape: (530, 10)
[2025-07-28T21:44:42.245+0000] {logging_mixin.py:188} INFO - Preparing to write /opt/airflow/data/cleaned/Samsung_Galaxy_F06_5G_(Bahama_Blue,_128_GB)__(6_GB_RAM)_reviews_CLEANED.csv to PostgreSQL table 'flipkart_reviewer_data'...
[2025-07-28T21:44:44.356+0000] {logging_mixin.py:188} INFO - ✅ Successfully appended 530 rows to table 'flipkart_reviewer_data'.
[2025-07-28T21:44:44.357+0000] {logging_mixin.py:188} INFO - --- Starting sequential processing for: https://www.flipkart.com/samsung-galaxy-s24-fe-5g-blue-128-gb/p/itme960199e26f23?pid=MOBH4ZG3Z5NCBW2H&lid=LSTMOBH4ZG3Z5NCBW2HHP3FVG&marketplace=FLIPKART&q=samsung+smart+phones&store=tyy%2F4io&spotlightTagId=default_BestsellerId_tyy%2F4io&srno=s_1_11&otracker=search&otracker1=search&fm=Search&iid=dcbefbbe-6b57-4c6a-833b-d09682ea1ccd.MOBH4ZG3Z5NCBW2H.SEARCH&ppt=sp&ppn=sp&ssid=jptywgea800000001753735370995&qH=fa7a2885ee123978 ---
[2025-07-28T21:44:44.358+0000] {logging_mixin.py:188} INFO - Initializing WebDriver...
[2025-07-28T21:44:52.657+0000] {logging_mixin.py:188} INFO - Extracted - Phone: Samsung Galaxy S24 FE 5G (Blue, 128 GB)  (8 GB RAM), Price: ₹35,999
[2025-07-28T21:44:55.872+0000] {logging_mixin.py:188} INFO - Scraping Page 1 for Samsung Galaxy S24 FE 5G (Blue, 128 GB)  (8 GB RAM)...
[2025-07-28T21:44:58.414+0000] {logging_mixin.py:188} INFO - Scraping Page 2 for Samsung Galaxy S24 FE 5G (Blue, 128 GB)  (8 GB RAM)...
[2025-07-28T21:45:01.202+0000] {logging_mixin.py:188} INFO - Scraping Page 3 for Samsung Galaxy S24 FE 5G (Blue, 128 GB)  (8 GB RAM)...
[2025-07-28T21:45:03.822+0000] {logging_mixin.py:188} INFO - Scraping Page 4 for Samsung Galaxy S24 FE 5G (Blue, 128 GB)  (8 GB RAM)...
[2025-07-28T21:45:06.326+0000] {logging_mixin.py:188} INFO - Scraping Page 5 for Samsung Galaxy S24 FE 5G (Blue, 128 GB)  (8 GB RAM)...
[2025-07-28T21:45:08.880+0000] {logging_mixin.py:188} INFO - Scraping Page 6 for Samsung Galaxy S24 FE 5G (Blue, 128 GB)  (8 GB RAM)...
[2025-07-28T21:45:11.481+0000] {logging_mixin.py:188} INFO - Scraping Page 7 for Samsung Galaxy S24 FE 5G (Blue, 128 GB)  (8 GB RAM)...
[2025-07-28T21:45:14.100+0000] {logging_mixin.py:188} INFO - Scraping Page 8 for Samsung Galaxy S24 FE 5G (Blue, 128 GB)  (8 GB RAM)...
[2025-07-28T21:45:16.667+0000] {logging_mixin.py:188} INFO - Scraping Page 9 for Samsung Galaxy S24 FE 5G (Blue, 128 GB)  (8 GB RAM)...
[2025-07-28T21:45:19.280+0000] {logging_mixin.py:188} INFO - Scraping Page 10 for Samsung Galaxy S24 FE 5G (Blue, 128 GB)  (8 GB RAM)...
[2025-07-28T21:45:21.904+0000] {logging_mixin.py:188} INFO - Scraping Page 11 for Samsung Galaxy S24 FE 5G (Blue, 128 GB)  (8 GB RAM)...
[2025-07-28T21:45:24.408+0000] {logging_mixin.py:188} INFO - Scraping Page 12 for Samsung Galaxy S24 FE 5G (Blue, 128 GB)  (8 GB RAM)...
[2025-07-28T21:45:26.958+0000] {logging_mixin.py:188} INFO - Scraping Page 13 for Samsung Galaxy S24 FE 5G (Blue, 128 GB)  (8 GB RAM)...
[2025-07-28T21:45:29.489+0000] {logging_mixin.py:188} INFO - Scraping Page 14 for Samsung Galaxy S24 FE 5G (Blue, 128 GB)  (8 GB RAM)...
[2025-07-28T21:45:32.115+0000] {logging_mixin.py:188} INFO - Scraping Page 15 for Samsung Galaxy S24 FE 5G (Blue, 128 GB)  (8 GB RAM)...
[2025-07-28T21:45:34.806+0000] {logging_mixin.py:188} INFO - Scraping Page 16 for Samsung Galaxy S24 FE 5G (Blue, 128 GB)  (8 GB RAM)...
[2025-07-28T21:45:37.599+0000] {logging_mixin.py:188} INFO - Scraping Page 17 for Samsung Galaxy S24 FE 5G (Blue, 128 GB)  (8 GB RAM)...
[2025-07-28T21:45:40.235+0000] {logging_mixin.py:188} INFO - Scraping Page 18 for Samsung Galaxy S24 FE 5G (Blue, 128 GB)  (8 GB RAM)...
[2025-07-28T21:45:42.898+0000] {logging_mixin.py:188} INFO - Scraping Page 19 for Samsung Galaxy S24 FE 5G (Blue, 128 GB)  (8 GB RAM)...
[2025-07-28T21:45:45.881+0000] {logging_mixin.py:188} INFO - Scraping Page 20 for Samsung Galaxy S24 FE 5G (Blue, 128 GB)  (8 GB RAM)...
[2025-07-28T21:45:48.434+0000] {logging_mixin.py:188} INFO - Scraping Page 21 for Samsung Galaxy S24 FE 5G (Blue, 128 GB)  (8 GB RAM)...
[2025-07-28T21:45:51.284+0000] {logging_mixin.py:188} INFO - Scraping Page 22 for Samsung Galaxy S24 FE 5G (Blue, 128 GB)  (8 GB RAM)...
[2025-07-28T21:45:53.898+0000] {logging_mixin.py:188} INFO - Scraping Page 23 for Samsung Galaxy S24 FE 5G (Blue, 128 GB)  (8 GB RAM)...
[2025-07-28T21:45:56.614+0000] {logging_mixin.py:188} INFO - Scraping Page 24 for Samsung Galaxy S24 FE 5G (Blue, 128 GB)  (8 GB RAM)...
[2025-07-28T21:45:59.085+0000] {logging_mixin.py:188} INFO - Scraping Page 25 for Samsung Galaxy S24 FE 5G (Blue, 128 GB)  (8 GB RAM)...
[2025-07-28T21:46:01.585+0000] {logging_mixin.py:188} INFO - Scraping Page 26 for Samsung Galaxy S24 FE 5G (Blue, 128 GB)  (8 GB RAM)...
[2025-07-28T21:46:04.059+0000] {logging_mixin.py:188} INFO - Scraping Page 27 for Samsung Galaxy S24 FE 5G (Blue, 128 GB)  (8 GB RAM)...
[2025-07-28T21:46:06.568+0000] {logging_mixin.py:188} INFO - Scraping Page 28 for Samsung Galaxy S24 FE 5G (Blue, 128 GB)  (8 GB RAM)...
[2025-07-28T21:46:09.146+0000] {logging_mixin.py:188} INFO - Scraping Page 29 for Samsung Galaxy S24 FE 5G (Blue, 128 GB)  (8 GB RAM)...
[2025-07-28T21:46:11.827+0000] {logging_mixin.py:188} INFO - Scraping Page 30 for Samsung Galaxy S24 FE 5G (Blue, 128 GB)  (8 GB RAM)...
[2025-07-28T21:46:14.331+0000] {logging_mixin.py:188} INFO - Scraping Page 31 for Samsung Galaxy S24 FE 5G (Blue, 128 GB)  (8 GB RAM)...
[2025-07-28T21:46:16.848+0000] {logging_mixin.py:188} INFO - Scraping Page 32 for Samsung Galaxy S24 FE 5G (Blue, 128 GB)  (8 GB RAM)...
[2025-07-28T21:46:19.344+0000] {logging_mixin.py:188} INFO - Scraping Page 33 for Samsung Galaxy S24 FE 5G (Blue, 128 GB)  (8 GB RAM)...
[2025-07-28T21:46:21.884+0000] {logging_mixin.py:188} INFO - Scraping Page 34 for Samsung Galaxy S24 FE 5G (Blue, 128 GB)  (8 GB RAM)...
[2025-07-28T21:46:24.469+0000] {logging_mixin.py:188} INFO - Scraping Page 35 for Samsung Galaxy S24 FE 5G (Blue, 128 GB)  (8 GB RAM)...
[2025-07-28T21:46:26.941+0000] {logging_mixin.py:188} INFO - Scraping Page 36 for Samsung Galaxy S24 FE 5G (Blue, 128 GB)  (8 GB RAM)...
[2025-07-28T21:46:29.435+0000] {logging_mixin.py:188} INFO - Scraping Page 37 for Samsung Galaxy S24 FE 5G (Blue, 128 GB)  (8 GB RAM)...
[2025-07-28T21:46:31.926+0000] {logging_mixin.py:188} INFO - Scraping Page 38 for Samsung Galaxy S24 FE 5G (Blue, 128 GB)  (8 GB RAM)...
[2025-07-28T21:46:34.402+0000] {logging_mixin.py:188} INFO - Scraping Page 39 for Samsung Galaxy S24 FE 5G (Blue, 128 GB)  (8 GB RAM)...
[2025-07-28T21:46:36.915+0000] {logging_mixin.py:188} INFO - Scraping Page 40 for Samsung Galaxy S24 FE 5G (Blue, 128 GB)  (8 GB RAM)...
[2025-07-28T21:46:39.630+0000] {logging_mixin.py:188} INFO - Scraping Page 41 for Samsung Galaxy S24 FE 5G (Blue, 128 GB)  (8 GB RAM)...
[2025-07-28T21:46:42.136+0000] {logging_mixin.py:188} INFO - Scraping Page 42 for Samsung Galaxy S24 FE 5G (Blue, 128 GB)  (8 GB RAM)...
[2025-07-28T21:46:44.606+0000] {logging_mixin.py:188} INFO - Scraping Page 43 for Samsung Galaxy S24 FE 5G (Blue, 128 GB)  (8 GB RAM)...
[2025-07-28T21:46:47.088+0000] {logging_mixin.py:188} INFO - Scraping Page 44 for Samsung Galaxy S24 FE 5G (Blue, 128 GB)  (8 GB RAM)...
[2025-07-28T21:46:49.560+0000] {logging_mixin.py:188} INFO - Scraping Page 45 for Samsung Galaxy S24 FE 5G (Blue, 128 GB)  (8 GB RAM)...
[2025-07-28T21:46:52.984+0000] {logging_mixin.py:188} INFO - An error occurred while scraping https://www.flipkart.com/samsung-galaxy-s24-fe-5g-blue-128-gb/p/itme960199e26f23?pid=MOBH4ZG3Z5NCBW2H&lid=LSTMOBH4ZG3Z5NCBW2HHP3FVG&marketplace=FLIPKART&q=samsung+smart+phones&store=tyy%2F4io&spotlightTagId=default_BestsellerId_tyy%2F4io&srno=s_1_11&otracker=search&otracker1=search&fm=Search&iid=dcbefbbe-6b57-4c6a-833b-d09682ea1ccd.MOBH4ZG3Z5NCBW2H.SEARCH&ppt=sp&ppn=sp&ssid=jptywgea800000001753735370995&qH=fa7a2885ee123978: Message: element click intercepted: Element <a class="_9QVEpD" href="/samsung-galaxy-s24-fe-5g-blue-128-gb/product-reviews/itme960199e26f23?pid=MOBH4ZG3Z5NCBW2H&amp;lid=LSTMOBH4ZG3Z5NCBW2HWQMO2K&amp;marketplace=FLIPKART&amp;page=46">...</a> is not clickable at point (722, 461). Other element would receive the click: <div class="H30l+S h-JV4l">...</div>
  (Session info: chrome=138.0.7204.168); For documentation on this error, please visit: https://www.selenium.dev/documentation/webdriver/troubleshooting/errors#elementclickinterceptedexception
Stacktrace:
#0 0x5735bcd4570e <unknown>
#1 0x5735bc7e1a51 <unknown>
#2 0x5735bc832701 <unknown>
#3 0x5735bc830cb9 <unknown>
#4 0x5735bc82e851 <unknown>
#5 0x5735bc82dfe3 <unknown>
#6 0x5735bc82291a <unknown>
#7 0x5735bc84fff2 <unknown>
#8 0x5735bc8220fd <unknown>
#9 0x5735bc8501be <unknown>
#10 0x5735bc86f444 <unknown>
#11 0x5735bc84fdc3 <unknown>
#12 0x5735bc820959 <unknown>
#13 0x5735bc8214c1 <unknown>
#14 0x5735bcd118aa <unknown>
#15 0x5735bcd14c11 <unknown>
#16 0x5735bcd146a8 <unknown>
#17 0x5735bcd150b5 <unknown>
#18 0x5735bccfb34c <unknown>
#19 0x5735bcd15421 <unknown>
#20 0x5735bcce3e2a <unknown>
#21 0x5735bcd33855 <unknown>
#22 0x5735bcd33a4e <unknown>
#23 0x5735bcd449f5 <unknown>
#24 0x75ff83b67134 <unknown>
[2025-07-28T21:46:53.136+0000] {logging_mixin.py:188} INFO - --- Starting sequential processing for: https://www.flipkart.com/samsung-galaxy-a35-5g-awesome-navy-256-gb/p/itm2d2e398127998?pid=MOBGYT2HEEYGMZFH&lid=LSTMOBGYT2HEEYGMZFH3U1TOF&marketplace=FLIPKART&q=samsung+smart+phones&store=tyy%2F4io&srno=s_1_4&otracker=search&otracker1=search&fm=Search&iid=dcbefbbe-6b57-4c6a-833b-d09682ea1ccd.MOBGYT2HEEYGMZFH.SEARCH&ppt=sp&ppn=sp&ssid=jptywgea800000001753735370995&qH=fa7a2885ee123978 ---
[2025-07-28T21:46:53.137+0000] {logging_mixin.py:188} INFO - Initializing WebDriver...
[2025-07-28T21:47:14.378+0000] {logging_mixin.py:188} INFO - Extracted - Phone: Samsung Galaxy A35 5G (Awesome Navy, 256 GB)  (8 GB RAM), Price: ₹21,999
[2025-07-28T21:47:17.667+0000] {logging_mixin.py:188} INFO - Scraping Page 1 for Samsung Galaxy A35 5G (Awesome Navy, 256 GB)  (8 GB RAM)...
[2025-07-28T21:47:20.195+0000] {logging_mixin.py:188} INFO - Scraping Page 2 for Samsung Galaxy A35 5G (Awesome Navy, 256 GB)  (8 GB RAM)...
[2025-07-28T21:47:22.743+0000] {logging_mixin.py:188} INFO - Scraping Page 3 for Samsung Galaxy A35 5G (Awesome Navy, 256 GB)  (8 GB RAM)...
[2025-07-28T21:47:25.303+0000] {logging_mixin.py:188} INFO - Scraping Page 4 for Samsung Galaxy A35 5G (Awesome Navy, 256 GB)  (8 GB RAM)...
[2025-07-28T21:47:27.919+0000] {logging_mixin.py:188} INFO - Scraping Page 5 for Samsung Galaxy A35 5G (Awesome Navy, 256 GB)  (8 GB RAM)...
[2025-07-28T21:47:30.532+0000] {logging_mixin.py:188} INFO - Scraping Page 6 for Samsung Galaxy A35 5G (Awesome Navy, 256 GB)  (8 GB RAM)...
[2025-07-28T21:47:33.017+0000] {logging_mixin.py:188} INFO - Scraping Page 7 for Samsung Galaxy A35 5G (Awesome Navy, 256 GB)  (8 GB RAM)...
[2025-07-28T21:47:35.582+0000] {logging_mixin.py:188} INFO - Scraping Page 8 for Samsung Galaxy A35 5G (Awesome Navy, 256 GB)  (8 GB RAM)...
[2025-07-28T21:47:38.128+0000] {logging_mixin.py:188} INFO - Scraping Page 9 for Samsung Galaxy A35 5G (Awesome Navy, 256 GB)  (8 GB RAM)...
[2025-07-28T21:47:41.343+0000] {logging_mixin.py:188} INFO - An error occurred while scraping https://www.flipkart.com/samsung-galaxy-a35-5g-awesome-navy-256-gb/p/itm2d2e398127998?pid=MOBGYT2HEEYGMZFH&lid=LSTMOBGYT2HEEYGMZFH3U1TOF&marketplace=FLIPKART&q=samsung+smart+phones&store=tyy%2F4io&srno=s_1_4&otracker=search&otracker1=search&fm=Search&iid=dcbefbbe-6b57-4c6a-833b-d09682ea1ccd.MOBGYT2HEEYGMZFH.SEARCH&ppt=sp&ppn=sp&ssid=jptywgea800000001753735370995&qH=fa7a2885ee123978: Message: element click intercepted: Element <a class="_9QVEpD" href="/samsung-galaxy-a35-5g-awesome-navy-256-gb/product-reviews/itm2d2e398127998?pid=MOBGYT2HEEYGMZFH&amp;lid=LSTMOBGYT2HEEYGMZFH3U1TOF&amp;marketplace=FLIPKART&amp;page=10">...</a> is not clickable at point (722, 461). Other element would receive the click: <div class="H30l+S h-JV4l">...</div>
  (Session info: chrome=138.0.7204.168); For documentation on this error, please visit: https://www.selenium.dev/documentation/webdriver/troubleshooting/errors#elementclickinterceptedexception
Stacktrace:
#0 0x5c9350a7170e <unknown>
#1 0x5c935050da51 <unknown>
#2 0x5c935055e701 <unknown>
#3 0x5c935055ccb9 <unknown>
#4 0x5c935055a851 <unknown>
#5 0x5c9350559fe3 <unknown>
#6 0x5c935054e91a <unknown>
#7 0x5c935057bff2 <unknown>
#8 0x5c935054e0fd <unknown>
#9 0x5c935057c1be <unknown>
#10 0x5c935059b444 <unknown>
#11 0x5c935057bdc3 <unknown>
#12 0x5c935054c959 <unknown>
#13 0x5c935054d4c1 <unknown>
#14 0x5c9350a3d8aa <unknown>
#15 0x5c9350a40c11 <unknown>
#16 0x5c9350a406a8 <unknown>
#17 0x5c9350a410b5 <unknown>
#18 0x5c9350a2734c <unknown>
#19 0x5c9350a41421 <unknown>
#20 0x5c9350a0fe2a <unknown>
#21 0x5c9350a5f855 <unknown>
#22 0x5c9350a5fa4e <unknown>
#23 0x5c9350a709f5 <unknown>
#24 0x774ce48fa134 <unknown>
[2025-07-28T21:47:41.448+0000] {python.py:237} INFO - Done. Returned value was: None
[2025-07-28T21:47:41.450+0000] {taskinstance.py:441} INFO - ::group::Post task execution logs
[2025-07-28T21:47:44.318+0000] {taskinstance.py:1206} INFO - Marking task as SUCCESS. dag_id=sequential_scraping_pipeline, task_id=process_urls_sequentially, run_id=manual__2025-07-28T21:41:32.939001+00:00, execution_date=20250728T214132, start_date=20250728T214159, end_date=20250728T214744
[2025-07-28T21:47:47.702+0000] {local_task_job_runner.py:243} INFO - Task exited with return code 0
[2025-07-28T21:47:48.816+0000] {taskinstance.py:3503} INFO - 0 downstream tasks scheduled from follow-on schedule check
[2025-07-28T21:47:48.910+0000] {local_task_job_runner.py:222} INFO - ::endgroup::
