[2025-07-27T10:12:56.609+0000] {local_task_job_runner.py:120} INFO - ::group::Pre task execution logs
[2025-07-27T10:12:56.837+0000] {taskinstance.py:2076} INFO - Dependencies all met for dep_context=non-requeueable deps ti=<TaskInstance: conditional_dataset_and_time_based_timetable.conditional_dataset_and_time_based_timetable scheduled__2025-07-23T01:00:00+00:00 [queued]>
[2025-07-27T10:12:56.884+0000] {taskinstance.py:2076} INFO - Dependencies all met for dep_context=requeueable deps ti=<TaskInstance: conditional_dataset_and_time_based_timetable.conditional_dataset_and_time_based_timetable scheduled__2025-07-23T01:00:00+00:00 [queued]>
[2025-07-27T10:12:56.890+0000] {taskinstance.py:2306} INFO - Starting attempt 1 of 1
[2025-07-27T10:12:57.012+0000] {taskinstance.py:2330} INFO - Executing <Task(BashOperator): conditional_dataset_and_time_based_timetable> on 2025-07-23 01:00:00+00:00
[2025-07-27T10:12:57.117+0000] {logging_mixin.py:188} WARNING - /home/***/.local/lib/python3.12/site-packages/***/task/task_runner/standard_task_runner.py:62 DeprecationWarning: This process (pid=244) is multi-threaded, use of fork() may lead to deadlocks in the child.
[2025-07-27T10:12:57.124+0000] {standard_task_runner.py:64} INFO - Started process 341 to run task
[2025-07-27T10:12:57.124+0000] {standard_task_runner.py:90} INFO - Running: ['***', 'tasks', 'run', 'conditional_dataset_and_time_based_timetable', 'conditional_dataset_and_time_based_timetable', 'scheduled__2025-07-23T01:00:00+00:00', '--job-id', '12', '--raw', '--subdir', '/home/***/.local/lib/python3.12/site-packages/***/example_dags/example_datasets.py', '--cfg-path', '/tmp/tmpqv0ddaoz']
[2025-07-27T10:12:57.155+0000] {standard_task_runner.py:91} INFO - Job 12: Subtask conditional_dataset_and_time_based_timetable
[2025-07-27T10:12:57.230+0000] {logging_mixin.py:188} WARNING - /home/***/.local/lib/python3.12/site-packages/***/settings.py:195 DeprecationWarning: The sql_alchemy_conn option in [core] has been moved to the sql_alchemy_conn option in [database] - the old setting has been used, but please update your config.
[2025-07-27T10:12:57.421+0000] {task_command.py:426} INFO - Running <TaskInstance: conditional_dataset_and_time_based_timetable.conditional_dataset_and_time_based_timetable scheduled__2025-07-23T01:00:00+00:00 [running]> on host 4112a2618ff3
[2025-07-27T10:12:57.910+0000] {taskinstance.py:2648} INFO - Exporting env vars: AIRFLOW_CTX_DAG_OWNER='***' AIRFLOW_CTX_DAG_ID='conditional_dataset_and_time_based_timetable' AIRFLOW_CTX_TASK_ID='conditional_dataset_and_time_based_timetable' AIRFLOW_CTX_EXECUTION_DATE='2025-07-23T01:00:00+00:00' AIRFLOW_CTX_TRY_NUMBER='1' AIRFLOW_CTX_DAG_RUN_ID='scheduled__2025-07-23T01:00:00+00:00'
[2025-07-27T10:12:57.924+0000] {taskinstance.py:430} INFO - ::endgroup::
[2025-07-27T10:12:57.941+0000] {subprocess.py:63} INFO - Tmp dir root location: /tmp
[2025-07-27T10:12:57.958+0000] {subprocess.py:75} INFO - Running command: ['/usr/bin/bash', '-c', 'sleep 5']
[2025-07-27T10:12:58.168+0000] {subprocess.py:86} INFO - Output:
[2025-07-27T10:13:03.260+0000] {subprocess.py:97} INFO - Command exited with return code 0
[2025-07-27T10:13:03.265+0000] {taskinstance.py:441} INFO - ::group::Post task execution logs
[2025-07-27T10:13:03.554+0000] {taskinstance.py:1206} INFO - Marking task as SUCCESS. dag_id=conditional_dataset_and_time_based_timetable, task_id=conditional_dataset_and_time_based_timetable, run_id=scheduled__2025-07-23T01:00:00+00:00, execution_date=20250723T010000, start_date=20250727T101256, end_date=20250727T101303
[2025-07-27T10:13:04.187+0000] {local_task_job_runner.py:243} INFO - Task exited with return code 0
[2025-07-27T10:13:04.321+0000] {taskinstance.py:3503} INFO - 0 downstream tasks scheduled from follow-on schedule check
[2025-07-27T10:13:04.377+0000] {local_task_job_runner.py:222} INFO - ::endgroup::
