[2025-07-30T13:52:20.859+0000] {processor.py:161} INFO - Started process (PID=244) to work on /opt/airflow/dags/parallel_pipeline_dag.py
[2025-07-30T13:52:20.904+0000] {processor.py:830} INFO - Processing file /opt/airflow/dags/parallel_pipeline_dag.py for tasks to queue
[2025-07-30T13:52:20.950+0000] {logging_mixin.py:188} INFO - [2025-07-30T13:52:20.947+0000] {dagbag.py:545} INFO - Filling up the DagBag from /opt/airflow/dags/parallel_pipeline_dag.py
[2025-07-30T13:52:38.761+0000] {processor.py:840} INFO - DAG(s) 'parallel_scraping_pipeline' retrieved from /opt/airflow/dags/parallel_pipeline_dag.py
[2025-07-30T13:52:42.350+0000] {logging_mixin.py:188} INFO - [2025-07-30T13:52:42.348+0000] {dag.py:3089} INFO - Sync 1 DAGs
[2025-07-30T13:52:42.909+0000] {logging_mixin.py:188} INFO - [2025-07-30T13:52:42.908+0000] {dag.py:3947} INFO - Setting next_dagrun for parallel_scraping_pipeline to None, run_after=None
[2025-07-30T13:52:45.477+0000] {processor.py:183} INFO - Processing /opt/airflow/dags/parallel_pipeline_dag.py took 24.727 seconds
[2025-07-30T13:53:16.919+0000] {processor.py:161} INFO - Started process (PID=278) to work on /opt/airflow/dags/parallel_pipeline_dag.py
[2025-07-30T13:53:16.922+0000] {processor.py:830} INFO - Processing file /opt/airflow/dags/parallel_pipeline_dag.py for tasks to queue
[2025-07-30T13:53:16.930+0000] {logging_mixin.py:188} INFO - [2025-07-30T13:53:16.929+0000] {dagbag.py:545} INFO - Filling up the DagBag from /opt/airflow/dags/parallel_pipeline_dag.py
[2025-07-30T13:53:20.180+0000] {processor.py:840} INFO - DAG(s) 'parallel_scraping_pipeline' retrieved from /opt/airflow/dags/parallel_pipeline_dag.py
[2025-07-30T13:53:24.805+0000] {logging_mixin.py:188} INFO - [2025-07-30T13:53:24.803+0000] {dag.py:3089} INFO - Sync 1 DAGs
[2025-07-30T14:03:40.771+0000] {processor.py:161} INFO - Started process (PID=271) to work on /opt/airflow/dags/parallel_pipeline_dag.py
[2025-07-30T14:03:40.781+0000] {processor.py:830} INFO - Processing file /opt/airflow/dags/parallel_pipeline_dag.py for tasks to queue
[2025-07-30T14:03:40.808+0000] {logging_mixin.py:188} INFO - [2025-07-30T14:03:40.794+0000] {dagbag.py:545} INFO - Filling up the DagBag from /opt/airflow/dags/parallel_pipeline_dag.py
[2025-07-30T14:03:45.704+0000] {processor.py:840} INFO - DAG(s) 'parallel_scraping_pipeline' retrieved from /opt/airflow/dags/parallel_pipeline_dag.py
[2025-07-30T14:03:57.102+0000] {logging_mixin.py:188} INFO - [2025-07-30T14:03:57.100+0000] {dag.py:3089} INFO - Sync 1 DAGs
[2025-07-30T14:07:18.805+0000] {processor.py:161} INFO - Started process (PID=360) to work on /opt/airflow/dags/parallel_pipeline_dag.py
[2025-07-30T14:07:18.809+0000] {processor.py:830} INFO - Processing file /opt/airflow/dags/parallel_pipeline_dag.py for tasks to queue
[2025-07-30T14:07:18.817+0000] {logging_mixin.py:188} INFO - [2025-07-30T14:07:18.816+0000] {dagbag.py:545} INFO - Filling up the DagBag from /opt/airflow/dags/parallel_pipeline_dag.py
[2025-07-30T14:07:21.201+0000] {processor.py:840} INFO - DAG(s) 'parallel_scraping_pipeline' retrieved from /opt/airflow/dags/parallel_pipeline_dag.py
[2025-07-30T14:07:27.160+0000] {logging_mixin.py:188} INFO - [2025-07-30T14:07:27.158+0000] {dag.py:3089} INFO - Sync 1 DAGs
[2025-07-30T14:10:24.387+0000] {processor.py:161} INFO - Started process (PID=442) to work on /opt/airflow/dags/parallel_pipeline_dag.py
[2025-07-30T14:10:24.391+0000] {processor.py:830} INFO - Processing file /opt/airflow/dags/parallel_pipeline_dag.py for tasks to queue
[2025-07-30T14:10:24.400+0000] {logging_mixin.py:188} INFO - [2025-07-30T14:10:24.398+0000] {dagbag.py:545} INFO - Filling up the DagBag from /opt/airflow/dags/parallel_pipeline_dag.py
[2025-07-30T14:10:26.966+0000] {processor.py:840} INFO - DAG(s) 'parallel_scraping_pipeline' retrieved from /opt/airflow/dags/parallel_pipeline_dag.py
[2025-07-30T14:10:30.922+0000] {logging_mixin.py:188} INFO - [2025-07-30T14:10:30.911+0000] {dag.py:3089} INFO - Sync 1 DAGs
[2025-07-30T14:10:31.240+0000] {logging_mixin.py:188} INFO - [2025-07-30T14:10:31.239+0000] {dag.py:3947} INFO - Setting next_dagrun for parallel_scraping_pipeline to None, run_after=None
[2025-07-30T14:10:34.050+0000] {processor.py:183} INFO - Processing /opt/airflow/dags/parallel_pipeline_dag.py took 9.682 seconds
[2025-07-30T14:11:06.626+0000] {processor.py:161} INFO - Started process (PID=468) to work on /opt/airflow/dags/parallel_pipeline_dag.py
[2025-07-30T14:11:06.630+0000] {processor.py:830} INFO - Processing file /opt/airflow/dags/parallel_pipeline_dag.py for tasks to queue
[2025-07-30T14:11:06.636+0000] {logging_mixin.py:188} INFO - [2025-07-30T14:11:06.635+0000] {dagbag.py:545} INFO - Filling up the DagBag from /opt/airflow/dags/parallel_pipeline_dag.py
[2025-07-30T14:11:11.226+0000] {processor.py:840} INFO - DAG(s) 'parallel_scraping_pipeline' retrieved from /opt/airflow/dags/parallel_pipeline_dag.py
[2025-07-30T14:11:14.554+0000] {logging_mixin.py:188} INFO - [2025-07-30T14:11:14.553+0000] {dag.py:3089} INFO - Sync 1 DAGs
[2025-07-30T14:11:14.762+0000] {logging_mixin.py:188} INFO - [2025-07-30T14:11:14.761+0000] {dag.py:3947} INFO - Setting next_dagrun for parallel_scraping_pipeline to None, run_after=None
[2025-07-30T14:11:17.509+0000] {processor.py:183} INFO - Processing /opt/airflow/dags/parallel_pipeline_dag.py took 10.905 seconds
[2025-07-30T14:11:47.892+0000] {processor.py:161} INFO - Started process (PID=495) to work on /opt/airflow/dags/parallel_pipeline_dag.py
[2025-07-30T14:11:47.895+0000] {processor.py:830} INFO - Processing file /opt/airflow/dags/parallel_pipeline_dag.py for tasks to queue
[2025-07-30T14:11:47.902+0000] {logging_mixin.py:188} INFO - [2025-07-30T14:11:47.901+0000] {dagbag.py:545} INFO - Filling up the DagBag from /opt/airflow/dags/parallel_pipeline_dag.py
[2025-07-30T14:11:50.332+0000] {processor.py:840} INFO - DAG(s) 'parallel_scraping_pipeline' retrieved from /opt/airflow/dags/parallel_pipeline_dag.py
[2025-07-30T14:11:53.898+0000] {logging_mixin.py:188} INFO - [2025-07-30T14:11:53.896+0000] {dag.py:3089} INFO - Sync 1 DAGs
[2025-07-30T14:11:54.289+0000] {logging_mixin.py:188} INFO - [2025-07-30T14:11:54.287+0000] {dag.py:3947} INFO - Setting next_dagrun for parallel_scraping_pipeline to None, run_after=None
[2025-07-30T14:11:57.713+0000] {processor.py:183} INFO - Processing /opt/airflow/dags/parallel_pipeline_dag.py took 9.851 seconds
[2025-07-30T14:12:28.867+0000] {processor.py:161} INFO - Started process (PID=521) to work on /opt/airflow/dags/parallel_pipeline_dag.py
[2025-07-30T14:12:28.872+0000] {processor.py:830} INFO - Processing file /opt/airflow/dags/parallel_pipeline_dag.py for tasks to queue
[2025-07-30T14:12:28.880+0000] {logging_mixin.py:188} INFO - [2025-07-30T14:12:28.879+0000] {dagbag.py:545} INFO - Filling up the DagBag from /opt/airflow/dags/parallel_pipeline_dag.py
[2025-07-30T14:12:31.060+0000] {processor.py:840} INFO - DAG(s) 'parallel_scraping_pipeline' retrieved from /opt/airflow/dags/parallel_pipeline_dag.py
[2025-07-30T14:12:34.539+0000] {logging_mixin.py:188} INFO - [2025-07-30T14:12:34.532+0000] {dag.py:3089} INFO - Sync 1 DAGs
[2025-07-30T14:12:35.087+0000] {logging_mixin.py:188} INFO - [2025-07-30T14:12:35.086+0000] {dag.py:3947} INFO - Setting next_dagrun for parallel_scraping_pipeline to None, run_after=None
[2025-07-30T14:12:37.528+0000] {processor.py:183} INFO - Processing /opt/airflow/dags/parallel_pipeline_dag.py took 8.689 seconds
[2025-07-30T14:13:08.587+0000] {processor.py:161} INFO - Started process (PID=547) to work on /opt/airflow/dags/parallel_pipeline_dag.py
[2025-07-30T14:13:08.599+0000] {processor.py:830} INFO - Processing file /opt/airflow/dags/parallel_pipeline_dag.py for tasks to queue
[2025-07-30T14:13:08.612+0000] {logging_mixin.py:188} INFO - [2025-07-30T14:13:08.610+0000] {dagbag.py:545} INFO - Filling up the DagBag from /opt/airflow/dags/parallel_pipeline_dag.py
[2025-07-30T14:13:11.488+0000] {processor.py:840} INFO - DAG(s) 'parallel_scraping_pipeline' retrieved from /opt/airflow/dags/parallel_pipeline_dag.py
[2025-07-30T14:13:14.978+0000] {logging_mixin.py:188} INFO - [2025-07-30T14:13:14.975+0000] {dag.py:3089} INFO - Sync 1 DAGs
[2025-07-30T14:13:15.346+0000] {logging_mixin.py:188} INFO - [2025-07-30T14:13:15.343+0000] {dag.py:3947} INFO - Setting next_dagrun for parallel_scraping_pipeline to None, run_after=None
[2025-07-30T14:13:18.212+0000] {processor.py:183} INFO - Processing /opt/airflow/dags/parallel_pipeline_dag.py took 9.664 seconds
[2025-07-30T14:13:48.929+0000] {processor.py:161} INFO - Started process (PID=574) to work on /opt/airflow/dags/parallel_pipeline_dag.py
[2025-07-30T14:13:48.933+0000] {processor.py:830} INFO - Processing file /opt/airflow/dags/parallel_pipeline_dag.py for tasks to queue
[2025-07-30T14:13:48.941+0000] {logging_mixin.py:188} INFO - [2025-07-30T14:13:48.939+0000] {dagbag.py:545} INFO - Filling up the DagBag from /opt/airflow/dags/parallel_pipeline_dag.py
[2025-07-30T14:13:51.126+0000] {processor.py:840} INFO - DAG(s) 'parallel_scraping_pipeline' retrieved from /opt/airflow/dags/parallel_pipeline_dag.py
[2025-07-30T14:13:57.621+0000] {logging_mixin.py:188} INFO - [2025-07-30T14:13:57.619+0000] {dag.py:3089} INFO - Sync 1 DAGs
[2025-07-30T14:13:57.803+0000] {logging_mixin.py:188} INFO - [2025-07-30T14:13:57.803+0000] {dag.py:3947} INFO - Setting next_dagrun for parallel_scraping_pipeline to None, run_after=None
[2025-07-30T14:14:00.771+0000] {processor.py:183} INFO - Processing /opt/airflow/dags/parallel_pipeline_dag.py took 11.861 seconds
[2025-07-30T14:14:42.240+0000] {processor.py:161} INFO - Started process (PID=608) to work on /opt/airflow/dags/parallel_pipeline_dag.py
[2025-07-30T14:14:42.242+0000] {processor.py:830} INFO - Processing file /opt/airflow/dags/parallel_pipeline_dag.py for tasks to queue
[2025-07-30T14:14:42.251+0000] {logging_mixin.py:188} INFO - [2025-07-30T14:14:42.250+0000] {dagbag.py:545} INFO - Filling up the DagBag from /opt/airflow/dags/parallel_pipeline_dag.py
[2025-07-30T14:14:44.470+0000] {processor.py:840} INFO - DAG(s) 'parallel_scraping_pipeline' retrieved from /opt/airflow/dags/parallel_pipeline_dag.py
[2025-07-30T14:14:52.770+0000] {logging_mixin.py:188} INFO - [2025-07-30T14:14:52.762+0000] {dag.py:3089} INFO - Sync 1 DAGs
[2025-07-30T14:14:54.506+0000] {logging_mixin.py:188} INFO - [2025-07-30T14:14:54.505+0000] {dag.py:3947} INFO - Setting next_dagrun for parallel_scraping_pipeline to None, run_after=None
[2025-07-30T14:15:00.091+0000] {processor.py:183} INFO - Processing /opt/airflow/dags/parallel_pipeline_dag.py took 17.880 seconds
[2025-07-30T14:15:35.226+0000] {processor.py:161} INFO - Started process (PID=639) to work on /opt/airflow/dags/parallel_pipeline_dag.py
[2025-07-30T14:15:35.240+0000] {processor.py:830} INFO - Processing file /opt/airflow/dags/parallel_pipeline_dag.py for tasks to queue
[2025-07-30T14:15:35.261+0000] {logging_mixin.py:188} INFO - [2025-07-30T14:15:35.259+0000] {dagbag.py:545} INFO - Filling up the DagBag from /opt/airflow/dags/parallel_pipeline_dag.py
[2025-07-30T14:15:38.791+0000] {processor.py:840} INFO - DAG(s) 'parallel_scraping_pipeline' retrieved from /opt/airflow/dags/parallel_pipeline_dag.py
[2025-07-30T14:15:43.724+0000] {logging_mixin.py:188} INFO - [2025-07-30T14:15:43.719+0000] {dag.py:3089} INFO - Sync 1 DAGs
[2025-07-30T14:15:43.862+0000] {logging_mixin.py:188} INFO - [2025-07-30T14:15:43.861+0000] {dag.py:3947} INFO - Setting next_dagrun for parallel_scraping_pipeline to None, run_after=None
[2025-07-30T14:15:45.890+0000] {processor.py:183} INFO - Processing /opt/airflow/dags/parallel_pipeline_dag.py took 10.734 seconds
[2025-07-30T14:16:17.124+0000] {processor.py:161} INFO - Started process (PID=666) to work on /opt/airflow/dags/parallel_pipeline_dag.py
[2025-07-30T14:16:17.127+0000] {processor.py:830} INFO - Processing file /opt/airflow/dags/parallel_pipeline_dag.py for tasks to queue
[2025-07-30T14:16:17.140+0000] {logging_mixin.py:188} INFO - [2025-07-30T14:16:17.138+0000] {dagbag.py:545} INFO - Filling up the DagBag from /opt/airflow/dags/parallel_pipeline_dag.py
[2025-07-30T14:16:22.226+0000] {processor.py:840} INFO - DAG(s) 'parallel_scraping_pipeline' retrieved from /opt/airflow/dags/parallel_pipeline_dag.py
[2025-07-30T14:16:31.233+0000] {logging_mixin.py:188} INFO - [2025-07-30T14:16:31.232+0000] {dag.py:3089} INFO - Sync 1 DAGs
[2025-07-30T14:16:49.584+0000] {logging_mixin.py:188} INFO - [2025-07-30T14:16:49.582+0000] {dag.py:3947} INFO - Setting next_dagrun for parallel_scraping_pipeline to None, run_after=None
[2025-07-30T14:17:00.321+0000] {processor.py:183} INFO - Processing /opt/airflow/dags/parallel_pipeline_dag.py took 43.255 seconds
[2025-07-30T14:17:37.342+0000] {processor.py:161} INFO - Started process (PID=703) to work on /opt/airflow/dags/parallel_pipeline_dag.py
[2025-07-30T14:17:37.345+0000] {processor.py:830} INFO - Processing file /opt/airflow/dags/parallel_pipeline_dag.py for tasks to queue
[2025-07-30T14:17:37.353+0000] {logging_mixin.py:188} INFO - [2025-07-30T14:17:37.352+0000] {dagbag.py:545} INFO - Filling up the DagBag from /opt/airflow/dags/parallel_pipeline_dag.py
[2025-07-30T14:17:39.977+0000] {processor.py:840} INFO - DAG(s) 'parallel_scraping_pipeline' retrieved from /opt/airflow/dags/parallel_pipeline_dag.py
[2025-07-30T14:17:42.388+0000] {logging_mixin.py:188} INFO - [2025-07-30T14:17:42.386+0000] {dag.py:3089} INFO - Sync 1 DAGs
[2025-07-30T14:17:42.572+0000] {logging_mixin.py:188} INFO - [2025-07-30T14:17:42.571+0000] {dag.py:3947} INFO - Setting next_dagrun for parallel_scraping_pipeline to None, run_after=None
[2025-07-30T14:17:47.607+0000] {processor.py:183} INFO - Processing /opt/airflow/dags/parallel_pipeline_dag.py took 10.290 seconds
[2025-07-30T14:18:20.921+0000] {processor.py:161} INFO - Started process (PID=729) to work on /opt/airflow/dags/parallel_pipeline_dag.py
[2025-07-30T14:18:20.924+0000] {processor.py:830} INFO - Processing file /opt/airflow/dags/parallel_pipeline_dag.py for tasks to queue
[2025-07-30T14:18:20.929+0000] {logging_mixin.py:188} INFO - [2025-07-30T14:18:20.928+0000] {dagbag.py:545} INFO - Filling up the DagBag from /opt/airflow/dags/parallel_pipeline_dag.py
[2025-07-30T14:18:23.642+0000] {processor.py:840} INFO - DAG(s) 'parallel_scraping_pipeline' retrieved from /opt/airflow/dags/parallel_pipeline_dag.py
[2025-07-30T14:18:29.889+0000] {logging_mixin.py:188} INFO - [2025-07-30T14:18:29.888+0000] {dag.py:3089} INFO - Sync 1 DAGs
[2025-07-30T14:18:30.238+0000] {logging_mixin.py:188} INFO - [2025-07-30T14:18:30.237+0000] {dag.py:3947} INFO - Setting next_dagrun for parallel_scraping_pipeline to None, run_after=None
[2025-07-30T14:18:35.459+0000] {processor.py:183} INFO - Processing /opt/airflow/dags/parallel_pipeline_dag.py took 14.558 seconds
[2025-07-30T14:19:06.043+0000] {processor.py:161} INFO - Started process (PID=751) to work on /opt/airflow/dags/parallel_pipeline_dag.py
[2025-07-30T14:19:06.051+0000] {processor.py:830} INFO - Processing file /opt/airflow/dags/parallel_pipeline_dag.py for tasks to queue
[2025-07-30T14:19:06.065+0000] {logging_mixin.py:188} INFO - [2025-07-30T14:19:06.058+0000] {dagbag.py:545} INFO - Filling up the DagBag from /opt/airflow/dags/parallel_pipeline_dag.py
[2025-07-30T14:19:08.361+0000] {processor.py:840} INFO - DAG(s) 'parallel_scraping_pipeline' retrieved from /opt/airflow/dags/parallel_pipeline_dag.py
[2025-07-30T14:19:11.165+0000] {logging_mixin.py:188} INFO - [2025-07-30T14:19:11.164+0000] {dag.py:3089} INFO - Sync 1 DAGs
[2025-07-30T14:19:11.726+0000] {logging_mixin.py:188} INFO - [2025-07-30T14:19:11.725+0000] {dag.py:3947} INFO - Setting next_dagrun for parallel_scraping_pipeline to None, run_after=None
[2025-07-30T14:19:16.056+0000] {processor.py:183} INFO - Processing /opt/airflow/dags/parallel_pipeline_dag.py took 10.044 seconds
[2025-07-30T14:19:46.909+0000] {processor.py:161} INFO - Started process (PID=777) to work on /opt/airflow/dags/parallel_pipeline_dag.py
[2025-07-30T14:19:46.913+0000] {processor.py:830} INFO - Processing file /opt/airflow/dags/parallel_pipeline_dag.py for tasks to queue
[2025-07-30T14:19:46.919+0000] {logging_mixin.py:188} INFO - [2025-07-30T14:19:46.918+0000] {dagbag.py:545} INFO - Filling up the DagBag from /opt/airflow/dags/parallel_pipeline_dag.py
[2025-07-30T14:19:48.842+0000] {processor.py:840} INFO - DAG(s) 'parallel_scraping_pipeline' retrieved from /opt/airflow/dags/parallel_pipeline_dag.py
[2025-07-30T14:19:52.762+0000] {logging_mixin.py:188} INFO - [2025-07-30T14:19:52.760+0000] {dag.py:3089} INFO - Sync 1 DAGs
[2025-07-30T14:19:52.955+0000] {logging_mixin.py:188} INFO - [2025-07-30T14:19:52.955+0000] {dag.py:3947} INFO - Setting next_dagrun for parallel_scraping_pipeline to None, run_after=None
[2025-07-30T14:19:54.951+0000] {processor.py:183} INFO - Processing /opt/airflow/dags/parallel_pipeline_dag.py took 8.058 seconds
[2025-07-30T14:20:25.939+0000] {processor.py:161} INFO - Started process (PID=804) to work on /opt/airflow/dags/parallel_pipeline_dag.py
[2025-07-30T14:20:25.943+0000] {processor.py:830} INFO - Processing file /opt/airflow/dags/parallel_pipeline_dag.py for tasks to queue
[2025-07-30T14:20:25.950+0000] {logging_mixin.py:188} INFO - [2025-07-30T14:20:25.948+0000] {dagbag.py:545} INFO - Filling up the DagBag from /opt/airflow/dags/parallel_pipeline_dag.py
[2025-07-30T14:20:28.785+0000] {processor.py:840} INFO - DAG(s) 'parallel_scraping_pipeline' retrieved from /opt/airflow/dags/parallel_pipeline_dag.py
[2025-07-30T14:20:33.243+0000] {logging_mixin.py:188} INFO - [2025-07-30T14:20:33.242+0000] {dag.py:3089} INFO - Sync 1 DAGs
[2025-07-30T14:20:33.548+0000] {logging_mixin.py:188} INFO - [2025-07-30T14:20:33.547+0000] {dag.py:3947} INFO - Setting next_dagrun for parallel_scraping_pipeline to None, run_after=None
[2025-07-30T14:20:37.276+0000] {processor.py:183} INFO - Processing /opt/airflow/dags/parallel_pipeline_dag.py took 11.354 seconds
[2025-07-30T14:21:08.208+0000] {processor.py:161} INFO - Started process (PID=831) to work on /opt/airflow/dags/parallel_pipeline_dag.py
[2025-07-30T14:21:08.211+0000] {processor.py:830} INFO - Processing file /opt/airflow/dags/parallel_pipeline_dag.py for tasks to queue
[2025-07-30T14:21:08.217+0000] {logging_mixin.py:188} INFO - [2025-07-30T14:21:08.216+0000] {dagbag.py:545} INFO - Filling up the DagBag from /opt/airflow/dags/parallel_pipeline_dag.py
[2025-07-30T14:21:10.326+0000] {processor.py:840} INFO - DAG(s) 'parallel_scraping_pipeline' retrieved from /opt/airflow/dags/parallel_pipeline_dag.py
[2025-07-30T14:21:14.923+0000] {logging_mixin.py:188} INFO - [2025-07-30T14:21:14.922+0000] {dag.py:3089} INFO - Sync 1 DAGs
[2025-07-30T14:21:16.698+0000] {logging_mixin.py:188} INFO - [2025-07-30T14:21:16.697+0000] {dag.py:3947} INFO - Setting next_dagrun for parallel_scraping_pipeline to None, run_after=None
[2025-07-30T14:21:23.344+0000] {processor.py:183} INFO - Processing /opt/airflow/dags/parallel_pipeline_dag.py took 15.156 seconds
[2025-07-30T14:21:54.502+0000] {processor.py:161} INFO - Started process (PID=856) to work on /opt/airflow/dags/parallel_pipeline_dag.py
[2025-07-30T14:21:54.506+0000] {processor.py:830} INFO - Processing file /opt/airflow/dags/parallel_pipeline_dag.py for tasks to queue
[2025-07-30T14:21:54.512+0000] {logging_mixin.py:188} INFO - [2025-07-30T14:21:54.511+0000] {dagbag.py:545} INFO - Filling up the DagBag from /opt/airflow/dags/parallel_pipeline_dag.py
[2025-07-30T14:21:58.168+0000] {processor.py:840} INFO - DAG(s) 'parallel_scraping_pipeline' retrieved from /opt/airflow/dags/parallel_pipeline_dag.py
[2025-07-30T14:22:00.842+0000] {logging_mixin.py:188} INFO - [2025-07-30T14:22:00.840+0000] {dag.py:3089} INFO - Sync 1 DAGs
[2025-07-30T14:22:01.109+0000] {logging_mixin.py:188} INFO - [2025-07-30T14:22:01.108+0000] {dag.py:3947} INFO - Setting next_dagrun for parallel_scraping_pipeline to None, run_after=None
[2025-07-30T14:22:03.170+0000] {processor.py:183} INFO - Processing /opt/airflow/dags/parallel_pipeline_dag.py took 8.695 seconds
[2025-07-30T14:22:34.726+0000] {processor.py:161} INFO - Started process (PID=882) to work on /opt/airflow/dags/parallel_pipeline_dag.py
[2025-07-30T14:22:34.729+0000] {processor.py:830} INFO - Processing file /opt/airflow/dags/parallel_pipeline_dag.py for tasks to queue
[2025-07-30T14:22:34.737+0000] {logging_mixin.py:188} INFO - [2025-07-30T14:22:34.735+0000] {dagbag.py:545} INFO - Filling up the DagBag from /opt/airflow/dags/parallel_pipeline_dag.py
[2025-07-30T14:22:37.545+0000] {processor.py:840} INFO - DAG(s) 'parallel_scraping_pipeline' retrieved from /opt/airflow/dags/parallel_pipeline_dag.py
[2025-07-30T14:22:41.280+0000] {logging_mixin.py:188} INFO - [2025-07-30T14:22:41.278+0000] {dag.py:3089} INFO - Sync 1 DAGs
[2025-07-30T14:22:41.529+0000] {logging_mixin.py:188} INFO - [2025-07-30T14:22:41.528+0000] {dag.py:3947} INFO - Setting next_dagrun for parallel_scraping_pipeline to None, run_after=None
[2025-07-30T14:22:43.522+0000] {processor.py:183} INFO - Processing /opt/airflow/dags/parallel_pipeline_dag.py took 8.814 seconds
[2025-07-30T14:23:15.367+0000] {processor.py:161} INFO - Started process (PID=908) to work on /opt/airflow/dags/parallel_pipeline_dag.py
[2025-07-30T14:23:15.371+0000] {processor.py:830} INFO - Processing file /opt/airflow/dags/parallel_pipeline_dag.py for tasks to queue
[2025-07-30T14:23:15.377+0000] {logging_mixin.py:188} INFO - [2025-07-30T14:23:15.376+0000] {dagbag.py:545} INFO - Filling up the DagBag from /opt/airflow/dags/parallel_pipeline_dag.py
[2025-07-30T14:23:17.737+0000] {processor.py:840} INFO - DAG(s) 'parallel_scraping_pipeline' retrieved from /opt/airflow/dags/parallel_pipeline_dag.py
[2025-07-30T14:23:20.397+0000] {logging_mixin.py:188} INFO - [2025-07-30T14:23:20.396+0000] {dag.py:3089} INFO - Sync 1 DAGs
[2025-07-30T14:23:20.673+0000] {logging_mixin.py:188} INFO - [2025-07-30T14:23:20.673+0000] {dag.py:3947} INFO - Setting next_dagrun for parallel_scraping_pipeline to None, run_after=None
[2025-07-30T14:23:25.457+0000] {processor.py:183} INFO - Processing /opt/airflow/dags/parallel_pipeline_dag.py took 10.108 seconds
[2025-07-30T14:23:56.148+0000] {processor.py:161} INFO - Started process (PID=935) to work on /opt/airflow/dags/parallel_pipeline_dag.py
[2025-07-30T14:23:56.151+0000] {processor.py:830} INFO - Processing file /opt/airflow/dags/parallel_pipeline_dag.py for tasks to queue
[2025-07-30T14:23:56.159+0000] {logging_mixin.py:188} INFO - [2025-07-30T14:23:56.157+0000] {dagbag.py:545} INFO - Filling up the DagBag from /opt/airflow/dags/parallel_pipeline_dag.py
[2025-07-30T14:23:59.045+0000] {processor.py:840} INFO - DAG(s) 'parallel_scraping_pipeline' retrieved from /opt/airflow/dags/parallel_pipeline_dag.py
[2025-07-30T14:24:05.652+0000] {logging_mixin.py:188} INFO - [2025-07-30T14:24:05.650+0000] {dag.py:3089} INFO - Sync 1 DAGs
[2025-07-30T14:24:06.046+0000] {logging_mixin.py:188} INFO - [2025-07-30T14:24:06.045+0000] {dag.py:3947} INFO - Setting next_dagrun for parallel_scraping_pipeline to None, run_after=None
[2025-07-30T14:24:09.005+0000] {processor.py:183} INFO - Processing /opt/airflow/dags/parallel_pipeline_dag.py took 12.877 seconds
[2025-07-30T14:24:39.849+0000] {processor.py:161} INFO - Started process (PID=961) to work on /opt/airflow/dags/parallel_pipeline_dag.py
[2025-07-30T14:24:39.853+0000] {processor.py:830} INFO - Processing file /opt/airflow/dags/parallel_pipeline_dag.py for tasks to queue
[2025-07-30T14:24:39.861+0000] {logging_mixin.py:188} INFO - [2025-07-30T14:24:39.859+0000] {dagbag.py:545} INFO - Filling up the DagBag from /opt/airflow/dags/parallel_pipeline_dag.py
[2025-07-30T14:24:42.173+0000] {processor.py:840} INFO - DAG(s) 'parallel_scraping_pipeline' retrieved from /opt/airflow/dags/parallel_pipeline_dag.py
[2025-07-30T14:24:48.250+0000] {logging_mixin.py:188} INFO - [2025-07-30T14:24:48.249+0000] {dag.py:3089} INFO - Sync 1 DAGs
[2025-07-30T14:24:48.677+0000] {logging_mixin.py:188} INFO - [2025-07-30T14:24:48.676+0000] {dag.py:3947} INFO - Setting next_dagrun for parallel_scraping_pipeline to None, run_after=None
[2025-07-30T14:24:52.048+0000] {processor.py:183} INFO - Processing /opt/airflow/dags/parallel_pipeline_dag.py took 12.228 seconds
[2025-07-30T14:25:26.994+0000] {processor.py:161} INFO - Started process (PID=998) to work on /opt/airflow/dags/parallel_pipeline_dag.py
[2025-07-30T14:25:27.000+0000] {processor.py:830} INFO - Processing file /opt/airflow/dags/parallel_pipeline_dag.py for tasks to queue
[2025-07-30T14:25:27.009+0000] {logging_mixin.py:188} INFO - [2025-07-30T14:25:27.008+0000] {dagbag.py:545} INFO - Filling up the DagBag from /opt/airflow/dags/parallel_pipeline_dag.py
[2025-07-30T14:25:30.225+0000] {processor.py:840} INFO - DAG(s) 'parallel_scraping_pipeline' retrieved from /opt/airflow/dags/parallel_pipeline_dag.py
[2025-07-30T14:25:35.708+0000] {logging_mixin.py:188} INFO - [2025-07-30T14:25:35.707+0000] {dag.py:3089} INFO - Sync 1 DAGs
[2025-07-30T14:25:38.058+0000] {logging_mixin.py:188} INFO - [2025-07-30T14:25:38.058+0000] {dag.py:3947} INFO - Setting next_dagrun for parallel_scraping_pipeline to None, run_after=None
[2025-07-30T14:25:48.779+0000] {processor.py:183} INFO - Processing /opt/airflow/dags/parallel_pipeline_dag.py took 21.825 seconds
[2025-07-30T14:26:20.160+0000] {processor.py:161} INFO - Started process (PID=1024) to work on /opt/airflow/dags/parallel_pipeline_dag.py
[2025-07-30T14:26:20.164+0000] {processor.py:830} INFO - Processing file /opt/airflow/dags/parallel_pipeline_dag.py for tasks to queue
[2025-07-30T14:26:20.172+0000] {logging_mixin.py:188} INFO - [2025-07-30T14:26:20.171+0000] {dagbag.py:545} INFO - Filling up the DagBag from /opt/airflow/dags/parallel_pipeline_dag.py
[2025-07-30T14:26:22.776+0000] {processor.py:840} INFO - DAG(s) 'parallel_scraping_pipeline' retrieved from /opt/airflow/dags/parallel_pipeline_dag.py
[2025-07-30T14:26:28.369+0000] {logging_mixin.py:188} INFO - [2025-07-30T14:26:28.367+0000] {dag.py:3089} INFO - Sync 1 DAGs
[2025-07-30T14:26:28.628+0000] {logging_mixin.py:188} INFO - [2025-07-30T14:26:28.627+0000] {dag.py:3947} INFO - Setting next_dagrun for parallel_scraping_pipeline to None, run_after=None
[2025-07-30T14:26:33.933+0000] {processor.py:183} INFO - Processing /opt/airflow/dags/parallel_pipeline_dag.py took 13.808 seconds
[2025-07-30T14:27:07.191+0000] {processor.py:161} INFO - Started process (PID=1058) to work on /opt/airflow/dags/parallel_pipeline_dag.py
[2025-07-30T14:27:07.199+0000] {processor.py:830} INFO - Processing file /opt/airflow/dags/parallel_pipeline_dag.py for tasks to queue
[2025-07-30T14:27:07.210+0000] {logging_mixin.py:188} INFO - [2025-07-30T14:27:07.208+0000] {dagbag.py:545} INFO - Filling up the DagBag from /opt/airflow/dags/parallel_pipeline_dag.py
[2025-07-30T14:27:09.387+0000] {processor.py:840} INFO - DAG(s) 'parallel_scraping_pipeline' retrieved from /opt/airflow/dags/parallel_pipeline_dag.py
[2025-07-30T14:27:15.308+0000] {logging_mixin.py:188} INFO - [2025-07-30T14:27:15.304+0000] {dag.py:3089} INFO - Sync 1 DAGs
[2025-07-30T14:27:15.678+0000] {logging_mixin.py:188} INFO - [2025-07-30T14:27:15.677+0000] {dag.py:3947} INFO - Setting next_dagrun for parallel_scraping_pipeline to None, run_after=None
[2025-07-30T14:27:24.769+0000] {processor.py:183} INFO - Processing /opt/airflow/dags/parallel_pipeline_dag.py took 17.612 seconds
[2025-07-30T14:27:55.365+0000] {processor.py:161} INFO - Started process (PID=1085) to work on /opt/airflow/dags/parallel_pipeline_dag.py
[2025-07-30T14:27:55.374+0000] {processor.py:830} INFO - Processing file /opt/airflow/dags/parallel_pipeline_dag.py for tasks to queue
[2025-07-30T14:27:55.388+0000] {logging_mixin.py:188} INFO - [2025-07-30T14:27:55.382+0000] {dagbag.py:545} INFO - Filling up the DagBag from /opt/airflow/dags/parallel_pipeline_dag.py
[2025-07-30T14:27:58.053+0000] {processor.py:840} INFO - DAG(s) 'parallel_scraping_pipeline' retrieved from /opt/airflow/dags/parallel_pipeline_dag.py
[2025-07-30T14:28:02.662+0000] {logging_mixin.py:188} INFO - [2025-07-30T14:28:02.661+0000] {dag.py:3089} INFO - Sync 1 DAGs
[2025-07-30T14:28:02.909+0000] {logging_mixin.py:188} INFO - [2025-07-30T14:28:02.908+0000] {dag.py:3947} INFO - Setting next_dagrun for parallel_scraping_pipeline to None, run_after=None
[2025-07-30T14:28:06.673+0000] {processor.py:183} INFO - Processing /opt/airflow/dags/parallel_pipeline_dag.py took 11.387 seconds
[2025-07-30T14:28:38.261+0000] {processor.py:161} INFO - Started process (PID=1112) to work on /opt/airflow/dags/parallel_pipeline_dag.py
[2025-07-30T14:28:38.269+0000] {processor.py:830} INFO - Processing file /opt/airflow/dags/parallel_pipeline_dag.py for tasks to queue
[2025-07-30T14:28:38.279+0000] {logging_mixin.py:188} INFO - [2025-07-30T14:28:38.277+0000] {dagbag.py:545} INFO - Filling up the DagBag from /opt/airflow/dags/parallel_pipeline_dag.py
[2025-07-30T14:28:40.846+0000] {processor.py:840} INFO - DAG(s) 'parallel_scraping_pipeline' retrieved from /opt/airflow/dags/parallel_pipeline_dag.py
[2025-07-30T14:28:46.120+0000] {logging_mixin.py:188} INFO - [2025-07-30T14:28:46.119+0000] {dag.py:3089} INFO - Sync 1 DAGs
[2025-07-30T14:28:46.430+0000] {logging_mixin.py:188} INFO - [2025-07-30T14:28:46.429+0000] {dag.py:3947} INFO - Setting next_dagrun for parallel_scraping_pipeline to None, run_after=None
[2025-07-30T14:28:49.810+0000] {processor.py:183} INFO - Processing /opt/airflow/dags/parallel_pipeline_dag.py took 11.581 seconds
[2025-07-30T14:29:21.782+0000] {processor.py:161} INFO - Started process (PID=1137) to work on /opt/airflow/dags/parallel_pipeline_dag.py
[2025-07-30T14:29:21.785+0000] {processor.py:830} INFO - Processing file /opt/airflow/dags/parallel_pipeline_dag.py for tasks to queue
[2025-07-30T14:29:21.794+0000] {logging_mixin.py:188} INFO - [2025-07-30T14:29:21.793+0000] {dagbag.py:545} INFO - Filling up the DagBag from /opt/airflow/dags/parallel_pipeline_dag.py
[2025-07-30T14:29:28.385+0000] {processor.py:840} INFO - DAG(s) 'parallel_scraping_pipeline' retrieved from /opt/airflow/dags/parallel_pipeline_dag.py
[2025-07-30T14:29:30.664+0000] {logging_mixin.py:188} INFO - [2025-07-30T14:29:30.660+0000] {dag.py:3089} INFO - Sync 1 DAGs
[2025-07-30T14:29:31.083+0000] {logging_mixin.py:188} INFO - [2025-07-30T14:29:31.082+0000] {dag.py:3947} INFO - Setting next_dagrun for parallel_scraping_pipeline to None, run_after=None
[2025-07-30T14:29:33.488+0000] {processor.py:183} INFO - Processing /opt/airflow/dags/parallel_pipeline_dag.py took 11.732 seconds
[2025-07-30T14:30:03.914+0000] {processor.py:161} INFO - Started process (PID=1163) to work on /opt/airflow/dags/parallel_pipeline_dag.py
[2025-07-30T14:30:03.919+0000] {processor.py:830} INFO - Processing file /opt/airflow/dags/parallel_pipeline_dag.py for tasks to queue
[2025-07-30T14:30:03.926+0000] {logging_mixin.py:188} INFO - [2025-07-30T14:30:03.925+0000] {dagbag.py:545} INFO - Filling up the DagBag from /opt/airflow/dags/parallel_pipeline_dag.py
[2025-07-30T14:30:06.467+0000] {processor.py:840} INFO - DAG(s) 'parallel_scraping_pipeline' retrieved from /opt/airflow/dags/parallel_pipeline_dag.py
[2025-07-30T14:30:09.059+0000] {logging_mixin.py:188} INFO - [2025-07-30T14:30:09.056+0000] {dag.py:3089} INFO - Sync 1 DAGs
[2025-07-30T14:30:09.213+0000] {logging_mixin.py:188} INFO - [2025-07-30T14:30:09.213+0000] {dag.py:3947} INFO - Setting next_dagrun for parallel_scraping_pipeline to None, run_after=None
[2025-07-30T14:30:11.509+0000] {processor.py:183} INFO - Processing /opt/airflow/dags/parallel_pipeline_dag.py took 7.617 seconds
[2025-07-30T14:30:41.862+0000] {processor.py:161} INFO - Started process (PID=1190) to work on /opt/airflow/dags/parallel_pipeline_dag.py
[2025-07-30T14:30:41.867+0000] {processor.py:830} INFO - Processing file /opt/airflow/dags/parallel_pipeline_dag.py for tasks to queue
[2025-07-30T14:30:41.875+0000] {logging_mixin.py:188} INFO - [2025-07-30T14:30:41.874+0000] {dagbag.py:545} INFO - Filling up the DagBag from /opt/airflow/dags/parallel_pipeline_dag.py
[2025-07-30T14:30:44.022+0000] {processor.py:840} INFO - DAG(s) 'parallel_scraping_pipeline' retrieved from /opt/airflow/dags/parallel_pipeline_dag.py
[2025-07-30T14:30:47.641+0000] {logging_mixin.py:188} INFO - [2025-07-30T14:30:47.638+0000] {dag.py:3089} INFO - Sync 1 DAGs
[2025-07-30T14:30:48.029+0000] {logging_mixin.py:188} INFO - [2025-07-30T14:30:48.028+0000] {dag.py:3947} INFO - Setting next_dagrun for parallel_scraping_pipeline to None, run_after=None
[2025-07-30T14:30:51.008+0000] {processor.py:183} INFO - Processing /opt/airflow/dags/parallel_pipeline_dag.py took 9.169 seconds
[2025-07-30T14:31:22.136+0000] {processor.py:161} INFO - Started process (PID=1215) to work on /opt/airflow/dags/parallel_pipeline_dag.py
[2025-07-30T14:31:22.141+0000] {processor.py:830} INFO - Processing file /opt/airflow/dags/parallel_pipeline_dag.py for tasks to queue
[2025-07-30T14:31:22.151+0000] {logging_mixin.py:188} INFO - [2025-07-30T14:31:22.149+0000] {dagbag.py:545} INFO - Filling up the DagBag from /opt/airflow/dags/parallel_pipeline_dag.py
[2025-07-30T14:31:24.411+0000] {processor.py:840} INFO - DAG(s) 'parallel_scraping_pipeline' retrieved from /opt/airflow/dags/parallel_pipeline_dag.py
[2025-07-30T14:31:26.807+0000] {logging_mixin.py:188} INFO - [2025-07-30T14:31:26.806+0000] {dag.py:3089} INFO - Sync 1 DAGs
[2025-07-30T14:31:27.044+0000] {logging_mixin.py:188} INFO - [2025-07-30T14:31:27.043+0000] {dag.py:3947} INFO - Setting next_dagrun for parallel_scraping_pipeline to None, run_after=None
[2025-07-30T14:31:29.469+0000] {processor.py:183} INFO - Processing /opt/airflow/dags/parallel_pipeline_dag.py took 7.362 seconds
[2025-07-30T14:32:00.346+0000] {processor.py:161} INFO - Started process (PID=1241) to work on /opt/airflow/dags/parallel_pipeline_dag.py
[2025-07-30T14:32:00.352+0000] {processor.py:830} INFO - Processing file /opt/airflow/dags/parallel_pipeline_dag.py for tasks to queue
[2025-07-30T14:32:00.371+0000] {logging_mixin.py:188} INFO - [2025-07-30T14:32:00.368+0000] {dagbag.py:545} INFO - Filling up the DagBag from /opt/airflow/dags/parallel_pipeline_dag.py
[2025-07-30T14:32:04.271+0000] {processor.py:840} INFO - DAG(s) 'parallel_scraping_pipeline' retrieved from /opt/airflow/dags/parallel_pipeline_dag.py
[2025-07-30T14:32:06.859+0000] {logging_mixin.py:188} INFO - [2025-07-30T14:32:06.857+0000] {dag.py:3089} INFO - Sync 1 DAGs
[2025-07-30T14:32:07.125+0000] {logging_mixin.py:188} INFO - [2025-07-30T14:32:07.124+0000] {dag.py:3947} INFO - Setting next_dagrun for parallel_scraping_pipeline to None, run_after=None
[2025-07-30T14:32:09.086+0000] {processor.py:183} INFO - Processing /opt/airflow/dags/parallel_pipeline_dag.py took 8.776 seconds
[2025-07-30T14:32:39.568+0000] {processor.py:161} INFO - Started process (PID=1269) to work on /opt/airflow/dags/parallel_pipeline_dag.py
[2025-07-30T14:32:39.572+0000] {processor.py:830} INFO - Processing file /opt/airflow/dags/parallel_pipeline_dag.py for tasks to queue
[2025-07-30T14:32:39.578+0000] {logging_mixin.py:188} INFO - [2025-07-30T14:32:39.577+0000] {dagbag.py:545} INFO - Filling up the DagBag from /opt/airflow/dags/parallel_pipeline_dag.py
[2025-07-30T14:32:41.537+0000] {processor.py:840} INFO - DAG(s) 'parallel_scraping_pipeline' retrieved from /opt/airflow/dags/parallel_pipeline_dag.py
[2025-07-30T14:32:43.851+0000] {logging_mixin.py:188} INFO - [2025-07-30T14:32:43.848+0000] {dag.py:3089} INFO - Sync 1 DAGs
[2025-07-30T14:32:44.005+0000] {logging_mixin.py:188} INFO - [2025-07-30T14:32:44.004+0000] {dag.py:3947} INFO - Setting next_dagrun for parallel_scraping_pipeline to None, run_after=None
[2025-07-30T14:32:47.130+0000] {processor.py:183} INFO - Processing /opt/airflow/dags/parallel_pipeline_dag.py took 7.584 seconds
[2025-07-30T14:33:22.803+0000] {processor.py:161} INFO - Started process (PID=1294) to work on /opt/airflow/dags/parallel_pipeline_dag.py
[2025-07-30T14:33:22.805+0000] {processor.py:830} INFO - Processing file /opt/airflow/dags/parallel_pipeline_dag.py for tasks to queue
[2025-07-30T14:33:22.813+0000] {logging_mixin.py:188} INFO - [2025-07-30T14:33:22.811+0000] {dagbag.py:545} INFO - Filling up the DagBag from /opt/airflow/dags/parallel_pipeline_dag.py
[2025-07-30T14:33:25.099+0000] {processor.py:840} INFO - DAG(s) 'parallel_scraping_pipeline' retrieved from /opt/airflow/dags/parallel_pipeline_dag.py
[2025-07-30T14:33:39.273+0000] {logging_mixin.py:188} INFO - [2025-07-30T14:33:39.271+0000] {dag.py:3089} INFO - Sync 1 DAGs
[2025-07-30T14:33:40.467+0000] {logging_mixin.py:188} INFO - [2025-07-30T14:33:40.467+0000] {dag.py:3947} INFO - Setting next_dagrun for parallel_scraping_pipeline to None, run_after=None
[2025-07-30T14:33:51.380+0000] {processor.py:183} INFO - Processing /opt/airflow/dags/parallel_pipeline_dag.py took 28.610 seconds
[2025-07-30T14:34:21.911+0000] {processor.py:161} INFO - Started process (PID=1328) to work on /opt/airflow/dags/parallel_pipeline_dag.py
[2025-07-30T14:34:21.913+0000] {processor.py:830} INFO - Processing file /opt/airflow/dags/parallel_pipeline_dag.py for tasks to queue
[2025-07-30T14:34:21.917+0000] {logging_mixin.py:188} INFO - [2025-07-30T14:34:21.916+0000] {dagbag.py:545} INFO - Filling up the DagBag from /opt/airflow/dags/parallel_pipeline_dag.py
[2025-07-30T14:34:22.978+0000] {processor.py:840} INFO - DAG(s) 'parallel_scraping_pipeline' retrieved from /opt/airflow/dags/parallel_pipeline_dag.py
[2025-07-30T14:34:30.777+0000] {logging_mixin.py:188} INFO - [2025-07-30T14:34:30.775+0000] {dag.py:3089} INFO - Sync 1 DAGs
[2025-07-30T14:34:31.058+0000] {logging_mixin.py:188} INFO - [2025-07-30T14:34:31.057+0000] {dag.py:3947} INFO - Setting next_dagrun for parallel_scraping_pipeline to None, run_after=None
[2025-07-30T14:34:35.700+0000] {processor.py:183} INFO - Processing /opt/airflow/dags/parallel_pipeline_dag.py took 13.799 seconds
[2025-07-30T14:35:10.316+0000] {processor.py:161} INFO - Started process (PID=1363) to work on /opt/airflow/dags/parallel_pipeline_dag.py
[2025-07-30T14:35:10.318+0000] {processor.py:830} INFO - Processing file /opt/airflow/dags/parallel_pipeline_dag.py for tasks to queue
[2025-07-30T14:35:10.322+0000] {logging_mixin.py:188} INFO - [2025-07-30T14:35:10.322+0000] {dagbag.py:545} INFO - Filling up the DagBag from /opt/airflow/dags/parallel_pipeline_dag.py
[2025-07-30T14:35:11.352+0000] {processor.py:840} INFO - DAG(s) 'parallel_scraping_pipeline' retrieved from /opt/airflow/dags/parallel_pipeline_dag.py
[2025-07-30T14:35:18.870+0000] {logging_mixin.py:188} INFO - [2025-07-30T14:35:18.869+0000] {dag.py:3089} INFO - Sync 1 DAGs
[2025-07-30T14:35:19.081+0000] {logging_mixin.py:188} INFO - [2025-07-30T14:35:19.080+0000] {dag.py:3947} INFO - Setting next_dagrun for parallel_scraping_pipeline to None, run_after=None
[2025-07-30T14:35:24.351+0000] {processor.py:183} INFO - Processing /opt/airflow/dags/parallel_pipeline_dag.py took 14.051 seconds
[2025-07-30T14:35:57.415+0000] {processor.py:161} INFO - Started process (PID=1389) to work on /opt/airflow/dags/parallel_pipeline_dag.py
[2025-07-30T14:35:57.417+0000] {processor.py:830} INFO - Processing file /opt/airflow/dags/parallel_pipeline_dag.py for tasks to queue
[2025-07-30T14:35:57.421+0000] {logging_mixin.py:188} INFO - [2025-07-30T14:35:57.421+0000] {dagbag.py:545} INFO - Filling up the DagBag from /opt/airflow/dags/parallel_pipeline_dag.py
[2025-07-30T14:35:58.403+0000] {processor.py:840} INFO - DAG(s) 'parallel_scraping_pipeline' retrieved from /opt/airflow/dags/parallel_pipeline_dag.py
[2025-07-30T14:36:20.290+0000] {processor.py:186} ERROR - Got an exception! Propagating...
Traceback (most recent call last):
  File "/home/airflow/.local/lib/python3.12/site-packages/sqlalchemy/engine/base.py", line 3371, in _wrap_pool_connect
    return fn()
           ^^^^
  File "/home/airflow/.local/lib/python3.12/site-packages/sqlalchemy/pool/base.py", line 327, in connect
    return _ConnectionFairy._checkout(self)
           ^^^^^^^^^^^^^^^^^^^^^^^^^^^^^^^^
  File "/home/airflow/.local/lib/python3.12/site-packages/sqlalchemy/pool/base.py", line 894, in _checkout
    fairy = _ConnectionRecord.checkout(pool)
            ^^^^^^^^^^^^^^^^^^^^^^^^^^^^^^^^
  File "/home/airflow/.local/lib/python3.12/site-packages/sqlalchemy/pool/base.py", line 497, in checkout
    with util.safe_reraise():
  File "/home/airflow/.local/lib/python3.12/site-packages/sqlalchemy/util/langhelpers.py", line 70, in __exit__
    compat.raise_(
  File "/home/airflow/.local/lib/python3.12/site-packages/sqlalchemy/util/compat.py", line 211, in raise_
    raise exception
  File "/home/airflow/.local/lib/python3.12/site-packages/sqlalchemy/pool/base.py", line 495, in checkout
    dbapi_connection = rec.get_connection()
                       ^^^^^^^^^^^^^^^^^^^^
  File "/home/airflow/.local/lib/python3.12/site-packages/sqlalchemy/pool/base.py", line 630, in get_connection
    self.__connect()
  File "/home/airflow/.local/lib/python3.12/site-packages/sqlalchemy/pool/base.py", line 690, in __connect
    with util.safe_reraise():
  File "/home/airflow/.local/lib/python3.12/site-packages/sqlalchemy/util/langhelpers.py", line 70, in __exit__
    compat.raise_(
  File "/home/airflow/.local/lib/python3.12/site-packages/sqlalchemy/util/compat.py", line 211, in raise_
    raise exception
  File "/home/airflow/.local/lib/python3.12/site-packages/sqlalchemy/pool/base.py", line 686, in __connect
    self.dbapi_connection = connection = pool._invoke_creator(self)
                                         ^^^^^^^^^^^^^^^^^^^^^^^^^^
  File "/home/airflow/.local/lib/python3.12/site-packages/sqlalchemy/engine/create.py", line 574, in connect
    return dialect.connect(*cargs, **cparams)
           ^^^^^^^^^^^^^^^^^^^^^^^^^^^^^^^^^^
  File "/home/airflow/.local/lib/python3.12/site-packages/sqlalchemy/engine/default.py", line 598, in connect
    return self.dbapi.connect(*cargs, **cparams)
           ^^^^^^^^^^^^^^^^^^^^^^^^^^^^^^^^^^^^^
  File "/home/airflow/.local/lib/python3.12/site-packages/psycopg2/__init__.py", line 122, in connect
    conn = _connect(dsn, connection_factory=connection_factory, **kwasync)
           ^^^^^^^^^^^^^^^^^^^^^^^^^^^^^^^^^^^^^^^^^^^^^^^^^^^^^^^^^^^^^^^
psycopg2.OperationalError: could not translate host name "flipkart-pipeline-db.postgres.database.azure.com" to address: Name or service not known


The above exception was the direct cause of the following exception:

Traceback (most recent call last):
  File "/home/airflow/.local/lib/python3.12/site-packages/airflow/dag_processing/processor.py", line 182, in _run_file_processor
    _handle_dag_file_processing()
  File "/home/airflow/.local/lib/python3.12/site-packages/airflow/dag_processing/processor.py", line 163, in _handle_dag_file_processing
    result: tuple[int, int] = dag_file_processor.process_file(
                              ^^^^^^^^^^^^^^^^^^^^^^^^^^^^^^^^
  File "/home/airflow/.local/lib/python3.12/site-packages/airflow/utils/session.py", line 79, in wrapper
    return func(*args, session=session, **kwargs)
           ^^^^^^^^^^^^^^^^^^^^^^^^^^^^^^^^^^^^^^
  File "/home/airflow/.local/lib/python3.12/site-packages/airflow/dag_processing/processor.py", line 859, in process_file
    serialize_errors = DagFileProcessor.save_dag_to_db(
                       ^^^^^^^^^^^^^^^^^^^^^^^^^^^^^^^^
  File "/home/airflow/.local/lib/python3.12/site-packages/airflow/api_internal/internal_api_call.py", line 115, in wrapper
    return func(*args, **kwargs)
           ^^^^^^^^^^^^^^^^^^^^^
  File "/home/airflow/.local/lib/python3.12/site-packages/airflow/utils/session.py", line 79, in wrapper
    return func(*args, session=session, **kwargs)
           ^^^^^^^^^^^^^^^^^^^^^^^^^^^^^^^^^^^^^^
  File "/home/airflow/.local/lib/python3.12/site-packages/airflow/dag_processing/processor.py", line 895, in save_dag_to_db
    import_errors = DagBag._sync_to_db(dags=dags, processor_subdir=dag_directory, session=session)
                    ^^^^^^^^^^^^^^^^^^^^^^^^^^^^^^^^^^^^^^^^^^^^^^^^^^^^^^^^^^^^^^^^^^^^^^^^^^^^^^
  File "/home/airflow/.local/lib/python3.12/site-packages/airflow/utils/session.py", line 76, in wrapper
    return func(*args, **kwargs)
           ^^^^^^^^^^^^^^^^^^^^^
  File "/home/airflow/.local/lib/python3.12/site-packages/airflow/models/dagbag.py", line 664, in _sync_to_db
    for attempt in run_with_db_retries(logger=log):
  File "/home/airflow/.local/lib/python3.12/site-packages/tenacity/__init__.py", line 443, in __iter__
    do = self.iter(retry_state=retry_state)
         ^^^^^^^^^^^^^^^^^^^^^^^^^^^^^^^^^^
  File "/home/airflow/.local/lib/python3.12/site-packages/tenacity/__init__.py", line 376, in iter
    result = action(retry_state)
             ^^^^^^^^^^^^^^^^^^^
  File "/home/airflow/.local/lib/python3.12/site-packages/tenacity/__init__.py", line 418, in exc_check
    raise retry_exc.reraise()
          ^^^^^^^^^^^^^^^^^^^
  File "/home/airflow/.local/lib/python3.12/site-packages/tenacity/__init__.py", line 185, in reraise
    raise self.last_attempt.result()
          ^^^^^^^^^^^^^^^^^^^^^^^^^^
  File "/usr/local/lib/python3.12/concurrent/futures/_base.py", line 449, in result
    return self.__get_result()
           ^^^^^^^^^^^^^^^^^^^
  File "/usr/local/lib/python3.12/concurrent/futures/_base.py", line 401, in __get_result
    raise self._exception
  File "/home/airflow/.local/lib/python3.12/site-packages/airflow/models/dagbag.py", line 677, in _sync_to_db
    _serialize_dag_capturing_errors(dag, session, processor_subdir)
  File "/home/airflow/.local/lib/python3.12/site-packages/airflow/models/dagbag.py", line 642, in _serialize_dag_capturing_errors
    dag_was_updated = SerializedDagModel.write_dag(
                      ^^^^^^^^^^^^^^^^^^^^^^^^^^^^^
  File "/home/airflow/.local/lib/python3.12/site-packages/airflow/utils/session.py", line 76, in wrapper
    return func(*args, **kwargs)
           ^^^^^^^^^^^^^^^^^^^^^
  File "/home/airflow/.local/lib/python3.12/site-packages/airflow/models/serialized_dag.py", line 158, in write_dag
    if session.scalar(
       ^^^^^^^^^^^^^^^
  File "/home/airflow/.local/lib/python3.12/site-packages/sqlalchemy/orm/session.py", line 1747, in scalar
    return self.execute(
           ^^^^^^^^^^^^^
  File "/home/airflow/.local/lib/python3.12/site-packages/sqlalchemy/orm/session.py", line 1716, in execute
    conn = self._connection_for_bind(bind)
           ^^^^^^^^^^^^^^^^^^^^^^^^^^^^^^^
  File "/home/airflow/.local/lib/python3.12/site-packages/sqlalchemy/orm/session.py", line 1555, in _connection_for_bind
    return self._transaction._connection_for_bind(
           ^^^^^^^^^^^^^^^^^^^^^^^^^^^^^^^^^^^^^^^
  File "/home/airflow/.local/lib/python3.12/site-packages/sqlalchemy/orm/session.py", line 750, in _connection_for_bind
    conn = bind.connect()
           ^^^^^^^^^^^^^^
  File "/home/airflow/.local/lib/python3.12/site-packages/sqlalchemy/future/engine.py", line 412, in connect
    return super(Engine, self).connect()
           ^^^^^^^^^^^^^^^^^^^^^^^^^^^^^
  File "/home/airflow/.local/lib/python3.12/site-packages/sqlalchemy/engine/base.py", line 3325, in connect
    return self._connection_cls(self, close_with_result=close_with_result)
           ^^^^^^^^^^^^^^^^^^^^^^^^^^^^^^^^^^^^^^^^^^^^^^^^^^^^^^^^^^^^^^^
  File "/home/airflow/.local/lib/python3.12/site-packages/sqlalchemy/engine/base.py", line 96, in __init__
    else engine.raw_connection()
         ^^^^^^^^^^^^^^^^^^^^^^^
  File "/home/airflow/.local/lib/python3.12/site-packages/sqlalchemy/engine/base.py", line 3404, in raw_connection
    return self._wrap_pool_connect(self.pool.connect, _connection)
           ^^^^^^^^^^^^^^^^^^^^^^^^^^^^^^^^^^^^^^^^^^^^^^^^^^^^^^^
  File "/home/airflow/.local/lib/python3.12/site-packages/sqlalchemy/engine/base.py", line 3374, in _wrap_pool_connect
    Connection._handle_dbapi_exception_noconnection(
  File "/home/airflow/.local/lib/python3.12/site-packages/sqlalchemy/engine/base.py", line 2208, in _handle_dbapi_exception_noconnection
    util.raise_(
  File "/home/airflow/.local/lib/python3.12/site-packages/sqlalchemy/util/compat.py", line 211, in raise_
    raise exception
  File "/home/airflow/.local/lib/python3.12/site-packages/sqlalchemy/engine/base.py", line 3371, in _wrap_pool_connect
    return fn()
           ^^^^
  File "/home/airflow/.local/lib/python3.12/site-packages/sqlalchemy/pool/base.py", line 327, in connect
    return _ConnectionFairy._checkout(self)
           ^^^^^^^^^^^^^^^^^^^^^^^^^^^^^^^^
  File "/home/airflow/.local/lib/python3.12/site-packages/sqlalchemy/pool/base.py", line 894, in _checkout
    fairy = _ConnectionRecord.checkout(pool)
            ^^^^^^^^^^^^^^^^^^^^^^^^^^^^^^^^
  File "/home/airflow/.local/lib/python3.12/site-packages/sqlalchemy/pool/base.py", line 497, in checkout
    with util.safe_reraise():
  File "/home/airflow/.local/lib/python3.12/site-packages/sqlalchemy/util/langhelpers.py", line 70, in __exit__
    compat.raise_(
  File "/home/airflow/.local/lib/python3.12/site-packages/sqlalchemy/util/compat.py", line 211, in raise_
    raise exception
  File "/home/airflow/.local/lib/python3.12/site-packages/sqlalchemy/pool/base.py", line 495, in checkout
    dbapi_connection = rec.get_connection()
                       ^^^^^^^^^^^^^^^^^^^^
  File "/home/airflow/.local/lib/python3.12/site-packages/sqlalchemy/pool/base.py", line 630, in get_connection
    self.__connect()
  File "/home/airflow/.local/lib/python3.12/site-packages/sqlalchemy/pool/base.py", line 690, in __connect
    with util.safe_reraise():
  File "/home/airflow/.local/lib/python3.12/site-packages/sqlalchemy/util/langhelpers.py", line 70, in __exit__
    compat.raise_(
  File "/home/airflow/.local/lib/python3.12/site-packages/sqlalchemy/util/compat.py", line 211, in raise_
    raise exception
  File "/home/airflow/.local/lib/python3.12/site-packages/sqlalchemy/pool/base.py", line 686, in __connect
    self.dbapi_connection = connection = pool._invoke_creator(self)
                                         ^^^^^^^^^^^^^^^^^^^^^^^^^^
  File "/home/airflow/.local/lib/python3.12/site-packages/sqlalchemy/engine/create.py", line 574, in connect
    return dialect.connect(*cargs, **cparams)
           ^^^^^^^^^^^^^^^^^^^^^^^^^^^^^^^^^^
  File "/home/airflow/.local/lib/python3.12/site-packages/sqlalchemy/engine/default.py", line 598, in connect
    return self.dbapi.connect(*cargs, **cparams)
           ^^^^^^^^^^^^^^^^^^^^^^^^^^^^^^^^^^^^^
  File "/home/airflow/.local/lib/python3.12/site-packages/psycopg2/__init__.py", line 122, in connect
    conn = _connect(dsn, connection_factory=connection_factory, **kwasync)
           ^^^^^^^^^^^^^^^^^^^^^^^^^^^^^^^^^^^^^^^^^^^^^^^^^^^^^^^^^^^^^^^
sqlalchemy.exc.OperationalError: (psycopg2.OperationalError) could not translate host name "flipkart-pipeline-db.postgres.database.azure.com" to address: Name or service not known

(Background on this error at: https://sqlalche.me/e/14/e3q8)
[2025-07-30T14:38:09.439+0000] {processor.py:161} INFO - Started process (PID=216) to work on /opt/airflow/dags/parallel_pipeline_dag.py
[2025-07-30T14:38:09.441+0000] {processor.py:830} INFO - Processing file /opt/airflow/dags/parallel_pipeline_dag.py for tasks to queue
[2025-07-30T14:38:09.448+0000] {logging_mixin.py:188} INFO - [2025-07-30T14:38:09.447+0000] {dagbag.py:545} INFO - Filling up the DagBag from /opt/airflow/dags/parallel_pipeline_dag.py
[2025-07-30T14:38:10.773+0000] {processor.py:840} INFO - DAG(s) 'parallel_scraping_pipeline' retrieved from /opt/airflow/dags/parallel_pipeline_dag.py
[2025-07-30T14:38:12.970+0000] {logging_mixin.py:188} INFO - [2025-07-30T14:38:12.969+0000] {dag.py:3089} INFO - Sync 1 DAGs
[2025-07-30T14:38:13.188+0000] {logging_mixin.py:188} INFO - [2025-07-30T14:38:13.187+0000] {dag.py:3947} INFO - Setting next_dagrun for parallel_scraping_pipeline to None, run_after=None
[2025-07-30T14:38:14.935+0000] {processor.py:183} INFO - Processing /opt/airflow/dags/parallel_pipeline_dag.py took 5.509 seconds
[2025-07-30T14:38:45.678+0000] {processor.py:161} INFO - Started process (PID=243) to work on /opt/airflow/dags/parallel_pipeline_dag.py
[2025-07-30T14:38:45.680+0000] {processor.py:830} INFO - Processing file /opt/airflow/dags/parallel_pipeline_dag.py for tasks to queue
[2025-07-30T14:38:45.683+0000] {logging_mixin.py:188} INFO - [2025-07-30T14:38:45.682+0000] {dagbag.py:545} INFO - Filling up the DagBag from /opt/airflow/dags/parallel_pipeline_dag.py
[2025-07-30T14:38:46.600+0000] {processor.py:840} INFO - DAG(s) 'parallel_scraping_pipeline' retrieved from /opt/airflow/dags/parallel_pipeline_dag.py
[2025-07-30T14:38:48.283+0000] {logging_mixin.py:188} INFO - [2025-07-30T14:38:48.282+0000] {dag.py:3089} INFO - Sync 1 DAGs
[2025-07-30T14:38:48.401+0000] {logging_mixin.py:188} INFO - [2025-07-30T14:38:48.401+0000] {dag.py:3947} INFO - Setting next_dagrun for parallel_scraping_pipeline to None, run_after=None
[2025-07-30T14:38:49.749+0000] {processor.py:183} INFO - Processing /opt/airflow/dags/parallel_pipeline_dag.py took 4.079 seconds
[2025-07-30T14:39:20.235+0000] {processor.py:161} INFO - Started process (PID=269) to work on /opt/airflow/dags/parallel_pipeline_dag.py
[2025-07-30T14:39:20.237+0000] {processor.py:830} INFO - Processing file /opt/airflow/dags/parallel_pipeline_dag.py for tasks to queue
[2025-07-30T14:39:20.241+0000] {logging_mixin.py:188} INFO - [2025-07-30T14:39:20.240+0000] {dagbag.py:545} INFO - Filling up the DagBag from /opt/airflow/dags/parallel_pipeline_dag.py
[2025-07-30T14:39:21.133+0000] {processor.py:840} INFO - DAG(s) 'parallel_scraping_pipeline' retrieved from /opt/airflow/dags/parallel_pipeline_dag.py
[2025-07-30T14:39:23.404+0000] {logging_mixin.py:188} INFO - [2025-07-30T14:39:23.402+0000] {dag.py:3089} INFO - Sync 1 DAGs
[2025-07-30T14:39:23.630+0000] {logging_mixin.py:188} INFO - [2025-07-30T14:39:23.630+0000] {dag.py:3947} INFO - Setting next_dagrun for parallel_scraping_pipeline to None, run_after=None
[2025-07-30T14:39:25.265+0000] {processor.py:183} INFO - Processing /opt/airflow/dags/parallel_pipeline_dag.py took 5.039 seconds
[2025-07-30T14:39:56.482+0000] {processor.py:161} INFO - Started process (PID=295) to work on /opt/airflow/dags/parallel_pipeline_dag.py
[2025-07-30T14:39:56.484+0000] {processor.py:830} INFO - Processing file /opt/airflow/dags/parallel_pipeline_dag.py for tasks to queue
[2025-07-30T14:39:56.489+0000] {logging_mixin.py:188} INFO - [2025-07-30T14:39:56.488+0000] {dagbag.py:545} INFO - Filling up the DagBag from /opt/airflow/dags/parallel_pipeline_dag.py
[2025-07-30T14:39:57.542+0000] {processor.py:840} INFO - DAG(s) 'parallel_scraping_pipeline' retrieved from /opt/airflow/dags/parallel_pipeline_dag.py
[2025-07-30T14:40:00.139+0000] {logging_mixin.py:188} INFO - [2025-07-30T14:40:00.139+0000] {dag.py:3089} INFO - Sync 1 DAGs
[2025-07-30T14:40:00.360+0000] {logging_mixin.py:188} INFO - [2025-07-30T14:40:00.360+0000] {dag.py:3947} INFO - Setting next_dagrun for parallel_scraping_pipeline to None, run_after=None
[2025-07-30T14:40:02.077+0000] {processor.py:183} INFO - Processing /opt/airflow/dags/parallel_pipeline_dag.py took 5.604 seconds
[2025-07-30T14:40:33.021+0000] {processor.py:161} INFO - Started process (PID=323) to work on /opt/airflow/dags/parallel_pipeline_dag.py
[2025-07-30T14:40:33.022+0000] {processor.py:830} INFO - Processing file /opt/airflow/dags/parallel_pipeline_dag.py for tasks to queue
[2025-07-30T14:40:33.025+0000] {logging_mixin.py:188} INFO - [2025-07-30T14:40:33.025+0000] {dagbag.py:545} INFO - Filling up the DagBag from /opt/airflow/dags/parallel_pipeline_dag.py
[2025-07-30T14:40:33.976+0000] {processor.py:840} INFO - DAG(s) 'parallel_scraping_pipeline' retrieved from /opt/airflow/dags/parallel_pipeline_dag.py
[2025-07-30T14:40:36.012+0000] {logging_mixin.py:188} INFO - [2025-07-30T14:40:36.011+0000] {dag.py:3089} INFO - Sync 1 DAGs
[2025-07-30T14:40:36.433+0000] {logging_mixin.py:188} INFO - [2025-07-30T14:40:36.432+0000] {dag.py:3947} INFO - Setting next_dagrun for parallel_scraping_pipeline to None, run_after=None
[2025-07-30T14:40:41.979+0000] {processor.py:183} INFO - Processing /opt/airflow/dags/parallel_pipeline_dag.py took 8.968 seconds
[2025-07-30T14:41:12.161+0000] {processor.py:161} INFO - Started process (PID=355) to work on /opt/airflow/dags/parallel_pipeline_dag.py
[2025-07-30T14:41:12.163+0000] {processor.py:830} INFO - Processing file /opt/airflow/dags/parallel_pipeline_dag.py for tasks to queue
[2025-07-30T14:41:12.167+0000] {logging_mixin.py:188} INFO - [2025-07-30T14:41:12.166+0000] {dagbag.py:545} INFO - Filling up the DagBag from /opt/airflow/dags/parallel_pipeline_dag.py
[2025-07-30T14:41:13.534+0000] {processor.py:840} INFO - DAG(s) 'parallel_scraping_pipeline' retrieved from /opt/airflow/dags/parallel_pipeline_dag.py
[2025-07-30T14:41:15.222+0000] {logging_mixin.py:188} INFO - [2025-07-30T14:41:15.221+0000] {dag.py:3089} INFO - Sync 1 DAGs
[2025-07-30T14:41:15.336+0000] {logging_mixin.py:188} INFO - [2025-07-30T14:41:15.336+0000] {dag.py:3947} INFO - Setting next_dagrun for parallel_scraping_pipeline to None, run_after=None
[2025-07-30T14:41:16.430+0000] {processor.py:183} INFO - Processing /opt/airflow/dags/parallel_pipeline_dag.py took 4.282 seconds
[2025-07-30T14:41:47.805+0000] {processor.py:161} INFO - Started process (PID=381) to work on /opt/airflow/dags/parallel_pipeline_dag.py
[2025-07-30T14:41:47.807+0000] {processor.py:830} INFO - Processing file /opt/airflow/dags/parallel_pipeline_dag.py for tasks to queue
[2025-07-30T14:41:47.814+0000] {logging_mixin.py:188} INFO - [2025-07-30T14:41:47.812+0000] {dagbag.py:545} INFO - Filling up the DagBag from /opt/airflow/dags/parallel_pipeline_dag.py
[2025-07-30T14:41:49.147+0000] {processor.py:840} INFO - DAG(s) 'parallel_scraping_pipeline' retrieved from /opt/airflow/dags/parallel_pipeline_dag.py
[2025-07-30T14:41:50.823+0000] {logging_mixin.py:188} INFO - [2025-07-30T14:41:50.822+0000] {dag.py:3089} INFO - Sync 1 DAGs
[2025-07-30T14:41:50.983+0000] {logging_mixin.py:188} INFO - [2025-07-30T14:41:50.982+0000] {dag.py:3947} INFO - Setting next_dagrun for parallel_scraping_pipeline to None, run_after=None
[2025-07-30T14:41:53.969+0000] {processor.py:183} INFO - Processing /opt/airflow/dags/parallel_pipeline_dag.py took 6.182 seconds
[2025-07-30T14:42:25.266+0000] {processor.py:161} INFO - Started process (PID=407) to work on /opt/airflow/dags/parallel_pipeline_dag.py
[2025-07-30T14:42:25.268+0000] {processor.py:830} INFO - Processing file /opt/airflow/dags/parallel_pipeline_dag.py for tasks to queue
[2025-07-30T14:42:25.271+0000] {logging_mixin.py:188} INFO - [2025-07-30T14:42:25.270+0000] {dagbag.py:545} INFO - Filling up the DagBag from /opt/airflow/dags/parallel_pipeline_dag.py
[2025-07-30T14:42:26.227+0000] {processor.py:840} INFO - DAG(s) 'parallel_scraping_pipeline' retrieved from /opt/airflow/dags/parallel_pipeline_dag.py
[2025-07-30T14:42:28.469+0000] {logging_mixin.py:188} INFO - [2025-07-30T14:42:28.468+0000] {dag.py:3089} INFO - Sync 1 DAGs
[2025-07-30T14:42:28.643+0000] {logging_mixin.py:188} INFO - [2025-07-30T14:42:28.642+0000] {dag.py:3947} INFO - Setting next_dagrun for parallel_scraping_pipeline to None, run_after=None
[2025-07-30T14:42:31.520+0000] {processor.py:183} INFO - Processing /opt/airflow/dags/parallel_pipeline_dag.py took 6.262 seconds
[2025-07-30T14:43:01.913+0000] {processor.py:161} INFO - Started process (PID=433) to work on /opt/airflow/dags/parallel_pipeline_dag.py
[2025-07-30T14:43:01.915+0000] {processor.py:830} INFO - Processing file /opt/airflow/dags/parallel_pipeline_dag.py for tasks to queue
[2025-07-30T14:43:01.919+0000] {logging_mixin.py:188} INFO - [2025-07-30T14:43:01.919+0000] {dagbag.py:545} INFO - Filling up the DagBag from /opt/airflow/dags/parallel_pipeline_dag.py
[2025-07-30T14:43:02.863+0000] {processor.py:840} INFO - DAG(s) 'parallel_scraping_pipeline' retrieved from /opt/airflow/dags/parallel_pipeline_dag.py
[2025-07-30T14:43:04.816+0000] {logging_mixin.py:188} INFO - [2025-07-30T14:43:04.814+0000] {dag.py:3089} INFO - Sync 1 DAGs
[2025-07-30T14:43:04.938+0000] {logging_mixin.py:188} INFO - [2025-07-30T14:43:04.937+0000] {dag.py:3947} INFO - Setting next_dagrun for parallel_scraping_pipeline to None, run_after=None
[2025-07-30T14:43:06.861+0000] {processor.py:183} INFO - Processing /opt/airflow/dags/parallel_pipeline_dag.py took 4.962 seconds
[2025-07-30T14:43:37.819+0000] {processor.py:161} INFO - Started process (PID=459) to work on /opt/airflow/dags/parallel_pipeline_dag.py
[2025-07-30T14:43:37.820+0000] {processor.py:830} INFO - Processing file /opt/airflow/dags/parallel_pipeline_dag.py for tasks to queue
[2025-07-30T14:43:37.824+0000] {logging_mixin.py:188} INFO - [2025-07-30T14:43:37.824+0000] {dagbag.py:545} INFO - Filling up the DagBag from /opt/airflow/dags/parallel_pipeline_dag.py
[2025-07-30T14:43:38.933+0000] {processor.py:840} INFO - DAG(s) 'parallel_scraping_pipeline' retrieved from /opt/airflow/dags/parallel_pipeline_dag.py
[2025-07-30T14:43:44.325+0000] {logging_mixin.py:188} INFO - [2025-07-30T14:43:44.324+0000] {dag.py:3089} INFO - Sync 1 DAGs
[2025-07-30T14:43:46.419+0000] {logging_mixin.py:188} INFO - [2025-07-30T14:43:46.419+0000] {dag.py:3947} INFO - Setting next_dagrun for parallel_scraping_pipeline to None, run_after=None
[2025-07-30T14:43:52.747+0000] {processor.py:183} INFO - Processing /opt/airflow/dags/parallel_pipeline_dag.py took 14.947 seconds
[2025-07-30T14:44:23.443+0000] {processor.py:161} INFO - Started process (PID=493) to work on /opt/airflow/dags/parallel_pipeline_dag.py
[2025-07-30T14:44:23.447+0000] {processor.py:830} INFO - Processing file /opt/airflow/dags/parallel_pipeline_dag.py for tasks to queue
[2025-07-30T14:44:23.452+0000] {logging_mixin.py:188} INFO - [2025-07-30T14:44:23.451+0000] {dagbag.py:545} INFO - Filling up the DagBag from /opt/airflow/dags/parallel_pipeline_dag.py
[2025-07-30T14:44:24.543+0000] {processor.py:840} INFO - DAG(s) 'parallel_scraping_pipeline' retrieved from /opt/airflow/dags/parallel_pipeline_dag.py
[2025-07-30T14:44:26.605+0000] {logging_mixin.py:188} INFO - [2025-07-30T14:44:26.604+0000] {dag.py:3089} INFO - Sync 1 DAGs
[2025-07-30T14:44:26.721+0000] {logging_mixin.py:188} INFO - [2025-07-30T14:44:26.721+0000] {dag.py:3947} INFO - Setting next_dagrun for parallel_scraping_pipeline to None, run_after=None
[2025-07-30T14:44:27.892+0000] {processor.py:183} INFO - Processing /opt/airflow/dags/parallel_pipeline_dag.py took 4.470 seconds
