[2025-07-29T12:14:02.248+0000] {local_task_job_runner.py:120} INFO - ::group::Pre task execution logs
[2025-07-29T12:14:03.734+0000] {taskinstance.py:2076} INFO - Dependencies all met for dep_context=non-requeueable deps ti=<TaskInstance: parallel_scraping_pipeline.scrape_task manual__2025-07-29T11:47:54.549432+00:00 map_index=15 [queued]>
[2025-07-29T12:14:04.383+0000] {taskinstance.py:2076} INFO - Dependencies all met for dep_context=requeueable deps ti=<TaskInstance: parallel_scraping_pipeline.scrape_task manual__2025-07-29T11:47:54.549432+00:00 map_index=15 [queued]>
[2025-07-29T12:14:04.385+0000] {taskinstance.py:2306} INFO - Starting attempt 1 of 1
[2025-07-29T12:14:04.979+0000] {taskinstance.py:2330} INFO - Executing <Mapped(_PythonDecoratedOperator): scrape_task> on 2025-07-29 11:47:54.549432+00:00
[2025-07-29T12:14:05.001+0000] {standard_task_runner.py:90} INFO - Running: ['airflow', 'tasks', 'run', 'parallel_scraping_pipeline', 'scrape_task', 'manual__2025-07-29T11:47:54.549432+00:00', '--job-id', '141', '--raw', '--subdir', 'DAGS_FOLDER/parallel_pipeline_dag.py', '--cfg-path', '/tmp/tmp3lg56v63', '--map-index', '15']
[2025-07-29T12:14:05.003+0000] {standard_task_runner.py:91} INFO - Job 141: Subtask scrape_task
[2025-07-29T12:14:05.003+0000] {logging_mixin.py:188} WARNING - /home/airflow/.local/lib/python3.12/site-packages/airflow/task/task_runner/standard_task_runner.py:62 DeprecationWarning: This process (pid=2977) is multi-threaded, use of fork() may lead to deadlocks in the child.
[2025-07-29T12:14:05.005+0000] {standard_task_runner.py:64} INFO - Started process 2987 to run task
[2025-07-29T12:14:06.276+0000] {logging_mixin.py:188} WARNING - /home/airflow/.local/lib/python3.12/site-packages/airflow/settings.py:195 DeprecationWarning: The sql_alchemy_conn option in [core] has been moved to the sql_alchemy_conn option in [database] - the old setting has been used, but please update your config.
[2025-07-29T12:14:08.977+0000] {task_command.py:426} INFO - Running <TaskInstance: parallel_scraping_pipeline.scrape_task manual__2025-07-29T11:47:54.549432+00:00 map_index=15 [running]> on host da8a53e6d45e
[2025-07-29T12:14:15.587+0000] {taskinstance.py:2648} INFO - Exporting env vars: AIRFLOW_CTX_DAG_OWNER='airflow' AIRFLOW_CTX_DAG_ID='parallel_scraping_pipeline' AIRFLOW_CTX_TASK_ID='scrape_task' AIRFLOW_CTX_EXECUTION_DATE='2025-07-29T11:47:54.549432+00:00' AIRFLOW_CTX_TRY_NUMBER='1' AIRFLOW_CTX_DAG_RUN_ID='manual__2025-07-29T11:47:54.549432+00:00'
[2025-07-29T12:14:15.599+0000] {taskinstance.py:430} INFO - ::endgroup::
[2025-07-29T12:14:15.601+0000] {logging_mixin.py:188} INFO - Initializing Stealth WebDriver...
[2025-07-29T12:14:25.018+0000] {logging_mixin.py:188} INFO - Extracted - Phone: MOTOROLA g05 (Plum Red, 64 GB)  (4 GB RAM), Price: ₹7,299
[2025-07-29T12:14:30.362+0000] {logging_mixin.py:188} INFO - Scraping Page 1 for MOTOROLA g05 (Plum Red, 64 GB)  (4 GB RAM)...
[2025-07-29T12:14:33.479+0000] {logging_mixin.py:188} INFO - Scraping Page 2 for MOTOROLA g05 (Plum Red, 64 GB)  (4 GB RAM)...
[2025-07-29T12:14:36.428+0000] {logging_mixin.py:188} INFO - Scraping Page 3 for MOTOROLA g05 (Plum Red, 64 GB)  (4 GB RAM)...
[2025-07-29T12:14:40.115+0000] {logging_mixin.py:188} INFO - Scraping Page 4 for MOTOROLA g05 (Plum Red, 64 GB)  (4 GB RAM)...
[2025-07-29T12:14:43.160+0000] {logging_mixin.py:188} INFO - Scraping Page 5 for MOTOROLA g05 (Plum Red, 64 GB)  (4 GB RAM)...
[2025-07-29T12:14:47.016+0000] {logging_mixin.py:188} INFO - Scraping Page 6 for MOTOROLA g05 (Plum Red, 64 GB)  (4 GB RAM)...
[2025-07-29T12:14:50.298+0000] {logging_mixin.py:188} INFO - Scraping Page 7 for MOTOROLA g05 (Plum Red, 64 GB)  (4 GB RAM)...
[2025-07-29T12:14:53.292+0000] {logging_mixin.py:188} INFO - Scraping Page 8 for MOTOROLA g05 (Plum Red, 64 GB)  (4 GB RAM)...
[2025-07-29T12:14:56.228+0000] {logging_mixin.py:188} INFO - Scraping Page 9 for MOTOROLA g05 (Plum Red, 64 GB)  (4 GB RAM)...
[2025-07-29T12:15:00.148+0000] {logging_mixin.py:188} INFO - Scraping Page 10 for MOTOROLA g05 (Plum Red, 64 GB)  (4 GB RAM)...
[2025-07-29T12:15:03.205+0000] {logging_mixin.py:188} INFO - Scraping Page 11 for MOTOROLA g05 (Plum Red, 64 GB)  (4 GB RAM)...
[2025-07-29T12:15:06.374+0000] {logging_mixin.py:188} INFO - Scraping Page 12 for MOTOROLA g05 (Plum Red, 64 GB)  (4 GB RAM)...
[2025-07-29T12:15:09.931+0000] {logging_mixin.py:188} INFO - Scraping Page 13 for MOTOROLA g05 (Plum Red, 64 GB)  (4 GB RAM)...
[2025-07-29T12:15:13.377+0000] {logging_mixin.py:188} INFO - Scraping Page 14 for MOTOROLA g05 (Plum Red, 64 GB)  (4 GB RAM)...
[2025-07-29T12:15:16.798+0000] {logging_mixin.py:188} INFO - Scraping Page 15 for MOTOROLA g05 (Plum Red, 64 GB)  (4 GB RAM)...
[2025-07-29T12:15:19.732+0000] {logging_mixin.py:188} INFO - Scraping Page 16 for MOTOROLA g05 (Plum Red, 64 GB)  (4 GB RAM)...
[2025-07-29T12:15:22.942+0000] {logging_mixin.py:188} INFO - Scraping Page 17 for MOTOROLA g05 (Plum Red, 64 GB)  (4 GB RAM)...
[2025-07-29T12:15:25.933+0000] {logging_mixin.py:188} INFO - Scraping Page 18 for MOTOROLA g05 (Plum Red, 64 GB)  (4 GB RAM)...
[2025-07-29T12:15:29.394+0000] {logging_mixin.py:188} INFO - Scraping Page 19 for MOTOROLA g05 (Plum Red, 64 GB)  (4 GB RAM)...
[2025-07-29T12:15:32.379+0000] {logging_mixin.py:188} INFO - Scraping Page 20 for MOTOROLA g05 (Plum Red, 64 GB)  (4 GB RAM)...
[2025-07-29T12:15:35.308+0000] {logging_mixin.py:188} INFO - Scraping Page 21 for MOTOROLA g05 (Plum Red, 64 GB)  (4 GB RAM)...
[2025-07-29T12:15:38.292+0000] {logging_mixin.py:188} INFO - Scraping Page 22 for MOTOROLA g05 (Plum Red, 64 GB)  (4 GB RAM)...
[2025-07-29T12:15:41.227+0000] {logging_mixin.py:188} INFO - Scraping Page 23 for MOTOROLA g05 (Plum Red, 64 GB)  (4 GB RAM)...
[2025-07-29T12:15:44.270+0000] {logging_mixin.py:188} INFO - Scraping Page 24 for MOTOROLA g05 (Plum Red, 64 GB)  (4 GB RAM)...
[2025-07-29T12:15:47.165+0000] {logging_mixin.py:188} INFO - Scraping Page 25 for MOTOROLA g05 (Plum Red, 64 GB)  (4 GB RAM)...
[2025-07-29T12:15:50.043+0000] {logging_mixin.py:188} INFO - Scraping Page 26 for MOTOROLA g05 (Plum Red, 64 GB)  (4 GB RAM)...
[2025-07-29T12:15:53.001+0000] {logging_mixin.py:188} INFO - Scraping Page 27 for MOTOROLA g05 (Plum Red, 64 GB)  (4 GB RAM)...
[2025-07-29T12:15:55.922+0000] {logging_mixin.py:188} INFO - Scraping Page 28 for MOTOROLA g05 (Plum Red, 64 GB)  (4 GB RAM)...
[2025-07-29T12:15:58.883+0000] {logging_mixin.py:188} INFO - Scraping Page 29 for MOTOROLA g05 (Plum Red, 64 GB)  (4 GB RAM)...
[2025-07-29T12:16:01.920+0000] {logging_mixin.py:188} INFO - Scraping Page 30 for MOTOROLA g05 (Plum Red, 64 GB)  (4 GB RAM)...
[2025-07-29T12:16:04.874+0000] {logging_mixin.py:188} INFO - Scraping Page 31 for MOTOROLA g05 (Plum Red, 64 GB)  (4 GB RAM)...
[2025-07-29T12:16:07.800+0000] {logging_mixin.py:188} INFO - Scraping Page 32 for MOTOROLA g05 (Plum Red, 64 GB)  (4 GB RAM)...
[2025-07-29T12:16:10.662+0000] {logging_mixin.py:188} INFO - Scraping Page 33 for MOTOROLA g05 (Plum Red, 64 GB)  (4 GB RAM)...
[2025-07-29T12:16:13.570+0000] {logging_mixin.py:188} INFO - Scraping Page 34 for MOTOROLA g05 (Plum Red, 64 GB)  (4 GB RAM)...
[2025-07-29T12:16:16.451+0000] {logging_mixin.py:188} INFO - Scraping Page 35 for MOTOROLA g05 (Plum Red, 64 GB)  (4 GB RAM)...
[2025-07-29T12:16:19.379+0000] {logging_mixin.py:188} INFO - Scraping Page 36 for MOTOROLA g05 (Plum Red, 64 GB)  (4 GB RAM)...
[2025-07-29T12:16:22.616+0000] {logging_mixin.py:188} INFO - Scraping Page 37 for MOTOROLA g05 (Plum Red, 64 GB)  (4 GB RAM)...
[2025-07-29T12:16:25.523+0000] {logging_mixin.py:188} INFO - Scraping Page 38 for MOTOROLA g05 (Plum Red, 64 GB)  (4 GB RAM)...
[2025-07-29T12:16:28.474+0000] {logging_mixin.py:188} INFO - Scraping Page 39 for MOTOROLA g05 (Plum Red, 64 GB)  (4 GB RAM)...
[2025-07-29T12:16:31.585+0000] {logging_mixin.py:188} INFO - Scraping Page 40 for MOTOROLA g05 (Plum Red, 64 GB)  (4 GB RAM)...
[2025-07-29T12:16:34.601+0000] {logging_mixin.py:188} INFO - Scraping Page 41 for MOTOROLA g05 (Plum Red, 64 GB)  (4 GB RAM)...
[2025-07-29T12:16:37.701+0000] {logging_mixin.py:188} INFO - Scraping Page 42 for MOTOROLA g05 (Plum Red, 64 GB)  (4 GB RAM)...
[2025-07-29T12:16:40.718+0000] {logging_mixin.py:188} INFO - Scraping Page 43 for MOTOROLA g05 (Plum Red, 64 GB)  (4 GB RAM)...
[2025-07-29T12:16:43.661+0000] {logging_mixin.py:188} INFO - Scraping Page 44 for MOTOROLA g05 (Plum Red, 64 GB)  (4 GB RAM)...
[2025-07-29T12:16:46.589+0000] {logging_mixin.py:188} INFO - Scraping Page 45 for MOTOROLA g05 (Plum Red, 64 GB)  (4 GB RAM)...
[2025-07-29T12:16:49.533+0000] {logging_mixin.py:188} INFO - Scraping Page 46 for MOTOROLA g05 (Plum Red, 64 GB)  (4 GB RAM)...
[2025-07-29T12:16:52.613+0000] {logging_mixin.py:188} INFO - Scraping Page 47 for MOTOROLA g05 (Plum Red, 64 GB)  (4 GB RAM)...
[2025-07-29T12:16:55.869+0000] {logging_mixin.py:188} INFO - Scraping Page 48 for MOTOROLA g05 (Plum Red, 64 GB)  (4 GB RAM)...
[2025-07-29T12:16:58.787+0000] {logging_mixin.py:188} INFO - Scraping Page 49 for MOTOROLA g05 (Plum Red, 64 GB)  (4 GB RAM)...
[2025-07-29T12:17:01.653+0000] {logging_mixin.py:188} INFO - Scraping Page 50 for MOTOROLA g05 (Plum Red, 64 GB)  (4 GB RAM)...
[2025-07-29T12:17:04.643+0000] {logging_mixin.py:188} INFO - Scraping Page 51 for MOTOROLA g05 (Plum Red, 64 GB)  (4 GB RAM)...
[2025-07-29T12:17:07.639+0000] {logging_mixin.py:188} INFO - Scraping Page 52 for MOTOROLA g05 (Plum Red, 64 GB)  (4 GB RAM)...
[2025-07-29T12:17:10.894+0000] {logging_mixin.py:188} INFO - Scraping Page 53 for MOTOROLA g05 (Plum Red, 64 GB)  (4 GB RAM)...
[2025-07-29T12:17:14.437+0000] {logging_mixin.py:188} INFO - Scraping Page 54 for MOTOROLA g05 (Plum Red, 64 GB)  (4 GB RAM)...
[2025-07-29T12:17:17.441+0000] {logging_mixin.py:188} INFO - Scraping Page 55 for MOTOROLA g05 (Plum Red, 64 GB)  (4 GB RAM)...
[2025-07-29T12:17:20.492+0000] {logging_mixin.py:188} INFO - Scraping Page 56 for MOTOROLA g05 (Plum Red, 64 GB)  (4 GB RAM)...
[2025-07-29T12:17:23.478+0000] {logging_mixin.py:188} INFO - Scraping Page 57 for MOTOROLA g05 (Plum Red, 64 GB)  (4 GB RAM)...
[2025-07-29T12:17:26.945+0000] {logging_mixin.py:188} INFO - Scraping Page 58 for MOTOROLA g05 (Plum Red, 64 GB)  (4 GB RAM)...
[2025-07-29T12:17:30.174+0000] {logging_mixin.py:188} INFO - Scraping Page 59 for MOTOROLA g05 (Plum Red, 64 GB)  (4 GB RAM)...
[2025-07-29T12:17:33.243+0000] {logging_mixin.py:188} INFO - Scraping Page 60 for MOTOROLA g05 (Plum Red, 64 GB)  (4 GB RAM)...
[2025-07-29T12:17:36.225+0000] {logging_mixin.py:188} INFO - Scraping Page 61 for MOTOROLA g05 (Plum Red, 64 GB)  (4 GB RAM)...
[2025-07-29T12:17:51.395+0000] {logging_mixin.py:188} INFO - Retry 1 waiting for reviews or next button...
[2025-07-29T12:17:57.596+0000] {local_task_job_runner.py:313} WARNING - State of this instance has been externally set to failed. Terminating instance.
[2025-07-29T12:17:57.606+0000] {local_task_job_runner.py:222} INFO - ::endgroup::
[2025-07-29T12:17:57.615+0000] {process_utils.py:132} INFO - Sending 15 to group 2987. PIDs of all processes in the group: [3029, 3035, 3056, 3057, 3081, 3093, 3128, 3136, 3079, 3914, 2987]
[2025-07-29T12:17:57.617+0000] {process_utils.py:87} INFO - Sending the signal 15 to group 2987
[2025-07-29T12:17:57.621+0000] {taskinstance.py:2611} ERROR - Received SIGTERM. Terminating subprocesses.
[2025-07-29T12:17:57.645+0000] {connectionpool.py:868} WARNING - Retrying (Retry(total=2, connect=None, read=None, redirect=None, status=None)) after connection broken by 'NewConnectionError('<urllib3.connection.HTTPConnection object at 0x74474f465340>: Failed to establish a new connection: [Errno 111] Connection refused')': /session/ff4c2f18f79d776ef2b377c70c571696
[2025-07-29T12:17:57.656+0000] {connectionpool.py:868} WARNING - Retrying (Retry(total=1, connect=None, read=None, redirect=None, status=None)) after connection broken by 'NewConnectionError('<urllib3.connection.HTTPConnection object at 0x74474eaf5df0>: Failed to establish a new connection: [Errno 111] Connection refused')': /session/ff4c2f18f79d776ef2b377c70c571696
[2025-07-29T12:17:57.662+0000] {process_utils.py:80} INFO - Process psutil.Process(pid=3079, status='terminated', started='12:14:16') (3079) terminated with exit code None
[2025-07-29T12:17:57.664+0000] {process_utils.py:80} INFO - Process psutil.Process(pid=3914, status='terminated', started='12:17:16') (3914) terminated with exit code None
[2025-07-29T12:17:57.667+0000] {connectionpool.py:868} WARNING - Retrying (Retry(total=0, connect=None, read=None, redirect=None, status=None)) after connection broken by 'NewConnectionError('<urllib3.connection.HTTPConnection object at 0x74474eaf77d0>: Failed to establish a new connection: [Errno 111] Connection refused')': /session/ff4c2f18f79d776ef2b377c70c571696
[2025-07-29T12:17:57.674+0000] {taskinstance.py:441} INFO - ::group::Post task execution logs
[2025-07-29T12:17:57.680+0000] {process_utils.py:80} INFO - Process psutil.Process(pid=3029, status='terminated', started='12:14:15') (3029) terminated with exit code None
[2025-07-29T12:17:57.737+0000] {process_utils.py:80} INFO - Process psutil.Process(pid=3035, status='terminated', started='12:14:15') (3035) terminated with exit code None
[2025-07-29T12:17:57.739+0000] {process_utils.py:80} INFO - Process psutil.Process(pid=3057, status='terminated', started='12:14:16') (3057) terminated with exit code None
[2025-07-29T12:17:57.756+0000] {process_utils.py:80} INFO - Process psutil.Process(pid=3128, status='terminated', started='12:14:16') (3128) terminated with exit code None
[2025-07-29T12:17:57.757+0000] {process_utils.py:80} INFO - Process psutil.Process(pid=3081, status='terminated', started='12:14:16') (3081) terminated with exit code None
[2025-07-29T12:17:57.851+0000] {process_utils.py:80} INFO - Process psutil.Process(pid=3136, status='terminated', started='12:14:16') (3136) terminated with exit code None
[2025-07-29T12:17:57.852+0000] {process_utils.py:80} INFO - Process psutil.Process(pid=3093, status='terminated', started='12:14:16') (3093) terminated with exit code None
[2025-07-29T12:17:57.854+0000] {process_utils.py:80} INFO - Process psutil.Process(pid=3056, status='terminated', started='12:14:16') (3056) terminated with exit code None
[2025-07-29T12:17:58.793+0000] {process_utils.py:80} INFO - Process psutil.Process(pid=2987, status='terminated', exitcode=0, started='12:14:04') (2987) terminated with exit code 0
