[2025-07-28T19:55:25.740+0000] {local_task_job_runner.py:120} INFO - ::group::Pre task execution logs
[2025-07-28T19:55:26.485+0000] {taskinstance.py:2076} INFO - Dependencies all met for dep_context=non-requeueable deps ti=<TaskInstance: sequential_scraping_pipeline.process_urls_sequentially manual__2025-07-28T19:54:52.382714+00:00 [queued]>
[2025-07-28T19:55:26.920+0000] {taskinstance.py:2076} INFO - Dependencies all met for dep_context=requeueable deps ti=<TaskInstance: sequential_scraping_pipeline.process_urls_sequentially manual__2025-07-28T19:54:52.382714+00:00 [queued]>
[2025-07-28T19:55:26.921+0000] {taskinstance.py:2306} INFO - Starting attempt 1 of 1
[2025-07-28T19:55:27.231+0000] {taskinstance.py:2330} INFO - Executing <Task(_PythonDecoratedOperator): process_urls_sequentially> on 2025-07-28 19:54:52.382714+00:00
[2025-07-28T19:55:27.248+0000] {logging_mixin.py:188} WARNING - /home/airflow/.local/lib/python3.12/site-packages/airflow/task/task_runner/standard_task_runner.py:62 DeprecationWarning: This process (pid=4510) is multi-threaded, use of fork() may lead to deadlocks in the child.
[2025-07-28T19:55:27.248+0000] {standard_task_runner.py:90} INFO - Running: ['airflow', 'tasks', 'run', 'sequential_scraping_pipeline', 'process_urls_sequentially', 'manual__2025-07-28T19:54:52.382714+00:00', '--job-id', '22', '--raw', '--subdir', 'DAGS_FOLDER/sequential_pipeline_dag.py', '--cfg-path', '/tmp/tmp27fj97j2']
[2025-07-28T19:55:27.250+0000] {standard_task_runner.py:64} INFO - Started process 4519 to run task
[2025-07-28T19:55:27.250+0000] {standard_task_runner.py:91} INFO - Job 22: Subtask process_urls_sequentially
[2025-07-28T19:55:27.806+0000] {logging_mixin.py:188} WARNING - /home/airflow/.local/lib/python3.12/site-packages/airflow/settings.py:195 DeprecationWarning: The sql_alchemy_conn option in [core] has been moved to the sql_alchemy_conn option in [database] - the old setting has been used, but please update your config.
[2025-07-28T19:55:29.598+0000] {task_command.py:426} INFO - Running <TaskInstance: sequential_scraping_pipeline.process_urls_sequentially manual__2025-07-28T19:54:52.382714+00:00 [running]> on host 4e0ffb66b7ed
[2025-07-28T19:55:35.316+0000] {taskinstance.py:2648} INFO - Exporting env vars: AIRFLOW_CTX_DAG_OWNER='airflow' AIRFLOW_CTX_DAG_ID='sequential_scraping_pipeline' AIRFLOW_CTX_TASK_ID='process_urls_sequentially' AIRFLOW_CTX_EXECUTION_DATE='2025-07-28T19:54:52.382714+00:00' AIRFLOW_CTX_TRY_NUMBER='1' AIRFLOW_CTX_DAG_RUN_ID='manual__2025-07-28T19:54:52.382714+00:00'
[2025-07-28T19:55:35.337+0000] {taskinstance.py:430} INFO - ::endgroup::
[2025-07-28T19:55:35.339+0000] {logging_mixin.py:188} INFO - --- Starting sequential processing for: https://www.flipkart.com/vivo-t4-lite-5g-charger-box-titanium-gold-128-gb/p/itm9886d6e522c4b?pid=MOBHDY9F2NKVDSYE&lid=LSTMOBHDY9F2NKVDSYENNGQ9C&marketplace=FLIPKART&q=vivo&store=tyy%2F4io&srno=s_1_7&otracker=search&otracker1=search&fm=organic&iid=8f12f7fa-1e06-448a-a623-0e912befde6f.MOBHDY9F2NKVDSYE.SEARCH&ppt=dynamic&ppn=dynamic&ssid=gxrkg47lww0000001753717932643&qH=b09207f5c299c427 ---
[2025-07-28T19:55:35.340+0000] {logging_mixin.py:188} INFO - Initializing WebDriver...
[2025-07-28T19:55:46.223+0000] {logging_mixin.py:188} INFO - Extracted - Phone: vivo T4 Lite 5G Charger in the Box (Titanium Gold, 128 GB)  (4 GB RAM), Price: ₹9,999
[2025-07-28T19:55:49.442+0000] {logging_mixin.py:188} INFO - Scraping Page 1 for vivo T4 Lite 5G Charger in the Box (Titanium Gold, 128 GB)  (4 GB RAM)...
[2025-07-28T19:55:51.969+0000] {logging_mixin.py:188} INFO - Scraping Page 2 for vivo T4 Lite 5G Charger in the Box (Titanium Gold, 128 GB)  (4 GB RAM)...
[2025-07-28T19:55:54.574+0000] {logging_mixin.py:188} INFO - Scraping Page 3 for vivo T4 Lite 5G Charger in the Box (Titanium Gold, 128 GB)  (4 GB RAM)...
[2025-07-28T19:55:57.171+0000] {logging_mixin.py:188} INFO - Scraping Page 4 for vivo T4 Lite 5G Charger in the Box (Titanium Gold, 128 GB)  (4 GB RAM)...
[2025-07-28T19:55:59.702+0000] {logging_mixin.py:188} INFO - Scraping Page 5 for vivo T4 Lite 5G Charger in the Box (Titanium Gold, 128 GB)  (4 GB RAM)...
[2025-07-28T19:56:02.183+0000] {logging_mixin.py:188} INFO - Scraping Page 6 for vivo T4 Lite 5G Charger in the Box (Titanium Gold, 128 GB)  (4 GB RAM)...
[2025-07-28T19:56:04.708+0000] {logging_mixin.py:188} INFO - Scraping Page 7 for vivo T4 Lite 5G Charger in the Box (Titanium Gold, 128 GB)  (4 GB RAM)...
[2025-07-28T19:56:07.231+0000] {logging_mixin.py:188} INFO - Scraping Page 8 for vivo T4 Lite 5G Charger in the Box (Titanium Gold, 128 GB)  (4 GB RAM)...
[2025-07-28T19:56:09.706+0000] {logging_mixin.py:188} INFO - Scraping Page 9 for vivo T4 Lite 5G Charger in the Box (Titanium Gold, 128 GB)  (4 GB RAM)...
[2025-07-28T19:56:12.236+0000] {logging_mixin.py:188} INFO - Scraping Page 10 for vivo T4 Lite 5G Charger in the Box (Titanium Gold, 128 GB)  (4 GB RAM)...
[2025-07-28T19:56:14.839+0000] {logging_mixin.py:188} INFO - Scraping Page 11 for vivo T4 Lite 5G Charger in the Box (Titanium Gold, 128 GB)  (4 GB RAM)...
[2025-07-28T19:56:17.328+0000] {logging_mixin.py:188} INFO - Scraping Page 12 for vivo T4 Lite 5G Charger in the Box (Titanium Gold, 128 GB)  (4 GB RAM)...
[2025-07-28T19:56:29.487+0000] {logging_mixin.py:188} INFO - Saved 119 reviews to /opt/airflow/data/raw/vivo_T4_Lite_5G_Charger_in_the_Box_(Titanium_Gold,_128_GB)__(4_GB_RAM)_reviews.csv
[2025-07-28T19:56:29.746+0000] {logging_mixin.py:188} INFO - Processing 119 reviews from vivo_T4_Lite_5G_Charger_in_the_Box_(Titanium_Gold,_128_GB)__(4_GB_RAM)_reviews.csv...
[2025-07-28T19:56:29.815+0000] {logging_mixin.py:188} INFO - 
🗑️ Removed 1 duplicate reviews based on Review_ID.
[2025-07-28T19:56:29.827+0000] {logging_mixin.py:188} INFO - 
📁 Clean data saved: /opt/airflow/data/cleaned/vivo_T4_Lite_5G_Charger_in_the_Box_(Titanium_Gold,_128_GB)__(4_GB_RAM)_reviews_CLEANED.csv
[2025-07-28T19:56:29.828+0000] {logging_mixin.py:188} INFO - 📊 Final shape: (118, 10)
[2025-07-28T19:56:29.829+0000] {logging_mixin.py:188} INFO - Preparing to write /opt/airflow/data/cleaned/vivo_T4_Lite_5G_Charger_in_the_Box_(Titanium_Gold,_128_GB)__(4_GB_RAM)_reviews_CLEANED.csv to PostgreSQL table 'flipkart_reviewer_data'...
[2025-07-28T19:56:31.557+0000] {logging_mixin.py:188} INFO - ✅ Successfully wrote 118 rows to table 'flipkart_reviewer_data'.
[2025-07-28T19:56:31.557+0000] {logging_mixin.py:188} INFO - --- Starting sequential processing for: https://www.flipkart.com/vivo-y18e-space-black-64-gb/p/itm5c8070943d886?pid=MOBHY779TA6PBDKT&lid=LSTMOBHY779TA6PBDKTVWZIO3&marketplace=FLIPKART&q=vivo&store=tyy%2F4io&srno=s_1_5&otracker=search&otracker1=search&fm=organic&iid=8f12f7fa-1e06-448a-a623-0e912befde6f.MOBHY779TA6PBDKT.SEARCH&ppt=dynamic&ppn=dynamic&ssid=gxrkg47lww0000001753717932643&qH=b09207f5c299c427 ---
[2025-07-28T19:56:31.558+0000] {logging_mixin.py:188} INFO - Initializing WebDriver...
[2025-07-28T19:56:41.255+0000] {logging_mixin.py:188} INFO - Extracted - Phone: vivo Y18e (Space Black, 64 GB)  (4 GB RAM), Price: ₹10,999
[2025-07-28T19:56:44.469+0000] {logging_mixin.py:188} INFO - Scraping Page 1 for vivo Y18e (Space Black, 64 GB)  (4 GB RAM)...
[2025-07-28T19:56:47.142+0000] {logging_mixin.py:188} INFO - Scraping Page 2 for vivo Y18e (Space Black, 64 GB)  (4 GB RAM)...
[2025-07-28T19:56:50.091+0000] {logging_mixin.py:188} INFO - Scraping Page 3 for vivo Y18e (Space Black, 64 GB)  (4 GB RAM)...
[2025-07-28T19:57:02.207+0000] {logging_mixin.py:188} INFO - Saved 28 reviews to /opt/airflow/data/raw/vivo_Y18e_(Space_Black,_64_GB)__(4_GB_RAM)_reviews.csv
[2025-07-28T19:57:03.334+0000] {logging_mixin.py:188} INFO - Processing 28 reviews from vivo_Y18e_(Space_Black,_64_GB)__(4_GB_RAM)_reviews.csv...
[2025-07-28T19:57:03.351+0000] {logging_mixin.py:188} INFO - 
🗑️ Removed 0 duplicate reviews based on Review_ID.
[2025-07-28T19:57:03.360+0000] {logging_mixin.py:188} INFO - 
📁 Clean data saved: /opt/airflow/data/cleaned/vivo_Y18e_(Space_Black,_64_GB)__(4_GB_RAM)_reviews_CLEANED.csv
[2025-07-28T19:57:03.361+0000] {logging_mixin.py:188} INFO - 📊 Final shape: (28, 10)
[2025-07-28T19:57:03.362+0000] {logging_mixin.py:188} INFO - Preparing to write /opt/airflow/data/cleaned/vivo_Y18e_(Space_Black,_64_GB)__(4_GB_RAM)_reviews_CLEANED.csv to PostgreSQL table 'flipkart_reviewer_data'...
[2025-07-28T19:57:04.937+0000] {logging_mixin.py:188} INFO - ✅ Successfully wrote 28 rows to table 'flipkart_reviewer_data'.
[2025-07-28T19:57:04.942+0000] {python.py:237} INFO - Done. Returned value was: None
[2025-07-28T19:57:04.943+0000] {taskinstance.py:441} INFO - ::group::Post task execution logs
[2025-07-28T19:57:05.466+0000] {taskinstance.py:1206} INFO - Marking task as SUCCESS. dag_id=sequential_scraping_pipeline, task_id=process_urls_sequentially, run_id=manual__2025-07-28T19:54:52.382714+00:00, execution_date=20250728T195452, start_date=20250728T195526, end_date=20250728T195705
[2025-07-28T19:57:06.335+0000] {local_task_job_runner.py:243} INFO - Task exited with return code 0
[2025-07-28T19:57:06.860+0000] {taskinstance.py:3503} INFO - 0 downstream tasks scheduled from follow-on schedule check
[2025-07-28T19:57:06.910+0000] {local_task_job_runner.py:222} INFO - ::endgroup::
