[2025-07-29T21:54:09.616+0000] {local_task_job_runner.py:120} INFO - ::group::Pre task execution logs
[2025-07-29T21:54:10.603+0000] {taskinstance.py:2076} INFO - Dependencies all met for dep_context=non-requeueable deps ti=<TaskInstance: parallel_scraping_pipeline.clean_task manual__2025-07-29T21:51:52.803364+00:00 map_index=1 [queued]>
[2025-07-29T21:54:11.056+0000] {taskinstance.py:2076} INFO - Dependencies all met for dep_context=requeueable deps ti=<TaskInstance: parallel_scraping_pipeline.clean_task manual__2025-07-29T21:51:52.803364+00:00 map_index=1 [queued]>
[2025-07-29T21:54:11.057+0000] {taskinstance.py:2306} INFO - Starting attempt 1 of 1
[2025-07-29T21:54:11.520+0000] {taskinstance.py:2330} INFO - Executing <Mapped(_PythonDecoratedOperator): clean_task> on 2025-07-29 21:51:52.803364+00:00
[2025-07-29T21:54:11.545+0000] {logging_mixin.py:188} WARNING - /home/airflow/.local/lib/python3.12/site-packages/airflow/task/task_runner/standard_task_runner.py:62 DeprecationWarning: This process (pid=1481) is multi-threaded, use of fork() may lead to deadlocks in the child.
[2025-07-29T21:54:11.545+0000] {standard_task_runner.py:90} INFO - Running: ['airflow', 'tasks', 'run', 'parallel_scraping_pipeline', 'clean_task', 'manual__2025-07-29T21:51:52.803364+00:00', '--job-id', '184', '--raw', '--subdir', 'DAGS_FOLDER/parallel_pipeline_dag.py', '--cfg-path', '/tmp/tmpthtjey0l', '--map-index', '1']
[2025-07-29T21:54:11.547+0000] {standard_task_runner.py:64} INFO - Started process 1496 to run task
[2025-07-29T21:54:11.548+0000] {standard_task_runner.py:91} INFO - Job 184: Subtask clean_task
[2025-07-29T21:54:12.232+0000] {logging_mixin.py:188} WARNING - /home/airflow/.local/lib/python3.12/site-packages/airflow/settings.py:195 DeprecationWarning: The sql_alchemy_conn option in [core] has been moved to the sql_alchemy_conn option in [database] - the old setting has been used, but please update your config.
[2025-07-29T21:54:14.317+0000] {task_command.py:426} INFO - Running <TaskInstance: parallel_scraping_pipeline.clean_task manual__2025-07-29T21:51:52.803364+00:00 map_index=1 [running]> on host 0504fd1207a9
[2025-07-29T21:54:18.767+0000] {taskinstance.py:2648} INFO - Exporting env vars: AIRFLOW_CTX_DAG_OWNER='airflow' AIRFLOW_CTX_DAG_ID='parallel_scraping_pipeline' AIRFLOW_CTX_TASK_ID='clean_task' AIRFLOW_CTX_EXECUTION_DATE='2025-07-29T21:51:52.803364+00:00' AIRFLOW_CTX_TRY_NUMBER='1' AIRFLOW_CTX_DAG_RUN_ID='manual__2025-07-29T21:51:52.803364+00:00'
[2025-07-29T21:54:18.771+0000] {taskinstance.py:430} INFO - ::endgroup::
[2025-07-29T21:54:18.797+0000] {logging_mixin.py:188} INFO - Processing 113 reviews from Samsung_Galaxy_F16_5G_(Vibing_Blue,_128_GB)__(8_GB_RAM)_reviews.csv...
[2025-07-29T21:54:18.862+0000] {logging_mixin.py:188} INFO - 
🗑️ Removed 5 duplicate reviews based on Review_ID.
[2025-07-29T21:54:18.875+0000] {logging_mixin.py:188} INFO - 
📁 Clean data saved: /opt/airflow/data/cleaned/Samsung_Galaxy_F16_5G_(Vibing_Blue,_128_GB)__(8_GB_RAM)_reviews_CLEANED.csv
[2025-07-29T21:54:18.876+0000] {logging_mixin.py:188} INFO - 📊 Final shape: (108, 10)
[2025-07-29T21:54:18.877+0000] {python.py:237} INFO - Done. Returned value was: /opt/airflow/data/cleaned/Samsung_Galaxy_F16_5G_(Vibing_Blue,_128_GB)__(8_GB_RAM)_reviews_CLEANED.csv
[2025-07-29T21:54:18.878+0000] {taskinstance.py:441} INFO - ::group::Post task execution logs
[2025-07-29T21:54:20.448+0000] {taskinstance.py:1206} INFO - Marking task as SUCCESS. dag_id=parallel_scraping_pipeline, task_id=clean_task, run_id=manual__2025-07-29T21:51:52.803364+00:00, map_index=1, execution_date=20250729T215152, start_date=20250729T215410, end_date=20250729T215420
[2025-07-29T21:54:20.963+0000] {local_task_job_runner.py:243} INFO - Task exited with return code 0
[2025-07-29T21:54:21.688+0000] {local_task_job_runner.py:222} INFO - ::endgroup::
