[2025-07-27T10:22:27.869+0000] {local_task_job_runner.py:120} INFO - ::group::Pre task execution logs
[2025-07-27T10:22:27.938+0000] {taskinstance.py:2076} INFO - Dependencies all met for dep_context=non-requeueable deps ti=<TaskInstance: parallel_scraping_pipeline.scrape_task manual__2025-07-27T10:22:22.940924+00:00 map_index=0 [queued]>
[2025-07-27T10:22:28.016+0000] {taskinstance.py:2076} INFO - Dependencies all met for dep_context=requeueable deps ti=<TaskInstance: parallel_scraping_pipeline.scrape_task manual__2025-07-27T10:22:22.940924+00:00 map_index=0 [queued]>
[2025-07-27T10:22:28.017+0000] {taskinstance.py:2306} INFO - Starting attempt 1 of 1
[2025-07-27T10:22:28.201+0000] {taskinstance.py:2330} INFO - Executing <Mapped(_PythonDecoratedOperator): scrape_task> on 2025-07-27 10:22:22.940924+00:00
[2025-07-27T10:22:28.226+0000] {logging_mixin.py:188} WARNING - /home/***/.local/lib/python3.12/site-packages/***/task/task_runner/standard_task_runner.py:62 DeprecationWarning: This process (pid=423) is multi-threaded, use of fork() may lead to deadlocks in the child.
[2025-07-27T10:22:28.226+0000] {standard_task_runner.py:90} INFO - Running: ['***', 'tasks', 'run', 'parallel_scraping_pipeline', 'scrape_task', 'manual__2025-07-27T10:22:22.940924+00:00', '--job-id', '5', '--raw', '--subdir', 'DAGS_FOLDER/parallel_pipeline_dag.py', '--cfg-path', '/tmp/tmpa9kyq1ga', '--map-index', '0']
[2025-07-27T10:22:28.229+0000] {standard_task_runner.py:64} INFO - Started process 427 to run task
[2025-07-27T10:22:28.229+0000] {standard_task_runner.py:91} INFO - Job 5: Subtask scrape_task
[2025-07-27T10:22:28.346+0000] {logging_mixin.py:188} WARNING - /home/***/.local/lib/python3.12/site-packages/***/settings.py:195 DeprecationWarning: The sql_alchemy_conn option in [core] has been moved to the sql_alchemy_conn option in [database] - the old setting has been used, but please update your config.
[2025-07-27T10:22:28.492+0000] {task_command.py:426} INFO - Running <TaskInstance: parallel_scraping_pipeline.scrape_task manual__2025-07-27T10:22:22.940924+00:00 map_index=0 [running]> on host b689cdedccf8
[2025-07-27T10:22:28.990+0000] {taskinstance.py:2648} INFO - Exporting env vars: AIRFLOW_CTX_DAG_OWNER='***' AIRFLOW_CTX_DAG_ID='parallel_scraping_pipeline' AIRFLOW_CTX_TASK_ID='scrape_task' AIRFLOW_CTX_EXECUTION_DATE='2025-07-27T10:22:22.940924+00:00' AIRFLOW_CTX_TRY_NUMBER='1' AIRFLOW_CTX_DAG_RUN_ID='manual__2025-07-27T10:22:22.940924+00:00'
[2025-07-27T10:22:29.001+0000] {taskinstance.py:430} INFO - ::endgroup::
[2025-07-27T10:22:29.002+0000] {logging_mixin.py:188} INFO - Initializing WebDriver...
[2025-07-27T10:25:13.248+0000] {logging_mixin.py:188} INFO - Extracted - Phone: OPPO Reno14 5G (Forest Green, 256 GB)  (8 GB RAM), Price: ₹37,999
[2025-07-27T10:25:16.500+0000] {logging_mixin.py:188} INFO - Scraping Page 1 for OPPO Reno14 5G (Forest Green, 256 GB)  (8 GB RAM)...
[2025-07-27T10:25:19.260+0000] {logging_mixin.py:188} INFO - Scraping Page 2 for OPPO Reno14 5G (Forest Green, 256 GB)  (8 GB RAM)...
[2025-07-27T10:25:21.820+0000] {logging_mixin.py:188} INFO - Scraping Page 3 for OPPO Reno14 5G (Forest Green, 256 GB)  (8 GB RAM)...
[2025-07-27T10:25:24.279+0000] {logging_mixin.py:188} INFO - Scraping Page 4 for OPPO Reno14 5G (Forest Green, 256 GB)  (8 GB RAM)...
[2025-07-27T10:25:26.777+0000] {logging_mixin.py:188} INFO - Scraping Page 5 for OPPO Reno14 5G (Forest Green, 256 GB)  (8 GB RAM)...
[2025-07-27T10:25:29.239+0000] {logging_mixin.py:188} INFO - Scraping Page 6 for OPPO Reno14 5G (Forest Green, 256 GB)  (8 GB RAM)...
[2025-07-27T10:25:31.872+0000] {logging_mixin.py:188} INFO - Scraping Page 7 for OPPO Reno14 5G (Forest Green, 256 GB)  (8 GB RAM)...
[2025-07-27T10:25:34.412+0000] {logging_mixin.py:188} INFO - Scraping Page 8 for OPPO Reno14 5G (Forest Green, 256 GB)  (8 GB RAM)...
[2025-07-27T10:25:36.990+0000] {logging_mixin.py:188} INFO - Scraping Page 9 for OPPO Reno14 5G (Forest Green, 256 GB)  (8 GB RAM)...
[2025-07-27T10:25:39.384+0000] {logging_mixin.py:188} INFO - Scraping Page 10 for OPPO Reno14 5G (Forest Green, 256 GB)  (8 GB RAM)...
[2025-07-27T10:25:51.541+0000] {logging_mixin.py:188} INFO - Saved 99 reviews to /opt/***/data/raw/OPPO_Reno14_5G_(Forest_Green,_256_GB)__(8_GB_RAM)_reviews.csv
[2025-07-27T10:25:51.701+0000] {python.py:237} INFO - Done. Returned value was: /opt/***/data/raw/OPPO_Reno14_5G_(Forest_Green,_256_GB)__(8_GB_RAM)_reviews.csv
[2025-07-27T10:25:51.702+0000] {taskinstance.py:441} INFO - ::group::Post task execution logs
[2025-07-27T10:25:51.743+0000] {taskinstance.py:1206} INFO - Marking task as SUCCESS. dag_id=parallel_scraping_pipeline, task_id=scrape_task, run_id=manual__2025-07-27T10:22:22.940924+00:00, map_index=0, execution_date=20250727T102222, start_date=20250727T102227, end_date=20250727T102551
[2025-07-27T10:25:51.793+0000] {local_task_job_runner.py:243} INFO - Task exited with return code 0
[2025-07-27T10:25:51.910+0000] {taskinstance.py:3503} INFO - 2 downstream tasks scheduled from follow-on schedule check
[2025-07-27T10:25:51.915+0000] {local_task_job_runner.py:222} INFO - ::endgroup::
