[2025-07-27T10:13:42.119+0000] {local_task_job_runner.py:120} INFO - ::group::Pre task execution logs
[2025-07-27T10:13:42.360+0000] {taskinstance.py:2076} INFO - Dependencies all met for dep_context=non-requeueable deps ti=<TaskInstance: example_xcom.pull_value_from_bash_push scheduled__2021-01-01T00:00:00+00:00 [queued]>
[2025-07-27T10:13:42.419+0000] {taskinstance.py:2076} INFO - Dependencies all met for dep_context=requeueable deps ti=<TaskInstance: example_xcom.pull_value_from_bash_push scheduled__2021-01-01T00:00:00+00:00 [queued]>
[2025-07-27T10:13:42.423+0000] {taskinstance.py:2306} INFO - Starting attempt 1 of 1
[2025-07-27T10:13:42.531+0000] {taskinstance.py:2330} INFO - Executing <Task(_PythonDecoratedOperator): pull_value_from_bash_push> on 2021-01-01 00:00:00+00:00
[2025-07-27T10:13:42.622+0000] {logging_mixin.py:188} WARNING - /home/***/.local/lib/python3.12/site-packages/***/task/task_runner/standard_task_runner.py:62 DeprecationWarning: This process (pid=503) is multi-threaded, use of fork() may lead to deadlocks in the child.
[2025-07-27T10:13:42.660+0000] {standard_task_runner.py:64} INFO - Started process 631 to run task
[2025-07-27T10:13:42.632+0000] {standard_task_runner.py:90} INFO - Running: ['***', 'tasks', 'run', 'example_xcom', 'pull_value_from_bash_push', 'scheduled__2021-01-01T00:00:00+00:00', '--job-id', '51', '--raw', '--subdir', '/home/***/.local/lib/python3.12/site-packages/***/example_dags/example_xcom.py', '--cfg-path', '/tmp/tmp1yzh5cb4']
[2025-07-27T10:13:42.688+0000] {standard_task_runner.py:91} INFO - Job 51: Subtask pull_value_from_bash_push
[2025-07-27T10:13:42.822+0000] {logging_mixin.py:188} WARNING - /home/***/.local/lib/python3.12/site-packages/***/settings.py:195 DeprecationWarning: The sql_alchemy_conn option in [core] has been moved to the sql_alchemy_conn option in [database] - the old setting has been used, but please update your config.
[2025-07-27T10:13:43.048+0000] {task_command.py:426} INFO - Running <TaskInstance: example_xcom.pull_value_from_bash_push scheduled__2021-01-01T00:00:00+00:00 [running]> on host 4112a2618ff3
[2025-07-27T10:13:43.373+0000] {taskinstance.py:2648} INFO - Exporting env vars: AIRFLOW_CTX_DAG_OWNER='***' AIRFLOW_CTX_DAG_ID='example_xcom' AIRFLOW_CTX_TASK_ID='pull_value_from_bash_push' AIRFLOW_CTX_EXECUTION_DATE='2021-01-01T00:00:00+00:00' AIRFLOW_CTX_TRY_NUMBER='1' AIRFLOW_CTX_DAG_RUN_ID='scheduled__2021-01-01T00:00:00+00:00'
[2025-07-27T10:13:43.396+0000] {taskinstance.py:430} INFO - ::endgroup::
[2025-07-27T10:13:43.504+0000] {logging_mixin.py:188} INFO - The xcom value pushed by task push via return value is value_by_return
[2025-07-27T10:13:43.509+0000] {logging_mixin.py:188} INFO - The xcom value pushed by task push manually is manually_pushed_value
[2025-07-27T10:13:43.511+0000] {python.py:237} INFO - Done. Returned value was: None
[2025-07-27T10:13:43.531+0000] {taskinstance.py:441} INFO - ::group::Post task execution logs
[2025-07-27T10:13:43.602+0000] {taskinstance.py:1206} INFO - Marking task as SUCCESS. dag_id=example_xcom, task_id=pull_value_from_bash_push, run_id=scheduled__2021-01-01T00:00:00+00:00, execution_date=20210101T000000, start_date=20250727T101342, end_date=20250727T101343
[2025-07-27T10:13:43.856+0000] {local_task_job_runner.py:243} INFO - Task exited with return code 0
[2025-07-27T10:13:43.974+0000] {taskinstance.py:3503} INFO - 0 downstream tasks scheduled from follow-on schedule check
[2025-07-27T10:13:44.039+0000] {local_task_job_runner.py:222} INFO - ::endgroup::
