[2025-07-29T21:44:56.574+0000] {local_task_job_runner.py:120} INFO - ::group::Pre task execution logs
[2025-07-29T21:44:57.404+0000] {taskinstance.py:2076} INFO - Dependencies all met for dep_context=non-requeueable deps ti=<TaskInstance: sequential_scraping_pipeline.process_urls_sequentially manual__2025-07-29T21:44:03.827231+00:00 [queued]>
[2025-07-29T21:44:57.756+0000] {taskinstance.py:2076} INFO - Dependencies all met for dep_context=requeueable deps ti=<TaskInstance: sequential_scraping_pipeline.process_urls_sequentially manual__2025-07-29T21:44:03.827231+00:00 [queued]>
[2025-07-29T21:44:57.759+0000] {taskinstance.py:2306} INFO - Starting attempt 1 of 1
[2025-07-29T21:44:58.148+0000] {taskinstance.py:2330} INFO - Executing <Task(_PythonDecoratedOperator): process_urls_sequentially> on 2025-07-29 21:44:03.827231+00:00
[2025-07-29T21:44:58.176+0000] {logging_mixin.py:188} WARNING - /home/airflow/.local/lib/python3.12/site-packages/airflow/task/task_runner/standard_task_runner.py:62 DeprecationWarning: This process (pid=366) is multi-threaded, use of fork() may lead to deadlocks in the child.
[2025-07-29T21:44:58.183+0000] {standard_task_runner.py:64} INFO - Started process 383 to run task
[2025-07-29T21:44:58.182+0000] {standard_task_runner.py:90} INFO - Running: ['airflow', 'tasks', 'run', 'sequential_scraping_pipeline', 'process_urls_sequentially', 'manual__2025-07-29T21:44:03.827231+00:00', '--job-id', '178', '--raw', '--subdir', 'DAGS_FOLDER/sequential_pipeline_dag.py', '--cfg-path', '/tmp/tmphj1v90dy']
[2025-07-29T21:44:58.186+0000] {standard_task_runner.py:91} INFO - Job 178: Subtask process_urls_sequentially
[2025-07-29T21:44:58.991+0000] {logging_mixin.py:188} WARNING - /home/airflow/.local/lib/python3.12/site-packages/airflow/settings.py:195 DeprecationWarning: The sql_alchemy_conn option in [core] has been moved to the sql_alchemy_conn option in [database] - the old setting has been used, but please update your config.
[2025-07-29T21:45:00.825+0000] {task_command.py:426} INFO - Running <TaskInstance: sequential_scraping_pipeline.process_urls_sequentially manual__2025-07-29T21:44:03.827231+00:00 [running]> on host 0504fd1207a9
[2025-07-29T21:45:05.833+0000] {taskinstance.py:2648} INFO - Exporting env vars: AIRFLOW_CTX_DAG_OWNER='airflow' AIRFLOW_CTX_DAG_ID='sequential_scraping_pipeline' AIRFLOW_CTX_TASK_ID='process_urls_sequentially' AIRFLOW_CTX_EXECUTION_DATE='2025-07-29T21:44:03.827231+00:00' AIRFLOW_CTX_TRY_NUMBER='1' AIRFLOW_CTX_DAG_RUN_ID='manual__2025-07-29T21:44:03.827231+00:00'
[2025-07-29T21:45:05.837+0000] {taskinstance.py:430} INFO - ::endgroup::
[2025-07-29T21:45:05.839+0000] {logging_mixin.py:188} INFO - --- Starting sequential processing for: https://www.flipkart.com/samsung-galaxy-a36-5g-awesome-black-128-gb/p/itmcf7765e46c231?pid=MOBH9RNG8NGYKDEQ&lid=LSTMOBH9RNG8NGYKDEQ7LGPOE&marketplace=FLIPKART&q=samsung+&store=search.flipkart.com&srno=s_2_44&otracker=search&otracker1=search&fm=Search&iid=a3088f14-d7be-47e1-a78b-6cade9c8b670.MOBH9RNG8NGYKDEQ.SEARCH&ppt=sp&ppn=sp&ssid=bbs6rp3ojk0000001753825060394&qH=73fc3e3a476455e3 ---
[2025-07-29T21:45:05.840+0000] {logging_mixin.py:188} INFO - Initializing Stealth WebDriver...
[2025-07-29T21:45:15.303+0000] {logging_mixin.py:188} INFO - Extracted - Phone: Samsung Galaxy A36 5G (Awesome Black, 128 GB)  (8 GB RAM), Price: ₹30,999
[2025-07-29T21:45:20.579+0000] {logging_mixin.py:188} INFO - Scraping Page 1 for Samsung Galaxy A36 5G (Awesome Black, 128 GB)  (8 GB RAM)...
[2025-07-29T21:45:23.375+0000] {logging_mixin.py:188} INFO - Scraping Page 2 for Samsung Galaxy A36 5G (Awesome Black, 128 GB)  (8 GB RAM)...
[2025-07-29T21:45:26.171+0000] {logging_mixin.py:188} INFO - Scraping Page 3 for Samsung Galaxy A36 5G (Awesome Black, 128 GB)  (8 GB RAM)...
[2025-07-29T21:45:28.962+0000] {logging_mixin.py:188} INFO - Scraping Page 4 for Samsung Galaxy A36 5G (Awesome Black, 128 GB)  (8 GB RAM)...
[2025-07-29T21:45:31.756+0000] {logging_mixin.py:188} INFO - Scraping Page 5 for Samsung Galaxy A36 5G (Awesome Black, 128 GB)  (8 GB RAM)...
[2025-07-29T21:45:34.562+0000] {logging_mixin.py:188} INFO - Scraping Page 6 for Samsung Galaxy A36 5G (Awesome Black, 128 GB)  (8 GB RAM)...
[2025-07-29T21:45:37.316+0000] {logging_mixin.py:188} INFO - Scraping Page 7 for Samsung Galaxy A36 5G (Awesome Black, 128 GB)  (8 GB RAM)...
[2025-07-29T21:45:48.499+0000] {logging_mixin.py:188} INFO - No 'Next' button found. Scraping complete.
[2025-07-29T21:45:48.528+0000] {logging_mixin.py:188} INFO - Saved 69 reviews to /opt/airflow/data/raw/Samsung_Galaxy_A36_5G_(Awesome_Black,_128_GB)__(8_GB_RAM)_reviews.csv
[2025-07-29T21:45:48.686+0000] {logging_mixin.py:188} INFO - Processing 69 reviews from Samsung_Galaxy_A36_5G_(Awesome_Black,_128_GB)__(8_GB_RAM)_reviews.csv...
[2025-07-29T21:45:48.747+0000] {logging_mixin.py:188} INFO - 
🗑️ Removed 0 duplicate reviews based on Review_ID.
[2025-07-29T21:45:48.762+0000] {logging_mixin.py:188} INFO - 
📁 Clean data saved: /opt/airflow/data/cleaned/Samsung_Galaxy_A36_5G_(Awesome_Black,_128_GB)__(8_GB_RAM)_reviews_CLEANED.csv
[2025-07-29T21:45:48.763+0000] {logging_mixin.py:188} INFO - 📊 Final shape: (69, 10)
[2025-07-29T21:45:48.764+0000] {logging_mixin.py:188} INFO - Preparing to write /opt/airflow/data/cleaned/Samsung_Galaxy_A36_5G_(Awesome_Black,_128_GB)__(8_GB_RAM)_reviews_CLEANED.csv to PostgreSQL table 'flipkart_reviewer_data'...
[2025-07-29T21:45:51.045+0000] {logging_mixin.py:188} INFO - Found 26094 existing review IDs in the database.
[2025-07-29T21:45:51.063+0000] {logging_mixin.py:188} INFO - Filtered 69 new reviews down to 69 unique reviews to be inserted.
[2025-07-29T21:45:51.920+0000] {logging_mixin.py:188} INFO - ✅ Successfully appended 69 new rows to table 'flipkart_reviewer_data'.
[2025-07-29T21:45:52.000+0000] {logging_mixin.py:188} INFO - --- Starting sequential processing for: https://www.flipkart.com/samsung-galaxy-f16-5g-vibing-blue-128-gb/p/itma31262afa7505?pid=MOBH9ASGCZNFQGDG&lid=LSTMOBH9ASGCZNFQGDGYXWIQD&marketplace=FLIPKART&q=samsung+&store=search.flipkart.com&srno=s_2_46&otracker=search&otracker1=search&fm=Search&iid=a3088f14-d7be-47e1-a78b-6cade9c8b670.MOBH9ASGCZNFQGDG.SEARCH&ppt=sp&ppn=sp&ssid=bbs6rp3ojk0000001753825060394&qH=73fc3e3a476455e3 ---
[2025-07-29T21:45:52.002+0000] {logging_mixin.py:188} INFO - Initializing Stealth WebDriver...
[2025-07-29T21:45:58.927+0000] {logging_mixin.py:188} INFO - Extracted - Phone: Samsung Galaxy F16 5G (Vibing Blue, 128 GB)  (8 GB RAM), Price: ₹13,499
[2025-07-29T21:46:04.188+0000] {logging_mixin.py:188} INFO - Scraping Page 1 for Samsung Galaxy F16 5G (Vibing Blue, 128 GB)  (8 GB RAM)...
[2025-07-29T21:46:07.056+0000] {logging_mixin.py:188} INFO - Scraping Page 2 for Samsung Galaxy F16 5G (Vibing Blue, 128 GB)  (8 GB RAM)...
[2025-07-29T21:46:09.820+0000] {logging_mixin.py:188} INFO - Scraping Page 3 for Samsung Galaxy F16 5G (Vibing Blue, 128 GB)  (8 GB RAM)...
[2025-07-29T21:46:12.561+0000] {logging_mixin.py:188} INFO - Scraping Page 4 for Samsung Galaxy F16 5G (Vibing Blue, 128 GB)  (8 GB RAM)...
[2025-07-29T21:46:15.310+0000] {logging_mixin.py:188} INFO - Scraping Page 5 for Samsung Galaxy F16 5G (Vibing Blue, 128 GB)  (8 GB RAM)...
[2025-07-29T21:46:18.197+0000] {logging_mixin.py:188} INFO - Scraping Page 6 for Samsung Galaxy F16 5G (Vibing Blue, 128 GB)  (8 GB RAM)...
[2025-07-29T21:46:20.981+0000] {logging_mixin.py:188} INFO - Scraping Page 7 for Samsung Galaxy F16 5G (Vibing Blue, 128 GB)  (8 GB RAM)...
[2025-07-29T21:46:23.745+0000] {logging_mixin.py:188} INFO - Scraping Page 8 for Samsung Galaxy F16 5G (Vibing Blue, 128 GB)  (8 GB RAM)...
[2025-07-29T21:46:26.488+0000] {logging_mixin.py:188} INFO - Scraping Page 9 for Samsung Galaxy F16 5G (Vibing Blue, 128 GB)  (8 GB RAM)...
[2025-07-29T21:46:29.246+0000] {logging_mixin.py:188} INFO - Scraping Page 10 for Samsung Galaxy F16 5G (Vibing Blue, 128 GB)  (8 GB RAM)...
[2025-07-29T21:46:31.975+0000] {logging_mixin.py:188} INFO - Scraping Page 11 for Samsung Galaxy F16 5G (Vibing Blue, 128 GB)  (8 GB RAM)...
[2025-07-29T21:46:34.769+0000] {logging_mixin.py:188} INFO - Scraping Page 12 for Samsung Galaxy F16 5G (Vibing Blue, 128 GB)  (8 GB RAM)...
[2025-07-29T21:46:46.019+0000] {logging_mixin.py:188} INFO - No 'Next' button found. Scraping complete.
[2025-07-29T21:46:46.034+0000] {logging_mixin.py:188} INFO - Saved 113 reviews to /opt/airflow/data/raw/Samsung_Galaxy_F16_5G_(Vibing_Blue,_128_GB)__(8_GB_RAM)_reviews.csv
[2025-07-29T21:46:46.139+0000] {logging_mixin.py:188} INFO - Processing 113 reviews from Samsung_Galaxy_F16_5G_(Vibing_Blue,_128_GB)__(8_GB_RAM)_reviews.csv...
[2025-07-29T21:46:46.187+0000] {logging_mixin.py:188} INFO - 
🗑️ Removed 5 duplicate reviews based on Review_ID.
[2025-07-29T21:46:46.196+0000] {logging_mixin.py:188} INFO - 
📁 Clean data saved: /opt/airflow/data/cleaned/Samsung_Galaxy_F16_5G_(Vibing_Blue,_128_GB)__(8_GB_RAM)_reviews_CLEANED.csv
[2025-07-29T21:46:46.197+0000] {logging_mixin.py:188} INFO - 📊 Final shape: (108, 10)
[2025-07-29T21:46:46.198+0000] {logging_mixin.py:188} INFO - Preparing to write /opt/airflow/data/cleaned/Samsung_Galaxy_F16_5G_(Vibing_Blue,_128_GB)__(8_GB_RAM)_reviews_CLEANED.csv to PostgreSQL table 'flipkart_reviewer_data'...
[2025-07-29T21:46:48.319+0000] {logging_mixin.py:188} INFO - Found 26163 existing review IDs in the database.
[2025-07-29T21:46:48.344+0000] {logging_mixin.py:188} INFO - Filtered 108 new reviews down to 108 unique reviews to be inserted.
[2025-07-29T21:46:49.228+0000] {logging_mixin.py:188} INFO - ✅ Successfully appended 108 new rows to table 'flipkart_reviewer_data'.
[2025-07-29T21:46:49.292+0000] {python.py:237} INFO - Done. Returned value was: None
[2025-07-29T21:46:49.293+0000] {taskinstance.py:441} INFO - ::group::Post task execution logs
[2025-07-29T21:46:49.942+0000] {taskinstance.py:1206} INFO - Marking task as SUCCESS. dag_id=sequential_scraping_pipeline, task_id=process_urls_sequentially, run_id=manual__2025-07-29T21:44:03.827231+00:00, execution_date=20250729T214403, start_date=20250729T214457, end_date=20250729T214649
[2025-07-29T21:46:50.477+0000] {local_task_job_runner.py:243} INFO - Task exited with return code 0
[2025-07-29T21:46:51.276+0000] {local_task_job_runner.py:222} INFO - ::endgroup::
