[2025-07-27T10:12:59.405+0000] {local_task_job_runner.py:120} INFO - ::group::Pre task execution logs
[2025-07-27T10:12:59.711+0000] {taskinstance.py:2076} INFO - Dependencies all met for dep_context=non-requeueable deps ti=<TaskInstance: tutorial.print_date scheduled__2025-07-26T00:00:00+00:00 [queued]>
[2025-07-27T10:12:59.813+0000] {taskinstance.py:2076} INFO - Dependencies all met for dep_context=requeueable deps ti=<TaskInstance: tutorial.print_date scheduled__2025-07-26T00:00:00+00:00 [queued]>
[2025-07-27T10:12:59.828+0000] {taskinstance.py:2306} INFO - Starting attempt 1 of 2
[2025-07-27T10:13:01.545+0000] {taskinstance.py:2330} INFO - Executing <Task(BashOperator): print_date> on 2025-07-26 00:00:00+00:00
[2025-07-27T10:13:01.730+0000] {logging_mixin.py:188} WARNING - /home/***/.local/lib/python3.12/site-packages/***/task/task_runner/standard_task_runner.py:62 DeprecationWarning: This process (pid=284) is multi-threaded, use of fork() may lead to deadlocks in the child.
[2025-07-27T10:13:01.776+0000] {standard_task_runner.py:64} INFO - Started process 374 to run task
[2025-07-27T10:13:01.738+0000] {standard_task_runner.py:90} INFO - Running: ['***', 'tasks', 'run', 'tutorial', 'print_date', 'scheduled__2025-07-26T00:00:00+00:00', '--job-id', '14', '--raw', '--subdir', '/home/***/.local/lib/python3.12/site-packages/***/example_dags/tutorial.py', '--cfg-path', '/tmp/tmppnmanzi0']
[2025-07-27T10:13:01.816+0000] {standard_task_runner.py:91} INFO - Job 14: Subtask print_date
[2025-07-27T10:13:02.010+0000] {logging_mixin.py:188} WARNING - /home/***/.local/lib/python3.12/site-packages/***/settings.py:195 DeprecationWarning: The sql_alchemy_conn option in [core] has been moved to the sql_alchemy_conn option in [database] - the old setting has been used, but please update your config.
[2025-07-27T10:13:02.601+0000] {task_command.py:426} INFO - Running <TaskInstance: tutorial.print_date scheduled__2025-07-26T00:00:00+00:00 [running]> on host 4112a2618ff3
[2025-07-27T10:13:03.602+0000] {taskinstance.py:2648} INFO - Exporting env vars: AIRFLOW_CTX_DAG_EMAIL='***@example.com' AIRFLOW_CTX_DAG_OWNER='***' AIRFLOW_CTX_DAG_ID='tutorial' AIRFLOW_CTX_TASK_ID='print_date' AIRFLOW_CTX_EXECUTION_DATE='2025-07-26T00:00:00+00:00' AIRFLOW_CTX_TRY_NUMBER='1' AIRFLOW_CTX_DAG_RUN_ID='scheduled__2025-07-26T00:00:00+00:00'
[2025-07-27T10:13:03.611+0000] {taskinstance.py:430} INFO - ::endgroup::
[2025-07-27T10:13:03.621+0000] {subprocess.py:63} INFO - Tmp dir root location: /tmp
[2025-07-27T10:13:03.634+0000] {subprocess.py:75} INFO - Running command: ['/usr/bin/bash', '-c', 'date']
[2025-07-27T10:13:03.944+0000] {subprocess.py:86} INFO - Output:
[2025-07-27T10:13:04.015+0000] {subprocess.py:93} INFO - Sun Jul 27 10:13:04 UTC 2025
[2025-07-27T10:13:04.060+0000] {subprocess.py:97} INFO - Command exited with return code 0
[2025-07-27T10:13:04.065+0000] {taskinstance.py:441} INFO - ::group::Post task execution logs
[2025-07-27T10:13:04.307+0000] {taskinstance.py:1206} INFO - Marking task as SUCCESS. dag_id=tutorial, task_id=print_date, run_id=scheduled__2025-07-26T00:00:00+00:00, execution_date=20250726T000000, start_date=20250727T101259, end_date=20250727T101304
[2025-07-27T10:13:04.812+0000] {local_task_job_runner.py:243} INFO - Task exited with return code 0
[2025-07-27T10:13:05.065+0000] {taskinstance.py:3503} INFO - 2 downstream tasks scheduled from follow-on schedule check
[2025-07-27T10:13:05.084+0000] {local_task_job_runner.py:222} INFO - ::endgroup::
