[2025-07-27T13:19:08.257+0000] {local_task_job_runner.py:120} INFO - ::group::Pre task execution logs
[2025-07-27T13:19:08.310+0000] {taskinstance.py:2076} INFO - Dependencies all met for dep_context=non-requeueable deps ti=<TaskInstance: parallel_scraping_pipeline.scrape_task manual__2025-07-27T13:19:03.443703+00:00 map_index=1 [queued]>
[2025-07-27T13:19:08.325+0000] {taskinstance.py:2076} INFO - Dependencies all met for dep_context=requeueable deps ti=<TaskInstance: parallel_scraping_pipeline.scrape_task manual__2025-07-27T13:19:03.443703+00:00 map_index=1 [queued]>
[2025-07-27T13:19:08.326+0000] {taskinstance.py:2306} INFO - Starting attempt 1 of 1
[2025-07-27T13:19:08.343+0000] {taskinstance.py:2330} INFO - Executing <Mapped(_PythonDecoratedOperator): scrape_task> on 2025-07-27 13:19:03.443703+00:00
[2025-07-27T13:19:08.364+0000] {logging_mixin.py:188} WARNING - /home/***/.local/lib/python3.12/site-packages/***/task/task_runner/standard_task_runner.py:62 DeprecationWarning: This process (pid=1680) is multi-threaded, use of fork() may lead to deadlocks in the child.
[2025-07-27T13:19:08.363+0000] {standard_task_runner.py:90} INFO - Running: ['***', 'tasks', 'run', 'parallel_scraping_pipeline', 'scrape_task', 'manual__2025-07-27T13:19:03.443703+00:00', '--job-id', '18', '--raw', '--subdir', 'DAGS_FOLDER/parallel_pipeline_dag.py', '--cfg-path', '/tmp/tmpp8so6cn_', '--map-index', '1']
[2025-07-27T13:19:08.366+0000] {standard_task_runner.py:64} INFO - Started process 1684 to run task
[2025-07-27T13:19:08.366+0000] {standard_task_runner.py:91} INFO - Job 18: Subtask scrape_task
[2025-07-27T13:19:08.388+0000] {logging_mixin.py:188} WARNING - /home/***/.local/lib/python3.12/site-packages/***/settings.py:195 DeprecationWarning: The sql_alchemy_conn option in [core] has been moved to the sql_alchemy_conn option in [database] - the old setting has been used, but please update your config.
[2025-07-27T13:19:08.462+0000] {task_command.py:426} INFO - Running <TaskInstance: parallel_scraping_pipeline.scrape_task manual__2025-07-27T13:19:03.443703+00:00 map_index=1 [running]> on host 9465eee47a4f
[2025-07-27T13:19:08.631+0000] {taskinstance.py:2648} INFO - Exporting env vars: AIRFLOW_CTX_DAG_OWNER='***' AIRFLOW_CTX_DAG_ID='parallel_scraping_pipeline' AIRFLOW_CTX_TASK_ID='scrape_task' AIRFLOW_CTX_EXECUTION_DATE='2025-07-27T13:19:03.443703+00:00' AIRFLOW_CTX_TRY_NUMBER='1' AIRFLOW_CTX_DAG_RUN_ID='manual__2025-07-27T13:19:03.443703+00:00'
[2025-07-27T13:19:08.634+0000] {taskinstance.py:430} INFO - ::endgroup::
[2025-07-27T13:19:08.635+0000] {logging_mixin.py:188} INFO - Initializing WebDriver...
[2025-07-27T13:21:10.050+0000] {logging_mixin.py:188} INFO - An error occurred while scraping https://www.flipkart.com/oppo-reno14-5g-forest-green-256-gb/p/itm4d9e853eee6cf?pid=MOBHDDQ95MNGEZSJ&lid=LSTMOBHDDQ95MNGEZSJGGWO5W&marketplace=FLIPKART&q=oppo&store=search.flipkart.com&srno=s_1_8&otracker=search&otracker1=search&fm=organic&iid=c5a4fcb8-35f3-441c-a36e-4239a6ec5b05.MOBHDDQ95MNGEZSJ.SEARCH&ppt=pp&ppn=pp&ssid=s5zdcfdb5c0000001753611616936&qH=c892ba238c98835d: HTTPConnectionPool(host='localhost', port=52745): Read timed out. (read timeout=120)
[2025-07-27T13:22:51.962+0000] {python.py:237} INFO - Done. Returned value was: None
[2025-07-27T13:22:51.969+0000] {taskinstance.py:441} INFO - ::group::Post task execution logs
[2025-07-27T13:22:52.010+0000] {taskinstance.py:1206} INFO - Marking task as SUCCESS. dag_id=parallel_scraping_pipeline, task_id=scrape_task, run_id=manual__2025-07-27T13:19:03.443703+00:00, map_index=1, execution_date=20250727T131903, start_date=20250727T131908, end_date=20250727T132252
[2025-07-27T13:22:52.177+0000] {local_task_job_runner.py:243} INFO - Task exited with return code 0
[2025-07-27T13:22:52.365+0000] {abstractoperator.py:588} INFO - Marking <TaskInstance: parallel_scraping_pipeline.clean_task manual__2025-07-27T13:19:03.443703+00:00 [None]> as SKIPPED since the map has 0 values to expand
[2025-07-27T13:22:52.427+0000] {taskinstance.py:3503} INFO - 0 downstream tasks scheduled from follow-on schedule check
[2025-07-27T13:22:52.444+0000] {local_task_job_runner.py:222} INFO - ::endgroup::
