[2025-07-29T10:45:53.821+0000] {local_task_job_runner.py:120} INFO - ::group::Pre task execution logs
[2025-07-29T10:45:55.036+0000] {taskinstance.py:2076} INFO - Dependencies all met for dep_context=non-requeueable deps ti=<TaskInstance: parallel_scraping_pipeline.load_to_postgres manual__2025-07-29T10:21:21.870236+00:00 map_index=0 [queued]>
[2025-07-29T10:45:55.717+0000] {taskinstance.py:2076} INFO - Dependencies all met for dep_context=requeueable deps ti=<TaskInstance: parallel_scraping_pipeline.load_to_postgres manual__2025-07-29T10:21:21.870236+00:00 map_index=0 [queued]>
[2025-07-29T10:45:55.720+0000] {taskinstance.py:2306} INFO - Starting attempt 1 of 1
[2025-07-29T10:45:56.269+0000] {taskinstance.py:2330} INFO - Executing <Mapped(_PythonDecoratedOperator): load_to_postgres> on 2025-07-29 10:21:21.870236+00:00
[2025-07-29T10:45:56.312+0000] {logging_mixin.py:188} WARNING - /home/airflow/.local/lib/python3.12/site-packages/airflow/task/task_runner/standard_task_runner.py:62 DeprecationWarning: This process (pid=2710) is multi-threaded, use of fork() may lead to deadlocks in the child.
[2025-07-29T10:45:56.315+0000] {standard_task_runner.py:64} INFO - Started process 2726 to run task
[2025-07-29T10:45:56.314+0000] {standard_task_runner.py:90} INFO - Running: ['airflow', 'tasks', 'run', 'parallel_scraping_pipeline', 'load_to_postgres', 'manual__2025-07-29T10:21:21.870236+00:00', '--job-id', '99', '--raw', '--subdir', 'DAGS_FOLDER/parallel_pipeline_dag.py', '--cfg-path', '/tmp/tmpkx03s_d8', '--map-index', '0']
[2025-07-29T10:45:56.318+0000] {standard_task_runner.py:91} INFO - Job 99: Subtask load_to_postgres
[2025-07-29T10:45:57.177+0000] {logging_mixin.py:188} WARNING - /home/airflow/.local/lib/python3.12/site-packages/airflow/settings.py:195 DeprecationWarning: The sql_alchemy_conn option in [core] has been moved to the sql_alchemy_conn option in [database] - the old setting has been used, but please update your config.
[2025-07-29T10:45:59.511+0000] {task_command.py:426} INFO - Running <TaskInstance: parallel_scraping_pipeline.load_to_postgres manual__2025-07-29T10:21:21.870236+00:00 map_index=0 [running]> on host f328c07fe88e
[2025-07-29T10:46:04.839+0000] {taskinstance.py:2648} INFO - Exporting env vars: AIRFLOW_CTX_DAG_OWNER='airflow' AIRFLOW_CTX_DAG_ID='parallel_scraping_pipeline' AIRFLOW_CTX_TASK_ID='load_to_postgres' AIRFLOW_CTX_EXECUTION_DATE='2025-07-29T10:21:21.870236+00:00' AIRFLOW_CTX_TRY_NUMBER='1' AIRFLOW_CTX_DAG_RUN_ID='manual__2025-07-29T10:21:21.870236+00:00'
[2025-07-29T10:46:04.851+0000] {taskinstance.py:430} INFO - ::endgroup::
[2025-07-29T10:46:04.853+0000] {logging_mixin.py:188} INFO - Preparing to write /opt/airflow/data/cleaned/Samsung_Galaxy_S24_FE_5G_(Blue,_128_GB)__(8_GB_RAM)_reviews_CLEANED.csv to PostgreSQL table 'flipkart_reviewer_data'...
[2025-07-29T10:46:07.506+0000] {logging_mixin.py:188} INFO - ✅ Successfully appended 193 rows to table 'flipkart_reviewer_data'.
[2025-07-29T10:46:07.508+0000] {python.py:237} INFO - Done. Returned value was: None
[2025-07-29T10:46:07.511+0000] {taskinstance.py:441} INFO - ::group::Post task execution logs
[2025-07-29T10:46:08.860+0000] {taskinstance.py:1206} INFO - Marking task as SUCCESS. dag_id=parallel_scraping_pipeline, task_id=load_to_postgres, run_id=manual__2025-07-29T10:21:21.870236+00:00, map_index=0, execution_date=20250729T102121, start_date=20250729T104555, end_date=20250729T104608
[2025-07-29T10:46:10.259+0000] {local_task_job_runner.py:243} INFO - Task exited with return code 0
[2025-07-29T10:46:11.098+0000] {taskinstance.py:3503} INFO - 0 downstream tasks scheduled from follow-on schedule check
[2025-07-29T10:46:11.158+0000] {local_task_job_runner.py:222} INFO - ::endgroup::
