[2025-07-28T21:03:34.027+0000] {local_task_job_runner.py:120} INFO - ::group::Pre task execution logs
[2025-07-28T21:03:34.707+0000] {taskinstance.py:2076} INFO - Dependencies all met for dep_context=non-requeueable deps ti=<TaskInstance: parallel_scraping_pipeline.scrape_task manual__2025-07-28T21:03:09.717459+00:00 map_index=2 [queued]>
[2025-07-28T21:03:35.004+0000] {taskinstance.py:2076} INFO - Dependencies all met for dep_context=requeueable deps ti=<TaskInstance: parallel_scraping_pipeline.scrape_task manual__2025-07-28T21:03:09.717459+00:00 map_index=2 [queued]>
[2025-07-28T21:03:35.005+0000] {taskinstance.py:2306} INFO - Starting attempt 1 of 1
[2025-07-28T21:03:35.418+0000] {taskinstance.py:2330} INFO - Executing <Mapped(_PythonDecoratedOperator): scrape_task> on 2025-07-28 21:03:09.717459+00:00
[2025-07-28T21:03:35.436+0000] {logging_mixin.py:188} WARNING - /home/airflow/.local/lib/python3.12/site-packages/airflow/task/task_runner/standard_task_runner.py:62 DeprecationWarning: This process (pid=971) is multi-threaded, use of fork() may lead to deadlocks in the child.
[2025-07-28T21:03:35.437+0000] {standard_task_runner.py:90} INFO - Running: ['airflow', 'tasks', 'run', 'parallel_scraping_pipeline', 'scrape_task', 'manual__2025-07-28T21:03:09.717459+00:00', '--job-id', '29', '--raw', '--subdir', 'DAGS_FOLDER/parallel_pipeline_dag.py', '--cfg-path', '/tmp/tmpwoteg713', '--map-index', '2']
[2025-07-28T21:03:35.439+0000] {standard_task_runner.py:64} INFO - Started process 982 to run task
[2025-07-28T21:03:35.439+0000] {standard_task_runner.py:91} INFO - Job 29: Subtask scrape_task
[2025-07-28T21:03:36.007+0000] {logging_mixin.py:188} WARNING - /home/airflow/.local/lib/python3.12/site-packages/airflow/settings.py:195 DeprecationWarning: The sql_alchemy_conn option in [core] has been moved to the sql_alchemy_conn option in [database] - the old setting has been used, but please update your config.
[2025-07-28T21:03:37.361+0000] {task_command.py:426} INFO - Running <TaskInstance: parallel_scraping_pipeline.scrape_task manual__2025-07-28T21:03:09.717459+00:00 map_index=2 [running]> on host 8cf7cfd9e861
[2025-07-28T21:03:40.468+0000] {taskinstance.py:2648} INFO - Exporting env vars: AIRFLOW_CTX_DAG_OWNER='airflow' AIRFLOW_CTX_DAG_ID='parallel_scraping_pipeline' AIRFLOW_CTX_TASK_ID='scrape_task' AIRFLOW_CTX_EXECUTION_DATE='2025-07-28T21:03:09.717459+00:00' AIRFLOW_CTX_TRY_NUMBER='1' AIRFLOW_CTX_DAG_RUN_ID='manual__2025-07-28T21:03:09.717459+00:00'
[2025-07-28T21:03:40.474+0000] {taskinstance.py:430} INFO - ::endgroup::
[2025-07-28T21:03:40.476+0000] {logging_mixin.py:188} INFO - Initializing WebDriver...
[2025-07-28T21:03:52.176+0000] {logging_mixin.py:188} INFO - Extracted - Phone: Samsung Galaxy F06 5G (Bahama Blue, 128 GB)  (6 GB RAM), Price: ₹9,999
[2025-07-28T21:03:55.469+0000] {logging_mixin.py:188} INFO - Scraping Page 1 for Samsung Galaxy F06 5G (Bahama Blue, 128 GB)  (6 GB RAM)...
[2025-07-28T21:03:57.946+0000] {logging_mixin.py:188} INFO - Scraping Page 2 for Samsung Galaxy F06 5G (Bahama Blue, 128 GB)  (6 GB RAM)...
[2025-07-28T21:04:00.619+0000] {logging_mixin.py:188} INFO - Scraping Page 3 for Samsung Galaxy F06 5G (Bahama Blue, 128 GB)  (6 GB RAM)...
[2025-07-28T21:04:03.077+0000] {logging_mixin.py:188} INFO - Scraping Page 4 for Samsung Galaxy F06 5G (Bahama Blue, 128 GB)  (6 GB RAM)...
[2025-07-28T21:04:05.769+0000] {logging_mixin.py:188} INFO - Scraping Page 5 for Samsung Galaxy F06 5G (Bahama Blue, 128 GB)  (6 GB RAM)...
[2025-07-28T21:04:08.469+0000] {logging_mixin.py:188} INFO - Scraping Page 6 for Samsung Galaxy F06 5G (Bahama Blue, 128 GB)  (6 GB RAM)...
[2025-07-28T21:04:11.025+0000] {logging_mixin.py:188} INFO - Scraping Page 7 for Samsung Galaxy F06 5G (Bahama Blue, 128 GB)  (6 GB RAM)...
[2025-07-28T21:04:13.500+0000] {logging_mixin.py:188} INFO - Scraping Page 8 for Samsung Galaxy F06 5G (Bahama Blue, 128 GB)  (6 GB RAM)...
[2025-07-28T21:04:16.003+0000] {logging_mixin.py:188} INFO - Scraping Page 9 for Samsung Galaxy F06 5G (Bahama Blue, 128 GB)  (6 GB RAM)...
[2025-07-28T21:04:18.541+0000] {logging_mixin.py:188} INFO - Scraping Page 10 for Samsung Galaxy F06 5G (Bahama Blue, 128 GB)  (6 GB RAM)...
[2025-07-28T21:04:21.237+0000] {logging_mixin.py:188} INFO - Scraping Page 11 for Samsung Galaxy F06 5G (Bahama Blue, 128 GB)  (6 GB RAM)...
[2025-07-28T21:04:23.750+0000] {logging_mixin.py:188} INFO - Scraping Page 12 for Samsung Galaxy F06 5G (Bahama Blue, 128 GB)  (6 GB RAM)...
[2025-07-28T21:04:26.483+0000] {logging_mixin.py:188} INFO - Scraping Page 13 for Samsung Galaxy F06 5G (Bahama Blue, 128 GB)  (6 GB RAM)...
[2025-07-28T21:04:29.071+0000] {logging_mixin.py:188} INFO - Scraping Page 14 for Samsung Galaxy F06 5G (Bahama Blue, 128 GB)  (6 GB RAM)...
[2025-07-28T21:04:31.721+0000] {logging_mixin.py:188} INFO - Scraping Page 15 for Samsung Galaxy F06 5G (Bahama Blue, 128 GB)  (6 GB RAM)...
[2025-07-28T21:04:34.145+0000] {logging_mixin.py:188} INFO - Scraping Page 16 for Samsung Galaxy F06 5G (Bahama Blue, 128 GB)  (6 GB RAM)...
[2025-07-28T21:04:37.071+0000] {logging_mixin.py:188} INFO - Scraping Page 17 for Samsung Galaxy F06 5G (Bahama Blue, 128 GB)  (6 GB RAM)...
[2025-07-28T21:04:39.588+0000] {logging_mixin.py:188} INFO - Scraping Page 18 for Samsung Galaxy F06 5G (Bahama Blue, 128 GB)  (6 GB RAM)...
[2025-07-28T21:04:42.236+0000] {logging_mixin.py:188} INFO - Scraping Page 19 for Samsung Galaxy F06 5G (Bahama Blue, 128 GB)  (6 GB RAM)...
[2025-07-28T21:04:45.062+0000] {logging_mixin.py:188} INFO - Scraping Page 20 for Samsung Galaxy F06 5G (Bahama Blue, 128 GB)  (6 GB RAM)...
[2025-07-28T21:04:47.527+0000] {logging_mixin.py:188} INFO - Scraping Page 21 for Samsung Galaxy F06 5G (Bahama Blue, 128 GB)  (6 GB RAM)...
[2025-07-28T21:04:50.042+0000] {logging_mixin.py:188} INFO - Scraping Page 22 for Samsung Galaxy F06 5G (Bahama Blue, 128 GB)  (6 GB RAM)...
[2025-07-28T21:04:52.489+0000] {logging_mixin.py:188} INFO - Scraping Page 23 for Samsung Galaxy F06 5G (Bahama Blue, 128 GB)  (6 GB RAM)...
[2025-07-28T21:04:55.326+0000] {logging_mixin.py:188} INFO - Scraping Page 24 for Samsung Galaxy F06 5G (Bahama Blue, 128 GB)  (6 GB RAM)...
[2025-07-28T21:04:58.180+0000] {logging_mixin.py:188} INFO - Scraping Page 25 for Samsung Galaxy F06 5G (Bahama Blue, 128 GB)  (6 GB RAM)...
[2025-07-28T21:05:01.206+0000] {logging_mixin.py:188} INFO - Scraping Page 26 for Samsung Galaxy F06 5G (Bahama Blue, 128 GB)  (6 GB RAM)...
[2025-07-28T21:05:03.738+0000] {logging_mixin.py:188} INFO - Scraping Page 27 for Samsung Galaxy F06 5G (Bahama Blue, 128 GB)  (6 GB RAM)...
[2025-07-28T21:05:06.256+0000] {logging_mixin.py:188} INFO - Scraping Page 28 for Samsung Galaxy F06 5G (Bahama Blue, 128 GB)  (6 GB RAM)...
[2025-07-28T21:05:08.754+0000] {logging_mixin.py:188} INFO - Scraping Page 29 for Samsung Galaxy F06 5G (Bahama Blue, 128 GB)  (6 GB RAM)...
[2025-07-28T21:05:11.427+0000] {logging_mixin.py:188} INFO - Scraping Page 30 for Samsung Galaxy F06 5G (Bahama Blue, 128 GB)  (6 GB RAM)...
[2025-07-28T21:05:14.044+0000] {logging_mixin.py:188} INFO - Scraping Page 31 for Samsung Galaxy F06 5G (Bahama Blue, 128 GB)  (6 GB RAM)...
[2025-07-28T21:05:16.614+0000] {logging_mixin.py:188} INFO - Scraping Page 32 for Samsung Galaxy F06 5G (Bahama Blue, 128 GB)  (6 GB RAM)...
[2025-07-28T21:05:19.079+0000] {logging_mixin.py:188} INFO - Scraping Page 33 for Samsung Galaxy F06 5G (Bahama Blue, 128 GB)  (6 GB RAM)...
[2025-07-28T21:05:21.591+0000] {logging_mixin.py:188} INFO - Scraping Page 34 for Samsung Galaxy F06 5G (Bahama Blue, 128 GB)  (6 GB RAM)...
[2025-07-28T21:05:24.165+0000] {logging_mixin.py:188} INFO - Scraping Page 35 for Samsung Galaxy F06 5G (Bahama Blue, 128 GB)  (6 GB RAM)...
[2025-07-28T21:05:26.732+0000] {logging_mixin.py:188} INFO - Scraping Page 36 for Samsung Galaxy F06 5G (Bahama Blue, 128 GB)  (6 GB RAM)...
[2025-07-28T21:05:29.227+0000] {logging_mixin.py:188} INFO - Scraping Page 37 for Samsung Galaxy F06 5G (Bahama Blue, 128 GB)  (6 GB RAM)...
[2025-07-28T21:05:32.553+0000] {logging_mixin.py:188} INFO - Scraping Page 38 for Samsung Galaxy F06 5G (Bahama Blue, 128 GB)  (6 GB RAM)...
[2025-07-28T21:05:35.457+0000] {logging_mixin.py:188} INFO - Scraping Page 39 for Samsung Galaxy F06 5G (Bahama Blue, 128 GB)  (6 GB RAM)...
[2025-07-28T21:05:37.926+0000] {logging_mixin.py:188} INFO - Scraping Page 40 for Samsung Galaxy F06 5G (Bahama Blue, 128 GB)  (6 GB RAM)...
[2025-07-28T21:05:40.443+0000] {logging_mixin.py:188} INFO - Scraping Page 41 for Samsung Galaxy F06 5G (Bahama Blue, 128 GB)  (6 GB RAM)...
[2025-07-28T21:05:42.904+0000] {logging_mixin.py:188} INFO - Scraping Page 42 for Samsung Galaxy F06 5G (Bahama Blue, 128 GB)  (6 GB RAM)...
[2025-07-28T21:05:45.543+0000] {logging_mixin.py:188} INFO - Scraping Page 43 for Samsung Galaxy F06 5G (Bahama Blue, 128 GB)  (6 GB RAM)...
[2025-07-28T21:05:48.372+0000] {logging_mixin.py:188} INFO - Scraping Page 44 for Samsung Galaxy F06 5G (Bahama Blue, 128 GB)  (6 GB RAM)...
[2025-07-28T21:05:50.889+0000] {logging_mixin.py:188} INFO - Scraping Page 45 for Samsung Galaxy F06 5G (Bahama Blue, 128 GB)  (6 GB RAM)...
[2025-07-28T21:05:53.343+0000] {logging_mixin.py:188} INFO - Scraping Page 46 for Samsung Galaxy F06 5G (Bahama Blue, 128 GB)  (6 GB RAM)...
[2025-07-28T21:05:55.877+0000] {logging_mixin.py:188} INFO - Scraping Page 47 for Samsung Galaxy F06 5G (Bahama Blue, 128 GB)  (6 GB RAM)...
[2025-07-28T21:05:58.290+0000] {logging_mixin.py:188} INFO - Scraping Page 48 for Samsung Galaxy F06 5G (Bahama Blue, 128 GB)  (6 GB RAM)...
[2025-07-28T21:06:00.723+0000] {logging_mixin.py:188} INFO - Scraping Page 49 for Samsung Galaxy F06 5G (Bahama Blue, 128 GB)  (6 GB RAM)...
[2025-07-28T21:06:03.195+0000] {logging_mixin.py:188} INFO - Scraping Page 50 for Samsung Galaxy F06 5G (Bahama Blue, 128 GB)  (6 GB RAM)...
[2025-07-28T21:06:05.653+0000] {logging_mixin.py:188} INFO - Scraping Page 51 for Samsung Galaxy F06 5G (Bahama Blue, 128 GB)  (6 GB RAM)...
[2025-07-28T21:06:08.301+0000] {logging_mixin.py:188} INFO - Scraping Page 52 for Samsung Galaxy F06 5G (Bahama Blue, 128 GB)  (6 GB RAM)...
[2025-07-28T21:06:10.991+0000] {logging_mixin.py:188} INFO - Scraping Page 53 for Samsung Galaxy F06 5G (Bahama Blue, 128 GB)  (6 GB RAM)...
[2025-07-28T21:06:23.352+0000] {logging_mixin.py:188} INFO - Saved 530 reviews to /opt/airflow/data/raw/Samsung_Galaxy_F06_5G_(Bahama_Blue,_128_GB)__(6_GB_RAM)_reviews.csv
[2025-07-28T21:06:23.573+0000] {python.py:237} INFO - Done. Returned value was: /opt/airflow/data/raw/Samsung_Galaxy_F06_5G_(Bahama_Blue,_128_GB)__(6_GB_RAM)_reviews.csv
[2025-07-28T21:06:23.574+0000] {taskinstance.py:441} INFO - ::group::Post task execution logs
[2025-07-28T21:06:24.682+0000] {taskinstance.py:1206} INFO - Marking task as SUCCESS. dag_id=parallel_scraping_pipeline, task_id=scrape_task, run_id=manual__2025-07-28T21:03:09.717459+00:00, map_index=2, execution_date=20250728T210309, start_date=20250728T210334, end_date=20250728T210624
[2025-07-28T21:06:25.437+0000] {local_task_job_runner.py:243} INFO - Task exited with return code 0
[2025-07-28T21:06:26.354+0000] {taskinstance.py:3503} INFO - 0 downstream tasks scheduled from follow-on schedule check
[2025-07-28T21:06:26.409+0000] {local_task_job_runner.py:222} INFO - ::endgroup::
