[2025-07-29T21:54:34.212+0000] {local_task_job_runner.py:120} INFO - ::group::Pre task execution logs
[2025-07-29T21:54:35.126+0000] {taskinstance.py:2076} INFO - Dependencies all met for dep_context=non-requeueable deps ti=<TaskInstance: parallel_scraping_pipeline.load_to_postgres manual__2025-07-29T21:51:52.803364+00:00 map_index=0 [queued]>
[2025-07-29T21:54:35.531+0000] {taskinstance.py:2076} INFO - Dependencies all met for dep_context=requeueable deps ti=<TaskInstance: parallel_scraping_pipeline.load_to_postgres manual__2025-07-29T21:51:52.803364+00:00 map_index=0 [queued]>
[2025-07-29T21:54:35.533+0000] {taskinstance.py:2306} INFO - Starting attempt 1 of 1
[2025-07-29T21:54:35.937+0000] {taskinstance.py:2330} INFO - Executing <Mapped(_PythonDecoratedOperator): load_to_postgres> on 2025-07-29 21:51:52.803364+00:00
[2025-07-29T21:54:35.956+0000] {logging_mixin.py:188} WARNING - /home/airflow/.local/lib/python3.12/site-packages/airflow/task/task_runner/standard_task_runner.py:62 DeprecationWarning: This process (pid=1518) is multi-threaded, use of fork() may lead to deadlocks in the child.
[2025-07-29T21:54:35.956+0000] {standard_task_runner.py:90} INFO - Running: ['airflow', 'tasks', 'run', 'parallel_scraping_pipeline', 'load_to_postgres', 'manual__2025-07-29T21:51:52.803364+00:00', '--job-id', '186', '--raw', '--subdir', 'DAGS_FOLDER/parallel_pipeline_dag.py', '--cfg-path', '/tmp/tmp_j0muquv', '--map-index', '0']
[2025-07-29T21:54:35.958+0000] {standard_task_runner.py:91} INFO - Job 186: Subtask load_to_postgres
[2025-07-29T21:54:35.958+0000] {standard_task_runner.py:64} INFO - Started process 1523 to run task
[2025-07-29T21:54:36.812+0000] {logging_mixin.py:188} WARNING - /home/airflow/.local/lib/python3.12/site-packages/airflow/settings.py:195 DeprecationWarning: The sql_alchemy_conn option in [core] has been moved to the sql_alchemy_conn option in [database] - the old setting has been used, but please update your config.
[2025-07-29T21:54:38.710+0000] {task_command.py:426} INFO - Running <TaskInstance: parallel_scraping_pipeline.load_to_postgres manual__2025-07-29T21:51:52.803364+00:00 map_index=0 [running]> on host 0504fd1207a9
[2025-07-29T21:54:43.213+0000] {taskinstance.py:2648} INFO - Exporting env vars: AIRFLOW_CTX_DAG_OWNER='airflow' AIRFLOW_CTX_DAG_ID='parallel_scraping_pipeline' AIRFLOW_CTX_TASK_ID='load_to_postgres' AIRFLOW_CTX_EXECUTION_DATE='2025-07-29T21:51:52.803364+00:00' AIRFLOW_CTX_TRY_NUMBER='1' AIRFLOW_CTX_DAG_RUN_ID='manual__2025-07-29T21:51:52.803364+00:00'
[2025-07-29T21:54:43.218+0000] {taskinstance.py:430} INFO - ::endgroup::
[2025-07-29T21:54:43.219+0000] {logging_mixin.py:188} INFO - Preparing to write /opt/airflow/data/cleaned/Samsung_Galaxy_A36_5G_(Awesome_Black,_128_GB)__(8_GB_RAM)_reviews_CLEANED.csv to PostgreSQL table 'flipkart_reviewer_data'...
[2025-07-29T21:54:45.270+0000] {logging_mixin.py:188} INFO - Found 26271 existing review IDs in the database.
[2025-07-29T21:54:45.301+0000] {logging_mixin.py:188} INFO - Filtered 69 new reviews down to 0 unique reviews to be inserted.
[2025-07-29T21:54:45.302+0000] {logging_mixin.py:188} INFO - ✅ No new reviews to add. The database is already up-to-date.
[2025-07-29T21:54:45.376+0000] {python.py:237} INFO - Done. Returned value was: None
[2025-07-29T21:54:45.378+0000] {taskinstance.py:441} INFO - ::group::Post task execution logs
[2025-07-29T21:54:45.922+0000] {taskinstance.py:1206} INFO - Marking task as SUCCESS. dag_id=parallel_scraping_pipeline, task_id=load_to_postgres, run_id=manual__2025-07-29T21:51:52.803364+00:00, map_index=0, execution_date=20250729T215152, start_date=20250729T215435, end_date=20250729T215445
[2025-07-29T21:54:46.450+0000] {local_task_job_runner.py:243} INFO - Task exited with return code 0
[2025-07-29T21:54:47.174+0000] {taskinstance.py:3503} INFO - 0 downstream tasks scheduled from follow-on schedule check
[2025-07-29T21:54:47.247+0000] {local_task_job_runner.py:222} INFO - ::endgroup::
