[2025-07-27T13:19:08.238+0000] {local_task_job_runner.py:120} INFO - ::group::Pre task execution logs
[2025-07-27T13:19:08.297+0000] {taskinstance.py:2076} INFO - Dependencies all met for dep_context=non-requeueable deps ti=<TaskInstance: parallel_scraping_pipeline.scrape_task manual__2025-07-27T13:19:03.443703+00:00 map_index=0 [queued]>
[2025-07-27T13:19:08.312+0000] {taskinstance.py:2076} INFO - Dependencies all met for dep_context=requeueable deps ti=<TaskInstance: parallel_scraping_pipeline.scrape_task manual__2025-07-27T13:19:03.443703+00:00 map_index=0 [queued]>
[2025-07-27T13:19:08.314+0000] {taskinstance.py:2306} INFO - Starting attempt 1 of 1
[2025-07-27T13:19:08.331+0000] {taskinstance.py:2330} INFO - Executing <Mapped(_PythonDecoratedOperator): scrape_task> on 2025-07-27 13:19:03.443703+00:00
[2025-07-27T13:19:08.349+0000] {standard_task_runner.py:90} INFO - Running: ['***', 'tasks', 'run', 'parallel_scraping_pipeline', 'scrape_task', 'manual__2025-07-27T13:19:03.443703+00:00', '--job-id', '17', '--raw', '--subdir', 'DAGS_FOLDER/parallel_pipeline_dag.py', '--cfg-path', '/tmp/tmp1vwvg3tf', '--map-index', '0']
[2025-07-27T13:19:08.349+0000] {logging_mixin.py:188} WARNING - /home/***/.local/lib/python3.12/site-packages/***/task/task_runner/standard_task_runner.py:62 DeprecationWarning: This process (pid=1679) is multi-threaded, use of fork() may lead to deadlocks in the child.
[2025-07-27T13:19:08.351+0000] {standard_task_runner.py:91} INFO - Job 17: Subtask scrape_task
[2025-07-27T13:19:08.352+0000] {standard_task_runner.py:64} INFO - Started process 1683 to run task
[2025-07-27T13:19:08.374+0000] {logging_mixin.py:188} WARNING - /home/***/.local/lib/python3.12/site-packages/***/settings.py:195 DeprecationWarning: The sql_alchemy_conn option in [core] has been moved to the sql_alchemy_conn option in [database] - the old setting has been used, but please update your config.
[2025-07-27T13:19:08.450+0000] {task_command.py:426} INFO - Running <TaskInstance: parallel_scraping_pipeline.scrape_task manual__2025-07-27T13:19:03.443703+00:00 map_index=0 [running]> on host 9465eee47a4f
[2025-07-27T13:19:08.634+0000] {taskinstance.py:2648} INFO - Exporting env vars: AIRFLOW_CTX_DAG_OWNER='***' AIRFLOW_CTX_DAG_ID='parallel_scraping_pipeline' AIRFLOW_CTX_TASK_ID='scrape_task' AIRFLOW_CTX_EXECUTION_DATE='2025-07-27T13:19:03.443703+00:00' AIRFLOW_CTX_TRY_NUMBER='1' AIRFLOW_CTX_DAG_RUN_ID='manual__2025-07-27T13:19:03.443703+00:00'
[2025-07-27T13:19:08.638+0000] {taskinstance.py:430} INFO - ::endgroup::
[2025-07-27T13:19:08.639+0000] {logging_mixin.py:188} INFO - Initializing WebDriver...
[2025-07-27T13:19:41.516+0000] {logging_mixin.py:188} INFO - Extracted - Phone: OPPO A3x (Nebula Red, 64 GB)  (4 GB RAM), Price: ₹8,999
[2025-07-27T13:19:44.812+0000] {logging_mixin.py:188} INFO - Scraping Page 1 for OPPO A3x (Nebula Red, 64 GB)  (4 GB RAM)...
[2025-07-27T13:19:47.718+0000] {logging_mixin.py:188} INFO - Scraping Page 2 for OPPO A3x (Nebula Red, 64 GB)  (4 GB RAM)...
[2025-07-27T13:19:50.957+0000] {logging_mixin.py:188} INFO - An error occurred while scraping https://www.flipkart.com/oppo-a3x-nebula-red-64-gb/p/itmb6580550fdab9?pid=MOBH4SQN4NBAJSRS&lid=LSTMOBH4SQN4NBAJSRSM3LUGV&marketplace=FLIPKART&q=oppo&store=search.flipkart.com&srno=s_1_10&otracker=search&otracker1=search&fm=organic&iid=c5a4fcb8-35f3-441c-a36e-4239a6ec5b05.MOBH4SQN4NBAJSRS.SEARCH&ppt=pp&ppn=pp&ssid=s5zdcfdb5c0000001753611616936&qH=c892ba238c98835d: Message: element click intercepted: Element <a class="_9QVEpD" href="/oppo-a3x-nebula-red-64-gb/product-reviews/itmb6580550fdab9?pid=MOBH4SQN4NBAJSRS&amp;lid=LSTMOBH4SQN4NBAJSRSM3LUGV&amp;marketplace=FLIPKART&amp;page=2">...</a> is not clickable at point (722, 461). Other element would receive the click: <div class="H30l+S h-JV4l">...</div>
  (Session info: chrome=138.0.7204.168); For documentation on this error, please visit: https://www.selenium.dev/documentation/webdriver/troubleshooting/errors#elementclickinterceptedexception
Stacktrace:
#0 0x60c5f996f70e <unknown>
#1 0x60c5f940ba51 <unknown>
#2 0x60c5f945c701 <unknown>
#3 0x60c5f945acb9 <unknown>
#4 0x60c5f9458851 <unknown>
#5 0x60c5f9457fe3 <unknown>
#6 0x60c5f944c91a <unknown>
#7 0x60c5f9479ff2 <unknown>
#8 0x60c5f944c0fd <unknown>
#9 0x60c5f947a1be <unknown>
#10 0x60c5f9499444 <unknown>
#11 0x60c5f9479dc3 <unknown>
#12 0x60c5f944a959 <unknown>
#13 0x60c5f944b4c1 <unknown>
#14 0x60c5f993b8aa <unknown>
#15 0x60c5f993ec11 <unknown>
#16 0x60c5f993e6a8 <unknown>
#17 0x60c5f993f0b5 <unknown>
#18 0x60c5f992534c <unknown>
#19 0x60c5f993f421 <unknown>
#20 0x60c5f990de2a <unknown>
#21 0x60c5f995d855 <unknown>
#22 0x60c5f995da4e <unknown>
#23 0x60c5f996e9f5 <unknown>
#24 0x7341ed76b134 <unknown>
[2025-07-27T13:19:51.187+0000] {python.py:237} INFO - Done. Returned value was: None
[2025-07-27T13:19:51.188+0000] {taskinstance.py:441} INFO - ::group::Post task execution logs
[2025-07-27T13:19:51.203+0000] {taskinstance.py:1206} INFO - Marking task as SUCCESS. dag_id=parallel_scraping_pipeline, task_id=scrape_task, run_id=manual__2025-07-27T13:19:03.443703+00:00, map_index=0, execution_date=20250727T131903, start_date=20250727T131908, end_date=20250727T131951
[2025-07-27T13:19:51.280+0000] {local_task_job_runner.py:243} INFO - Task exited with return code 0
[2025-07-27T13:19:51.328+0000] {taskinstance.py:3503} INFO - 0 downstream tasks scheduled from follow-on schedule check
[2025-07-27T13:19:51.331+0000] {local_task_job_runner.py:222} INFO - ::endgroup::
