[2025-07-27T10:15:34.834+0000] {local_task_job_runner.py:120} INFO - ::group::Pre task execution logs
[2025-07-27T10:15:35.000+0000] {taskinstance.py:2076} INFO - Dependencies all met for dep_context=non-requeueable deps ti=<TaskInstance: example_bash_operator.run_after_loop scheduled__2025-07-26T00:00:00+00:00 [queued]>
[2025-07-27T10:15:35.051+0000] {taskinstance.py:2076} INFO - Dependencies all met for dep_context=requeueable deps ti=<TaskInstance: example_bash_operator.run_after_loop scheduled__2025-07-26T00:00:00+00:00 [queued]>
[2025-07-27T10:15:35.055+0000] {taskinstance.py:2306} INFO - Starting attempt 1 of 1
[2025-07-27T10:15:35.138+0000] {taskinstance.py:2330} INFO - Executing <Task(BashOperator): run_after_loop> on 2025-07-26 00:00:00+00:00
[2025-07-27T10:15:35.206+0000] {logging_mixin.py:188} WARNING - /home/***/.local/lib/python3.12/site-packages/***/task/task_runner/standard_task_runner.py:62 DeprecationWarning: This process (pid=1208) is multi-threaded, use of fork() may lead to deadlocks in the child.
[2025-07-27T10:15:35.218+0000] {standard_task_runner.py:64} INFO - Started process 1432 to run task
[2025-07-27T10:15:35.307+0000] {standard_task_runner.py:90} INFO - Running: ['***', 'tasks', 'run', 'example_bash_operator', 'run_after_loop', 'scheduled__2025-07-26T00:00:00+00:00', '--job-id', '139', '--raw', '--subdir', '/home/***/.local/lib/python3.12/site-packages/***/example_dags/example_bash_operator.py', '--cfg-path', '/tmp/tmpodxu1m5d']
[2025-07-27T10:15:35.562+0000] {standard_task_runner.py:91} INFO - Job 139: Subtask run_after_loop
[2025-07-27T10:15:36.018+0000] {logging_mixin.py:188} WARNING - /home/***/.local/lib/python3.12/site-packages/***/settings.py:195 DeprecationWarning: The sql_alchemy_conn option in [core] has been moved to the sql_alchemy_conn option in [database] - the old setting has been used, but please update your config.
[2025-07-27T10:15:36.992+0000] {task_command.py:426} INFO - Running <TaskInstance: example_bash_operator.run_after_loop scheduled__2025-07-26T00:00:00+00:00 [running]> on host 4112a2618ff3
[2025-07-27T10:15:38.362+0000] {taskinstance.py:2648} INFO - Exporting env vars: AIRFLOW_CTX_DAG_OWNER='***' AIRFLOW_CTX_DAG_ID='example_bash_operator' AIRFLOW_CTX_TASK_ID='run_after_loop' AIRFLOW_CTX_EXECUTION_DATE='2025-07-26T00:00:00+00:00' AIRFLOW_CTX_TRY_NUMBER='1' AIRFLOW_CTX_DAG_RUN_ID='scheduled__2025-07-26T00:00:00+00:00'
[2025-07-27T10:15:38.417+0000] {taskinstance.py:430} INFO - ::endgroup::
[2025-07-27T10:15:38.426+0000] {subprocess.py:63} INFO - Tmp dir root location: /tmp
[2025-07-27T10:15:38.450+0000] {subprocess.py:75} INFO - Running command: ['/usr/bin/bash', '-c', "ls -alh --color=always / && echo https://***.apache.org/  && echo 'some <code>html</code>'"]
[2025-07-27T10:15:38.957+0000] {subprocess.py:86} INFO - Output:
[2025-07-27T10:15:38.976+0000] {subprocess.py:93} INFO - total 160K
[2025-07-27T10:15:38.977+0000] {subprocess.py:93} INFO - drwxr-xr-x   1 root    root 4.0K Jul 27 10:11 .
[2025-07-27T10:15:38.978+0000] {subprocess.py:93} INFO - drwxr-xr-x   1 root    root 4.0K Jul 27 10:11 ..
[2025-07-27T10:15:38.978+0000] {subprocess.py:93} INFO - -rwxr-xr-x   1 root    root    0 Jul 27 10:11 .dockerenv
[2025-07-27T10:15:38.979+0000] {subprocess.py:93} INFO - -rw-rw-r--   1 *** root  72K Jul 30  2024 Dockerfile
[2025-07-27T10:15:38.980+0000] {subprocess.py:93} INFO - -rw-rw-r--   1 root    root  282 Jul 25  2024 ***-scheduler-autorestart
[2025-07-27T10:15:38.986+0000] {subprocess.py:93} INFO - lrwxrwxrwx   1 root    root    7 Jul 22  2024 bin -> usr/bin
[2025-07-27T10:15:38.987+0000] {subprocess.py:93} INFO - drwxr-xr-x   2 root    root 4.0K Mar 29  2024 boot
[2025-07-27T10:15:38.989+0000] {subprocess.py:93} INFO - -rwxrwxr-x   1 root    root  643 Jul 25  2024 clean-logs
[2025-07-27T10:15:38.990+0000] {subprocess.py:93} INFO - drwxr-xr-x   5 root    root  340 Jul 27 10:11 dev
[2025-07-27T10:15:38.991+0000] {subprocess.py:93} INFO - -rwxrwxr-x   1 root    root  12K Jul 25  2024 entrypoint
[2025-07-27T10:15:38.992+0000] {subprocess.py:93} INFO - drwxr-xr-x   1 root    root 4.0K Jul 27 10:11 etc
[2025-07-27T10:15:38.994+0000] {subprocess.py:93} INFO - drwxr-xr-x   1 root    root 4.0K Jul 25  2024 home
[2025-07-27T10:15:38.995+0000] {subprocess.py:93} INFO - lrwxrwxrwx   1 root    root    7 Jul 22  2024 lib -> usr/lib
[2025-07-27T10:15:39.001+0000] {subprocess.py:93} INFO - lrwxrwxrwx   1 root    root    9 Jul 22  2024 lib64 -> usr/lib64
[2025-07-27T10:15:39.005+0000] {subprocess.py:93} INFO - drwxr-xr-x   2 root    root 4.0K Jul 22  2024 media
[2025-07-27T10:15:39.009+0000] {subprocess.py:93} INFO - drwxr-xr-x   2 root    root 4.0K Jul 22  2024 mnt
[2025-07-27T10:15:39.010+0000] {subprocess.py:93} INFO - drwxr-xr-x   1 root    root 4.0K Jul 25  2024 opt
[2025-07-27T10:15:39.011+0000] {subprocess.py:93} INFO - dr-xr-xr-x 334 root    root    0 Jul 27 10:11 proc
[2025-07-27T10:15:39.012+0000] {subprocess.py:93} INFO - drwx------   1 root    root 4.0K Jul 26 23:15 root
[2025-07-27T10:15:39.017+0000] {subprocess.py:93} INFO - drwxr-xr-x   1 root    root 4.0K Jul 26 23:16 run
[2025-07-27T10:15:39.018+0000] {subprocess.py:93} INFO - lrwxrwxrwx   1 root    root    8 Jul 22  2024 sbin -> usr/sbin
[2025-07-27T10:15:39.019+0000] {subprocess.py:93} INFO - drwxr-xr-x   1 root    root 4.0K Jul 25  2024 scripts
[2025-07-27T10:15:39.020+0000] {subprocess.py:93} INFO - drwxr-xr-x   2 root    root 4.0K Jul 22  2024 srv
[2025-07-27T10:15:39.021+0000] {subprocess.py:93} INFO - dr-xr-xr-x  13 root    root    0 Jul 27 10:11 sys
[2025-07-27T10:15:39.022+0000] {subprocess.py:93} INFO - drwxrwxrwt   1 root    root 4.0K Jul 27 10:15 tmp
[2025-07-27T10:15:39.023+0000] {subprocess.py:93} INFO - drwxr-xr-x   1 root    root 4.0K Jul 22  2024 usr
[2025-07-27T10:15:39.023+0000] {subprocess.py:93} INFO - drwxr-xr-x   1 root    root 4.0K Jul 22  2024 var
[2025-07-27T10:15:39.041+0000] {subprocess.py:93} INFO - https://***.apache.org/
[2025-07-27T10:15:39.046+0000] {subprocess.py:93} INFO - some <code>html</code>
[2025-07-27T10:15:39.047+0000] {subprocess.py:97} INFO - Command exited with return code 0
[2025-07-27T10:15:39.051+0000] {taskinstance.py:441} INFO - ::group::Post task execution logs
[2025-07-27T10:15:39.230+0000] {taskinstance.py:1206} INFO - Marking task as SUCCESS. dag_id=example_bash_operator, task_id=run_after_loop, run_id=scheduled__2025-07-26T00:00:00+00:00, execution_date=20250726T000000, start_date=20250727T101535, end_date=20250727T101539
[2025-07-27T10:15:39.550+0000] {local_task_job_runner.py:243} INFO - Task exited with return code 0
[2025-07-27T10:15:39.641+0000] {local_task_job_runner.py:222} INFO - ::endgroup::
