[2025-07-29T21:52:48.386+0000] {local_task_job_runner.py:120} INFO - ::group::Pre task execution logs
[2025-07-29T21:52:49.208+0000] {taskinstance.py:2076} INFO - Dependencies all met for dep_context=non-requeueable deps ti=<TaskInstance: parallel_scraping_pipeline.scrape_task manual__2025-07-29T21:51:52.803364+00:00 map_index=0 [queued]>
[2025-07-29T21:52:49.560+0000] {taskinstance.py:2076} INFO - Dependencies all met for dep_context=requeueable deps ti=<TaskInstance: parallel_scraping_pipeline.scrape_task manual__2025-07-29T21:51:52.803364+00:00 map_index=0 [queued]>
[2025-07-29T21:52:49.566+0000] {taskinstance.py:2306} INFO - Starting attempt 1 of 1
[2025-07-29T21:52:50.359+0000] {taskinstance.py:2330} INFO - Executing <Mapped(_PythonDecoratedOperator): scrape_task> on 2025-07-29 21:51:52.803364+00:00
[2025-07-29T21:52:50.375+0000] {logging_mixin.py:188} WARNING - /home/airflow/.local/lib/python3.12/site-packages/airflow/task/task_runner/standard_task_runner.py:62 DeprecationWarning: This process (pid=1114) is multi-threaded, use of fork() may lead to deadlocks in the child.
[2025-07-29T21:52:50.375+0000] {standard_task_runner.py:90} INFO - Running: ['airflow', 'tasks', 'run', 'parallel_scraping_pipeline', 'scrape_task', 'manual__2025-07-29T21:51:52.803364+00:00', '--job-id', '181', '--raw', '--subdir', 'DAGS_FOLDER/parallel_pipeline_dag.py', '--cfg-path', '/tmp/tmp9w8l87dy', '--map-index', '0']
[2025-07-29T21:52:50.377+0000] {standard_task_runner.py:91} INFO - Job 181: Subtask scrape_task
[2025-07-29T21:52:50.377+0000] {standard_task_runner.py:64} INFO - Started process 1124 to run task
[2025-07-29T21:52:51.098+0000] {logging_mixin.py:188} WARNING - /home/airflow/.local/lib/python3.12/site-packages/airflow/settings.py:195 DeprecationWarning: The sql_alchemy_conn option in [core] has been moved to the sql_alchemy_conn option in [database] - the old setting has been used, but please update your config.
[2025-07-29T21:52:52.896+0000] {task_command.py:426} INFO - Running <TaskInstance: parallel_scraping_pipeline.scrape_task manual__2025-07-29T21:51:52.803364+00:00 map_index=0 [running]> on host 0504fd1207a9
[2025-07-29T21:52:57.055+0000] {taskinstance.py:2648} INFO - Exporting env vars: AIRFLOW_CTX_DAG_OWNER='airflow' AIRFLOW_CTX_DAG_ID='parallel_scraping_pipeline' AIRFLOW_CTX_TASK_ID='scrape_task' AIRFLOW_CTX_EXECUTION_DATE='2025-07-29T21:51:52.803364+00:00' AIRFLOW_CTX_TRY_NUMBER='1' AIRFLOW_CTX_DAG_RUN_ID='manual__2025-07-29T21:51:52.803364+00:00'
[2025-07-29T21:52:57.058+0000] {taskinstance.py:430} INFO - ::endgroup::
[2025-07-29T21:52:57.059+0000] {logging_mixin.py:188} INFO - Initializing Stealth WebDriver...
[2025-07-29T21:53:07.564+0000] {logging_mixin.py:188} INFO - Extracted - Phone: Samsung Galaxy A36 5G (Awesome Black, 128 GB)  (8 GB RAM), Price: ₹30,999
[2025-07-29T21:53:12.891+0000] {logging_mixin.py:188} INFO - Scraping Page 1 for Samsung Galaxy A36 5G (Awesome Black, 128 GB)  (8 GB RAM)...
[2025-07-29T21:53:15.749+0000] {logging_mixin.py:188} INFO - Scraping Page 2 for Samsung Galaxy A36 5G (Awesome Black, 128 GB)  (8 GB RAM)...
[2025-07-29T21:53:18.640+0000] {logging_mixin.py:188} INFO - Scraping Page 3 for Samsung Galaxy A36 5G (Awesome Black, 128 GB)  (8 GB RAM)...
[2025-07-29T21:53:21.457+0000] {logging_mixin.py:188} INFO - Scraping Page 4 for Samsung Galaxy A36 5G (Awesome Black, 128 GB)  (8 GB RAM)...
[2025-07-29T21:53:24.307+0000] {logging_mixin.py:188} INFO - Scraping Page 5 for Samsung Galaxy A36 5G (Awesome Black, 128 GB)  (8 GB RAM)...
[2025-07-29T21:53:27.149+0000] {logging_mixin.py:188} INFO - Scraping Page 6 for Samsung Galaxy A36 5G (Awesome Black, 128 GB)  (8 GB RAM)...
[2025-07-29T21:53:29.941+0000] {logging_mixin.py:188} INFO - Scraping Page 7 for Samsung Galaxy A36 5G (Awesome Black, 128 GB)  (8 GB RAM)...
[2025-07-29T21:53:41.169+0000] {logging_mixin.py:188} INFO - No 'Next' button found. Scraping complete.
[2025-07-29T21:53:41.193+0000] {logging_mixin.py:188} INFO - Saved 69 reviews to /opt/airflow/data/raw/Samsung_Galaxy_A36_5G_(Awesome_Black,_128_GB)__(8_GB_RAM)_reviews.csv
[2025-07-29T21:53:41.318+0000] {python.py:237} INFO - Done. Returned value was: /opt/airflow/data/raw/Samsung_Galaxy_A36_5G_(Awesome_Black,_128_GB)__(8_GB_RAM)_reviews.csv
[2025-07-29T21:53:41.319+0000] {taskinstance.py:441} INFO - ::group::Post task execution logs
[2025-07-29T21:53:42.802+0000] {taskinstance.py:1206} INFO - Marking task as SUCCESS. dag_id=parallel_scraping_pipeline, task_id=scrape_task, run_id=manual__2025-07-29T21:51:52.803364+00:00, map_index=0, execution_date=20250729T215152, start_date=20250729T215249, end_date=20250729T215342
[2025-07-29T21:53:43.254+0000] {local_task_job_runner.py:243} INFO - Task exited with return code 0
[2025-07-29T21:53:44.365+0000] {taskinstance.py:3503} INFO - 0 downstream tasks scheduled from follow-on schedule check
[2025-07-29T21:53:44.439+0000] {local_task_job_runner.py:222} INFO - ::endgroup::
