[2025-07-29T12:13:22.209+0000] {local_task_job_runner.py:120} INFO - ::group::Pre task execution logs
[2025-07-29T12:13:23.730+0000] {taskinstance.py:2076} INFO - Dependencies all met for dep_context=non-requeueable deps ti=<TaskInstance: parallel_scraping_pipeline.scrape_task manual__2025-07-29T11:47:54.549432+00:00 map_index=14 [queued]>
[2025-07-29T12:13:25.213+0000] {taskinstance.py:2076} INFO - Dependencies all met for dep_context=requeueable deps ti=<TaskInstance: parallel_scraping_pipeline.scrape_task manual__2025-07-29T11:47:54.549432+00:00 map_index=14 [queued]>
[2025-07-29T12:13:25.215+0000] {taskinstance.py:2306} INFO - Starting attempt 1 of 1
[2025-07-29T12:13:26.029+0000] {taskinstance.py:2330} INFO - Executing <Mapped(_PythonDecoratedOperator): scrape_task> on 2025-07-29 11:47:54.549432+00:00
[2025-07-29T12:13:26.056+0000] {standard_task_runner.py:90} INFO - Running: ['airflow', 'tasks', 'run', 'parallel_scraping_pipeline', 'scrape_task', 'manual__2025-07-29T11:47:54.549432+00:00', '--job-id', '140', '--raw', '--subdir', 'DAGS_FOLDER/parallel_pipeline_dag.py', '--cfg-path', '/tmp/tmp5fgrt_vv', '--map-index', '14']
[2025-07-29T12:13:26.054+0000] {logging_mixin.py:188} WARNING - /home/airflow/.local/lib/python3.12/site-packages/airflow/task/task_runner/standard_task_runner.py:62 DeprecationWarning: This process (pid=2529) is multi-threaded, use of fork() may lead to deadlocks in the child.
[2025-07-29T12:13:26.059+0000] {standard_task_runner.py:91} INFO - Job 140: Subtask scrape_task
[2025-07-29T12:13:26.066+0000] {standard_task_runner.py:64} INFO - Started process 2687 to run task
[2025-07-29T12:13:27.162+0000] {logging_mixin.py:188} WARNING - /home/airflow/.local/lib/python3.12/site-packages/airflow/settings.py:195 DeprecationWarning: The sql_alchemy_conn option in [core] has been moved to the sql_alchemy_conn option in [database] - the old setting has been used, but please update your config.
[2025-07-29T12:13:30.201+0000] {task_command.py:426} INFO - Running <TaskInstance: parallel_scraping_pipeline.scrape_task manual__2025-07-29T11:47:54.549432+00:00 map_index=14 [running]> on host da8a53e6d45e
[2025-07-29T12:13:35.615+0000] {taskinstance.py:2648} INFO - Exporting env vars: AIRFLOW_CTX_DAG_OWNER='airflow' AIRFLOW_CTX_DAG_ID='parallel_scraping_pipeline' AIRFLOW_CTX_TASK_ID='scrape_task' AIRFLOW_CTX_EXECUTION_DATE='2025-07-29T11:47:54.549432+00:00' AIRFLOW_CTX_TRY_NUMBER='1' AIRFLOW_CTX_DAG_RUN_ID='manual__2025-07-29T11:47:54.549432+00:00'
[2025-07-29T12:13:35.623+0000] {taskinstance.py:430} INFO - ::endgroup::
[2025-07-29T12:13:35.625+0000] {logging_mixin.py:188} INFO - Initializing Stealth WebDriver...
[2025-07-29T12:13:46.741+0000] {logging_mixin.py:188} INFO - Extracted - Phone: Samsung Galaxy S25 5G (Navy, 512 GB)  (12 GB RAM), Price: ₹92,999
[2025-07-29T12:13:51.987+0000] {logging_mixin.py:188} INFO - Scraping Page 1 for Samsung Galaxy S25 5G (Navy, 512 GB)  (12 GB RAM)...
[2025-07-29T12:13:55.495+0000] {logging_mixin.py:188} INFO - Scraping Page 2 for Samsung Galaxy S25 5G (Navy, 512 GB)  (12 GB RAM)...
[2025-07-29T12:13:59.056+0000] {logging_mixin.py:188} INFO - Scraping Page 3 for Samsung Galaxy S25 5G (Navy, 512 GB)  (12 GB RAM)...
[2025-07-29T12:14:02.137+0000] {logging_mixin.py:188} INFO - Scraping Page 4 for Samsung Galaxy S25 5G (Navy, 512 GB)  (12 GB RAM)...
[2025-07-29T12:14:05.176+0000] {logging_mixin.py:188} INFO - Scraping Page 5 for Samsung Galaxy S25 5G (Navy, 512 GB)  (12 GB RAM)...
[2025-07-29T12:14:08.580+0000] {logging_mixin.py:188} INFO - Scraping Page 6 for Samsung Galaxy S25 5G (Navy, 512 GB)  (12 GB RAM)...
[2025-07-29T12:14:12.481+0000] {logging_mixin.py:188} INFO - Scraping Page 7 for Samsung Galaxy S25 5G (Navy, 512 GB)  (12 GB RAM)...
[2025-07-29T12:14:15.490+0000] {logging_mixin.py:188} INFO - Scraping Page 8 for Samsung Galaxy S25 5G (Navy, 512 GB)  (12 GB RAM)...
[2025-07-29T12:14:18.480+0000] {logging_mixin.py:188} INFO - Scraping Page 9 for Samsung Galaxy S25 5G (Navy, 512 GB)  (12 GB RAM)...
[2025-07-29T12:14:21.597+0000] {logging_mixin.py:188} INFO - Scraping Page 10 for Samsung Galaxy S25 5G (Navy, 512 GB)  (12 GB RAM)...
[2025-07-29T12:14:24.470+0000] {logging_mixin.py:188} INFO - Scraping Page 11 for Samsung Galaxy S25 5G (Navy, 512 GB)  (12 GB RAM)...
[2025-07-29T12:14:27.549+0000] {logging_mixin.py:188} INFO - Scraping Page 12 for Samsung Galaxy S25 5G (Navy, 512 GB)  (12 GB RAM)...
[2025-07-29T12:14:30.692+0000] {logging_mixin.py:188} INFO - Scraping Page 13 for Samsung Galaxy S25 5G (Navy, 512 GB)  (12 GB RAM)...
[2025-07-29T12:14:33.649+0000] {logging_mixin.py:188} INFO - Scraping Page 14 for Samsung Galaxy S25 5G (Navy, 512 GB)  (12 GB RAM)...
[2025-07-29T12:14:36.715+0000] {logging_mixin.py:188} INFO - Scraping Page 15 for Samsung Galaxy S25 5G (Navy, 512 GB)  (12 GB RAM)...
[2025-07-29T12:14:39.928+0000] {logging_mixin.py:188} INFO - Scraping Page 16 for Samsung Galaxy S25 5G (Navy, 512 GB)  (12 GB RAM)...
[2025-07-29T12:14:43.450+0000] {logging_mixin.py:188} INFO - Scraping Page 17 for Samsung Galaxy S25 5G (Navy, 512 GB)  (12 GB RAM)...
[2025-07-29T12:14:47.584+0000] {logging_mixin.py:188} INFO - Scraping Page 18 for Samsung Galaxy S25 5G (Navy, 512 GB)  (12 GB RAM)...
[2025-07-29T12:14:50.868+0000] {logging_mixin.py:188} INFO - Scraping Page 19 for Samsung Galaxy S25 5G (Navy, 512 GB)  (12 GB RAM)...
[2025-07-29T12:14:54.025+0000] {logging_mixin.py:188} INFO - Scraping Page 20 for Samsung Galaxy S25 5G (Navy, 512 GB)  (12 GB RAM)...
[2025-07-29T12:14:57.496+0000] {logging_mixin.py:188} INFO - Scraping Page 21 for Samsung Galaxy S25 5G (Navy, 512 GB)  (12 GB RAM)...
[2025-07-29T12:15:00.366+0000] {logging_mixin.py:188} INFO - Scraping Page 22 for Samsung Galaxy S25 5G (Navy, 512 GB)  (12 GB RAM)...
[2025-07-29T12:15:03.312+0000] {logging_mixin.py:188} INFO - Scraping Page 23 for Samsung Galaxy S25 5G (Navy, 512 GB)  (12 GB RAM)...
[2025-07-29T12:15:06.357+0000] {logging_mixin.py:188} INFO - Scraping Page 24 for Samsung Galaxy S25 5G (Navy, 512 GB)  (12 GB RAM)...
[2025-07-29T12:15:09.442+0000] {logging_mixin.py:188} INFO - Scraping Page 25 for Samsung Galaxy S25 5G (Navy, 512 GB)  (12 GB RAM)...
[2025-07-29T12:15:12.646+0000] {logging_mixin.py:188} INFO - Scraping Page 26 for Samsung Galaxy S25 5G (Navy, 512 GB)  (12 GB RAM)...
[2025-07-29T12:15:15.738+0000] {logging_mixin.py:188} INFO - Scraping Page 27 for Samsung Galaxy S25 5G (Navy, 512 GB)  (12 GB RAM)...
[2025-07-29T12:15:30.747+0000] {logging_mixin.py:188} INFO - Retry 1 waiting for reviews or next button...
[2025-07-29T12:15:51.233+0000] {logging_mixin.py:188} INFO - Retry 2 waiting for reviews or next button...
[2025-07-29T12:15:56.234+0000] {logging_mixin.py:188} INFO - Timeout waiting for reviews or next button. Ending scrape.
[2025-07-29T12:15:56.270+0000] {logging_mixin.py:188} INFO - Saved 179 reviews to /opt/airflow/data/raw/Samsung_Galaxy_S25_5G_(Navy,_512_GB)__(12_GB_RAM)_reviews.csv
[2025-07-29T12:15:56.429+0000] {python.py:237} INFO - Done. Returned value was: /opt/airflow/data/raw/Samsung_Galaxy_S25_5G_(Navy,_512_GB)__(12_GB_RAM)_reviews.csv
[2025-07-29T12:15:56.430+0000] {taskinstance.py:441} INFO - ::group::Post task execution logs
[2025-07-29T12:15:58.557+0000] {taskinstance.py:1206} INFO - Marking task as SUCCESS. dag_id=parallel_scraping_pipeline, task_id=scrape_task, run_id=manual__2025-07-29T11:47:54.549432+00:00, map_index=14, execution_date=20250729T114754, start_date=20250729T121323, end_date=20250729T121558
[2025-07-29T12:15:59.577+0000] {local_task_job_runner.py:243} INFO - Task exited with return code 0
[2025-07-29T12:16:01.162+0000] {taskinstance.py:3503} INFO - 0 downstream tasks scheduled from follow-on schedule check
[2025-07-29T12:16:01.233+0000] {local_task_job_runner.py:222} INFO - ::endgroup::
