[2025-07-27T13:23:31.915+0000] {local_task_job_runner.py:120} INFO - ::group::Pre task execution logs
[2025-07-27T13:23:31.998+0000] {taskinstance.py:2076} INFO - Dependencies all met for dep_context=non-requeueable deps ti=<TaskInstance: parallel_scraping_pipeline.scrape_task manual__2025-07-27T13:23:27.304182+00:00 map_index=0 [queued]>
[2025-07-27T13:23:32.014+0000] {taskinstance.py:2076} INFO - Dependencies all met for dep_context=requeueable deps ti=<TaskInstance: parallel_scraping_pipeline.scrape_task manual__2025-07-27T13:23:27.304182+00:00 map_index=0 [queued]>
[2025-07-27T13:23:32.015+0000] {taskinstance.py:2306} INFO - Starting attempt 1 of 1
[2025-07-27T13:23:32.043+0000] {taskinstance.py:2330} INFO - Executing <Mapped(_PythonDecoratedOperator): scrape_task> on 2025-07-27 13:23:27.304182+00:00
[2025-07-27T13:23:32.076+0000] {logging_mixin.py:188} WARNING - /home/***/.local/lib/python3.12/site-packages/***/task/task_runner/standard_task_runner.py:62 DeprecationWarning: This process (pid=2260) is multi-threaded, use of fork() may lead to deadlocks in the child.
[2025-07-27T13:23:32.074+0000] {standard_task_runner.py:90} INFO - Running: ['***', 'tasks', 'run', 'parallel_scraping_pipeline', 'scrape_task', 'manual__2025-07-27T13:23:27.304182+00:00', '--job-id', '20', '--raw', '--subdir', 'DAGS_FOLDER/parallel_pipeline_dag.py', '--cfg-path', '/tmp/tmppmf6f9z5', '--map-index', '0']
[2025-07-27T13:23:32.080+0000] {standard_task_runner.py:91} INFO - Job 20: Subtask scrape_task
[2025-07-27T13:23:32.079+0000] {standard_task_runner.py:64} INFO - Started process 2271 to run task
[2025-07-27T13:23:32.119+0000] {logging_mixin.py:188} WARNING - /home/***/.local/lib/python3.12/site-packages/***/settings.py:195 DeprecationWarning: The sql_alchemy_conn option in [core] has been moved to the sql_alchemy_conn option in [database] - the old setting has been used, but please update your config.
[2025-07-27T13:23:32.227+0000] {task_command.py:426} INFO - Running <TaskInstance: parallel_scraping_pipeline.scrape_task manual__2025-07-27T13:23:27.304182+00:00 map_index=0 [running]> on host 9465eee47a4f
[2025-07-27T13:23:32.384+0000] {taskinstance.py:2648} INFO - Exporting env vars: AIRFLOW_CTX_DAG_OWNER='***' AIRFLOW_CTX_DAG_ID='parallel_scraping_pipeline' AIRFLOW_CTX_TASK_ID='scrape_task' AIRFLOW_CTX_EXECUTION_DATE='2025-07-27T13:23:27.304182+00:00' AIRFLOW_CTX_TRY_NUMBER='1' AIRFLOW_CTX_DAG_RUN_ID='manual__2025-07-27T13:23:27.304182+00:00'
[2025-07-27T13:23:32.388+0000] {taskinstance.py:430} INFO - ::endgroup::
[2025-07-27T13:23:32.390+0000] {logging_mixin.py:188} INFO - Initializing WebDriver...
[2025-07-27T13:24:31.936+0000] {logging_mixin.py:188} INFO - Extracted - Phone: OPPO A3x (Nebula Red, 64 GB)  (4 GB RAM), Price: ₹8,999
[2025-07-27T13:24:35.173+0000] {logging_mixin.py:188} INFO - Scraping Page 1 for OPPO A3x (Nebula Red, 64 GB)  (4 GB RAM)...
[2025-07-27T13:24:37.661+0000] {logging_mixin.py:188} INFO - Scraping Page 2 for OPPO A3x (Nebula Red, 64 GB)  (4 GB RAM)...
[2025-07-27T13:24:40.154+0000] {logging_mixin.py:188} INFO - Scraping Page 3 for OPPO A3x (Nebula Red, 64 GB)  (4 GB RAM)...
[2025-07-27T13:24:42.604+0000] {logging_mixin.py:188} INFO - Scraping Page 4 for OPPO A3x (Nebula Red, 64 GB)  (4 GB RAM)...
[2025-07-27T13:24:45.233+0000] {logging_mixin.py:188} INFO - Scraping Page 5 for OPPO A3x (Nebula Red, 64 GB)  (4 GB RAM)...
[2025-07-27T13:24:47.705+0000] {logging_mixin.py:188} INFO - Scraping Page 6 for OPPO A3x (Nebula Red, 64 GB)  (4 GB RAM)...
[2025-07-27T13:24:50.128+0000] {logging_mixin.py:188} INFO - Scraping Page 7 for OPPO A3x (Nebula Red, 64 GB)  (4 GB RAM)...
[2025-07-27T13:25:02.305+0000] {logging_mixin.py:188} INFO - Saved 66 reviews to /opt/***/data/raw/OPPO_A3x_(Nebula_Red,_64_GB)__(4_GB_RAM)_reviews.csv
[2025-07-27T13:25:02.436+0000] {python.py:237} INFO - Done. Returned value was: /opt/***/data/raw/OPPO_A3x_(Nebula_Red,_64_GB)__(4_GB_RAM)_reviews.csv
[2025-07-27T13:25:02.437+0000] {taskinstance.py:441} INFO - ::group::Post task execution logs
[2025-07-27T13:25:02.474+0000] {taskinstance.py:1206} INFO - Marking task as SUCCESS. dag_id=parallel_scraping_pipeline, task_id=scrape_task, run_id=manual__2025-07-27T13:23:27.304182+00:00, map_index=0, execution_date=20250727T132327, start_date=20250727T132331, end_date=20250727T132502
[2025-07-27T13:25:02.532+0000] {local_task_job_runner.py:243} INFO - Task exited with return code 0
[2025-07-27T13:25:02.630+0000] {taskinstance.py:3503} INFO - 1 downstream tasks scheduled from follow-on schedule check
[2025-07-27T13:25:02.633+0000] {local_task_job_runner.py:222} INFO - ::endgroup::
