[2025-07-27T13:10:06.015+0000] {local_task_job_runner.py:120} INFO - ::group::Pre task execution logs
[2025-07-27T13:10:06.062+0000] {taskinstance.py:2076} INFO - Dependencies all met for dep_context=non-requeueable deps ti=<TaskInstance: parallel_scraping_pipeline.scrape_task manual__2025-07-27T13:10:02.090954+00:00 map_index=0 [queued]>
[2025-07-27T13:10:06.075+0000] {taskinstance.py:2076} INFO - Dependencies all met for dep_context=requeueable deps ti=<TaskInstance: parallel_scraping_pipeline.scrape_task manual__2025-07-27T13:10:02.090954+00:00 map_index=0 [queued]>
[2025-07-27T13:10:06.076+0000] {taskinstance.py:2306} INFO - Starting attempt 1 of 1
[2025-07-27T13:10:06.094+0000] {taskinstance.py:2330} INFO - Executing <Mapped(_PythonDecoratedOperator): scrape_task> on 2025-07-27 13:10:02.090954+00:00
[2025-07-27T13:10:06.111+0000] {logging_mixin.py:188} WARNING - /home/***/.local/lib/python3.12/site-packages/***/task/task_runner/standard_task_runner.py:62 DeprecationWarning: This process (pid=263) is multi-threaded, use of fork() may lead to deadlocks in the child.
[2025-07-27T13:10:06.111+0000] {standard_task_runner.py:90} INFO - Running: ['***', 'tasks', 'run', 'parallel_scraping_pipeline', 'scrape_task', 'manual__2025-07-27T13:10:02.090954+00:00', '--job-id', '4', '--raw', '--subdir', 'DAGS_FOLDER/parallel_pipeline_dag.py', '--cfg-path', '/tmp/tmpul_sp8ql', '--map-index', '0']
[2025-07-27T13:10:06.113+0000] {standard_task_runner.py:64} INFO - Started process 265 to run task
[2025-07-27T13:10:06.113+0000] {standard_task_runner.py:91} INFO - Job 4: Subtask scrape_task
[2025-07-27T13:10:06.133+0000] {logging_mixin.py:188} WARNING - /home/***/.local/lib/python3.12/site-packages/***/settings.py:195 DeprecationWarning: The sql_alchemy_conn option in [core] has been moved to the sql_alchemy_conn option in [database] - the old setting has been used, but please update your config.
[2025-07-27T13:10:06.202+0000] {task_command.py:426} INFO - Running <TaskInstance: parallel_scraping_pipeline.scrape_task manual__2025-07-27T13:10:02.090954+00:00 map_index=0 [running]> on host 9465eee47a4f
[2025-07-27T13:10:06.351+0000] {taskinstance.py:2648} INFO - Exporting env vars: AIRFLOW_CTX_DAG_OWNER='***' AIRFLOW_CTX_DAG_ID='parallel_scraping_pipeline' AIRFLOW_CTX_TASK_ID='scrape_task' AIRFLOW_CTX_EXECUTION_DATE='2025-07-27T13:10:02.090954+00:00' AIRFLOW_CTX_TRY_NUMBER='1' AIRFLOW_CTX_DAG_RUN_ID='manual__2025-07-27T13:10:02.090954+00:00'
[2025-07-27T13:10:06.354+0000] {taskinstance.py:430} INFO - ::endgroup::
[2025-07-27T13:10:06.355+0000] {logging_mixin.py:188} INFO - Initializing WebDriver...
[2025-07-27T13:10:36.723+0000] {logging_mixin.py:188} INFO - Extracted - Phone: realme 14T 5G (Surf Green, 128 GB)  (8 GB RAM), Price: ₹17,999
[2025-07-27T13:10:39.968+0000] {logging_mixin.py:188} INFO - Scraping Page 1 for realme 14T 5G (Surf Green, 128 GB)  (8 GB RAM)...
[2025-07-27T13:10:42.654+0000] {logging_mixin.py:188} INFO - Scraping Page 2 for realme 14T 5G (Surf Green, 128 GB)  (8 GB RAM)...
[2025-07-27T13:10:45.226+0000] {logging_mixin.py:188} INFO - Scraping Page 3 for realme 14T 5G (Surf Green, 128 GB)  (8 GB RAM)...
[2025-07-27T13:10:47.740+0000] {logging_mixin.py:188} INFO - Scraping Page 4 for realme 14T 5G (Surf Green, 128 GB)  (8 GB RAM)...
[2025-07-27T13:10:50.207+0000] {logging_mixin.py:188} INFO - Scraping Page 5 for realme 14T 5G (Surf Green, 128 GB)  (8 GB RAM)...
[2025-07-27T13:10:52.699+0000] {logging_mixin.py:188} INFO - Scraping Page 6 for realme 14T 5G (Surf Green, 128 GB)  (8 GB RAM)...
[2025-07-27T13:10:55.941+0000] {logging_mixin.py:188} INFO - Saved 60 reviews to /opt/***/data/raw/realme_14T_5G_(Surf_Green,_128_GB)__(8_GB_RAM)_reviews.csv
[2025-07-27T13:10:56.083+0000] {python.py:237} INFO - Done. Returned value was: /opt/***/data/raw/realme_14T_5G_(Surf_Green,_128_GB)__(8_GB_RAM)_reviews.csv
[2025-07-27T13:10:56.084+0000] {taskinstance.py:441} INFO - ::group::Post task execution logs
[2025-07-27T13:10:56.132+0000] {taskinstance.py:1206} INFO - Marking task as SUCCESS. dag_id=parallel_scraping_pipeline, task_id=scrape_task, run_id=manual__2025-07-27T13:10:02.090954+00:00, map_index=0, execution_date=20250727T131002, start_date=20250727T131006, end_date=20250727T131056
[2025-07-27T13:10:56.206+0000] {local_task_job_runner.py:243} INFO - Task exited with return code 0
[2025-07-27T13:10:56.311+0000] {taskinstance.py:3503} INFO - 1 downstream tasks scheduled from follow-on schedule check
[2025-07-27T13:10:56.313+0000] {local_task_job_runner.py:222} INFO - ::endgroup::
