[2025-07-27T10:17:08.219+0000] {local_task_job_runner.py:120} INFO - ::group::Pre task execution logs
[2025-07-27T10:17:08.545+0000] {taskinstance.py:2076} INFO - Dependencies all met for dep_context=non-requeueable deps ti=<TaskInstance: example_dynamic_task_mapping.add_one scheduled__2022-04-02T00:00:00+00:00 map_index=0 [queued]>
[2025-07-27T10:17:08.588+0000] {taskinstance.py:2076} INFO - Dependencies all met for dep_context=requeueable deps ti=<TaskInstance: example_dynamic_task_mapping.add_one scheduled__2022-04-02T00:00:00+00:00 map_index=0 [queued]>
[2025-07-27T10:17:08.589+0000] {taskinstance.py:2306} INFO - Starting attempt 1 of 1
[2025-07-27T10:17:08.665+0000] {taskinstance.py:2330} INFO - Executing <Mapped(_PythonDecoratedOperator): add_one> on 2022-04-02 00:00:00+00:00
[2025-07-27T10:17:08.764+0000] {logging_mixin.py:188} WARNING - /home/***/.local/lib/python3.12/site-packages/***/task/task_runner/standard_task_runner.py:62 DeprecationWarning: This process (pid=2102) is multi-threaded, use of fork() may lead to deadlocks in the child.
[2025-07-27T10:17:08.784+0000] {standard_task_runner.py:64} INFO - Started process 2267 to run task
[2025-07-27T10:17:08.749+0000] {standard_task_runner.py:90} INFO - Running: ['***', 'tasks', 'run', 'example_dynamic_task_mapping', 'add_one', 'scheduled__2022-04-02T00:00:00+00:00', '--job-id', '219', '--raw', '--subdir', '/home/***/.local/lib/python3.12/site-packages/***/example_dags/example_dynamic_task_mapping.py', '--cfg-path', '/tmp/tmp13xyv_yj', '--map-index', '0']
[2025-07-27T10:17:08.814+0000] {standard_task_runner.py:91} INFO - Job 219: Subtask add_one
[2025-07-27T10:17:08.953+0000] {logging_mixin.py:188} WARNING - /home/***/.local/lib/python3.12/site-packages/***/settings.py:195 DeprecationWarning: The sql_alchemy_conn option in [core] has been moved to the sql_alchemy_conn option in [database] - the old setting has been used, but please update your config.
[2025-07-27T10:17:09.351+0000] {task_command.py:426} INFO - Running <TaskInstance: example_dynamic_task_mapping.add_one scheduled__2022-04-02T00:00:00+00:00 map_index=0 [running]> on host 4112a2618ff3
[2025-07-27T10:17:10.552+0000] {taskinstance.py:2648} INFO - Exporting env vars: AIRFLOW_CTX_DAG_OWNER='***' AIRFLOW_CTX_DAG_ID='example_dynamic_task_mapping' AIRFLOW_CTX_TASK_ID='add_one' AIRFLOW_CTX_EXECUTION_DATE='2022-04-02T00:00:00+00:00' AIRFLOW_CTX_TRY_NUMBER='1' AIRFLOW_CTX_DAG_RUN_ID='scheduled__2022-04-02T00:00:00+00:00'
[2025-07-27T10:17:10.560+0000] {taskinstance.py:430} INFO - ::endgroup::
[2025-07-27T10:17:10.585+0000] {python.py:237} INFO - Done. Returned value was: 2
[2025-07-27T10:17:10.590+0000] {taskinstance.py:441} INFO - ::group::Post task execution logs
[2025-07-27T10:17:10.914+0000] {taskinstance.py:1206} INFO - Marking task as SUCCESS. dag_id=example_dynamic_task_mapping, task_id=add_one, run_id=scheduled__2022-04-02T00:00:00+00:00, map_index=0, execution_date=20220402T000000, start_date=20250727T101708, end_date=20250727T101710
[2025-07-27T10:17:10.982+0000] {local_task_job_runner.py:124} ERROR - Received SIGTERM. Terminating subprocesses
[2025-07-27T10:17:11.201+0000] {process_utils.py:132} INFO - Sending 15 to group 2267. PIDs of all processes in the group: [2267]
[2025-07-27T10:17:11.308+0000] {process_utils.py:87} INFO - Sending the signal 15 to group 2267
[2025-07-27T10:17:12.384+0000] {process_utils.py:80} INFO - Process psutil.Process(pid=2267, status='terminated', exitcode=0, started='10:17:08') (2267) terminated with exit code 0
[2025-07-27T10:17:12.436+0000] {local_task_job_runner.py:243} INFO - Task exited with return code 143
[2025-07-27T10:17:13.000+0000] {local_task_job_runner.py:222} INFO - ::endgroup::
