[2025-07-27T10:12:58.929+0000] {local_task_job_runner.py:120} INFO - ::group::Pre task execution logs
[2025-07-27T10:12:59.136+0000] {taskinstance.py:2076} INFO - Dependencies all met for dep_context=non-requeueable deps ti=<TaskInstance: example_branch_operator.branching scheduled__2025-07-26T00:00:00+00:00 [queued]>
[2025-07-27T10:12:59.245+0000] {taskinstance.py:2076} INFO - Dependencies all met for dep_context=requeueable deps ti=<TaskInstance: example_branch_operator.branching scheduled__2025-07-26T00:00:00+00:00 [queued]>
[2025-07-27T10:12:59.248+0000] {taskinstance.py:2306} INFO - Starting attempt 1 of 1
[2025-07-27T10:12:59.385+0000] {taskinstance.py:2330} INFO - Executing <Task(BranchPythonOperator): branching> on 2025-07-26 00:00:00+00:00
[2025-07-27T10:12:59.498+0000] {standard_task_runner.py:90} INFO - Running: ['***', 'tasks', 'run', 'example_branch_operator', 'branching', 'scheduled__2025-07-26T00:00:00+00:00', '--job-id', '13', '--raw', '--subdir', '/home/***/.local/lib/python3.12/site-packages/***/example_dags/example_branch_operator.py', '--cfg-path', '/tmp/tmp0o6n0dwi']
[2025-07-27T10:12:59.529+0000] {logging_mixin.py:188} WARNING - /home/***/.local/lib/python3.12/site-packages/***/task/task_runner/standard_task_runner.py:62 DeprecationWarning: This process (pid=285) is multi-threaded, use of fork() may lead to deadlocks in the child.
[2025-07-27T10:12:59.551+0000] {standard_task_runner.py:64} INFO - Started process 360 to run task
[2025-07-27T10:12:59.548+0000] {standard_task_runner.py:91} INFO - Job 13: Subtask branching
[2025-07-27T10:12:59.621+0000] {logging_mixin.py:188} WARNING - /home/***/.local/lib/python3.12/site-packages/***/settings.py:195 DeprecationWarning: The sql_alchemy_conn option in [core] has been moved to the sql_alchemy_conn option in [database] - the old setting has been used, but please update your config.
[2025-07-27T10:12:59.797+0000] {task_command.py:426} INFO - Running <TaskInstance: example_branch_operator.branching scheduled__2025-07-26T00:00:00+00:00 [running]> on host 4112a2618ff3
[2025-07-27T10:13:00.377+0000] {taskinstance.py:2648} INFO - Exporting env vars: AIRFLOW_CTX_DAG_OWNER='***' AIRFLOW_CTX_DAG_ID='example_branch_operator' AIRFLOW_CTX_TASK_ID='branching' AIRFLOW_CTX_EXECUTION_DATE='2025-07-26T00:00:00+00:00' AIRFLOW_CTX_TRY_NUMBER='1' AIRFLOW_CTX_DAG_RUN_ID='scheduled__2025-07-26T00:00:00+00:00'
[2025-07-27T10:13:00.382+0000] {taskinstance.py:430} INFO - ::endgroup::
[2025-07-27T10:13:00.388+0000] {baseoperator.py:400} WARNING - BranchPythonOperator.execute cannot be called outside TaskInstance!
[2025-07-27T10:13:00.390+0000] {python.py:237} INFO - Done. Returned value was: branch_d
[2025-07-27T10:13:00.391+0000] {branch.py:36} INFO - Branch into branch_d
[2025-07-27T10:13:00.391+0000] {skipmixin.py:178} INFO - Following branch branch_d
[2025-07-27T10:13:00.477+0000] {skipmixin.py:246} INFO - Skipping tasks [('branch_a', -1), ('branch_b', -1), ('branch_c', -1)]
[2025-07-27T10:13:00.565+0000] {taskinstance.py:441} INFO - ::group::Post task execution logs
[2025-07-27T10:13:00.619+0000] {taskinstance.py:1206} INFO - Marking task as SUCCESS. dag_id=example_branch_operator, task_id=branching, run_id=scheduled__2025-07-26T00:00:00+00:00, execution_date=20250726T000000, start_date=20250727T101259, end_date=20250727T101300
[2025-07-27T10:13:00.722+0000] {local_task_job_runner.py:243} INFO - Task exited with return code 0
[2025-07-27T10:13:00.777+0000] {local_task_job_runner.py:222} INFO - ::endgroup::
