[2025-07-28T21:03:34.079+0000] {local_task_job_runner.py:120} INFO - ::group::Pre task execution logs
[2025-07-28T21:03:34.759+0000] {taskinstance.py:2076} INFO - Dependencies all met for dep_context=non-requeueable deps ti=<TaskInstance: parallel_scraping_pipeline.scrape_task manual__2025-07-28T21:03:09.717459+00:00 map_index=0 [queued]>
[2025-07-28T21:03:35.060+0000] {taskinstance.py:2076} INFO - Dependencies all met for dep_context=requeueable deps ti=<TaskInstance: parallel_scraping_pipeline.scrape_task manual__2025-07-28T21:03:09.717459+00:00 map_index=0 [queued]>
[2025-07-28T21:03:35.061+0000] {taskinstance.py:2306} INFO - Starting attempt 1 of 1
[2025-07-28T21:03:35.581+0000] {taskinstance.py:2330} INFO - Executing <Mapped(_PythonDecoratedOperator): scrape_task> on 2025-07-28 21:03:09.717459+00:00
[2025-07-28T21:03:35.603+0000] {logging_mixin.py:188} WARNING - /home/airflow/.local/lib/python3.12/site-packages/airflow/task/task_runner/standard_task_runner.py:62 DeprecationWarning: This process (pid=969) is multi-threaded, use of fork() may lead to deadlocks in the child.
[2025-07-28T21:03:35.603+0000] {standard_task_runner.py:90} INFO - Running: ['airflow', 'tasks', 'run', 'parallel_scraping_pipeline', 'scrape_task', 'manual__2025-07-28T21:03:09.717459+00:00', '--job-id', '30', '--raw', '--subdir', 'DAGS_FOLDER/parallel_pipeline_dag.py', '--cfg-path', '/tmp/tmpiimew2c7', '--map-index', '0']
[2025-07-28T21:03:35.606+0000] {standard_task_runner.py:91} INFO - Job 30: Subtask scrape_task
[2025-07-28T21:03:35.606+0000] {standard_task_runner.py:64} INFO - Started process 983 to run task
[2025-07-28T21:03:36.167+0000] {logging_mixin.py:188} WARNING - /home/airflow/.local/lib/python3.12/site-packages/airflow/settings.py:195 DeprecationWarning: The sql_alchemy_conn option in [core] has been moved to the sql_alchemy_conn option in [database] - the old setting has been used, but please update your config.
[2025-07-28T21:03:37.501+0000] {task_command.py:426} INFO - Running <TaskInstance: parallel_scraping_pipeline.scrape_task manual__2025-07-28T21:03:09.717459+00:00 map_index=0 [running]> on host 8cf7cfd9e861
[2025-07-28T21:03:40.677+0000] {taskinstance.py:2648} INFO - Exporting env vars: AIRFLOW_CTX_DAG_OWNER='airflow' AIRFLOW_CTX_DAG_ID='parallel_scraping_pipeline' AIRFLOW_CTX_TASK_ID='scrape_task' AIRFLOW_CTX_EXECUTION_DATE='2025-07-28T21:03:09.717459+00:00' AIRFLOW_CTX_TRY_NUMBER='1' AIRFLOW_CTX_DAG_RUN_ID='manual__2025-07-28T21:03:09.717459+00:00'
[2025-07-28T21:03:40.682+0000] {taskinstance.py:430} INFO - ::endgroup::
[2025-07-28T21:03:40.685+0000] {logging_mixin.py:188} INFO - Initializing WebDriver...
[2025-07-28T21:03:54.070+0000] {logging_mixin.py:188} INFO - Extracted - Phone: Samsung Galaxy A35 5G (Awesome Navy, 256 GB)  (8 GB RAM), Price: ₹21,999
[2025-07-28T21:03:57.551+0000] {logging_mixin.py:188} INFO - Scraping Page 1 for Samsung Galaxy A35 5G (Awesome Navy, 256 GB)  (8 GB RAM)...
[2025-07-28T21:04:00.193+0000] {logging_mixin.py:188} INFO - Scraping Page 2 for Samsung Galaxy A35 5G (Awesome Navy, 256 GB)  (8 GB RAM)...
[2025-07-28T21:04:02.907+0000] {logging_mixin.py:188} INFO - Scraping Page 3 for Samsung Galaxy A35 5G (Awesome Navy, 256 GB)  (8 GB RAM)...
[2025-07-28T21:04:05.654+0000] {logging_mixin.py:188} INFO - Scraping Page 4 for Samsung Galaxy A35 5G (Awesome Navy, 256 GB)  (8 GB RAM)...
[2025-07-28T21:04:08.407+0000] {logging_mixin.py:188} INFO - Scraping Page 5 for Samsung Galaxy A35 5G (Awesome Navy, 256 GB)  (8 GB RAM)...
[2025-07-28T21:04:11.090+0000] {logging_mixin.py:188} INFO - Scraping Page 6 for Samsung Galaxy A35 5G (Awesome Navy, 256 GB)  (8 GB RAM)...
[2025-07-28T21:04:13.694+0000] {logging_mixin.py:188} INFO - Scraping Page 7 for Samsung Galaxy A35 5G (Awesome Navy, 256 GB)  (8 GB RAM)...
[2025-07-28T21:04:16.280+0000] {logging_mixin.py:188} INFO - Scraping Page 8 for Samsung Galaxy A35 5G (Awesome Navy, 256 GB)  (8 GB RAM)...
[2025-07-28T21:04:18.971+0000] {logging_mixin.py:188} INFO - Scraping Page 9 for Samsung Galaxy A35 5G (Awesome Navy, 256 GB)  (8 GB RAM)...
[2025-07-28T21:04:21.871+0000] {logging_mixin.py:188} INFO - Scraping Page 10 for Samsung Galaxy A35 5G (Awesome Navy, 256 GB)  (8 GB RAM)...
[2025-07-28T21:04:24.812+0000] {logging_mixin.py:188} INFO - Scraping Page 11 for Samsung Galaxy A35 5G (Awesome Navy, 256 GB)  (8 GB RAM)...
[2025-07-28T21:04:27.374+0000] {logging_mixin.py:188} INFO - Scraping Page 12 for Samsung Galaxy A35 5G (Awesome Navy, 256 GB)  (8 GB RAM)...
[2025-07-28T21:04:29.941+0000] {logging_mixin.py:188} INFO - Scraping Page 13 for Samsung Galaxy A35 5G (Awesome Navy, 256 GB)  (8 GB RAM)...
[2025-07-28T21:04:32.525+0000] {logging_mixin.py:188} INFO - Scraping Page 14 for Samsung Galaxy A35 5G (Awesome Navy, 256 GB)  (8 GB RAM)...
[2025-07-28T21:04:35.104+0000] {logging_mixin.py:188} INFO - Scraping Page 15 for Samsung Galaxy A35 5G (Awesome Navy, 256 GB)  (8 GB RAM)...
[2025-07-28T21:04:38.313+0000] {logging_mixin.py:188} INFO - Scraping Page 16 for Samsung Galaxy A35 5G (Awesome Navy, 256 GB)  (8 GB RAM)...
[2025-07-28T21:04:40.997+0000] {logging_mixin.py:188} INFO - Scraping Page 17 for Samsung Galaxy A35 5G (Awesome Navy, 256 GB)  (8 GB RAM)...
[2025-07-28T21:04:43.668+0000] {logging_mixin.py:188} INFO - Scraping Page 18 for Samsung Galaxy A35 5G (Awesome Navy, 256 GB)  (8 GB RAM)...
[2025-07-28T21:04:46.283+0000] {logging_mixin.py:188} INFO - Scraping Page 19 for Samsung Galaxy A35 5G (Awesome Navy, 256 GB)  (8 GB RAM)...
[2025-07-28T21:04:48.850+0000] {logging_mixin.py:188} INFO - Scraping Page 20 for Samsung Galaxy A35 5G (Awesome Navy, 256 GB)  (8 GB RAM)...
[2025-07-28T21:04:51.679+0000] {logging_mixin.py:188} INFO - Scraping Page 21 for Samsung Galaxy A35 5G (Awesome Navy, 256 GB)  (8 GB RAM)...
[2025-07-28T21:04:54.608+0000] {logging_mixin.py:188} INFO - Scraping Page 22 for Samsung Galaxy A35 5G (Awesome Navy, 256 GB)  (8 GB RAM)...
[2025-07-28T21:04:57.493+0000] {logging_mixin.py:188} INFO - Scraping Page 23 for Samsung Galaxy A35 5G (Awesome Navy, 256 GB)  (8 GB RAM)...
[2025-07-28T21:05:00.571+0000] {logging_mixin.py:188} INFO - Scraping Page 24 for Samsung Galaxy A35 5G (Awesome Navy, 256 GB)  (8 GB RAM)...
[2025-07-28T21:05:03.110+0000] {logging_mixin.py:188} INFO - Scraping Page 25 for Samsung Galaxy A35 5G (Awesome Navy, 256 GB)  (8 GB RAM)...
[2025-07-28T21:05:05.726+0000] {logging_mixin.py:188} INFO - Scraping Page 26 for Samsung Galaxy A35 5G (Awesome Navy, 256 GB)  (8 GB RAM)...
[2025-07-28T21:05:08.290+0000] {logging_mixin.py:188} INFO - Scraping Page 27 for Samsung Galaxy A35 5G (Awesome Navy, 256 GB)  (8 GB RAM)...
[2025-07-28T21:05:10.910+0000] {logging_mixin.py:188} INFO - Scraping Page 28 for Samsung Galaxy A35 5G (Awesome Navy, 256 GB)  (8 GB RAM)...
[2025-07-28T21:05:13.579+0000] {logging_mixin.py:188} INFO - Scraping Page 29 for Samsung Galaxy A35 5G (Awesome Navy, 256 GB)  (8 GB RAM)...
[2025-07-28T21:05:16.179+0000] {logging_mixin.py:188} INFO - Scraping Page 30 for Samsung Galaxy A35 5G (Awesome Navy, 256 GB)  (8 GB RAM)...
[2025-07-28T21:05:18.834+0000] {logging_mixin.py:188} INFO - Scraping Page 31 for Samsung Galaxy A35 5G (Awesome Navy, 256 GB)  (8 GB RAM)...
[2025-07-28T21:05:21.412+0000] {logging_mixin.py:188} INFO - Scraping Page 32 for Samsung Galaxy A35 5G (Awesome Navy, 256 GB)  (8 GB RAM)...
[2025-07-28T21:05:24.109+0000] {logging_mixin.py:188} INFO - Scraping Page 33 for Samsung Galaxy A35 5G (Awesome Navy, 256 GB)  (8 GB RAM)...
[2025-07-28T21:05:26.746+0000] {logging_mixin.py:188} INFO - Scraping Page 34 for Samsung Galaxy A35 5G (Awesome Navy, 256 GB)  (8 GB RAM)...
[2025-07-28T21:05:29.352+0000] {logging_mixin.py:188} INFO - Scraping Page 35 for Samsung Galaxy A35 5G (Awesome Navy, 256 GB)  (8 GB RAM)...
[2025-07-28T21:05:32.394+0000] {logging_mixin.py:188} INFO - Scraping Page 36 for Samsung Galaxy A35 5G (Awesome Navy, 256 GB)  (8 GB RAM)...
[2025-07-28T21:05:35.248+0000] {logging_mixin.py:188} INFO - Scraping Page 37 for Samsung Galaxy A35 5G (Awesome Navy, 256 GB)  (8 GB RAM)...
[2025-07-28T21:05:38.109+0000] {logging_mixin.py:188} INFO - Scraping Page 38 for Samsung Galaxy A35 5G (Awesome Navy, 256 GB)  (8 GB RAM)...
[2025-07-28T21:05:40.691+0000] {logging_mixin.py:188} INFO - Scraping Page 39 for Samsung Galaxy A35 5G (Awesome Navy, 256 GB)  (8 GB RAM)...
[2025-07-28T21:05:43.229+0000] {logging_mixin.py:188} INFO - Scraping Page 40 for Samsung Galaxy A35 5G (Awesome Navy, 256 GB)  (8 GB RAM)...
[2025-07-28T21:05:45.914+0000] {logging_mixin.py:188} INFO - Scraping Page 41 for Samsung Galaxy A35 5G (Awesome Navy, 256 GB)  (8 GB RAM)...
[2025-07-28T21:05:49.093+0000] {logging_mixin.py:188} INFO - Scraping Page 42 for Samsung Galaxy A35 5G (Awesome Navy, 256 GB)  (8 GB RAM)...
[2025-07-28T21:05:51.818+0000] {logging_mixin.py:188} INFO - Scraping Page 43 for Samsung Galaxy A35 5G (Awesome Navy, 256 GB)  (8 GB RAM)...
[2025-07-28T21:05:54.420+0000] {logging_mixin.py:188} INFO - Scraping Page 44 for Samsung Galaxy A35 5G (Awesome Navy, 256 GB)  (8 GB RAM)...
[2025-07-28T21:05:56.920+0000] {logging_mixin.py:188} INFO - Scraping Page 45 for Samsung Galaxy A35 5G (Awesome Navy, 256 GB)  (8 GB RAM)...
[2025-07-28T21:05:59.496+0000] {logging_mixin.py:188} INFO - Scraping Page 46 for Samsung Galaxy A35 5G (Awesome Navy, 256 GB)  (8 GB RAM)...
[2025-07-28T21:06:02.154+0000] {logging_mixin.py:188} INFO - Scraping Page 47 for Samsung Galaxy A35 5G (Awesome Navy, 256 GB)  (8 GB RAM)...
[2025-07-28T21:06:04.787+0000] {logging_mixin.py:188} INFO - Scraping Page 48 for Samsung Galaxy A35 5G (Awesome Navy, 256 GB)  (8 GB RAM)...
[2025-07-28T21:06:07.419+0000] {logging_mixin.py:188} INFO - Scraping Page 49 for Samsung Galaxy A35 5G (Awesome Navy, 256 GB)  (8 GB RAM)...
[2025-07-28T21:06:10.234+0000] {logging_mixin.py:188} INFO - Scraping Page 50 for Samsung Galaxy A35 5G (Awesome Navy, 256 GB)  (8 GB RAM)...
[2025-07-28T21:06:12.845+0000] {logging_mixin.py:188} INFO - Scraping Page 51 for Samsung Galaxy A35 5G (Awesome Navy, 256 GB)  (8 GB RAM)...
[2025-07-28T21:06:15.383+0000] {logging_mixin.py:188} INFO - Scraping Page 52 for Samsung Galaxy A35 5G (Awesome Navy, 256 GB)  (8 GB RAM)...
[2025-07-28T21:06:18.043+0000] {logging_mixin.py:188} INFO - Scraping Page 53 for Samsung Galaxy A35 5G (Awesome Navy, 256 GB)  (8 GB RAM)...
[2025-07-28T21:06:20.652+0000] {logging_mixin.py:188} INFO - Scraping Page 54 for Samsung Galaxy A35 5G (Awesome Navy, 256 GB)  (8 GB RAM)...
[2025-07-28T21:06:23.329+0000] {logging_mixin.py:188} INFO - Scraping Page 55 for Samsung Galaxy A35 5G (Awesome Navy, 256 GB)  (8 GB RAM)...
[2025-07-28T21:06:25.954+0000] {logging_mixin.py:188} INFO - Scraping Page 56 for Samsung Galaxy A35 5G (Awesome Navy, 256 GB)  (8 GB RAM)...
[2025-07-28T21:06:28.595+0000] {logging_mixin.py:188} INFO - Scraping Page 57 for Samsung Galaxy A35 5G (Awesome Navy, 256 GB)  (8 GB RAM)...
[2025-07-28T21:06:31.199+0000] {logging_mixin.py:188} INFO - Scraping Page 58 for Samsung Galaxy A35 5G (Awesome Navy, 256 GB)  (8 GB RAM)...
[2025-07-28T21:06:34.574+0000] {logging_mixin.py:188} INFO - Scraping Page 59 for Samsung Galaxy A35 5G (Awesome Navy, 256 GB)  (8 GB RAM)...
[2025-07-28T21:06:37.191+0000] {logging_mixin.py:188} INFO - Scraping Page 60 for Samsung Galaxy A35 5G (Awesome Navy, 256 GB)  (8 GB RAM)...
[2025-07-28T21:06:39.990+0000] {logging_mixin.py:188} INFO - Scraping Page 61 for Samsung Galaxy A35 5G (Awesome Navy, 256 GB)  (8 GB RAM)...
[2025-07-28T21:06:42.576+0000] {logging_mixin.py:188} INFO - Scraping Page 62 for Samsung Galaxy A35 5G (Awesome Navy, 256 GB)  (8 GB RAM)...
[2025-07-28T21:06:45.191+0000] {logging_mixin.py:188} INFO - Scraping Page 63 for Samsung Galaxy A35 5G (Awesome Navy, 256 GB)  (8 GB RAM)...
[2025-07-28T21:06:47.708+0000] {logging_mixin.py:188} INFO - Scraping Page 64 for Samsung Galaxy A35 5G (Awesome Navy, 256 GB)  (8 GB RAM)...
[2025-07-28T21:06:50.346+0000] {logging_mixin.py:188} INFO - Scraping Page 65 for Samsung Galaxy A35 5G (Awesome Navy, 256 GB)  (8 GB RAM)...
[2025-07-28T21:06:53.003+0000] {logging_mixin.py:188} INFO - Scraping Page 66 for Samsung Galaxy A35 5G (Awesome Navy, 256 GB)  (8 GB RAM)...
[2025-07-28T21:06:55.605+0000] {logging_mixin.py:188} INFO - Scraping Page 67 for Samsung Galaxy A35 5G (Awesome Navy, 256 GB)  (8 GB RAM)...
[2025-07-28T21:06:58.195+0000] {logging_mixin.py:188} INFO - Scraping Page 68 for Samsung Galaxy A35 5G (Awesome Navy, 256 GB)  (8 GB RAM)...
[2025-07-28T21:07:00.704+0000] {logging_mixin.py:188} INFO - Scraping Page 69 for Samsung Galaxy A35 5G (Awesome Navy, 256 GB)  (8 GB RAM)...
[2025-07-28T21:07:03.337+0000] {logging_mixin.py:188} INFO - Scraping Page 70 for Samsung Galaxy A35 5G (Awesome Navy, 256 GB)  (8 GB RAM)...
[2025-07-28T21:07:05.939+0000] {logging_mixin.py:188} INFO - Scraping Page 71 for Samsung Galaxy A35 5G (Awesome Navy, 256 GB)  (8 GB RAM)...
[2025-07-28T21:07:08.463+0000] {logging_mixin.py:188} INFO - Scraping Page 72 for Samsung Galaxy A35 5G (Awesome Navy, 256 GB)  (8 GB RAM)...
[2025-07-28T21:07:11.103+0000] {logging_mixin.py:188} INFO - Scraping Page 73 for Samsung Galaxy A35 5G (Awesome Navy, 256 GB)  (8 GB RAM)...
[2025-07-28T21:07:13.628+0000] {logging_mixin.py:188} INFO - Scraping Page 74 for Samsung Galaxy A35 5G (Awesome Navy, 256 GB)  (8 GB RAM)...
[2025-07-28T21:07:16.270+0000] {logging_mixin.py:188} INFO - Scraping Page 75 for Samsung Galaxy A35 5G (Awesome Navy, 256 GB)  (8 GB RAM)...
[2025-07-28T21:07:18.780+0000] {logging_mixin.py:188} INFO - Scraping Page 76 for Samsung Galaxy A35 5G (Awesome Navy, 256 GB)  (8 GB RAM)...
[2025-07-28T21:07:21.383+0000] {logging_mixin.py:188} INFO - Scraping Page 77 for Samsung Galaxy A35 5G (Awesome Navy, 256 GB)  (8 GB RAM)...
[2025-07-28T21:07:23.976+0000] {logging_mixin.py:188} INFO - Scraping Page 78 for Samsung Galaxy A35 5G (Awesome Navy, 256 GB)  (8 GB RAM)...
[2025-07-28T21:07:26.712+0000] {logging_mixin.py:188} INFO - Scraping Page 79 for Samsung Galaxy A35 5G (Awesome Navy, 256 GB)  (8 GB RAM)...
[2025-07-28T21:07:29.265+0000] {logging_mixin.py:188} INFO - Scraping Page 80 for Samsung Galaxy A35 5G (Awesome Navy, 256 GB)  (8 GB RAM)...
[2025-07-28T21:07:32.296+0000] {logging_mixin.py:188} INFO - Scraping Page 81 for Samsung Galaxy A35 5G (Awesome Navy, 256 GB)  (8 GB RAM)...
[2025-07-28T21:07:34.912+0000] {logging_mixin.py:188} INFO - Scraping Page 82 for Samsung Galaxy A35 5G (Awesome Navy, 256 GB)  (8 GB RAM)...
[2025-07-28T21:07:37.604+0000] {logging_mixin.py:188} INFO - Scraping Page 83 for Samsung Galaxy A35 5G (Awesome Navy, 256 GB)  (8 GB RAM)...
[2025-07-28T21:07:40.194+0000] {logging_mixin.py:188} INFO - Scraping Page 84 for Samsung Galaxy A35 5G (Awesome Navy, 256 GB)  (8 GB RAM)...
[2025-07-28T21:07:42.844+0000] {logging_mixin.py:188} INFO - Scraping Page 85 for Samsung Galaxy A35 5G (Awesome Navy, 256 GB)  (8 GB RAM)...
[2025-07-28T21:07:45.467+0000] {logging_mixin.py:188} INFO - Scraping Page 86 for Samsung Galaxy A35 5G (Awesome Navy, 256 GB)  (8 GB RAM)...
[2025-07-28T21:07:48.227+0000] {logging_mixin.py:188} INFO - Scraping Page 87 for Samsung Galaxy A35 5G (Awesome Navy, 256 GB)  (8 GB RAM)...
[2025-07-28T21:07:50.834+0000] {logging_mixin.py:188} INFO - Scraping Page 88 for Samsung Galaxy A35 5G (Awesome Navy, 256 GB)  (8 GB RAM)...
[2025-07-28T21:07:53.451+0000] {logging_mixin.py:188} INFO - Scraping Page 89 for Samsung Galaxy A35 5G (Awesome Navy, 256 GB)  (8 GB RAM)...
[2025-07-28T21:07:56.038+0000] {logging_mixin.py:188} INFO - Scraping Page 90 for Samsung Galaxy A35 5G (Awesome Navy, 256 GB)  (8 GB RAM)...
[2025-07-28T21:07:58.691+0000] {logging_mixin.py:188} INFO - Scraping Page 91 for Samsung Galaxy A35 5G (Awesome Navy, 256 GB)  (8 GB RAM)...
[2025-07-28T21:08:01.300+0000] {logging_mixin.py:188} INFO - Scraping Page 92 for Samsung Galaxy A35 5G (Awesome Navy, 256 GB)  (8 GB RAM)...
[2025-07-28T21:08:03.864+0000] {logging_mixin.py:188} INFO - Scraping Page 93 for Samsung Galaxy A35 5G (Awesome Navy, 256 GB)  (8 GB RAM)...
[2025-07-28T21:08:06.402+0000] {logging_mixin.py:188} INFO - Scraping Page 94 for Samsung Galaxy A35 5G (Awesome Navy, 256 GB)  (8 GB RAM)...
[2025-07-28T21:08:09.016+0000] {logging_mixin.py:188} INFO - Scraping Page 95 for Samsung Galaxy A35 5G (Awesome Navy, 256 GB)  (8 GB RAM)...
[2025-07-28T21:08:11.890+0000] {logging_mixin.py:188} INFO - Scraping Page 96 for Samsung Galaxy A35 5G (Awesome Navy, 256 GB)  (8 GB RAM)...
[2025-07-28T21:08:14.541+0000] {logging_mixin.py:188} INFO - Scraping Page 97 for Samsung Galaxy A35 5G (Awesome Navy, 256 GB)  (8 GB RAM)...
[2025-07-28T21:08:17.132+0000] {logging_mixin.py:188} INFO - Scraping Page 98 for Samsung Galaxy A35 5G (Awesome Navy, 256 GB)  (8 GB RAM)...
[2025-07-28T21:08:19.892+0000] {logging_mixin.py:188} INFO - Scraping Page 99 for Samsung Galaxy A35 5G (Awesome Navy, 256 GB)  (8 GB RAM)...
[2025-07-28T21:08:22.481+0000] {logging_mixin.py:188} INFO - Scraping Page 100 for Samsung Galaxy A35 5G (Awesome Navy, 256 GB)  (8 GB RAM)...
[2025-07-28T21:08:25.114+0000] {logging_mixin.py:188} INFO - Scraping Page 101 for Samsung Galaxy A35 5G (Awesome Navy, 256 GB)  (8 GB RAM)...
[2025-07-28T21:08:27.898+0000] {logging_mixin.py:188} INFO - Scraping Page 102 for Samsung Galaxy A35 5G (Awesome Navy, 256 GB)  (8 GB RAM)...
[2025-07-28T21:08:30.509+0000] {logging_mixin.py:188} INFO - Scraping Page 103 for Samsung Galaxy A35 5G (Awesome Navy, 256 GB)  (8 GB RAM)...
[2025-07-28T21:08:33.105+0000] {logging_mixin.py:188} INFO - Scraping Page 104 for Samsung Galaxy A35 5G (Awesome Navy, 256 GB)  (8 GB RAM)...
[2025-07-28T21:08:35.640+0000] {logging_mixin.py:188} INFO - Scraping Page 105 for Samsung Galaxy A35 5G (Awesome Navy, 256 GB)  (8 GB RAM)...
[2025-07-28T21:08:38.221+0000] {logging_mixin.py:188} INFO - Scraping Page 106 for Samsung Galaxy A35 5G (Awesome Navy, 256 GB)  (8 GB RAM)...
[2025-07-28T21:08:40.719+0000] {logging_mixin.py:188} INFO - Scraping Page 107 for Samsung Galaxy A35 5G (Awesome Navy, 256 GB)  (8 GB RAM)...
[2025-07-28T21:08:43.312+0000] {logging_mixin.py:188} INFO - Scraping Page 108 for Samsung Galaxy A35 5G (Awesome Navy, 256 GB)  (8 GB RAM)...
[2025-07-28T21:08:45.925+0000] {logging_mixin.py:188} INFO - Scraping Page 109 for Samsung Galaxy A35 5G (Awesome Navy, 256 GB)  (8 GB RAM)...
[2025-07-28T21:08:48.761+0000] {logging_mixin.py:188} INFO - Scraping Page 110 for Samsung Galaxy A35 5G (Awesome Navy, 256 GB)  (8 GB RAM)...
[2025-07-28T21:08:51.405+0000] {logging_mixin.py:188} INFO - Scraping Page 111 for Samsung Galaxy A35 5G (Awesome Navy, 256 GB)  (8 GB RAM)...
[2025-07-28T21:08:53.982+0000] {logging_mixin.py:188} INFO - Scraping Page 112 for Samsung Galaxy A35 5G (Awesome Navy, 256 GB)  (8 GB RAM)...
[2025-07-28T21:08:56.516+0000] {logging_mixin.py:188} INFO - Scraping Page 113 for Samsung Galaxy A35 5G (Awesome Navy, 256 GB)  (8 GB RAM)...
[2025-07-28T21:08:59.106+0000] {logging_mixin.py:188} INFO - Scraping Page 114 for Samsung Galaxy A35 5G (Awesome Navy, 256 GB)  (8 GB RAM)...
[2025-07-28T21:09:01.959+0000] {logging_mixin.py:188} INFO - Scraping Page 115 for Samsung Galaxy A35 5G (Awesome Navy, 256 GB)  (8 GB RAM)...
[2025-07-28T21:09:04.512+0000] {logging_mixin.py:188} INFO - Scraping Page 116 for Samsung Galaxy A35 5G (Awesome Navy, 256 GB)  (8 GB RAM)...
[2025-07-28T21:09:07.086+0000] {logging_mixin.py:188} INFO - Scraping Page 117 for Samsung Galaxy A35 5G (Awesome Navy, 256 GB)  (8 GB RAM)...
[2025-07-28T21:09:09.688+0000] {logging_mixin.py:188} INFO - Scraping Page 118 for Samsung Galaxy A35 5G (Awesome Navy, 256 GB)  (8 GB RAM)...
[2025-07-28T21:09:12.200+0000] {logging_mixin.py:188} INFO - Scraping Page 119 for Samsung Galaxy A35 5G (Awesome Navy, 256 GB)  (8 GB RAM)...
[2025-07-28T21:09:14.828+0000] {logging_mixin.py:188} INFO - Scraping Page 120 for Samsung Galaxy A35 5G (Awesome Navy, 256 GB)  (8 GB RAM)...
[2025-07-28T21:09:17.350+0000] {logging_mixin.py:188} INFO - Scraping Page 121 for Samsung Galaxy A35 5G (Awesome Navy, 256 GB)  (8 GB RAM)...
[2025-07-28T21:09:19.930+0000] {logging_mixin.py:188} INFO - Scraping Page 122 for Samsung Galaxy A35 5G (Awesome Navy, 256 GB)  (8 GB RAM)...
[2025-07-28T21:09:22.532+0000] {logging_mixin.py:188} INFO - Scraping Page 123 for Samsung Galaxy A35 5G (Awesome Navy, 256 GB)  (8 GB RAM)...
[2025-07-28T21:09:25.500+0000] {logging_mixin.py:188} INFO - Scraping Page 124 for Samsung Galaxy A35 5G (Awesome Navy, 256 GB)  (8 GB RAM)...
[2025-07-28T21:09:28.021+0000] {logging_mixin.py:188} INFO - Scraping Page 125 for Samsung Galaxy A35 5G (Awesome Navy, 256 GB)  (8 GB RAM)...
[2025-07-28T21:09:30.623+0000] {logging_mixin.py:188} INFO - Scraping Page 126 for Samsung Galaxy A35 5G (Awesome Navy, 256 GB)  (8 GB RAM)...
[2025-07-28T21:09:33.221+0000] {logging_mixin.py:188} INFO - Scraping Page 127 for Samsung Galaxy A35 5G (Awesome Navy, 256 GB)  (8 GB RAM)...
[2025-07-28T21:09:35.990+0000] {logging_mixin.py:188} INFO - Scraping Page 128 for Samsung Galaxy A35 5G (Awesome Navy, 256 GB)  (8 GB RAM)...
[2025-07-28T21:09:38.686+0000] {logging_mixin.py:188} INFO - Scraping Page 129 for Samsung Galaxy A35 5G (Awesome Navy, 256 GB)  (8 GB RAM)...
[2025-07-28T21:09:41.297+0000] {logging_mixin.py:188} INFO - Scraping Page 130 for Samsung Galaxy A35 5G (Awesome Navy, 256 GB)  (8 GB RAM)...
[2025-07-28T21:09:43.917+0000] {logging_mixin.py:188} INFO - Scraping Page 131 for Samsung Galaxy A35 5G (Awesome Navy, 256 GB)  (8 GB RAM)...
[2025-07-28T21:09:46.442+0000] {logging_mixin.py:188} INFO - Scraping Page 132 for Samsung Galaxy A35 5G (Awesome Navy, 256 GB)  (8 GB RAM)...
[2025-07-28T21:09:48.961+0000] {logging_mixin.py:188} INFO - Scraping Page 133 for Samsung Galaxy A35 5G (Awesome Navy, 256 GB)  (8 GB RAM)...
[2025-07-28T21:09:51.496+0000] {logging_mixin.py:188} INFO - Scraping Page 134 for Samsung Galaxy A35 5G (Awesome Navy, 256 GB)  (8 GB RAM)...
[2025-07-28T21:09:54.050+0000] {logging_mixin.py:188} INFO - Scraping Page 135 for Samsung Galaxy A35 5G (Awesome Navy, 256 GB)  (8 GB RAM)...
[2025-07-28T21:09:56.635+0000] {logging_mixin.py:188} INFO - Scraping Page 136 for Samsung Galaxy A35 5G (Awesome Navy, 256 GB)  (8 GB RAM)...
[2025-07-28T21:09:59.149+0000] {logging_mixin.py:188} INFO - Scraping Page 137 for Samsung Galaxy A35 5G (Awesome Navy, 256 GB)  (8 GB RAM)...
[2025-07-28T21:10:01.903+0000] {logging_mixin.py:188} INFO - Scraping Page 138 for Samsung Galaxy A35 5G (Awesome Navy, 256 GB)  (8 GB RAM)...
[2025-07-28T21:10:04.452+0000] {logging_mixin.py:188} INFO - Scraping Page 139 for Samsung Galaxy A35 5G (Awesome Navy, 256 GB)  (8 GB RAM)...
[2025-07-28T21:10:07.030+0000] {logging_mixin.py:188} INFO - Scraping Page 140 for Samsung Galaxy A35 5G (Awesome Navy, 256 GB)  (8 GB RAM)...
[2025-07-28T21:10:09.605+0000] {logging_mixin.py:188} INFO - Scraping Page 141 for Samsung Galaxy A35 5G (Awesome Navy, 256 GB)  (8 GB RAM)...
[2025-07-28T21:10:12.330+0000] {logging_mixin.py:188} INFO - Scraping Page 142 for Samsung Galaxy A35 5G (Awesome Navy, 256 GB)  (8 GB RAM)...
[2025-07-28T21:10:14.966+0000] {logging_mixin.py:188} INFO - Scraping Page 143 for Samsung Galaxy A35 5G (Awesome Navy, 256 GB)  (8 GB RAM)...
[2025-07-28T21:10:17.541+0000] {logging_mixin.py:188} INFO - Scraping Page 144 for Samsung Galaxy A35 5G (Awesome Navy, 256 GB)  (8 GB RAM)...
[2025-07-28T21:10:29.725+0000] {logging_mixin.py:188} INFO - Saved 1435 reviews to /opt/airflow/data/raw/Samsung_Galaxy_A35_5G_(Awesome_Navy,_256_GB)__(8_GB_RAM)_reviews.csv
[2025-07-28T21:10:29.958+0000] {python.py:237} INFO - Done. Returned value was: /opt/airflow/data/raw/Samsung_Galaxy_A35_5G_(Awesome_Navy,_256_GB)__(8_GB_RAM)_reviews.csv
[2025-07-28T21:10:29.959+0000] {taskinstance.py:441} INFO - ::group::Post task execution logs
[2025-07-28T21:10:31.251+0000] {taskinstance.py:1206} INFO - Marking task as SUCCESS. dag_id=parallel_scraping_pipeline, task_id=scrape_task, run_id=manual__2025-07-28T21:03:09.717459+00:00, map_index=0, execution_date=20250728T210309, start_date=20250728T210334, end_date=20250728T211031
[2025-07-28T21:10:31.689+0000] {local_task_job_runner.py:243} INFO - Task exited with return code 0
[2025-07-28T21:10:34.229+0000] {taskinstance.py:3503} INFO - 3 downstream tasks scheduled from follow-on schedule check
[2025-07-28T21:10:34.292+0000] {local_task_job_runner.py:222} INFO - ::endgroup::
