[2025-07-29T10:22:20.968+0000] {local_task_job_runner.py:120} INFO - ::group::Pre task execution logs
[2025-07-29T10:22:22.039+0000] {taskinstance.py:2076} INFO - Dependencies all met for dep_context=non-requeueable deps ti=<TaskInstance: parallel_scraping_pipeline.scrape_task manual__2025-07-29T10:21:21.870236+00:00 map_index=2 [queued]>
[2025-07-29T10:22:22.735+0000] {taskinstance.py:2076} INFO - Dependencies all met for dep_context=requeueable deps ti=<TaskInstance: parallel_scraping_pipeline.scrape_task manual__2025-07-29T10:21:21.870236+00:00 map_index=2 [queued]>
[2025-07-29T10:22:22.738+0000] {taskinstance.py:2306} INFO - Starting attempt 1 of 1
[2025-07-29T10:22:23.432+0000] {taskinstance.py:2330} INFO - Executing <Mapped(_PythonDecoratedOperator): scrape_task> on 2025-07-29 10:21:21.870236+00:00
[2025-07-29T10:22:23.449+0000] {logging_mixin.py:188} WARNING - /home/airflow/.local/lib/python3.12/site-packages/airflow/task/task_runner/standard_task_runner.py:62 DeprecationWarning: This process (pid=353) is multi-threaded, use of fork() may lead to deadlocks in the child.
[2025-07-29T10:22:23.449+0000] {standard_task_runner.py:90} INFO - Running: ['airflow', 'tasks', 'run', 'parallel_scraping_pipeline', 'scrape_task', 'manual__2025-07-29T10:21:21.870236+00:00', '--job-id', '93', '--raw', '--subdir', 'DAGS_FOLDER/parallel_pipeline_dag.py', '--cfg-path', '/tmp/tmpkcsb6nyp', '--map-index', '2']
[2025-07-29T10:22:23.451+0000] {standard_task_runner.py:64} INFO - Started process 368 to run task
[2025-07-29T10:22:23.451+0000] {standard_task_runner.py:91} INFO - Job 93: Subtask scrape_task
[2025-07-29T10:22:24.157+0000] {logging_mixin.py:188} WARNING - /home/airflow/.local/lib/python3.12/site-packages/airflow/settings.py:195 DeprecationWarning: The sql_alchemy_conn option in [core] has been moved to the sql_alchemy_conn option in [database] - the old setting has been used, but please update your config.
[2025-07-29T10:22:25.966+0000] {task_command.py:426} INFO - Running <TaskInstance: parallel_scraping_pipeline.scrape_task manual__2025-07-29T10:21:21.870236+00:00 map_index=2 [running]> on host f328c07fe88e
[2025-07-29T10:22:30.273+0000] {taskinstance.py:2648} INFO - Exporting env vars: AIRFLOW_CTX_DAG_OWNER='airflow' AIRFLOW_CTX_DAG_ID='parallel_scraping_pipeline' AIRFLOW_CTX_TASK_ID='scrape_task' AIRFLOW_CTX_EXECUTION_DATE='2025-07-29T10:21:21.870236+00:00' AIRFLOW_CTX_TRY_NUMBER='1' AIRFLOW_CTX_DAG_RUN_ID='manual__2025-07-29T10:21:21.870236+00:00'
[2025-07-29T10:22:30.280+0000] {taskinstance.py:430} INFO - ::endgroup::
[2025-07-29T10:22:30.282+0000] {logging_mixin.py:188} INFO - Initializing Stealth WebDriver...
[2025-07-29T10:22:47.044+0000] {logging_mixin.py:188} INFO - Extracted - Phone: Samsung Galaxy F06 5G (Bahama Blue, 128 GB)  (6 GB RAM), Price: ₹9,999
[2025-07-29T10:22:52.581+0000] {logging_mixin.py:188} INFO - Scraping Page 1 for Samsung Galaxy F06 5G (Bahama Blue, 128 GB)  (6 GB RAM)...
[2025-07-29T10:23:01.951+0000] {logging_mixin.py:188} INFO - Scraping Page 2 for Samsung Galaxy F06 5G (Bahama Blue, 128 GB)  (6 GB RAM)...
[2025-07-29T10:23:10.846+0000] {logging_mixin.py:188} INFO - Scraping Page 3 for Samsung Galaxy F06 5G (Bahama Blue, 128 GB)  (6 GB RAM)...
[2025-07-29T10:23:19.744+0000] {logging_mixin.py:188} INFO - Scraping Page 4 for Samsung Galaxy F06 5G (Bahama Blue, 128 GB)  (6 GB RAM)...
[2025-07-29T10:23:28.693+0000] {logging_mixin.py:188} INFO - Scraping Page 5 for Samsung Galaxy F06 5G (Bahama Blue, 128 GB)  (6 GB RAM)...
[2025-07-29T10:23:37.810+0000] {logging_mixin.py:188} INFO - Scraping Page 6 for Samsung Galaxy F06 5G (Bahama Blue, 128 GB)  (6 GB RAM)...
[2025-07-29T10:23:47.335+0000] {logging_mixin.py:188} INFO - Scraping Page 7 for Samsung Galaxy F06 5G (Bahama Blue, 128 GB)  (6 GB RAM)...
[2025-07-29T10:23:56.216+0000] {logging_mixin.py:188} INFO - Scraping Page 8 for Samsung Galaxy F06 5G (Bahama Blue, 128 GB)  (6 GB RAM)...
[2025-07-29T10:24:05.141+0000] {logging_mixin.py:188} INFO - Scraping Page 9 for Samsung Galaxy F06 5G (Bahama Blue, 128 GB)  (6 GB RAM)...
[2025-07-29T10:24:14.009+0000] {logging_mixin.py:188} INFO - Scraping Page 10 for Samsung Galaxy F06 5G (Bahama Blue, 128 GB)  (6 GB RAM)...
[2025-07-29T10:24:22.984+0000] {logging_mixin.py:188} INFO - Scraping Page 11 for Samsung Galaxy F06 5G (Bahama Blue, 128 GB)  (6 GB RAM)...
[2025-07-29T10:24:31.851+0000] {logging_mixin.py:188} INFO - Scraping Page 12 for Samsung Galaxy F06 5G (Bahama Blue, 128 GB)  (6 GB RAM)...
[2025-07-29T10:24:40.761+0000] {logging_mixin.py:188} INFO - Scraping Page 13 for Samsung Galaxy F06 5G (Bahama Blue, 128 GB)  (6 GB RAM)...
[2025-07-29T10:24:49.557+0000] {logging_mixin.py:188} INFO - Scraping Page 14 for Samsung Galaxy F06 5G (Bahama Blue, 128 GB)  (6 GB RAM)...
[2025-07-29T10:24:58.534+0000] {logging_mixin.py:188} INFO - Scraping Page 15 for Samsung Galaxy F06 5G (Bahama Blue, 128 GB)  (6 GB RAM)...
[2025-07-29T10:25:07.682+0000] {logging_mixin.py:188} INFO - Scraping Page 16 for Samsung Galaxy F06 5G (Bahama Blue, 128 GB)  (6 GB RAM)...
[2025-07-29T10:25:16.543+0000] {logging_mixin.py:188} INFO - Scraping Page 17 for Samsung Galaxy F06 5G (Bahama Blue, 128 GB)  (6 GB RAM)...
[2025-07-29T10:25:25.379+0000] {logging_mixin.py:188} INFO - Scraping Page 18 for Samsung Galaxy F06 5G (Bahama Blue, 128 GB)  (6 GB RAM)...
[2025-07-29T10:25:34.185+0000] {logging_mixin.py:188} INFO - Scraping Page 19 for Samsung Galaxy F06 5G (Bahama Blue, 128 GB)  (6 GB RAM)...
[2025-07-29T10:25:43.059+0000] {logging_mixin.py:188} INFO - Scraping Page 20 for Samsung Galaxy F06 5G (Bahama Blue, 128 GB)  (6 GB RAM)...
[2025-07-29T10:25:51.926+0000] {logging_mixin.py:188} INFO - Scraping Page 21 for Samsung Galaxy F06 5G (Bahama Blue, 128 GB)  (6 GB RAM)...
[2025-07-29T10:26:01.014+0000] {logging_mixin.py:188} INFO - Scraping Page 22 for Samsung Galaxy F06 5G (Bahama Blue, 128 GB)  (6 GB RAM)...
[2025-07-29T10:26:09.833+0000] {logging_mixin.py:188} INFO - Scraping Page 23 for Samsung Galaxy F06 5G (Bahama Blue, 128 GB)  (6 GB RAM)...
[2025-07-29T10:26:18.703+0000] {logging_mixin.py:188} INFO - Scraping Page 24 for Samsung Galaxy F06 5G (Bahama Blue, 128 GB)  (6 GB RAM)...
[2025-07-29T10:26:27.583+0000] {logging_mixin.py:188} INFO - Scraping Page 25 for Samsung Galaxy F06 5G (Bahama Blue, 128 GB)  (6 GB RAM)...
[2025-07-29T10:26:36.450+0000] {logging_mixin.py:188} INFO - Scraping Page 26 for Samsung Galaxy F06 5G (Bahama Blue, 128 GB)  (6 GB RAM)...
[2025-07-29T10:26:45.247+0000] {logging_mixin.py:188} INFO - Scraping Page 27 for Samsung Galaxy F06 5G (Bahama Blue, 128 GB)  (6 GB RAM)...
[2025-07-29T10:26:54.079+0000] {logging_mixin.py:188} INFO - Scraping Page 28 for Samsung Galaxy F06 5G (Bahama Blue, 128 GB)  (6 GB RAM)...
[2025-07-29T10:27:02.979+0000] {logging_mixin.py:188} INFO - Scraping Page 29 for Samsung Galaxy F06 5G (Bahama Blue, 128 GB)  (6 GB RAM)...
[2025-07-29T10:27:11.834+0000] {logging_mixin.py:188} INFO - Scraping Page 30 for Samsung Galaxy F06 5G (Bahama Blue, 128 GB)  (6 GB RAM)...
[2025-07-29T10:27:20.673+0000] {logging_mixin.py:188} INFO - Scraping Page 31 for Samsung Galaxy F06 5G (Bahama Blue, 128 GB)  (6 GB RAM)...
[2025-07-29T10:27:29.514+0000] {logging_mixin.py:188} INFO - Scraping Page 32 for Samsung Galaxy F06 5G (Bahama Blue, 128 GB)  (6 GB RAM)...
[2025-07-29T10:27:38.476+0000] {logging_mixin.py:188} INFO - Scraping Page 33 for Samsung Galaxy F06 5G (Bahama Blue, 128 GB)  (6 GB RAM)...
[2025-07-29T10:27:47.274+0000] {logging_mixin.py:188} INFO - Scraping Page 34 for Samsung Galaxy F06 5G (Bahama Blue, 128 GB)  (6 GB RAM)...
[2025-07-29T10:27:56.113+0000] {logging_mixin.py:188} INFO - Scraping Page 35 for Samsung Galaxy F06 5G (Bahama Blue, 128 GB)  (6 GB RAM)...
[2025-07-29T10:28:04.951+0000] {logging_mixin.py:188} INFO - Scraping Page 36 for Samsung Galaxy F06 5G (Bahama Blue, 128 GB)  (6 GB RAM)...
[2025-07-29T10:28:14.190+0000] {logging_mixin.py:188} INFO - Scraping Page 37 for Samsung Galaxy F06 5G (Bahama Blue, 128 GB)  (6 GB RAM)...
[2025-07-29T10:28:23.069+0000] {logging_mixin.py:188} INFO - Scraping Page 38 for Samsung Galaxy F06 5G (Bahama Blue, 128 GB)  (6 GB RAM)...
[2025-07-29T10:28:31.988+0000] {logging_mixin.py:188} INFO - Scraping Page 39 for Samsung Galaxy F06 5G (Bahama Blue, 128 GB)  (6 GB RAM)...
[2025-07-29T10:28:40.830+0000] {logging_mixin.py:188} INFO - Scraping Page 40 for Samsung Galaxy F06 5G (Bahama Blue, 128 GB)  (6 GB RAM)...
[2025-07-29T10:28:49.730+0000] {logging_mixin.py:188} INFO - Scraping Page 41 for Samsung Galaxy F06 5G (Bahama Blue, 128 GB)  (6 GB RAM)...
[2025-07-29T10:28:58.601+0000] {logging_mixin.py:188} INFO - Scraping Page 42 for Samsung Galaxy F06 5G (Bahama Blue, 128 GB)  (6 GB RAM)...
[2025-07-29T10:29:07.479+0000] {logging_mixin.py:188} INFO - Scraping Page 43 for Samsung Galaxy F06 5G (Bahama Blue, 128 GB)  (6 GB RAM)...
[2025-07-29T10:29:16.428+0000] {logging_mixin.py:188} INFO - Scraping Page 44 for Samsung Galaxy F06 5G (Bahama Blue, 128 GB)  (6 GB RAM)...
[2025-07-29T10:29:25.222+0000] {logging_mixin.py:188} INFO - Scraping Page 45 for Samsung Galaxy F06 5G (Bahama Blue, 128 GB)  (6 GB RAM)...
[2025-07-29T10:29:34.042+0000] {logging_mixin.py:188} INFO - Scraping Page 46 for Samsung Galaxy F06 5G (Bahama Blue, 128 GB)  (6 GB RAM)...
[2025-07-29T10:29:42.871+0000] {logging_mixin.py:188} INFO - Scraping Page 47 for Samsung Galaxy F06 5G (Bahama Blue, 128 GB)  (6 GB RAM)...
[2025-07-29T10:29:51.764+0000] {logging_mixin.py:188} INFO - Scraping Page 48 for Samsung Galaxy F06 5G (Bahama Blue, 128 GB)  (6 GB RAM)...
[2025-07-29T10:30:00.643+0000] {logging_mixin.py:188} INFO - Scraping Page 49 for Samsung Galaxy F06 5G (Bahama Blue, 128 GB)  (6 GB RAM)...
[2025-07-29T10:30:09.526+0000] {logging_mixin.py:188} INFO - Scraping Page 50 for Samsung Galaxy F06 5G (Bahama Blue, 128 GB)  (6 GB RAM)...
[2025-07-29T10:30:18.545+0000] {logging_mixin.py:188} INFO - Scraping Page 51 for Samsung Galaxy F06 5G (Bahama Blue, 128 GB)  (6 GB RAM)...
[2025-07-29T10:30:27.370+0000] {logging_mixin.py:188} INFO - Scraping Page 52 for Samsung Galaxy F06 5G (Bahama Blue, 128 GB)  (6 GB RAM)...
[2025-07-29T10:30:36.240+0000] {logging_mixin.py:188} INFO - Scraping Page 53 for Samsung Galaxy F06 5G (Bahama Blue, 128 GB)  (6 GB RAM)...
[2025-07-29T10:30:59.323+0000] {logging_mixin.py:188} INFO - No more pages or pagination failed at page 53
[2025-07-29T10:30:59.374+0000] {logging_mixin.py:188} INFO - Saved 530 reviews to /opt/airflow/data/raw/Samsung_Galaxy_F06_5G_(Bahama_Blue,_128_GB)__(6_GB_RAM)_reviews.csv
[2025-07-29T10:30:59.563+0000] {python.py:237} INFO - Done. Returned value was: /opt/airflow/data/raw/Samsung_Galaxy_F06_5G_(Bahama_Blue,_128_GB)__(6_GB_RAM)_reviews.csv
[2025-07-29T10:30:59.564+0000] {taskinstance.py:441} INFO - ::group::Post task execution logs
[2025-07-29T10:31:01.110+0000] {taskinstance.py:1206} INFO - Marking task as SUCCESS. dag_id=parallel_scraping_pipeline, task_id=scrape_task, run_id=manual__2025-07-29T10:21:21.870236+00:00, map_index=2, execution_date=20250729T102121, start_date=20250729T102222, end_date=20250729T103101
[2025-07-29T10:31:01.563+0000] {local_task_job_runner.py:243} INFO - Task exited with return code 0
[2025-07-29T10:31:02.841+0000] {taskinstance.py:3503} INFO - 0 downstream tasks scheduled from follow-on schedule check
[2025-07-29T10:31:02.905+0000] {local_task_job_runner.py:222} INFO - ::endgroup::
