[2025-07-27T10:22:27.865+0000] {local_task_job_runner.py:120} INFO - ::group::Pre task execution logs
[2025-07-27T10:22:28.013+0000] {taskinstance.py:2076} INFO - Dependencies all met for dep_context=non-requeueable deps ti=<TaskInstance: parallel_scraping_pipeline.scrape_task manual__2025-07-27T10:22:22.940924+00:00 map_index=1 [queued]>
[2025-07-27T10:22:28.046+0000] {taskinstance.py:2076} INFO - Dependencies all met for dep_context=requeueable deps ti=<TaskInstance: parallel_scraping_pipeline.scrape_task manual__2025-07-27T10:22:22.940924+00:00 map_index=1 [queued]>
[2025-07-27T10:22:28.270+0000] {taskinstance.py:2306} INFO - Starting attempt 1 of 1
[2025-07-27T10:22:28.404+0000] {taskinstance.py:2330} INFO - Executing <Mapped(_PythonDecoratedOperator): scrape_task> on 2025-07-27 10:22:22.940924+00:00
[2025-07-27T10:22:28.450+0000] {logging_mixin.py:188} WARNING - /home/***/.local/lib/python3.12/site-packages/***/task/task_runner/standard_task_runner.py:62 DeprecationWarning: This process (pid=424) is multi-threaded, use of fork() may lead to deadlocks in the child.
[2025-07-27T10:22:28.450+0000] {standard_task_runner.py:90} INFO - Running: ['***', 'tasks', 'run', 'parallel_scraping_pipeline', 'scrape_task', 'manual__2025-07-27T10:22:22.940924+00:00', '--job-id', '4', '--raw', '--subdir', 'DAGS_FOLDER/parallel_pipeline_dag.py', '--cfg-path', '/tmp/tmp_6i7zr6j', '--map-index', '1']
[2025-07-27T10:22:28.452+0000] {standard_task_runner.py:64} INFO - Started process 428 to run task
[2025-07-27T10:22:28.452+0000] {standard_task_runner.py:91} INFO - Job 4: Subtask scrape_task
[2025-07-27T10:22:28.634+0000] {logging_mixin.py:188} WARNING - /home/***/.local/lib/python3.12/site-packages/***/settings.py:195 DeprecationWarning: The sql_alchemy_conn option in [core] has been moved to the sql_alchemy_conn option in [database] - the old setting has been used, but please update your config.
[2025-07-27T10:22:28.749+0000] {task_command.py:426} INFO - Running <TaskInstance: parallel_scraping_pipeline.scrape_task manual__2025-07-27T10:22:22.940924+00:00 map_index=1 [running]> on host b689cdedccf8
[2025-07-27T10:22:29.187+0000] {taskinstance.py:2648} INFO - Exporting env vars: AIRFLOW_CTX_DAG_OWNER='***' AIRFLOW_CTX_DAG_ID='parallel_scraping_pipeline' AIRFLOW_CTX_TASK_ID='scrape_task' AIRFLOW_CTX_EXECUTION_DATE='2025-07-27T10:22:22.940924+00:00' AIRFLOW_CTX_TRY_NUMBER='1' AIRFLOW_CTX_DAG_RUN_ID='manual__2025-07-27T10:22:22.940924+00:00'
[2025-07-27T10:22:29.196+0000] {taskinstance.py:430} INFO - ::endgroup::
[2025-07-27T10:22:29.197+0000] {logging_mixin.py:188} INFO - Initializing WebDriver...
[2025-07-27T10:25:03.313+0000] {logging_mixin.py:188} INFO - Extracted - Phone: OPPO A3x (Nebula Red, 64 GB)  (4 GB RAM), Price: ₹8,999
[2025-07-27T10:25:06.644+0000] {logging_mixin.py:188} INFO - Scraping Page 1 for OPPO A3x (Nebula Red, 64 GB)  (4 GB RAM)...
[2025-07-27T10:25:09.323+0000] {logging_mixin.py:188} INFO - Scraping Page 2 for OPPO A3x (Nebula Red, 64 GB)  (4 GB RAM)...
[2025-07-27T10:25:11.899+0000] {logging_mixin.py:188} INFO - Scraping Page 3 for OPPO A3x (Nebula Red, 64 GB)  (4 GB RAM)...
[2025-07-27T10:25:14.363+0000] {logging_mixin.py:188} INFO - Scraping Page 4 for OPPO A3x (Nebula Red, 64 GB)  (4 GB RAM)...
[2025-07-27T10:25:16.915+0000] {logging_mixin.py:188} INFO - Scraping Page 5 for OPPO A3x (Nebula Red, 64 GB)  (4 GB RAM)...
[2025-07-27T10:25:19.939+0000] {logging_mixin.py:188} INFO - Scraping Page 6 for OPPO A3x (Nebula Red, 64 GB)  (4 GB RAM)...
[2025-07-27T10:25:22.704+0000] {logging_mixin.py:188} INFO - Scraping Page 7 for OPPO A3x (Nebula Red, 64 GB)  (4 GB RAM)...
[2025-07-27T10:25:35.061+0000] {logging_mixin.py:188} INFO - Saved 66 reviews to /opt/***/data/raw/OPPO_A3x_(Nebula_Red,_64_GB)__(4_GB_RAM)_reviews.csv
[2025-07-27T10:25:35.550+0000] {python.py:237} INFO - Done. Returned value was: /opt/***/data/raw/OPPO_A3x_(Nebula_Red,_64_GB)__(4_GB_RAM)_reviews.csv
[2025-07-27T10:25:35.553+0000] {taskinstance.py:441} INFO - ::group::Post task execution logs
[2025-07-27T10:25:35.597+0000] {taskinstance.py:1206} INFO - Marking task as SUCCESS. dag_id=parallel_scraping_pipeline, task_id=scrape_task, run_id=manual__2025-07-27T10:22:22.940924+00:00, map_index=1, execution_date=20250727T102222, start_date=20250727T102228, end_date=20250727T102535
[2025-07-27T10:25:35.661+0000] {local_task_job_runner.py:243} INFO - Task exited with return code 0
[2025-07-27T10:25:35.713+0000] {taskinstance.py:3503} INFO - 0 downstream tasks scheduled from follow-on schedule check
[2025-07-27T10:25:35.720+0000] {local_task_job_runner.py:222} INFO - ::endgroup::
