[2025-07-27T10:15:10.818+0000] {local_task_job_runner.py:120} INFO - ::group::Pre task execution logs
[2025-07-27T10:15:11.325+0000] {taskinstance.py:2076} INFO - Dependencies all met for dep_context=non-requeueable deps ti=<TaskInstance: example_subdag_operator.section-2 scheduled__2022-01-01T00:00:00+00:00 [queued]>
[2025-07-27T10:15:11.379+0000] {taskinstance.py:2076} INFO - Dependencies all met for dep_context=requeueable deps ti=<TaskInstance: example_subdag_operator.section-2 scheduled__2022-01-01T00:00:00+00:00 [queued]>
[2025-07-27T10:15:11.398+0000] {taskinstance.py:2306} INFO - Starting attempt 1 of 3
[2025-07-27T10:15:11.876+0000] {taskinstance.py:2330} INFO - Executing <Task(SubDagOperator): section-2> on 2022-01-01 00:00:00+00:00
[2025-07-27T10:15:12.176+0000] {logging_mixin.py:188} WARNING - /home/***/.local/lib/python3.12/site-packages/***/task/task_runner/standard_task_runner.py:62 DeprecationWarning: This process (pid=1122) is multi-threaded, use of fork() may lead to deadlocks in the child.
[2025-07-27T10:15:12.186+0000] {standard_task_runner.py:64} INFO - Started process 1267 to run task
[2025-07-27T10:15:12.184+0000] {standard_task_runner.py:90} INFO - Running: ['***', 'tasks', 'run', 'example_subdag_operator', 'section-2', 'scheduled__2022-01-01T00:00:00+00:00', '--job-id', '120', '--raw', '--subdir', '/home/***/.local/lib/python3.12/site-packages/***/example_dags/example_subdag_operator.py', '--cfg-path', '/tmp/tmpcp61f8p2']
[2025-07-27T10:15:12.228+0000] {standard_task_runner.py:91} INFO - Job 120: Subtask section-2
[2025-07-27T10:15:12.489+0000] {logging_mixin.py:188} WARNING - /home/***/.local/lib/python3.12/site-packages/***/settings.py:195 DeprecationWarning: The sql_alchemy_conn option in [core] has been moved to the sql_alchemy_conn option in [database] - the old setting has been used, but please update your config.
[2025-07-27T10:15:12.867+0000] {task_command.py:426} INFO - Running <TaskInstance: example_subdag_operator.section-2 scheduled__2022-01-01T00:00:00+00:00 [running]> on host 4112a2618ff3
[2025-07-27T10:15:14.066+0000] {taskinstance.py:2648} INFO - Exporting env vars: AIRFLOW_CTX_DAG_OWNER='***' AIRFLOW_CTX_DAG_ID='example_subdag_operator' AIRFLOW_CTX_TASK_ID='section-2' AIRFLOW_CTX_EXECUTION_DATE='2022-01-01T00:00:00+00:00' AIRFLOW_CTX_TRY_NUMBER='1' AIRFLOW_CTX_DAG_RUN_ID='scheduled__2022-01-01T00:00:00+00:00'
[2025-07-27T10:15:14.145+0000] {logging_mixin.py:188} WARNING - /home/***/.local/lib/python3.12/site-packages/***/utils/context.py:212 AirflowContextDeprecationWarning: Accessing 'execution_date' from the template is deprecated and will be removed in a future version. Please use 'data_interval_start' or 'logical_date' instead.
[2025-07-27T10:15:14.752+0000] {subdag.py:180} INFO - Created DagRun: scheduled__2022-01-01T00:00:00+00:00
[2025-07-27T10:15:14.789+0000] {taskinstance.py:430} INFO - ::endgroup::
[2025-07-27T10:16:14.923+0000] {base.py:294} INFO - Success criteria met. Exiting.
[2025-07-27T10:16:14.925+0000] {taskinstance.py:441} INFO - ::group::Post task execution logs
[2025-07-27T10:16:14.962+0000] {subdag.py:195} INFO - Execution finished. State is success
[2025-07-27T10:16:14.994+0000] {taskinstance.py:1206} INFO - Marking task as SUCCESS. dag_id=example_subdag_operator, task_id=section-2, run_id=scheduled__2022-01-01T00:00:00+00:00, execution_date=20220101T000000, start_date=20250727T101511, end_date=20250727T101614
[2025-07-27T10:16:15.400+0000] {local_task_job_runner.py:243} INFO - Task exited with return code 0
[2025-07-27T10:16:15.560+0000] {taskinstance.py:3503} INFO - 0 downstream tasks scheduled from follow-on schedule check
[2025-07-27T10:16:15.576+0000] {local_task_job_runner.py:222} INFO - ::endgroup::
