[2025-07-29T07:45:41.885+0000] {local_task_job_runner.py:120} INFO - ::group::Pre task execution logs
[2025-07-29T07:45:45.554+0000] {taskinstance.py:2076} INFO - Dependencies all met for dep_context=non-requeueable deps ti=<TaskInstance: sequential_scraping_pipeline.get_urls_from_config manual__2025-07-29T07:43:42.293020+00:00 [queued]>
[2025-07-29T07:45:48.919+0000] {taskinstance.py:2076} INFO - Dependencies all met for dep_context=requeueable deps ti=<TaskInstance: sequential_scraping_pipeline.get_urls_from_config manual__2025-07-29T07:43:42.293020+00:00 [queued]>
[2025-07-29T07:45:48.925+0000] {taskinstance.py:2306} INFO - Starting attempt 1 of 1
[2025-07-29T07:45:52.617+0000] {taskinstance.py:2330} INFO - Executing <Task(_PythonDecoratedOperator): get_urls_from_config> on 2025-07-29 07:43:42.293020+00:00
[2025-07-29T07:45:52.664+0000] {logging_mixin.py:188} WARNING - /home/airflow/.local/lib/python3.12/site-packages/airflow/task/task_runner/standard_task_runner.py:62 DeprecationWarning: This process (pid=2325) is multi-threaded, use of fork() may lead to deadlocks in the child.
[2025-07-29T07:45:52.667+0000] {standard_task_runner.py:90} INFO - Running: ['airflow', 'tasks', 'run', 'sequential_scraping_pipeline', 'get_urls_from_config', 'manual__2025-07-29T07:43:42.293020+00:00', '--job-id', '52', '--raw', '--subdir', 'DAGS_FOLDER/sequential_pipeline_dag.py', '--cfg-path', '/tmp/tmprqvmksbu']
[2025-07-29T07:45:52.671+0000] {standard_task_runner.py:64} INFO - Started process 2355 to run task
[2025-07-29T07:45:52.672+0000] {standard_task_runner.py:91} INFO - Job 52: Subtask get_urls_from_config
[2025-07-29T07:45:56.630+0000] {logging_mixin.py:188} WARNING - /home/airflow/.local/lib/python3.12/site-packages/airflow/settings.py:195 DeprecationWarning: The sql_alchemy_conn option in [core] has been moved to the sql_alchemy_conn option in [database] - the old setting has been used, but please update your config.
[2025-07-29T07:46:08.352+0000] {task_command.py:426} INFO - Running <TaskInstance: sequential_scraping_pipeline.get_urls_from_config manual__2025-07-29T07:43:42.293020+00:00 [running]> on host 507e5441ba68
[2025-07-29T07:46:25.900+0000] {taskinstance.py:2648} INFO - Exporting env vars: AIRFLOW_CTX_DAG_OWNER='airflow' AIRFLOW_CTX_DAG_ID='sequential_scraping_pipeline' AIRFLOW_CTX_TASK_ID='get_urls_from_config' AIRFLOW_CTX_EXECUTION_DATE='2025-07-29T07:43:42.293020+00:00' AIRFLOW_CTX_TRY_NUMBER='1' AIRFLOW_CTX_DAG_RUN_ID='manual__2025-07-29T07:43:42.293020+00:00'
[2025-07-29T07:46:25.918+0000] {taskinstance.py:430} INFO - ::endgroup::
[2025-07-29T07:46:25.924+0000] {logging_mixin.py:188} INFO - Processing 0 unique URLs.
[2025-07-29T07:46:25.927+0000] {python.py:237} INFO - Done. Returned value was: []
[2025-07-29T07:46:25.929+0000] {taskinstance.py:441} INFO - ::group::Post task execution logs
[2025-07-29T07:46:31.018+0000] {taskinstance.py:1206} INFO - Marking task as SUCCESS. dag_id=sequential_scraping_pipeline, task_id=get_urls_from_config, run_id=manual__2025-07-29T07:43:42.293020+00:00, execution_date=20250729T074342, start_date=20250729T074545, end_date=20250729T074631
[2025-07-29T07:46:33.989+0000] {local_task_job_runner.py:243} INFO - Task exited with return code 0
[2025-07-29T07:46:36.955+0000] {taskinstance.py:3503} INFO - 1 downstream tasks scheduled from follow-on schedule check
[2025-07-29T07:46:37.264+0000] {local_task_job_runner.py:222} INFO - ::endgroup::
