[2025-07-27T10:13:28.489+0000] {local_task_job_runner.py:120} INFO - ::group::Pre task execution logs
[2025-07-27T10:13:28.846+0000] {taskinstance.py:2076} INFO - Dependencies all met for dep_context=non-requeueable deps ti=<TaskInstance: consume_1_or_both_2_and_3_with_dataset_expressions.consume_1_or_both_2_and_3_with_dataset_expressions dataset_triggered__2025-07-27T10:13:03.777656+00:00 [queued]>
[2025-07-27T10:13:28.893+0000] {taskinstance.py:2076} INFO - Dependencies all met for dep_context=requeueable deps ti=<TaskInstance: consume_1_or_both_2_and_3_with_dataset_expressions.consume_1_or_both_2_and_3_with_dataset_expressions dataset_triggered__2025-07-27T10:13:03.777656+00:00 [queued]>
[2025-07-27T10:13:28.898+0000] {taskinstance.py:2306} INFO - Starting attempt 1 of 1
[2025-07-27T10:13:28.940+0000] {taskinstance.py:2330} INFO - Executing <Task(BashOperator): consume_1_or_both_2_and_3_with_dataset_expressions> on 2025-07-27 10:13:03.777656+00:00
[2025-07-27T10:13:29.129+0000] {logging_mixin.py:188} WARNING - /home/***/.local/lib/python3.12/site-packages/***/task/task_runner/standard_task_runner.py:62 DeprecationWarning: This process (pid=420) is multi-threaded, use of fork() may lead to deadlocks in the child.
[2025-07-27T10:13:29.193+0000] {standard_task_runner.py:64} INFO - Started process 553 to run task
[2025-07-27T10:13:29.149+0000] {standard_task_runner.py:90} INFO - Running: ['***', 'tasks', 'run', 'consume_1_or_both_2_and_3_with_dataset_expressions', 'consume_1_or_both_2_and_3_with_dataset_expressions', 'dataset_triggered__2025-07-27T10:13:03.777656+00:00', '--job-id', '31', '--raw', '--subdir', '/home/***/.local/lib/python3.12/site-packages/***/example_dags/example_datasets.py', '--cfg-path', '/tmp/tmpobrdzd1i']
[2025-07-27T10:13:29.230+0000] {standard_task_runner.py:91} INFO - Job 31: Subtask consume_1_or_both_2_and_3_with_dataset_expressions
[2025-07-27T10:13:29.298+0000] {logging_mixin.py:188} WARNING - /home/***/.local/lib/python3.12/site-packages/***/settings.py:195 DeprecationWarning: The sql_alchemy_conn option in [core] has been moved to the sql_alchemy_conn option in [database] - the old setting has been used, but please update your config.
[2025-07-27T10:13:29.747+0000] {task_command.py:426} INFO - Running <TaskInstance: consume_1_or_both_2_and_3_with_dataset_expressions.consume_1_or_both_2_and_3_with_dataset_expressions dataset_triggered__2025-07-27T10:13:03.777656+00:00 [running]> on host 4112a2618ff3
[2025-07-27T10:13:30.331+0000] {taskinstance.py:2648} INFO - Exporting env vars: AIRFLOW_CTX_DAG_OWNER='***' AIRFLOW_CTX_DAG_ID='consume_1_or_both_2_and_3_with_dataset_expressions' AIRFLOW_CTX_TASK_ID='consume_1_or_both_2_and_3_with_dataset_expressions' AIRFLOW_CTX_EXECUTION_DATE='2025-07-27T10:13:03.777656+00:00' AIRFLOW_CTX_TRY_NUMBER='1' AIRFLOW_CTX_DAG_RUN_ID='dataset_triggered__2025-07-27T10:13:03.777656+00:00'
[2025-07-27T10:13:30.403+0000] {taskinstance.py:430} INFO - ::endgroup::
[2025-07-27T10:13:30.435+0000] {subprocess.py:63} INFO - Tmp dir root location: /tmp
[2025-07-27T10:13:30.456+0000] {subprocess.py:75} INFO - Running command: ['/usr/bin/bash', '-c', 'sleep 5']
[2025-07-27T10:13:30.808+0000] {subprocess.py:86} INFO - Output:
[2025-07-27T10:13:35.886+0000] {subprocess.py:97} INFO - Command exited with return code 0
[2025-07-27T10:13:35.900+0000] {taskinstance.py:441} INFO - ::group::Post task execution logs
[2025-07-27T10:13:36.365+0000] {taskinstance.py:1206} INFO - Marking task as SUCCESS. dag_id=consume_1_or_both_2_and_3_with_dataset_expressions, task_id=consume_1_or_both_2_and_3_with_dataset_expressions, run_id=dataset_triggered__2025-07-27T10:13:03.777656+00:00, execution_date=20250727T101303, start_date=20250727T101328, end_date=20250727T101336
[2025-07-27T10:13:37.538+0000] {local_task_job_runner.py:243} INFO - Task exited with return code 0
[2025-07-27T10:13:37.669+0000] {local_task_job_runner.py:222} INFO - ::endgroup::
