[2025-07-27T09:48:04.773+0000] {local_task_job_runner.py:120} INFO - ::group::Pre task execution logs
[2025-07-27T09:48:04.859+0000] {taskinstance.py:2076} INFO - Dependencies all met for dep_context=non-requeueable deps ti=<TaskInstance: parallel_scraping_pipeline.scrape_task manual__2025-07-27T08:42:32.706579+00:00 map_index=0 [queued]>
[2025-07-27T09:48:04.873+0000] {taskinstance.py:2076} INFO - Dependencies all met for dep_context=requeueable deps ti=<TaskInstance: parallel_scraping_pipeline.scrape_task manual__2025-07-27T08:42:32.706579+00:00 map_index=0 [queued]>
[2025-07-27T09:48:04.877+0000] {taskinstance.py:2306} INFO - Starting attempt 1 of 1
[2025-07-27T09:48:04.900+0000] {taskinstance.py:2330} INFO - Executing <Mapped(_PythonDecoratedOperator): scrape_task> on 2025-07-27 08:42:32.706579+00:00
[2025-07-27T09:48:04.935+0000] {logging_mixin.py:188} WARNING - /home/***/.local/lib/python3.12/site-packages/***/task/task_runner/standard_task_runner.py:62 DeprecationWarning: This process (pid=66255) is multi-threaded, use of fork() may lead to deadlocks in the child.
[2025-07-27T09:48:04.936+0000] {standard_task_runner.py:90} INFO - Running: ['***', 'tasks', 'run', 'parallel_scraping_pipeline', 'scrape_task', 'manual__2025-07-27T08:42:32.706579+00:00', '--job-id', '5', '--raw', '--subdir', 'DAGS_FOLDER/parallel_pipeline_dag.py', '--cfg-path', '/tmp/tmpxn1nyo_t', '--map-index', '0']
[2025-07-27T09:48:04.942+0000] {standard_task_runner.py:91} INFO - Job 5: Subtask scrape_task
[2025-07-27T09:48:04.943+0000] {standard_task_runner.py:64} INFO - Started process 66299 to run task
[2025-07-27T09:48:04.982+0000] {logging_mixin.py:188} WARNING - /home/***/.local/lib/python3.12/site-packages/***/settings.py:195 DeprecationWarning: The sql_alchemy_conn option in [core] has been moved to the sql_alchemy_conn option in [database] - the old setting has been used, but please update your config.
[2025-07-27T09:48:05.104+0000] {task_command.py:426} INFO - Running <TaskInstance: parallel_scraping_pipeline.scrape_task manual__2025-07-27T08:42:32.706579+00:00 map_index=0 [running]> on host c5e8c6942178
[2025-07-27T09:48:05.354+0000] {taskinstance.py:2648} INFO - Exporting env vars: AIRFLOW_CTX_DAG_OWNER='***' AIRFLOW_CTX_DAG_ID='parallel_scraping_pipeline' AIRFLOW_CTX_TASK_ID='scrape_task' AIRFLOW_CTX_EXECUTION_DATE='2025-07-27T08:42:32.706579+00:00' AIRFLOW_CTX_TRY_NUMBER='1' AIRFLOW_CTX_DAG_RUN_ID='manual__2025-07-27T08:42:32.706579+00:00'
[2025-07-27T09:48:05.358+0000] {taskinstance.py:430} INFO - ::endgroup::
[2025-07-27T09:48:05.360+0000] {logging_mixin.py:188} INFO - Initializing WebDriver...
[2025-07-27T09:53:06.314+0000] {selenium_manager.py:137} WARNING - Exception managing chrome: error decoding response body
[2025-07-27T09:54:41.007+0000] {logging_mixin.py:188} INFO - Extracted - Phone: vivo Y18 (Gem Green, 64 GB)  (4 GB RAM), Price: ₹6,500
[2025-07-27T09:54:44.286+0000] {logging_mixin.py:188} INFO - Scraping Page 1 for vivo Y18 (Gem Green, 64 GB)  (4 GB RAM)...
[2025-07-27T09:54:47.235+0000] {logging_mixin.py:188} INFO - Scraping Page 2 for vivo Y18 (Gem Green, 64 GB)  (4 GB RAM)...
[2025-07-27T09:54:49.870+0000] {logging_mixin.py:188} INFO - Scraping Page 3 for vivo Y18 (Gem Green, 64 GB)  (4 GB RAM)...
[2025-07-27T09:54:52.771+0000] {logging_mixin.py:188} INFO - Saved 30 reviews to /opt/***/data/raw/vivo_Y18_(Gem_Green,_64_GB)__(4_GB_RAM)_reviews.csv
[2025-07-27T09:54:52.935+0000] {python.py:237} INFO - Done. Returned value was: /opt/***/data/raw/vivo_Y18_(Gem_Green,_64_GB)__(4_GB_RAM)_reviews.csv
[2025-07-27T09:54:52.937+0000] {taskinstance.py:441} INFO - ::group::Post task execution logs
[2025-07-27T09:54:53.015+0000] {taskinstance.py:1206} INFO - Marking task as SUCCESS. dag_id=parallel_scraping_pipeline, task_id=scrape_task, run_id=manual__2025-07-27T08:42:32.706579+00:00, map_index=0, execution_date=20250727T084232, start_date=20250727T094804, end_date=20250727T095453
[2025-07-27T09:54:53.089+0000] {local_task_job_runner.py:243} INFO - Task exited with return code 0
[2025-07-27T09:54:53.226+0000] {taskinstance.py:3503} INFO - 2 downstream tasks scheduled from follow-on schedule check
[2025-07-27T09:54:53.228+0000] {local_task_job_runner.py:222} INFO - ::endgroup::
