[2025-07-29T12:07:57.587+0000] {local_task_job_runner.py:120} INFO - ::group::Pre task execution logs
[2025-07-29T12:07:58.641+0000] {taskinstance.py:2076} INFO - Dependencies all met for dep_context=non-requeueable deps ti=<TaskInstance: parallel_scraping_pipeline.scrape_task manual__2025-07-29T11:47:54.549432+00:00 map_index=8 [queued]>
[2025-07-29T12:07:59.384+0000] {taskinstance.py:2076} INFO - Dependencies all met for dep_context=requeueable deps ti=<TaskInstance: parallel_scraping_pipeline.scrape_task manual__2025-07-29T11:47:54.549432+00:00 map_index=8 [queued]>
[2025-07-29T12:07:59.386+0000] {taskinstance.py:2306} INFO - Starting attempt 1 of 1
[2025-07-29T12:08:00.240+0000] {taskinstance.py:2330} INFO - Executing <Mapped(_PythonDecoratedOperator): scrape_task> on 2025-07-29 11:47:54.549432+00:00
[2025-07-29T12:08:00.258+0000] {logging_mixin.py:188} WARNING - /home/airflow/.local/lib/python3.12/site-packages/airflow/task/task_runner/standard_task_runner.py:62 DeprecationWarning: This process (pid=1295) is multi-threaded, use of fork() may lead to deadlocks in the child.
[2025-07-29T12:08:00.259+0000] {standard_task_runner.py:90} INFO - Running: ['airflow', 'tasks', 'run', 'parallel_scraping_pipeline', 'scrape_task', 'manual__2025-07-29T11:47:54.549432+00:00', '--job-id', '134', '--raw', '--subdir', 'DAGS_FOLDER/parallel_pipeline_dag.py', '--cfg-path', '/tmp/tmp2mow6f2i', '--map-index', '8']
[2025-07-29T12:08:00.260+0000] {standard_task_runner.py:64} INFO - Started process 1444 to run task
[2025-07-29T12:08:00.261+0000] {standard_task_runner.py:91} INFO - Job 134: Subtask scrape_task
[2025-07-29T12:08:01.383+0000] {logging_mixin.py:188} WARNING - /home/airflow/.local/lib/python3.12/site-packages/airflow/settings.py:195 DeprecationWarning: The sql_alchemy_conn option in [core] has been moved to the sql_alchemy_conn option in [database] - the old setting has been used, but please update your config.
[2025-07-29T12:08:04.551+0000] {task_command.py:426} INFO - Running <TaskInstance: parallel_scraping_pipeline.scrape_task manual__2025-07-29T11:47:54.549432+00:00 map_index=8 [running]> on host da8a53e6d45e
[2025-07-29T12:08:10.238+0000] {taskinstance.py:2648} INFO - Exporting env vars: AIRFLOW_CTX_DAG_OWNER='airflow' AIRFLOW_CTX_DAG_ID='parallel_scraping_pipeline' AIRFLOW_CTX_TASK_ID='scrape_task' AIRFLOW_CTX_EXECUTION_DATE='2025-07-29T11:47:54.549432+00:00' AIRFLOW_CTX_TRY_NUMBER='1' AIRFLOW_CTX_DAG_RUN_ID='manual__2025-07-29T11:47:54.549432+00:00'
[2025-07-29T12:08:10.244+0000] {taskinstance.py:430} INFO - ::endgroup::
[2025-07-29T12:08:10.245+0000] {logging_mixin.py:188} INFO - Initializing Stealth WebDriver...
[2025-07-29T12:08:19.846+0000] {logging_mixin.py:188} INFO - Extracted - Phone: Motorola g45 5G (Brilliant Blue, 128 GB)  (8 GB RAM), Price: ₹11,999
[2025-07-29T12:08:25.179+0000] {logging_mixin.py:188} INFO - Scraping Page 1 for Motorola g45 5G (Brilliant Blue, 128 GB)  (8 GB RAM)...
[2025-07-29T12:08:40.506+0000] {logging_mixin.py:188} INFO - Retry 1 waiting for reviews or next button...
[2025-07-29T12:09:00.507+0000] {logging_mixin.py:188} INFO - Retry 2 waiting for reviews or next button...
[2025-07-29T12:09:05.508+0000] {logging_mixin.py:188} INFO - Timeout waiting for reviews or next button. Ending scrape.
[2025-07-29T12:09:05.513+0000] {logging_mixin.py:188} INFO - No reviews scraped.
[2025-07-29T12:09:05.689+0000] {python.py:237} INFO - Done. Returned value was: None
[2025-07-29T12:09:05.690+0000] {taskinstance.py:441} INFO - ::group::Post task execution logs
[2025-07-29T12:09:06.212+0000] {taskinstance.py:1206} INFO - Marking task as SUCCESS. dag_id=parallel_scraping_pipeline, task_id=scrape_task, run_id=manual__2025-07-29T11:47:54.549432+00:00, map_index=8, execution_date=20250729T114754, start_date=20250729T120758, end_date=20250729T120906
[2025-07-29T12:09:11.106+0000] {local_task_job_runner.py:243} INFO - Task exited with return code 0
[2025-07-29T12:09:12.263+0000] {taskinstance.py:3503} INFO - 0 downstream tasks scheduled from follow-on schedule check
[2025-07-29T12:09:12.437+0000] {local_task_job_runner.py:222} INFO - ::endgroup::
