[2025-07-29T10:45:53.954+0000] {local_task_job_runner.py:120} INFO - ::group::Pre task execution logs
[2025-07-29T10:45:55.066+0000] {taskinstance.py:2076} INFO - Dependencies all met for dep_context=non-requeueable deps ti=<TaskInstance: parallel_scraping_pipeline.load_to_postgres manual__2025-07-29T10:21:21.870236+00:00 map_index=2 [queued]>
[2025-07-29T10:45:55.766+0000] {taskinstance.py:2076} INFO - Dependencies all met for dep_context=requeueable deps ti=<TaskInstance: parallel_scraping_pipeline.load_to_postgres manual__2025-07-29T10:21:21.870236+00:00 map_index=2 [queued]>
[2025-07-29T10:45:55.769+0000] {taskinstance.py:2306} INFO - Starting attempt 1 of 1
[2025-07-29T10:45:56.536+0000] {taskinstance.py:2330} INFO - Executing <Mapped(_PythonDecoratedOperator): load_to_postgres> on 2025-07-29 10:21:21.870236+00:00
[2025-07-29T10:45:56.574+0000] {logging_mixin.py:188} WARNING - /home/airflow/.local/lib/python3.12/site-packages/airflow/task/task_runner/standard_task_runner.py:62 DeprecationWarning: This process (pid=2707) is multi-threaded, use of fork() may lead to deadlocks in the child.
[2025-07-29T10:45:56.575+0000] {standard_task_runner.py:90} INFO - Running: ['airflow', 'tasks', 'run', 'parallel_scraping_pipeline', 'load_to_postgres', 'manual__2025-07-29T10:21:21.870236+00:00', '--job-id', '100', '--raw', '--subdir', 'DAGS_FOLDER/parallel_pipeline_dag.py', '--cfg-path', '/tmp/tmpgbge2red', '--map-index', '2']
[2025-07-29T10:45:56.577+0000] {standard_task_runner.py:64} INFO - Started process 2727 to run task
[2025-07-29T10:45:56.578+0000] {standard_task_runner.py:91} INFO - Job 100: Subtask load_to_postgres
[2025-07-29T10:45:57.296+0000] {logging_mixin.py:188} WARNING - /home/airflow/.local/lib/python3.12/site-packages/airflow/settings.py:195 DeprecationWarning: The sql_alchemy_conn option in [core] has been moved to the sql_alchemy_conn option in [database] - the old setting has been used, but please update your config.
[2025-07-29T10:45:59.543+0000] {task_command.py:426} INFO - Running <TaskInstance: parallel_scraping_pipeline.load_to_postgres manual__2025-07-29T10:21:21.870236+00:00 map_index=2 [running]> on host f328c07fe88e
[2025-07-29T10:46:04.804+0000] {taskinstance.py:2648} INFO - Exporting env vars: AIRFLOW_CTX_DAG_OWNER='airflow' AIRFLOW_CTX_DAG_ID='parallel_scraping_pipeline' AIRFLOW_CTX_TASK_ID='load_to_postgres' AIRFLOW_CTX_EXECUTION_DATE='2025-07-29T10:21:21.870236+00:00' AIRFLOW_CTX_TRY_NUMBER='1' AIRFLOW_CTX_DAG_RUN_ID='manual__2025-07-29T10:21:21.870236+00:00'
[2025-07-29T10:46:04.816+0000] {taskinstance.py:430} INFO - ::endgroup::
[2025-07-29T10:46:04.820+0000] {logging_mixin.py:188} INFO - Preparing to write /opt/airflow/data/cleaned/Samsung_Galaxy_F06_5G_(Bahama_Blue,_128_GB)__(6_GB_RAM)_reviews_CLEANED.csv to PostgreSQL table 'flipkart_reviewer_data'...
[2025-07-29T10:46:07.443+0000] {logging_mixin.py:188} INFO - ✅ Successfully appended 530 rows to table 'flipkart_reviewer_data'.
[2025-07-29T10:46:07.445+0000] {python.py:237} INFO - Done. Returned value was: None
[2025-07-29T10:46:07.449+0000] {taskinstance.py:441} INFO - ::group::Post task execution logs
[2025-07-29T10:46:08.770+0000] {taskinstance.py:1206} INFO - Marking task as SUCCESS. dag_id=parallel_scraping_pipeline, task_id=load_to_postgres, run_id=manual__2025-07-29T10:21:21.870236+00:00, map_index=2, execution_date=20250729T102121, start_date=20250729T104555, end_date=20250729T104608
[2025-07-29T10:46:10.349+0000] {local_task_job_runner.py:243} INFO - Task exited with return code 0
[2025-07-29T10:46:11.154+0000] {local_task_job_runner.py:222} INFO - ::endgroup::
