[2025-07-29T21:52:48.461+0000] {local_task_job_runner.py:120} INFO - ::group::Pre task execution logs
[2025-07-29T21:52:49.255+0000] {taskinstance.py:2076} INFO - Dependencies all met for dep_context=non-requeueable deps ti=<TaskInstance: parallel_scraping_pipeline.scrape_task manual__2025-07-29T21:51:52.803364+00:00 map_index=1 [queued]>
[2025-07-29T21:52:49.630+0000] {taskinstance.py:2076} INFO - Dependencies all met for dep_context=requeueable deps ti=<TaskInstance: parallel_scraping_pipeline.scrape_task manual__2025-07-29T21:51:52.803364+00:00 map_index=1 [queued]>
[2025-07-29T21:52:49.634+0000] {taskinstance.py:2306} INFO - Starting attempt 1 of 1
[2025-07-29T21:52:50.567+0000] {taskinstance.py:2330} INFO - Executing <Mapped(_PythonDecoratedOperator): scrape_task> on 2025-07-29 21:51:52.803364+00:00
[2025-07-29T21:52:50.583+0000] {logging_mixin.py:188} WARNING - /home/airflow/.local/lib/python3.12/site-packages/airflow/task/task_runner/standard_task_runner.py:62 DeprecationWarning: This process (pid=1113) is multi-threaded, use of fork() may lead to deadlocks in the child.
[2025-07-29T21:52:50.584+0000] {standard_task_runner.py:90} INFO - Running: ['airflow', 'tasks', 'run', 'parallel_scraping_pipeline', 'scrape_task', 'manual__2025-07-29T21:51:52.803364+00:00', '--job-id', '182', '--raw', '--subdir', 'DAGS_FOLDER/parallel_pipeline_dag.py', '--cfg-path', '/tmp/tmpolwcgwcd', '--map-index', '1']
[2025-07-29T21:52:50.585+0000] {standard_task_runner.py:64} INFO - Started process 1125 to run task
[2025-07-29T21:52:50.585+0000] {standard_task_runner.py:91} INFO - Job 182: Subtask scrape_task
[2025-07-29T21:52:51.341+0000] {logging_mixin.py:188} WARNING - /home/airflow/.local/lib/python3.12/site-packages/airflow/settings.py:195 DeprecationWarning: The sql_alchemy_conn option in [core] has been moved to the sql_alchemy_conn option in [database] - the old setting has been used, but please update your config.
[2025-07-29T21:52:53.149+0000] {task_command.py:426} INFO - Running <TaskInstance: parallel_scraping_pipeline.scrape_task manual__2025-07-29T21:51:52.803364+00:00 map_index=1 [running]> on host 0504fd1207a9
[2025-07-29T21:52:57.176+0000] {taskinstance.py:2648} INFO - Exporting env vars: AIRFLOW_CTX_DAG_OWNER='airflow' AIRFLOW_CTX_DAG_ID='parallel_scraping_pipeline' AIRFLOW_CTX_TASK_ID='scrape_task' AIRFLOW_CTX_EXECUTION_DATE='2025-07-29T21:51:52.803364+00:00' AIRFLOW_CTX_TRY_NUMBER='1' AIRFLOW_CTX_DAG_RUN_ID='manual__2025-07-29T21:51:52.803364+00:00'
[2025-07-29T21:52:57.191+0000] {taskinstance.py:430} INFO - ::endgroup::
[2025-07-29T21:52:57.193+0000] {logging_mixin.py:188} INFO - Initializing Stealth WebDriver...
[2025-07-29T21:53:07.327+0000] {logging_mixin.py:188} INFO - Extracted - Phone: Samsung Galaxy F16 5G (Vibing Blue, 128 GB)  (8 GB RAM), Price: ₹13,499
[2025-07-29T21:53:12.601+0000] {logging_mixin.py:188} INFO - Scraping Page 1 for Samsung Galaxy F16 5G (Vibing Blue, 128 GB)  (8 GB RAM)...
[2025-07-29T21:53:15.376+0000] {logging_mixin.py:188} INFO - Scraping Page 2 for Samsung Galaxy F16 5G (Vibing Blue, 128 GB)  (8 GB RAM)...
[2025-07-29T21:53:18.157+0000] {logging_mixin.py:188} INFO - Scraping Page 3 for Samsung Galaxy F16 5G (Vibing Blue, 128 GB)  (8 GB RAM)...
[2025-07-29T21:53:20.967+0000] {logging_mixin.py:188} INFO - Scraping Page 4 for Samsung Galaxy F16 5G (Vibing Blue, 128 GB)  (8 GB RAM)...
[2025-07-29T21:53:23.837+0000] {logging_mixin.py:188} INFO - Scraping Page 5 for Samsung Galaxy F16 5G (Vibing Blue, 128 GB)  (8 GB RAM)...
[2025-07-29T21:53:26.639+0000] {logging_mixin.py:188} INFO - Scraping Page 6 for Samsung Galaxy F16 5G (Vibing Blue, 128 GB)  (8 GB RAM)...
[2025-07-29T21:53:29.403+0000] {logging_mixin.py:188} INFO - Scraping Page 7 for Samsung Galaxy F16 5G (Vibing Blue, 128 GB)  (8 GB RAM)...
[2025-07-29T21:53:32.174+0000] {logging_mixin.py:188} INFO - Scraping Page 8 for Samsung Galaxy F16 5G (Vibing Blue, 128 GB)  (8 GB RAM)...
[2025-07-29T21:53:34.961+0000] {logging_mixin.py:188} INFO - Scraping Page 9 for Samsung Galaxy F16 5G (Vibing Blue, 128 GB)  (8 GB RAM)...
[2025-07-29T21:53:37.781+0000] {logging_mixin.py:188} INFO - Scraping Page 10 for Samsung Galaxy F16 5G (Vibing Blue, 128 GB)  (8 GB RAM)...
[2025-07-29T21:53:40.620+0000] {logging_mixin.py:188} INFO - Scraping Page 11 for Samsung Galaxy F16 5G (Vibing Blue, 128 GB)  (8 GB RAM)...
[2025-07-29T21:53:43.370+0000] {logging_mixin.py:188} INFO - Scraping Page 12 for Samsung Galaxy F16 5G (Vibing Blue, 128 GB)  (8 GB RAM)...
[2025-07-29T21:53:54.578+0000] {logging_mixin.py:188} INFO - No 'Next' button found. Scraping complete.
[2025-07-29T21:53:54.605+0000] {logging_mixin.py:188} INFO - Saved 113 reviews to /opt/airflow/data/raw/Samsung_Galaxy_F16_5G_(Vibing_Blue,_128_GB)__(8_GB_RAM)_reviews.csv
[2025-07-29T21:53:54.755+0000] {python.py:237} INFO - Done. Returned value was: /opt/airflow/data/raw/Samsung_Galaxy_F16_5G_(Vibing_Blue,_128_GB)__(8_GB_RAM)_reviews.csv
[2025-07-29T21:53:54.756+0000] {taskinstance.py:441} INFO - ::group::Post task execution logs
[2025-07-29T21:53:56.411+0000] {taskinstance.py:1206} INFO - Marking task as SUCCESS. dag_id=parallel_scraping_pipeline, task_id=scrape_task, run_id=manual__2025-07-29T21:51:52.803364+00:00, map_index=1, execution_date=20250729T215152, start_date=20250729T215249, end_date=20250729T215356
[2025-07-29T21:53:57.181+0000] {local_task_job_runner.py:243} INFO - Task exited with return code 0
[2025-07-29T21:54:00.120+0000] {taskinstance.py:3503} INFO - 2 downstream tasks scheduled from follow-on schedule check
[2025-07-29T21:54:00.211+0000] {local_task_job_runner.py:222} INFO - ::endgroup::
