[2025-07-27T10:13:40.870+0000] {local_task_job_runner.py:120} INFO - ::group::Pre task execution logs
[2025-07-27T10:13:41.300+0000] {taskinstance.py:2076} INFO - Dependencies all met for dep_context=non-requeueable deps ti=<TaskInstance: example_xcom.bash_pull scheduled__2021-01-01T00:00:00+00:00 [queued]>
[2025-07-27T10:13:41.509+0000] {taskinstance.py:2076} INFO - Dependencies all met for dep_context=requeueable deps ti=<TaskInstance: example_xcom.bash_pull scheduled__2021-01-01T00:00:00+00:00 [queued]>
[2025-07-27T10:13:41.514+0000] {taskinstance.py:2306} INFO - Starting attempt 1 of 1
[2025-07-27T10:13:41.776+0000] {taskinstance.py:2330} INFO - Executing <Task(BashOperator): bash_pull> on 2021-01-01 00:00:00+00:00
[2025-07-27T10:13:41.920+0000] {logging_mixin.py:188} WARNING - /home/***/.local/lib/python3.12/site-packages/***/task/task_runner/standard_task_runner.py:62 DeprecationWarning: This process (pid=505) is multi-threaded, use of fork() may lead to deadlocks in the child.
[2025-07-27T10:13:41.939+0000] {standard_task_runner.py:64} INFO - Started process 625 to run task
[2025-07-27T10:13:41.951+0000] {standard_task_runner.py:90} INFO - Running: ['***', 'tasks', 'run', 'example_xcom', 'bash_pull', 'scheduled__2021-01-01T00:00:00+00:00', '--job-id', '49', '--raw', '--subdir', '/home/***/.local/lib/python3.12/site-packages/***/example_dags/example_xcom.py', '--cfg-path', '/tmp/tmpc0lfj0bl']
[2025-07-27T10:13:41.976+0000] {standard_task_runner.py:91} INFO - Job 49: Subtask bash_pull
[2025-07-27T10:13:42.058+0000] {logging_mixin.py:188} WARNING - /home/***/.local/lib/python3.12/site-packages/***/settings.py:195 DeprecationWarning: The sql_alchemy_conn option in [core] has been moved to the sql_alchemy_conn option in [database] - the old setting has been used, but please update your config.
[2025-07-27T10:13:42.280+0000] {task_command.py:426} INFO - Running <TaskInstance: example_xcom.bash_pull scheduled__2021-01-01T00:00:00+00:00 [running]> on host 4112a2618ff3
[2025-07-27T10:13:43.041+0000] {taskinstance.py:2648} INFO - Exporting env vars: AIRFLOW_CTX_DAG_OWNER='***' AIRFLOW_CTX_DAG_ID='example_xcom' AIRFLOW_CTX_TASK_ID='bash_pull' AIRFLOW_CTX_EXECUTION_DATE='2021-01-01T00:00:00+00:00' AIRFLOW_CTX_TRY_NUMBER='1' AIRFLOW_CTX_DAG_RUN_ID='scheduled__2021-01-01T00:00:00+00:00'
[2025-07-27T10:13:43.070+0000] {taskinstance.py:430} INFO - ::endgroup::
[2025-07-27T10:13:43.073+0000] {subprocess.py:63} INFO - Tmp dir root location: /tmp
[2025-07-27T10:13:43.079+0000] {subprocess.py:75} INFO - Running command: ['/usr/bin/bash', '-c', 'echo "bash pull demo" && echo "The xcom pushed manually is manually_pushed_value" && echo "The returned_value xcom is value_by_return" && echo "finished"']
[2025-07-27T10:13:43.200+0000] {subprocess.py:86} INFO - Output:
[2025-07-27T10:13:43.203+0000] {subprocess.py:93} INFO - bash pull demo
[2025-07-27T10:13:43.205+0000] {subprocess.py:93} INFO - The xcom pushed manually is manually_pushed_value
[2025-07-27T10:13:43.210+0000] {subprocess.py:93} INFO - The returned_value xcom is value_by_return
[2025-07-27T10:13:43.213+0000] {subprocess.py:93} INFO - finished
[2025-07-27T10:13:43.215+0000] {subprocess.py:97} INFO - Command exited with return code 0
[2025-07-27T10:13:43.219+0000] {taskinstance.py:441} INFO - ::group::Post task execution logs
[2025-07-27T10:13:43.276+0000] {taskinstance.py:1206} INFO - Marking task as SUCCESS. dag_id=example_xcom, task_id=bash_pull, run_id=scheduled__2021-01-01T00:00:00+00:00, execution_date=20210101T000000, start_date=20250727T101341, end_date=20250727T101343
[2025-07-27T10:13:43.511+0000] {local_task_job_runner.py:243} INFO - Task exited with return code 0
[2025-07-27T10:13:43.573+0000] {taskinstance.py:3503} INFO - 0 downstream tasks scheduled from follow-on schedule check
[2025-07-27T10:13:43.586+0000] {local_task_job_runner.py:222} INFO - ::endgroup::
