[2025-07-29T12:16:13.182+0000] {local_task_job_runner.py:120} INFO - ::group::Pre task execution logs
[2025-07-29T12:16:15.163+0000] {taskinstance.py:2076} INFO - Dependencies all met for dep_context=non-requeueable deps ti=<TaskInstance: parallel_scraping_pipeline.scrape_task manual__2025-07-29T11:47:54.549432+00:00 map_index=16 [queued]>
[2025-07-29T12:16:15.852+0000] {taskinstance.py:2076} INFO - Dependencies all met for dep_context=requeueable deps ti=<TaskInstance: parallel_scraping_pipeline.scrape_task manual__2025-07-29T11:47:54.549432+00:00 map_index=16 [queued]>
[2025-07-29T12:16:15.853+0000] {taskinstance.py:2306} INFO - Starting attempt 1 of 1
[2025-07-29T12:16:16.358+0000] {taskinstance.py:2330} INFO - Executing <Mapped(_PythonDecoratedOperator): scrape_task> on 2025-07-29 11:47:54.549432+00:00
[2025-07-29T12:16:16.380+0000] {logging_mixin.py:188} WARNING - /home/airflow/.local/lib/python3.12/site-packages/airflow/task/task_runner/standard_task_runner.py:62 DeprecationWarning: This process (pid=3536) is multi-threaded, use of fork() may lead to deadlocks in the child.
[2025-07-29T12:16:16.380+0000] {standard_task_runner.py:90} INFO - Running: ['airflow', 'tasks', 'run', 'parallel_scraping_pipeline', 'scrape_task', 'manual__2025-07-29T11:47:54.549432+00:00', '--job-id', '142', '--raw', '--subdir', 'DAGS_FOLDER/parallel_pipeline_dag.py', '--cfg-path', '/tmp/tmp5upmeojl', '--map-index', '16']
[2025-07-29T12:16:16.382+0000] {standard_task_runner.py:64} INFO - Started process 3547 to run task
[2025-07-29T12:16:16.382+0000] {standard_task_runner.py:91} INFO - Job 142: Subtask scrape_task
[2025-07-29T12:16:17.552+0000] {logging_mixin.py:188} WARNING - /home/airflow/.local/lib/python3.12/site-packages/airflow/settings.py:195 DeprecationWarning: The sql_alchemy_conn option in [core] has been moved to the sql_alchemy_conn option in [database] - the old setting has been used, but please update your config.
[2025-07-29T12:16:20.120+0000] {task_command.py:426} INFO - Running <TaskInstance: parallel_scraping_pipeline.scrape_task manual__2025-07-29T11:47:54.549432+00:00 map_index=16 [running]> on host da8a53e6d45e
[2025-07-29T12:16:26.808+0000] {taskinstance.py:2648} INFO - Exporting env vars: AIRFLOW_CTX_DAG_OWNER='airflow' AIRFLOW_CTX_DAG_ID='parallel_scraping_pipeline' AIRFLOW_CTX_TASK_ID='scrape_task' AIRFLOW_CTX_EXECUTION_DATE='2025-07-29T11:47:54.549432+00:00' AIRFLOW_CTX_TRY_NUMBER='1' AIRFLOW_CTX_DAG_RUN_ID='manual__2025-07-29T11:47:54.549432+00:00'
[2025-07-29T12:16:26.813+0000] {taskinstance.py:430} INFO - ::endgroup::
[2025-07-29T12:16:26.814+0000] {logging_mixin.py:188} INFO - Initializing Stealth WebDriver...
[2025-07-29T12:16:36.157+0000] {logging_mixin.py:188} INFO - Extracted - Phone: Apple iPhone 16 (White, 128 GB), Price: ₹74,900
[2025-07-29T12:16:41.512+0000] {logging_mixin.py:188} INFO - Scraping Page 1 for Apple iPhone 16 (White, 128 GB)...
[2025-07-29T12:16:45.052+0000] {logging_mixin.py:188} INFO - Scraping Page 2 for Apple iPhone 16 (White, 128 GB)...
[2025-07-29T12:16:48.266+0000] {logging_mixin.py:188} INFO - Scraping Page 3 for Apple iPhone 16 (White, 128 GB)...
[2025-07-29T12:16:51.783+0000] {logging_mixin.py:188} INFO - Scraping Page 4 for Apple iPhone 16 (White, 128 GB)...
[2025-07-29T12:16:55.469+0000] {logging_mixin.py:188} INFO - Scraping Page 5 for Apple iPhone 16 (White, 128 GB)...
[2025-07-29T12:16:58.472+0000] {logging_mixin.py:188} INFO - Scraping Page 6 for Apple iPhone 16 (White, 128 GB)...
[2025-07-29T12:17:01.870+0000] {logging_mixin.py:188} INFO - Scraping Page 7 for Apple iPhone 16 (White, 128 GB)...
[2025-07-29T12:17:05.326+0000] {logging_mixin.py:188} INFO - Scraping Page 8 for Apple iPhone 16 (White, 128 GB)...
[2025-07-29T12:17:08.856+0000] {logging_mixin.py:188} INFO - Scraping Page 9 for Apple iPhone 16 (White, 128 GB)...
[2025-07-29T12:17:12.767+0000] {logging_mixin.py:188} INFO - Scraping Page 10 for Apple iPhone 16 (White, 128 GB)...
[2025-07-29T12:17:16.648+0000] {logging_mixin.py:188} INFO - Scraping Page 11 for Apple iPhone 16 (White, 128 GB)...
[2025-07-29T12:17:19.936+0000] {logging_mixin.py:188} INFO - Scraping Page 12 for Apple iPhone 16 (White, 128 GB)...
[2025-07-29T12:17:23.557+0000] {logging_mixin.py:188} INFO - Scraping Page 13 for Apple iPhone 16 (White, 128 GB)...
[2025-07-29T12:17:27.062+0000] {logging_mixin.py:188} INFO - Scraping Page 14 for Apple iPhone 16 (White, 128 GB)...
[2025-07-29T12:17:31.117+0000] {logging_mixin.py:188} INFO - Scraping Page 15 for Apple iPhone 16 (White, 128 GB)...
[2025-07-29T12:17:34.737+0000] {logging_mixin.py:188} INFO - Scraping Page 16 for Apple iPhone 16 (White, 128 GB)...
[2025-07-29T12:17:37.652+0000] {logging_mixin.py:188} INFO - Scraping Page 17 for Apple iPhone 16 (White, 128 GB)...
[2025-07-29T12:17:40.790+0000] {logging_mixin.py:188} INFO - Scraping Page 18 for Apple iPhone 16 (White, 128 GB)...
[2025-07-29T12:17:44.346+0000] {logging_mixin.py:188} INFO - Scraping Page 19 for Apple iPhone 16 (White, 128 GB)...
[2025-07-29T12:17:47.836+0000] {logging_mixin.py:188} INFO - Scraping Page 20 for Apple iPhone 16 (White, 128 GB)...
[2025-07-29T12:17:50.896+0000] {logging_mixin.py:188} INFO - Scraping Page 21 for Apple iPhone 16 (White, 128 GB)...
[2025-07-29T12:17:52.945+0000] {local_task_job_runner.py:313} WARNING - State of this instance has been externally set to failed. Terminating instance.
[2025-07-29T12:17:52.949+0000] {local_task_job_runner.py:222} INFO - ::endgroup::
[2025-07-29T12:17:52.955+0000] {process_utils.py:132} INFO - Sending 15 to group 3547. PIDs of all processes in the group: [3598, 3604, 3625, 3626, 3650, 3666, 3696, 3705, 3648, 3547]
[2025-07-29T12:17:52.956+0000] {process_utils.py:87} INFO - Sending the signal 15 to group 3547
[2025-07-29T12:17:52.958+0000] {taskinstance.py:2611} ERROR - Received SIGTERM. Terminating subprocesses.
[2025-07-29T12:17:52.972+0000] {connectionpool.py:868} WARNING - Retrying (Retry(total=2, connect=None, read=None, redirect=None, status=None)) after connection broken by 'ConnectionResetError(104, 'Connection reset by peer')': /session/c6535223a281bc06cf1a47ed257ce6e6
[2025-07-29T12:17:52.978+0000] {connectionpool.py:868} WARNING - Retrying (Retry(total=1, connect=None, read=None, redirect=None, status=None)) after connection broken by 'NewConnectionError('<urllib3.connection.HTTPConnection object at 0x74474f337bf0>: Failed to establish a new connection: [Errno 111] Connection refused')': /session/c6535223a281bc06cf1a47ed257ce6e6
[2025-07-29T12:17:52.985+0000] {connectionpool.py:868} WARNING - Retrying (Retry(total=0, connect=None, read=None, redirect=None, status=None)) after connection broken by 'NewConnectionError('<urllib3.connection.HTTPConnection object at 0x74474e9392b0>: Failed to establish a new connection: [Errno 111] Connection refused')': /session/c6535223a281bc06cf1a47ed257ce6e6
[2025-07-29T12:17:52.992+0000] {taskinstance.py:441} INFO - ::group::Post task execution logs
[2025-07-29T12:17:53.017+0000] {process_utils.py:80} INFO - Process psutil.Process(pid=3650, status='terminated', started='12:16:27') (3650) terminated with exit code None
[2025-07-29T12:17:53.019+0000] {process_utils.py:80} INFO - Process psutil.Process(pid=3625, status='terminated', started='12:16:27') (3625) terminated with exit code None
[2025-07-29T12:17:53.072+0000] {process_utils.py:80} INFO - Process psutil.Process(pid=3696, status='terminated', started='12:16:27') (3696) terminated with exit code None
[2025-07-29T12:17:53.074+0000] {process_utils.py:80} INFO - Process psutil.Process(pid=3626, status='terminated', started='12:16:27') (3626) terminated with exit code None
[2025-07-29T12:17:53.076+0000] {process_utils.py:80} INFO - Process psutil.Process(pid=3705, status='terminated', started='12:16:27') (3705) terminated with exit code None
[2025-07-29T12:17:53.077+0000] {process_utils.py:80} INFO - Process psutil.Process(pid=3648, status='terminated', started='12:16:27') (3648) terminated with exit code None
[2025-07-29T12:17:53.078+0000] {process_utils.py:80} INFO - Process psutil.Process(pid=3598, status='terminated', started='12:16:26') (3598) terminated with exit code None
[2025-07-29T12:17:53.212+0000] {process_utils.py:80} INFO - Process psutil.Process(pid=3604, status='terminated', started='12:16:27') (3604) terminated with exit code None
[2025-07-29T12:17:53.215+0000] {process_utils.py:80} INFO - Process psutil.Process(pid=3666, status='terminated', started='12:16:27') (3666) terminated with exit code None
[2025-07-29T12:17:53.912+0000] {process_utils.py:80} INFO - Process psutil.Process(pid=3547, status='terminated', exitcode=0, started='12:16:16') (3547) terminated with exit code 0
