[2025-07-29T10:22:21.055+0000] {local_task_job_runner.py:120} INFO - ::group::Pre task execution logs
[2025-07-29T10:22:22.016+0000] {taskinstance.py:2076} INFO - Dependencies all met for dep_context=non-requeueable deps ti=<TaskInstance: parallel_scraping_pipeline.scrape_task manual__2025-07-29T10:21:21.870236+00:00 map_index=0 [queued]>
[2025-07-29T10:22:22.521+0000] {taskinstance.py:2076} INFO - Dependencies all met for dep_context=requeueable deps ti=<TaskInstance: parallel_scraping_pipeline.scrape_task manual__2025-07-29T10:21:21.870236+00:00 map_index=0 [queued]>
[2025-07-29T10:22:22.523+0000] {taskinstance.py:2306} INFO - Starting attempt 1 of 1
[2025-07-29T10:22:23.196+0000] {taskinstance.py:2330} INFO - Executing <Mapped(_PythonDecoratedOperator): scrape_task> on 2025-07-29 10:21:21.870236+00:00
[2025-07-29T10:22:23.215+0000] {standard_task_runner.py:90} INFO - Running: ['airflow', 'tasks', 'run', 'parallel_scraping_pipeline', 'scrape_task', 'manual__2025-07-29T10:21:21.870236+00:00', '--job-id', '94', '--raw', '--subdir', 'DAGS_FOLDER/parallel_pipeline_dag.py', '--cfg-path', '/tmp/tmpfgr2ahpf', '--map-index', '0']
[2025-07-29T10:22:23.215+0000] {logging_mixin.py:188} WARNING - /home/airflow/.local/lib/python3.12/site-packages/airflow/task/task_runner/standard_task_runner.py:62 DeprecationWarning: This process (pid=355) is multi-threaded, use of fork() may lead to deadlocks in the child.
[2025-07-29T10:22:23.217+0000] {standard_task_runner.py:91} INFO - Job 94: Subtask scrape_task
[2025-07-29T10:22:23.217+0000] {standard_task_runner.py:64} INFO - Started process 367 to run task
[2025-07-29T10:22:23.957+0000] {logging_mixin.py:188} WARNING - /home/airflow/.local/lib/python3.12/site-packages/airflow/settings.py:195 DeprecationWarning: The sql_alchemy_conn option in [core] has been moved to the sql_alchemy_conn option in [database] - the old setting has been used, but please update your config.
[2025-07-29T10:22:25.893+0000] {task_command.py:426} INFO - Running <TaskInstance: parallel_scraping_pipeline.scrape_task manual__2025-07-29T10:21:21.870236+00:00 map_index=0 [running]> on host f328c07fe88e
[2025-07-29T10:22:30.349+0000] {taskinstance.py:2648} INFO - Exporting env vars: AIRFLOW_CTX_DAG_OWNER='airflow' AIRFLOW_CTX_DAG_ID='parallel_scraping_pipeline' AIRFLOW_CTX_TASK_ID='scrape_task' AIRFLOW_CTX_EXECUTION_DATE='2025-07-29T10:21:21.870236+00:00' AIRFLOW_CTX_TRY_NUMBER='1' AIRFLOW_CTX_DAG_RUN_ID='manual__2025-07-29T10:21:21.870236+00:00'
[2025-07-29T10:22:30.354+0000] {taskinstance.py:430} INFO - ::endgroup::
[2025-07-29T10:22:30.355+0000] {logging_mixin.py:188} INFO - Initializing Stealth WebDriver...
[2025-07-29T10:22:47.011+0000] {logging_mixin.py:188} INFO - Extracted - Phone: Samsung Galaxy S24 FE 5G (Blue, 128 GB)  (8 GB RAM), Price: ₹35,999
[2025-07-29T10:22:52.581+0000] {logging_mixin.py:188} INFO - Scraping Page 1 for Samsung Galaxy S24 FE 5G (Blue, 128 GB)  (8 GB RAM)...
[2025-07-29T10:23:02.101+0000] {logging_mixin.py:188} INFO - Scraping Page 2 for Samsung Galaxy S24 FE 5G (Blue, 128 GB)  (8 GB RAM)...
[2025-07-29T10:23:11.251+0000] {logging_mixin.py:188} INFO - Scraping Page 3 for Samsung Galaxy S24 FE 5G (Blue, 128 GB)  (8 GB RAM)...
[2025-07-29T10:23:20.427+0000] {logging_mixin.py:188} INFO - Scraping Page 4 for Samsung Galaxy S24 FE 5G (Blue, 128 GB)  (8 GB RAM)...
[2025-07-29T10:23:29.300+0000] {logging_mixin.py:188} INFO - Scraping Page 5 for Samsung Galaxy S24 FE 5G (Blue, 128 GB)  (8 GB RAM)...
[2025-07-29T10:23:38.536+0000] {logging_mixin.py:188} INFO - Scraping Page 6 for Samsung Galaxy S24 FE 5G (Blue, 128 GB)  (8 GB RAM)...
[2025-07-29T10:23:47.600+0000] {logging_mixin.py:188} INFO - Scraping Page 7 for Samsung Galaxy S24 FE 5G (Blue, 128 GB)  (8 GB RAM)...
[2025-07-29T10:23:56.476+0000] {logging_mixin.py:188} INFO - Scraping Page 8 for Samsung Galaxy S24 FE 5G (Blue, 128 GB)  (8 GB RAM)...
[2025-07-29T10:24:05.547+0000] {logging_mixin.py:188} INFO - Scraping Page 9 for Samsung Galaxy S24 FE 5G (Blue, 128 GB)  (8 GB RAM)...
[2025-07-29T10:24:14.423+0000] {logging_mixin.py:188} INFO - Scraping Page 10 for Samsung Galaxy S24 FE 5G (Blue, 128 GB)  (8 GB RAM)...
[2025-07-29T10:24:23.366+0000] {logging_mixin.py:188} INFO - Scraping Page 11 for Samsung Galaxy S24 FE 5G (Blue, 128 GB)  (8 GB RAM)...
[2025-07-29T10:24:32.198+0000] {logging_mixin.py:188} INFO - Scraping Page 12 for Samsung Galaxy S24 FE 5G (Blue, 128 GB)  (8 GB RAM)...
[2025-07-29T10:24:41.191+0000] {logging_mixin.py:188} INFO - Scraping Page 13 for Samsung Galaxy S24 FE 5G (Blue, 128 GB)  (8 GB RAM)...
[2025-07-29T10:24:50.006+0000] {logging_mixin.py:188} INFO - Scraping Page 14 for Samsung Galaxy S24 FE 5G (Blue, 128 GB)  (8 GB RAM)...
[2025-07-29T10:24:58.815+0000] {logging_mixin.py:188} INFO - Scraping Page 15 for Samsung Galaxy S24 FE 5G (Blue, 128 GB)  (8 GB RAM)...
[2025-07-29T10:25:07.696+0000] {logging_mixin.py:188} INFO - Scraping Page 16 for Samsung Galaxy S24 FE 5G (Blue, 128 GB)  (8 GB RAM)...
[2025-07-29T10:25:16.963+0000] {logging_mixin.py:188} INFO - Scraping Page 17 for Samsung Galaxy S24 FE 5G (Blue, 128 GB)  (8 GB RAM)...
[2025-07-29T10:25:25.875+0000] {logging_mixin.py:188} INFO - Scraping Page 18 for Samsung Galaxy S24 FE 5G (Blue, 128 GB)  (8 GB RAM)...
[2025-07-29T10:25:34.695+0000] {logging_mixin.py:188} INFO - Scraping Page 19 for Samsung Galaxy S24 FE 5G (Blue, 128 GB)  (8 GB RAM)...
[2025-07-29T10:25:43.518+0000] {logging_mixin.py:188} INFO - Scraping Page 20 for Samsung Galaxy S24 FE 5G (Blue, 128 GB)  (8 GB RAM)...
[2025-07-29T10:25:52.375+0000] {logging_mixin.py:188} INFO - Scraping Page 21 for Samsung Galaxy S24 FE 5G (Blue, 128 GB)  (8 GB RAM)...
[2025-07-29T10:26:01.450+0000] {logging_mixin.py:188} INFO - Scraping Page 22 for Samsung Galaxy S24 FE 5G (Blue, 128 GB)  (8 GB RAM)...
[2025-07-29T10:26:10.326+0000] {logging_mixin.py:188} INFO - Scraping Page 23 for Samsung Galaxy S24 FE 5G (Blue, 128 GB)  (8 GB RAM)...
[2025-07-29T10:26:19.307+0000] {logging_mixin.py:188} INFO - Scraping Page 24 for Samsung Galaxy S24 FE 5G (Blue, 128 GB)  (8 GB RAM)...
[2025-07-29T10:26:28.362+0000] {logging_mixin.py:188} INFO - Scraping Page 25 for Samsung Galaxy S24 FE 5G (Blue, 128 GB)  (8 GB RAM)...
[2025-07-29T10:26:37.265+0000] {logging_mixin.py:188} INFO - Scraping Page 26 for Samsung Galaxy S24 FE 5G (Blue, 128 GB)  (8 GB RAM)...
[2025-07-29T10:26:46.123+0000] {logging_mixin.py:188} INFO - Scraping Page 27 for Samsung Galaxy S24 FE 5G (Blue, 128 GB)  (8 GB RAM)...
[2025-07-29T10:26:54.947+0000] {logging_mixin.py:188} INFO - Scraping Page 28 for Samsung Galaxy S24 FE 5G (Blue, 128 GB)  (8 GB RAM)...
[2025-07-29T10:27:03.822+0000] {logging_mixin.py:188} INFO - Scraping Page 29 for Samsung Galaxy S24 FE 5G (Blue, 128 GB)  (8 GB RAM)...
[2025-07-29T10:27:12.618+0000] {logging_mixin.py:188} INFO - Scraping Page 30 for Samsung Galaxy S24 FE 5G (Blue, 128 GB)  (8 GB RAM)...
[2025-07-29T10:27:21.471+0000] {logging_mixin.py:188} INFO - Scraping Page 31 for Samsung Galaxy S24 FE 5G (Blue, 128 GB)  (8 GB RAM)...
[2025-07-29T10:27:30.338+0000] {logging_mixin.py:188} INFO - Scraping Page 32 for Samsung Galaxy S24 FE 5G (Blue, 128 GB)  (8 GB RAM)...
[2025-07-29T10:27:39.210+0000] {logging_mixin.py:188} INFO - Scraping Page 33 for Samsung Galaxy S24 FE 5G (Blue, 128 GB)  (8 GB RAM)...
[2025-07-29T10:27:48.045+0000] {logging_mixin.py:188} INFO - Scraping Page 34 for Samsung Galaxy S24 FE 5G (Blue, 128 GB)  (8 GB RAM)...
[2025-07-29T10:27:56.857+0000] {logging_mixin.py:188} INFO - Scraping Page 35 for Samsung Galaxy S24 FE 5G (Blue, 128 GB)  (8 GB RAM)...
[2025-07-29T10:28:05.647+0000] {logging_mixin.py:188} INFO - Scraping Page 36 for Samsung Galaxy S24 FE 5G (Blue, 128 GB)  (8 GB RAM)...
[2025-07-29T10:28:14.460+0000] {logging_mixin.py:188} INFO - Scraping Page 37 for Samsung Galaxy S24 FE 5G (Blue, 128 GB)  (8 GB RAM)...
[2025-07-29T10:28:23.304+0000] {logging_mixin.py:188} INFO - Scraping Page 38 for Samsung Galaxy S24 FE 5G (Blue, 128 GB)  (8 GB RAM)...
[2025-07-29T10:28:32.176+0000] {logging_mixin.py:188} INFO - Scraping Page 39 for Samsung Galaxy S24 FE 5G (Blue, 128 GB)  (8 GB RAM)...
[2025-07-29T10:28:41.600+0000] {logging_mixin.py:188} INFO - Scraping Page 40 for Samsung Galaxy S24 FE 5G (Blue, 128 GB)  (8 GB RAM)...
[2025-07-29T10:28:50.475+0000] {logging_mixin.py:188} INFO - Scraping Page 41 for Samsung Galaxy S24 FE 5G (Blue, 128 GB)  (8 GB RAM)...
[2025-07-29T10:28:59.291+0000] {logging_mixin.py:188} INFO - Scraping Page 42 for Samsung Galaxy S24 FE 5G (Blue, 128 GB)  (8 GB RAM)...
[2025-07-29T10:29:02.330+0000] {logging_mixin.py:188} INFO - No review containers found on page 42
[2025-07-29T10:29:02.408+0000] {logging_mixin.py:188} INFO - Saved 209 reviews to /opt/airflow/data/raw/Samsung_Galaxy_S24_FE_5G_(Blue,_128_GB)__(8_GB_RAM)_reviews.csv
[2025-07-29T10:29:02.564+0000] {python.py:237} INFO - Done. Returned value was: /opt/airflow/data/raw/Samsung_Galaxy_S24_FE_5G_(Blue,_128_GB)__(8_GB_RAM)_reviews.csv
[2025-07-29T10:29:02.565+0000] {taskinstance.py:441} INFO - ::group::Post task execution logs
[2025-07-29T10:29:04.275+0000] {taskinstance.py:1206} INFO - Marking task as SUCCESS. dag_id=parallel_scraping_pipeline, task_id=scrape_task, run_id=manual__2025-07-29T10:21:21.870236+00:00, map_index=0, execution_date=20250729T102121, start_date=20250729T102222, end_date=20250729T102904
[2025-07-29T10:29:05.889+0000] {local_task_job_runner.py:243} INFO - Task exited with return code 0
[2025-07-29T10:29:07.159+0000] {taskinstance.py:3503} INFO - 0 downstream tasks scheduled from follow-on schedule check
[2025-07-29T10:29:07.213+0000] {local_task_job_runner.py:222} INFO - ::endgroup::
