[2025-07-25T10:26:13.558+0000] {local_task_job_runner.py:120} INFO - ::group::Pre task execution logs
[2025-07-25T10:26:13.619+0000] {taskinstance.py:2076} INFO - Dependencies all met for dep_context=non-requeueable deps ti=<TaskInstance: flipkart_sentiment_pipeline_v2.scrape_task manual__2025-07-25T10:26:09.552792+00:00 [queued]>
[2025-07-25T10:26:13.634+0000] {taskinstance.py:2076} INFO - Dependencies all met for dep_context=requeueable deps ti=<TaskInstance: flipkart_sentiment_pipeline_v2.scrape_task manual__2025-07-25T10:26:09.552792+00:00 [queued]>
[2025-07-25T10:26:13.635+0000] {taskinstance.py:2306} INFO - Starting attempt 1 of 1
[2025-07-25T10:26:13.666+0000] {taskinstance.py:2330} INFO - Executing <Task(_PythonDecoratedOperator): scrape_task> on 2025-07-25 10:26:09.552792+00:00
[2025-07-25T10:26:13.696+0000] {warnings.py:112} WARNING - /home/***/.local/lib/python3.12/site-packages/***/task/task_runner/standard_task_runner.py:62: DeprecationWarning: This process (pid=451) is multi-threaded, use of fork() may lead to deadlocks in the child.
  pid = os.fork()

[2025-07-25T10:26:13.698+0000] {standard_task_runner.py:90} INFO - Running: ['***', 'tasks', 'run', 'flipkart_sentiment_pipeline_v2', 'scrape_task', 'manual__2025-07-25T10:26:09.552792+00:00', '--job-id', '4', '--raw', '--subdir', 'DAGS_FOLDER/sentiment_pipeline_dag.py', '--cfg-path', '/tmp/tmpgkx_te9i']
[2025-07-25T10:26:13.700+0000] {standard_task_runner.py:64} INFO - Started process 454 to run task
[2025-07-25T10:26:13.701+0000] {standard_task_runner.py:91} INFO - Job 4: Subtask scrape_task
[2025-07-25T10:26:13.732+0000] {warnings.py:112} WARNING - /home/***/.local/lib/python3.12/site-packages/***/settings.py:195: DeprecationWarning: The sql_alchemy_conn option in [core] has been moved to the sql_alchemy_conn option in [database] - the old setting has been used, but please update your config.
  SQL_ALCHEMY_CONN = conf.get("database", "SQL_ALCHEMY_CONN")

[2025-07-25T10:26:13.828+0000] {task_command.py:426} INFO - Running <TaskInstance: flipkart_sentiment_pipeline_v2.scrape_task manual__2025-07-25T10:26:09.552792+00:00 [running]> on host fb07c225d43f
[2025-07-25T10:26:14.024+0000] {taskinstance.py:2648} INFO - Exporting env vars: AIRFLOW_CTX_DAG_OWNER='***' AIRFLOW_CTX_DAG_ID='flipkart_sentiment_pipeline_v2' AIRFLOW_CTX_TASK_ID='scrape_task' AIRFLOW_CTX_EXECUTION_DATE='2025-07-25T10:26:09.552792+00:00' AIRFLOW_CTX_TRY_NUMBER='1' AIRFLOW_CTX_DAG_RUN_ID='manual__2025-07-25T10:26:09.552792+00:00'
[2025-07-25T10:26:14.027+0000] {taskinstance.py:430} INFO - ::endgroup::
[2025-07-25T10:26:14.029+0000] {logging_mixin.py:188} INFO - Starting scrape for URL: https://www.flipkart.com/apple-iphone-15-black-128-gb/p/itme5f540d559560
[2025-07-25T10:26:14.030+0000] {logging_mixin.py:188} INFO - Initializing WebDriver...
[2025-07-25T10:27:33.099+0000] {logging_mixin.py:188} INFO - Extracted - Phone: Unknown_Phone, Price: N/A
[2025-07-25T10:27:33.159+0000] {logging_mixin.py:188} INFO - An error occurred while scraping https://www.flipkart.com/apple-iphone-15-black-128-gb/p/itme5f540d559560: Message: no such element: Unable to locate element: {"method":"partial link text","selector":"All"}
  (Session info: chrome=138.0.7204.168); For documentation on this error, please visit: https://www.selenium.dev/documentation/webdriver/troubleshooting/errors#nosuchelementexception
Stacktrace:
#0 0x5fd26d07370e <unknown>
#1 0x5fd26cb0fa51 <unknown>
#2 0x5fd26cb5a60f <unknown>
#3 0x5fd26cb5a7e1 <unknown>
#4 0x5fd26cb9f694 <unknown>
#5 0x5fd26cb7e01d <unknown>
#6 0x5fd26cb9d444 <unknown>
#7 0x5fd26cb7ddc3 <unknown>
#8 0x5fd26cb4e959 <unknown>
#9 0x5fd26cb4f4c1 <unknown>
#10 0x5fd26d03f8aa <unknown>
#11 0x5fd26d042c11 <unknown>
#12 0x5fd26d0426a8 <unknown>
#13 0x5fd26d0430b5 <unknown>
#14 0x5fd26d02934c <unknown>
#15 0x5fd26d043421 <unknown>
#16 0x5fd26d011e2a <unknown>
#17 0x5fd26d061855 <unknown>
#18 0x5fd26d061a4e <unknown>
#19 0x5fd26d0729f5 <unknown>
#20 0x6ffee0936134 <unknown>
[2025-07-25T10:27:33.339+0000] {python.py:237} INFO - Done. Returned value was: None
[2025-07-25T10:27:33.340+0000] {taskinstance.py:441} INFO - ::group::Post task execution logs
[2025-07-25T10:27:33.358+0000] {taskinstance.py:1206} INFO - Marking task as SUCCESS. dag_id=flipkart_sentiment_pipeline_v2, task_id=scrape_task, run_id=manual__2025-07-25T10:26:09.552792+00:00, execution_date=20250725T102609, start_date=20250725T102613, end_date=20250725T102733
[2025-07-25T10:27:33.445+0000] {local_task_job_runner.py:243} INFO - Task exited with return code 0
[2025-07-25T10:27:33.504+0000] {taskinstance.py:3503} INFO - 0 downstream tasks scheduled from follow-on schedule check
[2025-07-25T10:27:33.508+0000] {local_task_job_runner.py:222} INFO - ::endgroup::
