[2025-07-29T10:21:35.391+0000] {local_task_job_runner.py:120} INFO - ::group::Pre task execution logs
[2025-07-29T10:21:36.120+0000] {taskinstance.py:2076} INFO - Dependencies all met for dep_context=non-requeueable deps ti=<TaskInstance: parallel_scraping_pipeline.create_reviewer_data_table manual__2025-07-29T10:21:21.870236+00:00 [queued]>
[2025-07-29T10:21:36.409+0000] {taskinstance.py:2076} INFO - Dependencies all met for dep_context=requeueable deps ti=<TaskInstance: parallel_scraping_pipeline.create_reviewer_data_table manual__2025-07-29T10:21:21.870236+00:00 [queued]>
[2025-07-29T10:21:36.410+0000] {taskinstance.py:2306} INFO - Starting attempt 1 of 1
[2025-07-29T10:21:36.753+0000] {taskinstance.py:2330} INFO - Executing <Task(PostgresOperator): create_reviewer_data_table> on 2025-07-29 10:21:21.870236+00:00
[2025-07-29T10:21:36.768+0000] {logging_mixin.py:188} WARNING - /home/airflow/.local/lib/python3.12/site-packages/airflow/task/task_runner/standard_task_runner.py:62 DeprecationWarning: This process (pid=315) is multi-threaded, use of fork() may lead to deadlocks in the child.
[2025-07-29T10:21:36.768+0000] {standard_task_runner.py:90} INFO - Running: ['airflow', 'tasks', 'run', 'parallel_scraping_pipeline', 'create_reviewer_data_table', 'manual__2025-07-29T10:21:21.870236+00:00', '--job-id', '91', '--raw', '--subdir', 'DAGS_FOLDER/parallel_pipeline_dag.py', '--cfg-path', '/tmp/tmp5ks2t6rg']
[2025-07-29T10:21:36.769+0000] {standard_task_runner.py:64} INFO - Started process 324 to run task
[2025-07-29T10:21:36.770+0000] {standard_task_runner.py:91} INFO - Job 91: Subtask create_reviewer_data_table
[2025-07-29T10:21:37.460+0000] {logging_mixin.py:188} WARNING - /home/airflow/.local/lib/python3.12/site-packages/airflow/settings.py:195 DeprecationWarning: The sql_alchemy_conn option in [core] has been moved to the sql_alchemy_conn option in [database] - the old setting has been used, but please update your config.
[2025-07-29T10:21:39.150+0000] {task_command.py:426} INFO - Running <TaskInstance: parallel_scraping_pipeline.create_reviewer_data_table manual__2025-07-29T10:21:21.870236+00:00 [running]> on host f328c07fe88e
[2025-07-29T10:21:43.220+0000] {taskinstance.py:2648} INFO - Exporting env vars: AIRFLOW_CTX_DAG_OWNER='airflow' AIRFLOW_CTX_DAG_ID='parallel_scraping_pipeline' AIRFLOW_CTX_TASK_ID='create_reviewer_data_table' AIRFLOW_CTX_EXECUTION_DATE='2025-07-29T10:21:21.870236+00:00' AIRFLOW_CTX_TRY_NUMBER='1' AIRFLOW_CTX_DAG_RUN_ID='manual__2025-07-29T10:21:21.870236+00:00'
[2025-07-29T10:21:43.223+0000] {taskinstance.py:430} INFO - ::endgroup::
[2025-07-29T10:21:43.224+0000] {sql.py:282} INFO - Executing: 
        CREATE TABLE IF NOT EXISTS flipkart_reviewer_data (
            "Phone_Name" TEXT, "Price" FLOAT(53), "Review_ID" TEXT, 
            "Author" TEXT, "Location" TEXT, "Rating" BIGINT, "Title" TEXT, 
            "Review" TEXT, "Month" TEXT, "Year" FLOAT(53)
        );
        
[2025-07-29T10:21:43.873+0000] {base.py:84} INFO - Using connection ID 'postgres_default' for task execution.
[2025-07-29T10:21:44.610+0000] {base.py:84} INFO - Using connection ID 'postgres_default' for task execution.
[2025-07-29T10:21:45.186+0000] {sql.py:495} INFO - Running statement: 
        CREATE TABLE IF NOT EXISTS flipkart_reviewer_data (
            "Phone_Name" TEXT, "Price" FLOAT(53), "Review_ID" TEXT, 
            "Author" TEXT, "Location" TEXT, "Rating" BIGINT, "Title" TEXT, 
            "Review" TEXT, "Month" TEXT, "Year" FLOAT(53)
        );
        , parameters: None
[2025-07-29T10:21:45.371+0000] {taskinstance.py:441} INFO - ::group::Post task execution logs
[2025-07-29T10:21:45.983+0000] {taskinstance.py:1206} INFO - Marking task as SUCCESS. dag_id=parallel_scraping_pipeline, task_id=create_reviewer_data_table, run_id=manual__2025-07-29T10:21:21.870236+00:00, execution_date=20250729T102121, start_date=20250729T102136, end_date=20250729T102145
[2025-07-29T10:21:46.392+0000] {local_task_job_runner.py:243} INFO - Task exited with return code 0
[2025-07-29T10:21:47.085+0000] {logging_mixin.py:188} WARNING - /home/airflow/.local/lib/python3.12/site-packages/airflow/models/baseoperator.py:1297 AirflowProviderDeprecationWarning: Call to deprecated class PostgresOperator. (Please use `airflow.providers.common.sql.operators.sql.SQLExecuteQueryOperator`.Also, you can provide `hook_params={'schema': <database>}`.)
[2025-07-29T10:21:47.869+0000] {taskinstance.py:3503} INFO - 1 downstream tasks scheduled from follow-on schedule check
[2025-07-29T10:21:47.944+0000] {local_task_job_runner.py:222} INFO - ::endgroup::
