[2025-07-29T10:56:22.397+0000] {local_task_job_runner.py:120} INFO - ::group::Pre task execution logs
[2025-07-29T10:56:23.574+0000] {taskinstance.py:2076} INFO - Dependencies all met for dep_context=non-requeueable deps ti=<TaskInstance: parallel_scraping_pipeline.get_urls manual__2025-07-29T10:55:40.036860+00:00 [queued]>
[2025-07-29T10:56:23.894+0000] {taskinstance.py:2076} INFO - Dependencies all met for dep_context=requeueable deps ti=<TaskInstance: parallel_scraping_pipeline.get_urls manual__2025-07-29T10:55:40.036860+00:00 [queued]>
[2025-07-29T10:56:23.897+0000] {taskinstance.py:2306} INFO - Starting attempt 1 of 1
[2025-07-29T10:56:24.370+0000] {taskinstance.py:2330} INFO - Executing <Task(_PythonDecoratedOperator): get_urls> on 2025-07-29 10:55:40.036860+00:00
[2025-07-29T10:56:24.482+0000] {logging_mixin.py:188} WARNING - /home/airflow/.local/lib/python3.12/site-packages/airflow/task/task_runner/standard_task_runner.py:62 DeprecationWarning: This process (pid=392) is multi-threaded, use of fork() may lead to deadlocks in the child.
[2025-07-29T10:56:24.487+0000] {standard_task_runner.py:90} INFO - Running: ['airflow', 'tasks', 'run', 'parallel_scraping_pipeline', 'get_urls', 'manual__2025-07-29T10:55:40.036860+00:00', '--job-id', '105', '--raw', '--subdir', 'DAGS_FOLDER/parallel_pipeline_dag.py', '--cfg-path', '/tmp/tmpf9nafrn6']
[2025-07-29T10:56:24.495+0000] {standard_task_runner.py:91} INFO - Job 105: Subtask get_urls
[2025-07-29T10:56:24.495+0000] {standard_task_runner.py:64} INFO - Started process 410 to run task
[2025-07-29T10:56:25.383+0000] {logging_mixin.py:188} WARNING - /home/airflow/.local/lib/python3.12/site-packages/airflow/settings.py:195 DeprecationWarning: The sql_alchemy_conn option in [core] has been moved to the sql_alchemy_conn option in [database] - the old setting has been used, but please update your config.
[2025-07-29T10:56:27.364+0000] {task_command.py:426} INFO - Running <TaskInstance: parallel_scraping_pipeline.get_urls manual__2025-07-29T10:55:40.036860+00:00 [running]> on host 388cdf4304ef
[2025-07-29T10:56:31.878+0000] {taskinstance.py:2648} INFO - Exporting env vars: AIRFLOW_CTX_DAG_OWNER='airflow' AIRFLOW_CTX_DAG_ID='parallel_scraping_pipeline' AIRFLOW_CTX_TASK_ID='get_urls' AIRFLOW_CTX_EXECUTION_DATE='2025-07-29T10:55:40.036860+00:00' AIRFLOW_CTX_TRY_NUMBER='1' AIRFLOW_CTX_DAG_RUN_ID='manual__2025-07-29T10:55:40.036860+00:00'
[2025-07-29T10:56:31.892+0000] {taskinstance.py:430} INFO - ::endgroup::
[2025-07-29T10:56:31.895+0000] {logging_mixin.py:188} INFO - Processing 1 unique URLs.
[2025-07-29T10:56:31.896+0000] {python.py:237} INFO - Done. Returned value was: ['https://www.flipkart.com/samsung-galaxy-s24-fe-5g-blue-128-gb/p/itme960199e26f23?pid=MOBH4ZG3Z5NCBW2H&fm=Search&ppt=dynamic&ppn=dynamic&ssid=73s6pyna3k0000001753785087652']
[2025-07-29T10:56:31.899+0000] {taskinstance.py:441} INFO - ::group::Post task execution logs
[2025-07-29T10:56:33.927+0000] {taskinstance.py:1206} INFO - Marking task as SUCCESS. dag_id=parallel_scraping_pipeline, task_id=get_urls, run_id=manual__2025-07-29T10:55:40.036860+00:00, execution_date=20250729T105540, start_date=20250729T105623, end_date=20250729T105633
[2025-07-29T10:56:35.754+0000] {local_task_job_runner.py:243} INFO - Task exited with return code 0
[2025-07-29T10:56:38.331+0000] {taskinstance.py:3503} INFO - 1 downstream tasks scheduled from follow-on schedule check
[2025-07-29T10:56:38.394+0000] {local_task_job_runner.py:222} INFO - ::endgroup::
