[2025-07-28T15:54:58.832+0000] {local_task_job_runner.py:120} INFO - ::group::Pre task execution logs
[2025-07-28T15:54:59.716+0000] {taskinstance.py:2076} INFO - Dependencies all met for dep_context=non-requeueable deps ti=<TaskInstance: sequential_scraping_pipeline.process_urls_sequentially manual__2025-07-28T15:54:17.691132+00:00 [queued]>
[2025-07-28T15:55:00.097+0000] {taskinstance.py:2076} INFO - Dependencies all met for dep_context=requeueable deps ti=<TaskInstance: sequential_scraping_pipeline.process_urls_sequentially manual__2025-07-28T15:54:17.691132+00:00 [queued]>
[2025-07-28T15:55:00.099+0000] {taskinstance.py:2306} INFO - Starting attempt 1 of 1
[2025-07-28T15:55:00.685+0000] {taskinstance.py:2330} INFO - Executing <Task(_PythonDecoratedOperator): process_urls_sequentially> on 2025-07-28 15:54:17.691132+00:00
[2025-07-28T15:55:00.708+0000] {standard_task_runner.py:90} INFO - Running: ['airflow', 'tasks', 'run', 'sequential_scraping_pipeline', 'process_urls_sequentially', 'manual__2025-07-28T15:54:17.691132+00:00', '--job-id', '10', '--raw', '--subdir', 'DAGS_FOLDER/sequential_pipeline_dag.py', '--cfg-path', '/tmp/tmp__o1kw99']
[2025-07-28T15:55:00.709+0000] {logging_mixin.py:188} WARNING - /home/airflow/.local/lib/python3.12/site-packages/airflow/task/task_runner/standard_task_runner.py:62 DeprecationWarning: This process (pid=1751) is multi-threaded, use of fork() may lead to deadlocks in the child.
[2025-07-28T15:55:00.711+0000] {standard_task_runner.py:91} INFO - Job 10: Subtask process_urls_sequentially
[2025-07-28T15:55:00.711+0000] {standard_task_runner.py:64} INFO - Started process 1760 to run task
[2025-07-28T15:55:01.550+0000] {logging_mixin.py:188} WARNING - /home/airflow/.local/lib/python3.12/site-packages/airflow/settings.py:195 DeprecationWarning: The sql_alchemy_conn option in [core] has been moved to the sql_alchemy_conn option in [database] - the old setting has been used, but please update your config.
[2025-07-28T15:55:03.310+0000] {task_command.py:426} INFO - Running <TaskInstance: sequential_scraping_pipeline.process_urls_sequentially manual__2025-07-28T15:54:17.691132+00:00 [running]> on host ed296faf822e
[2025-07-28T15:55:09.678+0000] {taskinstance.py:2648} INFO - Exporting env vars: AIRFLOW_CTX_DAG_OWNER='airflow' AIRFLOW_CTX_DAG_ID='sequential_scraping_pipeline' AIRFLOW_CTX_TASK_ID='process_urls_sequentially' AIRFLOW_CTX_EXECUTION_DATE='2025-07-28T15:54:17.691132+00:00' AIRFLOW_CTX_TRY_NUMBER='1' AIRFLOW_CTX_DAG_RUN_ID='manual__2025-07-28T15:54:17.691132+00:00'
[2025-07-28T15:55:09.682+0000] {taskinstance.py:430} INFO - ::endgroup::
[2025-07-28T15:55:09.684+0000] {logging_mixin.py:188} INFO - --- Starting sequential processing for: https://www.flipkart.com/vivo-y18-gem-green-64-gb/p/itmcc2aa767456c8?pid=MOBHY779W4MFWK37&lid=LSTMOBHY779W4MFWK370CQWCW&marketplace=FLIPKART&q=vivo&store=tyy%2F4io&srno=s_1_2&otracker=search&otracker1=search&fm=organic&iid=8f12f7fa-1e06-448a-a623-0e912befde6f.MOBHY779W4MFWK37.SEARCH&ppt=dynamic&ppn=dynamic&ssid=gxrkg47lww0000001753717932643&qH=b09207f5c299c427 ---
[2025-07-28T15:55:09.684+0000] {logging_mixin.py:188} INFO - Initializing WebDriver...
[2025-07-28T15:55:36.649+0000] {logging_mixin.py:188} INFO - Extracted - Phone: vivo Y18 (Gem Green, 64 GB)  (4 GB RAM), Price: ₹6,500
[2025-07-28T15:55:39.941+0000] {logging_mixin.py:188} INFO - Scraping Page 1 for vivo Y18 (Gem Green, 64 GB)  (4 GB RAM)...
[2025-07-28T15:55:42.559+0000] {logging_mixin.py:188} INFO - Scraping Page 2 for vivo Y18 (Gem Green, 64 GB)  (4 GB RAM)...
[2025-07-28T15:55:45.227+0000] {logging_mixin.py:188} INFO - Scraping Page 3 for vivo Y18 (Gem Green, 64 GB)  (4 GB RAM)...
[2025-07-28T15:55:48.043+0000] {logging_mixin.py:188} INFO - Scraping Page 4 for vivo Y18 (Gem Green, 64 GB)  (4 GB RAM)...
[2025-07-28T15:55:50.609+0000] {logging_mixin.py:188} INFO - Scraping Page 5 for vivo Y18 (Gem Green, 64 GB)  (4 GB RAM)...
[2025-07-28T15:55:53.392+0000] {logging_mixin.py:188} INFO - Scraping Page 6 for vivo Y18 (Gem Green, 64 GB)  (4 GB RAM)...
[2025-07-28T15:55:56.096+0000] {logging_mixin.py:188} INFO - Scraping Page 7 for vivo Y18 (Gem Green, 64 GB)  (4 GB RAM)...
[2025-07-28T15:56:08.237+0000] {logging_mixin.py:188} INFO - Saved 63 reviews to /opt/airflow/data/raw/vivo_Y18_(Gem_Green,_64_GB)__(4_GB_RAM)_reviews.csv
[2025-07-28T15:56:08.417+0000] {logging_mixin.py:188} INFO - Processing 63 reviews from vivo_Y18_(Gem_Green,_64_GB)__(4_GB_RAM)_reviews.csv...
[2025-07-28T15:56:08.481+0000] {logging_mixin.py:188} INFO - 
📁 Clean data saved: /opt/airflow/data/cleaned/vivo_Y18_(Gem_Green,_64_GB)__(4_GB_RAM)_reviews_CLEANED.csv
[2025-07-28T15:56:08.483+0000] {logging_mixin.py:188} INFO - 📊 Final shape: (63, 10)
[2025-07-28T15:56:08.484+0000] {logging_mixin.py:188} INFO - Extracting reviews from: /opt/airflow/data/cleaned/vivo_Y18_(Gem_Green,_64_GB)__(4_GB_RAM)_reviews_CLEANED.csv
[2025-07-28T15:56:08.518+0000] {logging_mixin.py:188} INFO - Preparing to write /opt/airflow/data/final/vivo_Y18_(Gem_Green,_64_GB)__(4_GB_RAM)_reviews_reviews_only.csv to PostgreSQL table 'product_reviews'...
[2025-07-28T15:56:10.416+0000] {logging_mixin.py:188} INFO - ✅ Successfully wrote 63 rows to table 'product_reviews'.
[2025-07-28T15:56:10.418+0000] {logging_mixin.py:188} INFO - --- Starting sequential processing for: https://www.flipkart.com/vivo-y18e-space-black-64-gb/p/itm5c8070943d886?pid=MOBHY779TA6PBDKT&lid=LSTMOBHY779TA6PBDKTVWZIO3&marketplace=FLIPKART&q=vivo&store=tyy%2F4io&srno=s_1_5&otracker=search&otracker1=search&fm=organic&iid=8f12f7fa-1e06-448a-a623-0e912befde6f.MOBHY779TA6PBDKT.SEARCH&ppt=dynamic&ppn=dynamic&ssid=gxrkg47lww0000001753717932643&qH=b09207f5c299c427 ---
[2025-07-28T15:56:10.419+0000] {logging_mixin.py:188} INFO - Initializing WebDriver...
[2025-07-28T15:56:24.101+0000] {logging_mixin.py:188} INFO - Extracted - Phone: vivo Y18e (Space Black, 64 GB)  (4 GB RAM), Price: ₹10,999
[2025-07-28T15:56:27.434+0000] {logging_mixin.py:188} INFO - Scraping Page 1 for vivo Y18e (Space Black, 64 GB)  (4 GB RAM)...
[2025-07-28T15:56:30.032+0000] {logging_mixin.py:188} INFO - Scraping Page 2 for vivo Y18e (Space Black, 64 GB)  (4 GB RAM)...
[2025-07-28T15:56:32.593+0000] {logging_mixin.py:188} INFO - Scraping Page 3 for vivo Y18e (Space Black, 64 GB)  (4 GB RAM)...
[2025-07-28T15:56:44.759+0000] {logging_mixin.py:188} INFO - Saved 28 reviews to /opt/airflow/data/raw/vivo_Y18e_(Space_Black,_64_GB)__(4_GB_RAM)_reviews.csv
[2025-07-28T15:56:44.970+0000] {logging_mixin.py:188} INFO - Processing 28 reviews from vivo_Y18e_(Space_Black,_64_GB)__(4_GB_RAM)_reviews.csv...
[2025-07-28T15:56:45.001+0000] {logging_mixin.py:188} INFO - 
📁 Clean data saved: /opt/airflow/data/cleaned/vivo_Y18e_(Space_Black,_64_GB)__(4_GB_RAM)_reviews_CLEANED.csv
[2025-07-28T15:56:45.002+0000] {logging_mixin.py:188} INFO - 📊 Final shape: (28, 10)
[2025-07-28T15:56:45.003+0000] {logging_mixin.py:188} INFO - Extracting reviews from: /opt/airflow/data/cleaned/vivo_Y18e_(Space_Black,_64_GB)__(4_GB_RAM)_reviews_CLEANED.csv
[2025-07-28T15:56:45.035+0000] {logging_mixin.py:188} INFO - Preparing to write /opt/airflow/data/final/vivo_Y18e_(Space_Black,_64_GB)__(4_GB_RAM)_reviews_reviews_only.csv to PostgreSQL table 'product_reviews'...
[2025-07-28T15:56:48.312+0000] {logging_mixin.py:188} INFO - ✅ Successfully wrote 28 rows to table 'product_reviews'.
[2025-07-28T15:56:48.314+0000] {python.py:237} INFO - Done. Returned value was: None
[2025-07-28T15:56:48.315+0000] {taskinstance.py:441} INFO - ::group::Post task execution logs
[2025-07-28T15:56:49.094+0000] {taskinstance.py:1206} INFO - Marking task as SUCCESS. dag_id=sequential_scraping_pipeline, task_id=process_urls_sequentially, run_id=manual__2025-07-28T15:54:17.691132+00:00, execution_date=20250728T155417, start_date=20250728T155459, end_date=20250728T155649
[2025-07-28T15:56:49.884+0000] {local_task_job_runner.py:243} INFO - Task exited with return code 0
[2025-07-28T15:56:50.678+0000] {taskinstance.py:3503} INFO - 0 downstream tasks scheduled from follow-on schedule check
[2025-07-28T15:56:50.765+0000] {local_task_job_runner.py:222} INFO - ::endgroup::
