[2025-07-27T10:13:29.473+0000] {local_task_job_runner.py:120} INFO - ::group::Pre task execution logs
[2025-07-27T10:13:29.871+0000] {taskinstance.py:2076} INFO - Dependencies all met for dep_context=non-requeueable deps ti=<TaskInstance: example_short_circuit_operator.condition_is_False scheduled__2025-07-26T00:00:00+00:00 [queued]>
[2025-07-27T10:13:29.965+0000] {taskinstance.py:2076} INFO - Dependencies all met for dep_context=requeueable deps ti=<TaskInstance: example_short_circuit_operator.condition_is_False scheduled__2025-07-26T00:00:00+00:00 [queued]>
[2025-07-27T10:13:29.984+0000] {taskinstance.py:2306} INFO - Starting attempt 1 of 1
[2025-07-27T10:13:30.143+0000] {taskinstance.py:2330} INFO - Executing <Task(ShortCircuitOperator): condition_is_False> on 2025-07-26 00:00:00+00:00
[2025-07-27T10:13:30.406+0000] {logging_mixin.py:188} WARNING - /home/***/.local/lib/python3.12/site-packages/***/task/task_runner/standard_task_runner.py:62 DeprecationWarning: This process (pid=422) is multi-threaded, use of fork() may lead to deadlocks in the child.
[2025-07-27T10:13:30.470+0000] {standard_task_runner.py:64} INFO - Started process 563 to run task
[2025-07-27T10:13:30.426+0000] {standard_task_runner.py:90} INFO - Running: ['***', 'tasks', 'run', 'example_short_circuit_operator', 'condition_is_False', 'scheduled__2025-07-26T00:00:00+00:00', '--job-id', '33', '--raw', '--subdir', '/home/***/.local/lib/python3.12/site-packages/***/example_dags/example_short_circuit_operator.py', '--cfg-path', '/tmp/tmp38k_plce']
[2025-07-27T10:13:30.503+0000] {standard_task_runner.py:91} INFO - Job 33: Subtask condition_is_False
[2025-07-27T10:13:30.681+0000] {logging_mixin.py:188} WARNING - /home/***/.local/lib/python3.12/site-packages/***/settings.py:195 DeprecationWarning: The sql_alchemy_conn option in [core] has been moved to the sql_alchemy_conn option in [database] - the old setting has been used, but please update your config.
[2025-07-27T10:13:31.099+0000] {task_command.py:426} INFO - Running <TaskInstance: example_short_circuit_operator.condition_is_False scheduled__2025-07-26T00:00:00+00:00 [running]> on host 4112a2618ff3
[2025-07-27T10:13:32.374+0000] {taskinstance.py:2648} INFO - Exporting env vars: AIRFLOW_CTX_DAG_OWNER='***' AIRFLOW_CTX_DAG_ID='example_short_circuit_operator' AIRFLOW_CTX_TASK_ID='condition_is_False' AIRFLOW_CTX_EXECUTION_DATE='2025-07-26T00:00:00+00:00' AIRFLOW_CTX_TRY_NUMBER='1' AIRFLOW_CTX_DAG_RUN_ID='scheduled__2025-07-26T00:00:00+00:00'
[2025-07-27T10:13:32.384+0000] {taskinstance.py:430} INFO - ::endgroup::
[2025-07-27T10:13:32.418+0000] {baseoperator.py:400} WARNING - ShortCircuitOperator.execute cannot be called outside TaskInstance!
[2025-07-27T10:13:32.427+0000] {python.py:237} INFO - Done. Returned value was: False
[2025-07-27T10:13:32.445+0000] {python.py:304} INFO - Condition result is False
[2025-07-27T10:13:32.450+0000] {python.py:331} INFO - Skipping downstream tasks
[2025-07-27T10:13:32.607+0000] {python.py:339} INFO - Done.
[2025-07-27T10:13:32.608+0000] {taskinstance.py:441} INFO - ::group::Post task execution logs
[2025-07-27T10:13:32.696+0000] {taskinstance.py:1206} INFO - Marking task as SUCCESS. dag_id=example_short_circuit_operator, task_id=condition_is_False, run_id=scheduled__2025-07-26T00:00:00+00:00, execution_date=20250726T000000, start_date=20250727T101329, end_date=20250727T101332
[2025-07-27T10:13:32.918+0000] {local_task_job_runner.py:243} INFO - Task exited with return code 0
[2025-07-27T10:13:33.034+0000] {local_task_job_runner.py:222} INFO - ::endgroup::
