[2025-07-29T10:56:50.118+0000] {local_task_job_runner.py:120} INFO - ::group::Pre task execution logs
[2025-07-29T10:56:51.357+0000] {taskinstance.py:2076} INFO - Dependencies all met for dep_context=non-requeueable deps ti=<TaskInstance: parallel_scraping_pipeline.scrape_task manual__2025-07-29T10:55:40.036860+00:00 map_index=0 [queued]>
[2025-07-29T10:56:51.779+0000] {taskinstance.py:2076} INFO - Dependencies all met for dep_context=requeueable deps ti=<TaskInstance: parallel_scraping_pipeline.scrape_task manual__2025-07-29T10:55:40.036860+00:00 map_index=0 [queued]>
[2025-07-29T10:56:51.789+0000] {taskinstance.py:2306} INFO - Starting attempt 1 of 1
[2025-07-29T10:56:52.265+0000] {taskinstance.py:2330} INFO - Executing <Mapped(_PythonDecoratedOperator): scrape_task> on 2025-07-29 10:55:40.036860+00:00
[2025-07-29T10:56:52.315+0000] {logging_mixin.py:188} WARNING - /home/airflow/.local/lib/python3.12/site-packages/airflow/task/task_runner/standard_task_runner.py:62 DeprecationWarning: This process (pid=411) is multi-threaded, use of fork() may lead to deadlocks in the child.
[2025-07-29T10:56:52.315+0000] {standard_task_runner.py:90} INFO - Running: ['airflow', 'tasks', 'run', 'parallel_scraping_pipeline', 'scrape_task', 'manual__2025-07-29T10:55:40.036860+00:00', '--job-id', '106', '--raw', '--subdir', 'DAGS_FOLDER/parallel_pipeline_dag.py', '--cfg-path', '/tmp/tmp1mrgim8h', '--map-index', '0']
[2025-07-29T10:56:52.321+0000] {standard_task_runner.py:64} INFO - Started process 433 to run task
[2025-07-29T10:56:52.323+0000] {standard_task_runner.py:91} INFO - Job 106: Subtask scrape_task
[2025-07-29T10:56:53.184+0000] {logging_mixin.py:188} WARNING - /home/airflow/.local/lib/python3.12/site-packages/airflow/settings.py:195 DeprecationWarning: The sql_alchemy_conn option in [core] has been moved to the sql_alchemy_conn option in [database] - the old setting has been used, but please update your config.
[2025-07-29T10:56:55.437+0000] {task_command.py:426} INFO - Running <TaskInstance: parallel_scraping_pipeline.scrape_task manual__2025-07-29T10:55:40.036860+00:00 map_index=0 [running]> on host 388cdf4304ef
[2025-07-29T10:57:00.325+0000] {taskinstance.py:2648} INFO - Exporting env vars: AIRFLOW_CTX_DAG_OWNER='airflow' AIRFLOW_CTX_DAG_ID='parallel_scraping_pipeline' AIRFLOW_CTX_TASK_ID='scrape_task' AIRFLOW_CTX_EXECUTION_DATE='2025-07-29T10:55:40.036860+00:00' AIRFLOW_CTX_TRY_NUMBER='1' AIRFLOW_CTX_DAG_RUN_ID='manual__2025-07-29T10:55:40.036860+00:00'
[2025-07-29T10:57:00.336+0000] {taskinstance.py:430} INFO - ::endgroup::
[2025-07-29T10:57:00.339+0000] {logging_mixin.py:188} INFO - Initializing Stealth WebDriver...
[2025-07-29T10:57:19.383+0000] {logging_mixin.py:188} INFO - Extracted - Phone: Samsung Galaxy S24 FE 5G (Blue, 128 GB)  (8 GB RAM), Price: ₹35,999
[2025-07-29T10:57:25.462+0000] {logging_mixin.py:188} INFO - Scraping Page 1 for Samsung Galaxy S24 FE 5G (Blue, 128 GB)  (8 GB RAM)...
[2025-07-29T10:57:30.151+0000] {logging_mixin.py:188} INFO - Scraping Page 2 for Samsung Galaxy S24 FE 5G (Blue, 128 GB)  (8 GB RAM)...
[2025-07-29T10:57:35.290+0000] {logging_mixin.py:188} INFO - Scraping Page 3 for Samsung Galaxy S24 FE 5G (Blue, 128 GB)  (8 GB RAM)...
[2025-07-29T10:57:39.193+0000] {logging_mixin.py:188} INFO - Scraping Page 4 for Samsung Galaxy S24 FE 5G (Blue, 128 GB)  (8 GB RAM)...
[2025-07-29T10:57:43.092+0000] {logging_mixin.py:188} INFO - Scraping Page 5 for Samsung Galaxy S24 FE 5G (Blue, 128 GB)  (8 GB RAM)...
[2025-07-29T10:57:46.965+0000] {logging_mixin.py:188} INFO - Scraping Page 6 for Samsung Galaxy S24 FE 5G (Blue, 128 GB)  (8 GB RAM)...
[2025-07-29T10:57:50.994+0000] {logging_mixin.py:188} INFO - Scraping Page 7 for Samsung Galaxy S24 FE 5G (Blue, 128 GB)  (8 GB RAM)...
[2025-07-29T10:57:55.533+0000] {logging_mixin.py:188} INFO - Scraping Page 8 for Samsung Galaxy S24 FE 5G (Blue, 128 GB)  (8 GB RAM)...
[2025-07-29T10:57:59.482+0000] {logging_mixin.py:188} INFO - Scraping Page 9 for Samsung Galaxy S24 FE 5G (Blue, 128 GB)  (8 GB RAM)...
[2025-07-29T10:58:03.727+0000] {logging_mixin.py:188} INFO - Scraping Page 10 for Samsung Galaxy S24 FE 5G (Blue, 128 GB)  (8 GB RAM)...
[2025-07-29T10:58:08.017+0000] {logging_mixin.py:188} INFO - Scraping Page 11 for Samsung Galaxy S24 FE 5G (Blue, 128 GB)  (8 GB RAM)...
[2025-07-29T10:58:11.776+0000] {logging_mixin.py:188} INFO - Scraping Page 12 for Samsung Galaxy S24 FE 5G (Blue, 128 GB)  (8 GB RAM)...
[2025-07-29T10:58:16.148+0000] {logging_mixin.py:188} INFO - Scraping Page 13 for Samsung Galaxy S24 FE 5G (Blue, 128 GB)  (8 GB RAM)...
[2025-07-29T10:58:20.357+0000] {logging_mixin.py:188} INFO - Scraping Page 14 for Samsung Galaxy S24 FE 5G (Blue, 128 GB)  (8 GB RAM)...
[2025-07-29T10:58:23.671+0000] {logging_mixin.py:188} INFO - Scraping Page 15 for Samsung Galaxy S24 FE 5G (Blue, 128 GB)  (8 GB RAM)...
[2025-07-29T10:58:26.947+0000] {logging_mixin.py:188} INFO - Scraping Page 16 for Samsung Galaxy S24 FE 5G (Blue, 128 GB)  (8 GB RAM)...
[2025-07-29T10:58:30.938+0000] {logging_mixin.py:188} INFO - Scraping Page 17 for Samsung Galaxy S24 FE 5G (Blue, 128 GB)  (8 GB RAM)...
[2025-07-29T10:58:34.856+0000] {logging_mixin.py:188} INFO - Scraping Page 18 for Samsung Galaxy S24 FE 5G (Blue, 128 GB)  (8 GB RAM)...
[2025-07-29T10:58:38.965+0000] {logging_mixin.py:188} INFO - Scraping Page 19 for Samsung Galaxy S24 FE 5G (Blue, 128 GB)  (8 GB RAM)...
[2025-07-29T10:58:42.659+0000] {logging_mixin.py:188} INFO - Scraping Page 20 for Samsung Galaxy S24 FE 5G (Blue, 128 GB)  (8 GB RAM)...
[2025-07-29T10:58:46.236+0000] {logging_mixin.py:188} INFO - Scraping Page 21 for Samsung Galaxy S24 FE 5G (Blue, 128 GB)  (8 GB RAM)...
[2025-07-29T10:58:49.524+0000] {logging_mixin.py:188} INFO - Scraping Page 22 for Samsung Galaxy S24 FE 5G (Blue, 128 GB)  (8 GB RAM)...
[2025-07-29T10:58:52.831+0000] {logging_mixin.py:188} INFO - Scraping Page 23 for Samsung Galaxy S24 FE 5G (Blue, 128 GB)  (8 GB RAM)...
[2025-07-29T10:58:56.398+0000] {logging_mixin.py:188} INFO - Scraping Page 24 for Samsung Galaxy S24 FE 5G (Blue, 128 GB)  (8 GB RAM)...
[2025-07-29T10:58:59.685+0000] {logging_mixin.py:188} INFO - Scraping Page 25 for Samsung Galaxy S24 FE 5G (Blue, 128 GB)  (8 GB RAM)...
[2025-07-29T10:59:03.106+0000] {logging_mixin.py:188} INFO - Scraping Page 26 for Samsung Galaxy S24 FE 5G (Blue, 128 GB)  (8 GB RAM)...
[2025-07-29T10:59:06.560+0000] {logging_mixin.py:188} INFO - Scraping Page 27 for Samsung Galaxy S24 FE 5G (Blue, 128 GB)  (8 GB RAM)...
[2025-07-29T10:59:10.008+0000] {logging_mixin.py:188} INFO - Scraping Page 28 for Samsung Galaxy S24 FE 5G (Blue, 128 GB)  (8 GB RAM)...
[2025-07-29T10:59:13.388+0000] {logging_mixin.py:188} INFO - Scraping Page 29 for Samsung Galaxy S24 FE 5G (Blue, 128 GB)  (8 GB RAM)...
[2025-07-29T10:59:17.935+0000] {logging_mixin.py:188} INFO - Scraping Page 30 for Samsung Galaxy S24 FE 5G (Blue, 128 GB)  (8 GB RAM)...
[2025-07-29T10:59:21.456+0000] {logging_mixin.py:188} INFO - Scraping Page 31 for Samsung Galaxy S24 FE 5G (Blue, 128 GB)  (8 GB RAM)...
[2025-07-29T10:59:25.239+0000] {logging_mixin.py:188} INFO - Scraping Page 32 for Samsung Galaxy S24 FE 5G (Blue, 128 GB)  (8 GB RAM)...
[2025-07-29T10:59:28.826+0000] {logging_mixin.py:188} INFO - Scraping Page 33 for Samsung Galaxy S24 FE 5G (Blue, 128 GB)  (8 GB RAM)...
[2025-07-29T10:59:32.084+0000] {logging_mixin.py:188} INFO - Scraping Page 34 for Samsung Galaxy S24 FE 5G (Blue, 128 GB)  (8 GB RAM)...
[2025-07-29T10:59:35.903+0000] {logging_mixin.py:188} INFO - Scraping Page 35 for Samsung Galaxy S24 FE 5G (Blue, 128 GB)  (8 GB RAM)...
[2025-07-29T10:59:39.122+0000] {logging_mixin.py:188} INFO - Scraping Page 36 for Samsung Galaxy S24 FE 5G (Blue, 128 GB)  (8 GB RAM)...
[2025-07-29T10:59:42.694+0000] {logging_mixin.py:188} INFO - Scraping Page 37 for Samsung Galaxy S24 FE 5G (Blue, 128 GB)  (8 GB RAM)...
[2025-07-29T10:59:46.047+0000] {logging_mixin.py:188} INFO - Scraping Page 38 for Samsung Galaxy S24 FE 5G (Blue, 128 GB)  (8 GB RAM)...
[2025-07-29T10:59:49.260+0000] {logging_mixin.py:188} INFO - Scraping Page 39 for Samsung Galaxy S24 FE 5G (Blue, 128 GB)  (8 GB RAM)...
[2025-07-29T10:59:52.508+0000] {logging_mixin.py:188} INFO - Scraping Page 40 for Samsung Galaxy S24 FE 5G (Blue, 128 GB)  (8 GB RAM)...
[2025-07-29T10:59:56.214+0000] {logging_mixin.py:188} INFO - Scraping Page 41 for Samsung Galaxy S24 FE 5G (Blue, 128 GB)  (8 GB RAM)...
[2025-07-29T10:59:59.798+0000] {logging_mixin.py:188} INFO - Scraping Page 42 for Samsung Galaxy S24 FE 5G (Blue, 128 GB)  (8 GB RAM)...
[2025-07-29T10:59:59.927+0000] {logging_mixin.py:188} INFO - No reviews found on page 42.
[2025-07-29T11:00:05.450+0000] {logging_mixin.py:188} INFO - Scraping Page 43 for Samsung Galaxy S24 FE 5G (Blue, 128 GB)  (8 GB RAM)...
[2025-07-29T11:00:08.704+0000] {logging_mixin.py:188} INFO - Scraping Page 44 for Samsung Galaxy S24 FE 5G (Blue, 128 GB)  (8 GB RAM)...
[2025-07-29T11:00:12.410+0000] {logging_mixin.py:188} INFO - Scraping Page 45 for Samsung Galaxy S24 FE 5G (Blue, 128 GB)  (8 GB RAM)...
[2025-07-29T11:00:15.725+0000] {logging_mixin.py:188} INFO - Scraping Page 46 for Samsung Galaxy S24 FE 5G (Blue, 128 GB)  (8 GB RAM)...
[2025-07-29T11:00:19.155+0000] {logging_mixin.py:188} INFO - Scraping Page 47 for Samsung Galaxy S24 FE 5G (Blue, 128 GB)  (8 GB RAM)...
[2025-07-29T11:00:22.452+0000] {logging_mixin.py:188} INFO - Scraping Page 48 for Samsung Galaxy S24 FE 5G (Blue, 128 GB)  (8 GB RAM)...
[2025-07-29T11:00:25.614+0000] {logging_mixin.py:188} INFO - Scraping Page 49 for Samsung Galaxy S24 FE 5G (Blue, 128 GB)  (8 GB RAM)...
[2025-07-29T11:00:28.867+0000] {logging_mixin.py:188} INFO - Scraping Page 50 for Samsung Galaxy S24 FE 5G (Blue, 128 GB)  (8 GB RAM)...
[2025-07-29T11:00:32.181+0000] {logging_mixin.py:188} INFO - Scraping Page 51 for Samsung Galaxy S24 FE 5G (Blue, 128 GB)  (8 GB RAM)...
[2025-07-29T11:00:32.390+0000] {logging_mixin.py:188} INFO - No reviews found on page 51.
[2025-07-29T11:00:38.252+0000] {logging_mixin.py:188} INFO - Scraping Page 52 for Samsung Galaxy S24 FE 5G (Blue, 128 GB)  (8 GB RAM)...
[2025-07-29T11:00:41.610+0000] {logging_mixin.py:188} INFO - Scraping Page 53 for Samsung Galaxy S24 FE 5G (Blue, 128 GB)  (8 GB RAM)...
[2025-07-29T11:00:41.715+0000] {logging_mixin.py:188} INFO - No reviews found on page 53.
[2025-07-29T11:00:47.665+0000] {logging_mixin.py:188} INFO - Scraping Page 54 for Samsung Galaxy S24 FE 5G (Blue, 128 GB)  (8 GB RAM)...
[2025-07-29T11:00:51.120+0000] {logging_mixin.py:188} INFO - Scraping Page 55 for Samsung Galaxy S24 FE 5G (Blue, 128 GB)  (8 GB RAM)...
[2025-07-29T11:00:54.786+0000] {logging_mixin.py:188} INFO - Scraping Page 56 for Samsung Galaxy S24 FE 5G (Blue, 128 GB)  (8 GB RAM)...
[2025-07-29T11:01:07.854+0000] {logging_mixin.py:188} INFO - No 'Next' button found. Scraping complete.
[2025-07-29T11:01:07.929+0000] {logging_mixin.py:188} INFO - Saved 238 reviews to /opt/airflow/data/raw/Samsung_Galaxy_S24_FE_5G_(Blue,_128_GB)__(8_GB_RAM)_reviews.csv
[2025-07-29T11:01:08.174+0000] {python.py:237} INFO - Done. Returned value was: /opt/airflow/data/raw/Samsung_Galaxy_S24_FE_5G_(Blue,_128_GB)__(8_GB_RAM)_reviews.csv
[2025-07-29T11:01:08.177+0000] {taskinstance.py:441} INFO - ::group::Post task execution logs
[2025-07-29T11:01:16.278+0000] {taskinstance.py:1206} INFO - Marking task as SUCCESS. dag_id=parallel_scraping_pipeline, task_id=scrape_task, run_id=manual__2025-07-29T10:55:40.036860+00:00, map_index=0, execution_date=20250729T105540, start_date=20250729T105651, end_date=20250729T110116
[2025-07-29T11:01:17.902+0000] {local_task_job_runner.py:243} INFO - Task exited with return code 0
[2025-07-29T11:01:19.572+0000] {local_task_job_runner.py:222} INFO - ::endgroup::
