[2025-07-28T19:37:06.592+0000] {local_task_job_runner.py:120} INFO - ::group::Pre task execution logs
[2025-07-28T19:37:07.445+0000] {taskinstance.py:2076} INFO - Dependencies all met for dep_context=non-requeueable deps ti=<TaskInstance: sequential_scraping_pipeline.process_urls_sequentially manual__2025-07-28T19:36:34.181430+00:00 [queued]>
[2025-07-28T19:37:07.767+0000] {taskinstance.py:2076} INFO - Dependencies all met for dep_context=requeueable deps ti=<TaskInstance: sequential_scraping_pipeline.process_urls_sequentially manual__2025-07-28T19:36:34.181430+00:00 [queued]>
[2025-07-28T19:37:07.769+0000] {taskinstance.py:2306} INFO - Starting attempt 1 of 1
[2025-07-28T19:37:08.137+0000] {taskinstance.py:2330} INFO - Executing <Task(_PythonDecoratedOperator): process_urls_sequentially> on 2025-07-28 19:36:34.181430+00:00
[2025-07-28T19:37:08.153+0000] {logging_mixin.py:188} WARNING - /home/airflow/.local/lib/python3.12/site-packages/airflow/task/task_runner/standard_task_runner.py:62 DeprecationWarning: This process (pid=3166) is multi-threaded, use of fork() may lead to deadlocks in the child.
[2025-07-28T19:37:08.153+0000] {standard_task_runner.py:90} INFO - Running: ['airflow', 'tasks', 'run', 'sequential_scraping_pipeline', 'process_urls_sequentially', 'manual__2025-07-28T19:36:34.181430+00:00', '--job-id', '20', '--raw', '--subdir', 'DAGS_FOLDER/sequential_pipeline_dag.py', '--cfg-path', '/tmp/tmpmur01bi0']
[2025-07-28T19:37:08.154+0000] {standard_task_runner.py:64} INFO - Started process 3176 to run task
[2025-07-28T19:37:08.155+0000] {standard_task_runner.py:91} INFO - Job 20: Subtask process_urls_sequentially
[2025-07-28T19:37:09.040+0000] {logging_mixin.py:188} WARNING - /home/airflow/.local/lib/python3.12/site-packages/airflow/settings.py:195 DeprecationWarning: The sql_alchemy_conn option in [core] has been moved to the sql_alchemy_conn option in [database] - the old setting has been used, but please update your config.
[2025-07-28T19:37:11.110+0000] {task_command.py:426} INFO - Running <TaskInstance: sequential_scraping_pipeline.process_urls_sequentially manual__2025-07-28T19:36:34.181430+00:00 [running]> on host 4e0ffb66b7ed
[2025-07-28T19:37:15.363+0000] {taskinstance.py:2648} INFO - Exporting env vars: AIRFLOW_CTX_DAG_OWNER='airflow' AIRFLOW_CTX_DAG_ID='sequential_scraping_pipeline' AIRFLOW_CTX_TASK_ID='process_urls_sequentially' AIRFLOW_CTX_EXECUTION_DATE='2025-07-28T19:36:34.181430+00:00' AIRFLOW_CTX_TRY_NUMBER='1' AIRFLOW_CTX_DAG_RUN_ID='manual__2025-07-28T19:36:34.181430+00:00'
[2025-07-28T19:37:15.368+0000] {taskinstance.py:430} INFO - ::endgroup::
[2025-07-28T19:37:15.370+0000] {logging_mixin.py:188} INFO - --- Starting sequential processing for: https://www.flipkart.com/vivo-y18-gem-green-64-gb/p/itmcc2aa767456c8?pid=MOBHY779W4MFWK37&lid=LSTMOBHY779W4MFWK370CQWCW&marketplace=FLIPKART&q=vivo&store=tyy%2F4io&srno=s_1_2&otracker=search&otracker1=search&fm=organic&iid=8f12f7fa-1e06-448a-a623-0e912befde6f.MOBHY779W4MFWK37.SEARCH&ppt=dynamic&ppn=dynamic&ssid=gxrkg47lww0000001753717932643&qH=b09207f5c299c427 ---
[2025-07-28T19:37:15.371+0000] {logging_mixin.py:188} INFO - Initializing WebDriver...
[2025-07-28T19:37:32.426+0000] {logging_mixin.py:188} INFO - Extracted - Phone: vivo Y18 (Gem Green, 64 GB)  (4 GB RAM), Price: ₹6,500
[2025-07-28T19:37:35.675+0000] {logging_mixin.py:188} INFO - Scraping Page 1 for vivo Y18 (Gem Green, 64 GB)  (4 GB RAM)...
[2025-07-28T19:37:38.270+0000] {logging_mixin.py:188} INFO - Scraping Page 2 for vivo Y18 (Gem Green, 64 GB)  (4 GB RAM)...
[2025-07-28T19:37:40.888+0000] {logging_mixin.py:188} INFO - Scraping Page 3 for vivo Y18 (Gem Green, 64 GB)  (4 GB RAM)...
[2025-07-28T19:37:43.497+0000] {logging_mixin.py:188} INFO - Scraping Page 4 for vivo Y18 (Gem Green, 64 GB)  (4 GB RAM)...
[2025-07-28T19:37:45.999+0000] {logging_mixin.py:188} INFO - Scraping Page 5 for vivo Y18 (Gem Green, 64 GB)  (4 GB RAM)...
[2025-07-28T19:37:48.584+0000] {logging_mixin.py:188} INFO - Scraping Page 6 for vivo Y18 (Gem Green, 64 GB)  (4 GB RAM)...
[2025-07-28T19:37:51.185+0000] {logging_mixin.py:188} INFO - Scraping Page 7 for vivo Y18 (Gem Green, 64 GB)  (4 GB RAM)...
[2025-07-28T19:38:03.367+0000] {logging_mixin.py:188} INFO - Saved 63 reviews to /opt/airflow/data/raw/vivo_Y18_(Gem_Green,_64_GB)__(4_GB_RAM)_reviews.csv
[2025-07-28T19:38:03.529+0000] {logging_mixin.py:188} INFO - Processing 63 reviews from vivo_Y18_(Gem_Green,_64_GB)__(4_GB_RAM)_reviews.csv...
[2025-07-28T19:38:03.590+0000] {logging_mixin.py:188} INFO - 
🗑️ Removed 0 duplicate reviews based on Review_ID.
[2025-07-28T19:38:03.617+0000] {logging_mixin.py:188} INFO - 
📁 Clean data saved: /opt/airflow/data/cleaned/vivo_Y18_(Gem_Green,_64_GB)__(4_GB_RAM)_reviews_CLEANED.csv
[2025-07-28T19:38:03.619+0000] {logging_mixin.py:188} INFO - 📊 Final shape: (63, 10)
[2025-07-28T19:38:03.620+0000] {logging_mixin.py:188} INFO - Preparing to write /opt/airflow/data/cleaned/vivo_Y18_(Gem_Green,_64_GB)__(4_GB_RAM)_reviews_CLEANED.csv to PostgreSQL table 'flipkart_reviewer_data'...
[2025-07-28T19:38:05.293+0000] {logging_mixin.py:188} INFO - ✅ Successfully wrote 63 rows to table 'flipkart_reviewer_data'.
[2025-07-28T19:38:05.294+0000] {logging_mixin.py:188} INFO - --- Starting sequential processing for: https://www.flipkart.com/vivo-y18e-space-black-64-gb/p/itm5c8070943d886?pid=MOBHY779TA6PBDKT&lid=LSTMOBHY779TA6PBDKTVWZIO3&marketplace=FLIPKART&q=vivo&store=tyy%2F4io&srno=s_1_5&otracker=search&otracker1=search&fm=organic&iid=8f12f7fa-1e06-448a-a623-0e912befde6f.MOBHY779TA6PBDKT.SEARCH&ppt=dynamic&ppn=dynamic&ssid=gxrkg47lww0000001753717932643&qH=b09207f5c299c427 ---
[2025-07-28T19:38:05.295+0000] {logging_mixin.py:188} INFO - Initializing WebDriver...
[2025-07-28T19:38:15.779+0000] {logging_mixin.py:188} INFO - Extracted - Phone: vivo Y18e (Space Black, 64 GB)  (4 GB RAM), Price: ₹10,999
[2025-07-28T19:38:19.065+0000] {logging_mixin.py:188} INFO - Scraping Page 1 for vivo Y18e (Space Black, 64 GB)  (4 GB RAM)...
[2025-07-28T19:38:21.587+0000] {logging_mixin.py:188} INFO - Scraping Page 2 for vivo Y18e (Space Black, 64 GB)  (4 GB RAM)...
[2025-07-28T19:38:24.077+0000] {logging_mixin.py:188} INFO - Scraping Page 3 for vivo Y18e (Space Black, 64 GB)  (4 GB RAM)...
[2025-07-28T19:38:36.365+0000] {logging_mixin.py:188} INFO - Saved 28 reviews to /opt/airflow/data/raw/vivo_Y18e_(Space_Black,_64_GB)__(4_GB_RAM)_reviews.csv
[2025-07-28T19:38:36.491+0000] {logging_mixin.py:188} INFO - Processing 28 reviews from vivo_Y18e_(Space_Black,_64_GB)__(4_GB_RAM)_reviews.csv...
[2025-07-28T19:38:36.507+0000] {logging_mixin.py:188} INFO - 
🗑️ Removed 0 duplicate reviews based on Review_ID.
[2025-07-28T19:38:36.529+0000] {logging_mixin.py:188} INFO - 
📁 Clean data saved: /opt/airflow/data/cleaned/vivo_Y18e_(Space_Black,_64_GB)__(4_GB_RAM)_reviews_CLEANED.csv
[2025-07-28T19:38:36.530+0000] {logging_mixin.py:188} INFO - 📊 Final shape: (28, 10)
[2025-07-28T19:38:36.531+0000] {logging_mixin.py:188} INFO - Preparing to write /opt/airflow/data/cleaned/vivo_Y18e_(Space_Black,_64_GB)__(4_GB_RAM)_reviews_CLEANED.csv to PostgreSQL table 'flipkart_reviewer_data'...
[2025-07-28T19:38:37.823+0000] {logging_mixin.py:188} INFO - ✅ Successfully wrote 28 rows to table 'flipkart_reviewer_data'.
[2025-07-28T19:38:37.824+0000] {python.py:237} INFO - Done. Returned value was: None
[2025-07-28T19:38:37.825+0000] {taskinstance.py:441} INFO - ::group::Post task execution logs
[2025-07-28T19:38:38.543+0000] {taskinstance.py:1206} INFO - Marking task as SUCCESS. dag_id=sequential_scraping_pipeline, task_id=process_urls_sequentially, run_id=manual__2025-07-28T19:36:34.181430+00:00, execution_date=20250728T193634, start_date=20250728T193707, end_date=20250728T193838
[2025-07-28T19:38:38.983+0000] {local_task_job_runner.py:243} INFO - Task exited with return code 0
[2025-07-28T19:38:39.672+0000] {taskinstance.py:3503} INFO - 0 downstream tasks scheduled from follow-on schedule check
[2025-07-28T19:38:39.733+0000] {local_task_job_runner.py:222} INFO - ::endgroup::
