[2025-07-29T11:32:22.596+0000] {local_task_job_runner.py:120} INFO - ::group::Pre task execution logs
[2025-07-29T11:32:23.693+0000] {taskinstance.py:2076} INFO - Dependencies all met for dep_context=non-requeueable deps ti=<TaskInstance: sequential_scraping_pipeline.process_urls_sequentially manual__2025-07-29T11:31:00.350406+00:00 [queued]>
[2025-07-29T11:32:24.219+0000] {taskinstance.py:2076} INFO - Dependencies all met for dep_context=requeueable deps ti=<TaskInstance: sequential_scraping_pipeline.process_urls_sequentially manual__2025-07-29T11:31:00.350406+00:00 [queued]>
[2025-07-29T11:32:24.223+0000] {taskinstance.py:2306} INFO - Starting attempt 1 of 1
[2025-07-29T11:32:25.347+0000] {taskinstance.py:2330} INFO - Executing <Task(_PythonDecoratedOperator): process_urls_sequentially> on 2025-07-29 11:31:00.350406+00:00
[2025-07-29T11:32:25.388+0000] {logging_mixin.py:188} WARNING - /home/airflow/.local/lib/python3.12/site-packages/airflow/task/task_runner/standard_task_runner.py:62 DeprecationWarning: This process (pid=1711) is multi-threaded, use of fork() may lead to deadlocks in the child.
[2025-07-29T11:32:25.388+0000] {standard_task_runner.py:90} INFO - Running: ['airflow', 'tasks', 'run', 'sequential_scraping_pipeline', 'process_urls_sequentially', 'manual__2025-07-29T11:31:00.350406+00:00', '--job-id', '118', '--raw', '--subdir', 'DAGS_FOLDER/sequential_pipeline_dag.py', '--cfg-path', '/tmp/tmpe4frip7u']
[2025-07-29T11:32:25.393+0000] {standard_task_runner.py:64} INFO - Started process 1728 to run task
[2025-07-29T11:32:25.394+0000] {standard_task_runner.py:91} INFO - Job 118: Subtask process_urls_sequentially
[2025-07-29T11:32:26.696+0000] {logging_mixin.py:188} WARNING - /home/airflow/.local/lib/python3.12/site-packages/airflow/settings.py:195 DeprecationWarning: The sql_alchemy_conn option in [core] has been moved to the sql_alchemy_conn option in [database] - the old setting has been used, but please update your config.
[2025-07-29T11:32:29.282+0000] {task_command.py:426} INFO - Running <TaskInstance: sequential_scraping_pipeline.process_urls_sequentially manual__2025-07-29T11:31:00.350406+00:00 [running]> on host dd044cea268d
[2025-07-29T11:32:37.429+0000] {taskinstance.py:2648} INFO - Exporting env vars: AIRFLOW_CTX_DAG_OWNER='airflow' AIRFLOW_CTX_DAG_ID='sequential_scraping_pipeline' AIRFLOW_CTX_TASK_ID='process_urls_sequentially' AIRFLOW_CTX_EXECUTION_DATE='2025-07-29T11:31:00.350406+00:00' AIRFLOW_CTX_TRY_NUMBER='1' AIRFLOW_CTX_DAG_RUN_ID='manual__2025-07-29T11:31:00.350406+00:00'
[2025-07-29T11:32:37.442+0000] {taskinstance.py:430} INFO - ::endgroup::
[2025-07-29T11:32:37.447+0000] {logging_mixin.py:188} INFO - --- Starting sequential processing for: https://www.flipkart.com/samsung-galaxy-s24-fe-5g-blue-128-gb/p/itme960199e26f23?pid=MOBH4ZG3Z5NCBW2H&fm=Search&ppt=dynamic&ppn=dynamic&ssid=73s6pyna3k0000001753785087652 ---
[2025-07-29T11:32:37.450+0000] {logging_mixin.py:188} INFO - Initializing Stealth WebDriver...
[2025-07-29T11:32:49.261+0000] {logging_mixin.py:188} INFO - Extracted - Phone: Samsung Galaxy S24 FE 5G (Blue, 128 GB)  (8 GB RAM), Price: ₹35,999
[2025-07-29T11:32:55.274+0000] {logging_mixin.py:188} INFO - Scraping Page 1 for Samsung Galaxy S24 FE 5G (Blue, 128 GB)  (8 GB RAM)...
[2025-07-29T11:33:00.130+0000] {logging_mixin.py:188} INFO - Scraping Page 2 for Samsung Galaxy S24 FE 5G (Blue, 128 GB)  (8 GB RAM)...
[2025-07-29T11:33:04.079+0000] {logging_mixin.py:188} INFO - Scraping Page 3 for Samsung Galaxy S24 FE 5G (Blue, 128 GB)  (8 GB RAM)...
[2025-07-29T11:33:08.144+0000] {logging_mixin.py:188} INFO - Scraping Page 4 for Samsung Galaxy S24 FE 5G (Blue, 128 GB)  (8 GB RAM)...
[2025-07-29T11:33:12.390+0000] {logging_mixin.py:188} INFO - Scraping Page 5 for Samsung Galaxy S24 FE 5G (Blue, 128 GB)  (8 GB RAM)...
[2025-07-29T11:33:16.772+0000] {logging_mixin.py:188} INFO - Scraping Page 6 for Samsung Galaxy S24 FE 5G (Blue, 128 GB)  (8 GB RAM)...
[2025-07-29T11:33:21.855+0000] {logging_mixin.py:188} INFO - Scraping Page 7 for Samsung Galaxy S24 FE 5G (Blue, 128 GB)  (8 GB RAM)...
[2025-07-29T11:33:26.078+0000] {logging_mixin.py:188} INFO - Scraping Page 8 for Samsung Galaxy S24 FE 5G (Blue, 128 GB)  (8 GB RAM)...
[2025-07-29T11:33:30.942+0000] {logging_mixin.py:188} INFO - Scraping Page 9 for Samsung Galaxy S24 FE 5G (Blue, 128 GB)  (8 GB RAM)...
[2025-07-29T11:33:35.629+0000] {logging_mixin.py:188} INFO - Scraping Page 10 for Samsung Galaxy S24 FE 5G (Blue, 128 GB)  (8 GB RAM)...
[2025-07-29T11:33:39.860+0000] {logging_mixin.py:188} INFO - Scraping Page 11 for Samsung Galaxy S24 FE 5G (Blue, 128 GB)  (8 GB RAM)...
[2025-07-29T11:33:43.841+0000] {logging_mixin.py:188} INFO - Scraping Page 12 for Samsung Galaxy S24 FE 5G (Blue, 128 GB)  (8 GB RAM)...
[2025-07-29T11:33:47.409+0000] {logging_mixin.py:188} INFO - Scraping Page 13 for Samsung Galaxy S24 FE 5G (Blue, 128 GB)  (8 GB RAM)...
[2025-07-29T11:33:51.685+0000] {logging_mixin.py:188} INFO - Scraping Page 14 for Samsung Galaxy S24 FE 5G (Blue, 128 GB)  (8 GB RAM)...
[2025-07-29T11:33:55.828+0000] {logging_mixin.py:188} INFO - Scraping Page 15 for Samsung Galaxy S24 FE 5G (Blue, 128 GB)  (8 GB RAM)...
[2025-07-29T11:33:59.563+0000] {logging_mixin.py:188} INFO - Scraping Page 16 for Samsung Galaxy S24 FE 5G (Blue, 128 GB)  (8 GB RAM)...
[2025-07-29T11:34:04.219+0000] {logging_mixin.py:188} INFO - Scraping Page 17 for Samsung Galaxy S24 FE 5G (Blue, 128 GB)  (8 GB RAM)...
[2025-07-29T11:34:08.418+0000] {logging_mixin.py:188} INFO - Scraping Page 18 for Samsung Galaxy S24 FE 5G (Blue, 128 GB)  (8 GB RAM)...
[2025-07-29T11:34:13.054+0000] {logging_mixin.py:188} INFO - Scraping Page 19 for Samsung Galaxy S24 FE 5G (Blue, 128 GB)  (8 GB RAM)...
[2025-07-29T11:34:16.792+0000] {logging_mixin.py:188} INFO - Scraping Page 20 for Samsung Galaxy S24 FE 5G (Blue, 128 GB)  (8 GB RAM)...
[2025-07-29T11:34:21.033+0000] {logging_mixin.py:188} INFO - Scraping Page 21 for Samsung Galaxy S24 FE 5G (Blue, 128 GB)  (8 GB RAM)...
[2025-07-29T11:34:24.613+0000] {logging_mixin.py:188} INFO - Scraping Page 22 for Samsung Galaxy S24 FE 5G (Blue, 128 GB)  (8 GB RAM)...
[2025-07-29T11:34:28.600+0000] {logging_mixin.py:188} INFO - Scraping Page 23 for Samsung Galaxy S24 FE 5G (Blue, 128 GB)  (8 GB RAM)...
[2025-07-29T11:34:32.522+0000] {logging_mixin.py:188} INFO - Scraping Page 24 for Samsung Galaxy S24 FE 5G (Blue, 128 GB)  (8 GB RAM)...
[2025-07-29T11:34:36.716+0000] {logging_mixin.py:188} INFO - Scraping Page 25 for Samsung Galaxy S24 FE 5G (Blue, 128 GB)  (8 GB RAM)...
[2025-07-29T11:34:40.837+0000] {logging_mixin.py:188} INFO - Scraping Page 26 for Samsung Galaxy S24 FE 5G (Blue, 128 GB)  (8 GB RAM)...
[2025-07-29T11:34:44.374+0000] {logging_mixin.py:188} INFO - Scraping Page 27 for Samsung Galaxy S24 FE 5G (Blue, 128 GB)  (8 GB RAM)...
[2025-07-29T11:34:48.446+0000] {logging_mixin.py:188} INFO - Scraping Page 28 for Samsung Galaxy S24 FE 5G (Blue, 128 GB)  (8 GB RAM)...
[2025-07-29T11:34:52.333+0000] {logging_mixin.py:188} INFO - Scraping Page 29 for Samsung Galaxy S24 FE 5G (Blue, 128 GB)  (8 GB RAM)...
[2025-07-29T11:34:57.015+0000] {logging_mixin.py:188} INFO - Scraping Page 30 for Samsung Galaxy S24 FE 5G (Blue, 128 GB)  (8 GB RAM)...
[2025-07-29T11:35:02.287+0000] {logging_mixin.py:188} INFO - Scraping Page 31 for Samsung Galaxy S24 FE 5G (Blue, 128 GB)  (8 GB RAM)...
[2025-07-29T11:35:05.670+0000] {logging_mixin.py:188} INFO - Scraping Page 32 for Samsung Galaxy S24 FE 5G (Blue, 128 GB)  (8 GB RAM)...
[2025-07-29T11:35:09.263+0000] {logging_mixin.py:188} INFO - Scraping Page 33 for Samsung Galaxy S24 FE 5G (Blue, 128 GB)  (8 GB RAM)...
[2025-07-29T11:35:12.981+0000] {logging_mixin.py:188} INFO - Scraping Page 34 for Samsung Galaxy S24 FE 5G (Blue, 128 GB)  (8 GB RAM)...
[2025-07-29T11:35:16.515+0000] {logging_mixin.py:188} INFO - Scraping Page 35 for Samsung Galaxy S24 FE 5G (Blue, 128 GB)  (8 GB RAM)...
[2025-07-29T11:35:20.539+0000] {logging_mixin.py:188} INFO - Scraping Page 36 for Samsung Galaxy S24 FE 5G (Blue, 128 GB)  (8 GB RAM)...
[2025-07-29T11:35:24.170+0000] {logging_mixin.py:188} INFO - Scraping Page 37 for Samsung Galaxy S24 FE 5G (Blue, 128 GB)  (8 GB RAM)...
[2025-07-29T11:35:28.574+0000] {logging_mixin.py:188} INFO - Scraping Page 38 for Samsung Galaxy S24 FE 5G (Blue, 128 GB)  (8 GB RAM)...
[2025-07-29T11:35:32.264+0000] {logging_mixin.py:188} INFO - Scraping Page 39 for Samsung Galaxy S24 FE 5G (Blue, 128 GB)  (8 GB RAM)...
[2025-07-29T11:35:36.011+0000] {logging_mixin.py:188} INFO - Scraping Page 40 for Samsung Galaxy S24 FE 5G (Blue, 128 GB)  (8 GB RAM)...
[2025-07-29T11:35:39.745+0000] {logging_mixin.py:188} INFO - Scraping Page 41 for Samsung Galaxy S24 FE 5G (Blue, 128 GB)  (8 GB RAM)...
[2025-07-29T11:35:43.697+0000] {logging_mixin.py:188} INFO - Scraping Page 42 for Samsung Galaxy S24 FE 5G (Blue, 128 GB)  (8 GB RAM)...
[2025-07-29T11:35:44.036+0000] {logging_mixin.py:188} INFO - No reviews found on page 42.
[2025-07-29T11:35:49.649+0000] {logging_mixin.py:188} INFO - Scraping Page 43 for Samsung Galaxy S24 FE 5G (Blue, 128 GB)  (8 GB RAM)...
[2025-07-29T11:35:53.250+0000] {logging_mixin.py:188} INFO - Scraping Page 44 for Samsung Galaxy S24 FE 5G (Blue, 128 GB)  (8 GB RAM)...
[2025-07-29T11:35:56.847+0000] {logging_mixin.py:188} INFO - Scraping Page 45 for Samsung Galaxy S24 FE 5G (Blue, 128 GB)  (8 GB RAM)...
[2025-07-29T11:36:00.685+0000] {logging_mixin.py:188} INFO - Scraping Page 46 for Samsung Galaxy S24 FE 5G (Blue, 128 GB)  (8 GB RAM)...
[2025-07-29T11:36:04.471+0000] {logging_mixin.py:188} INFO - Scraping Page 47 for Samsung Galaxy S24 FE 5G (Blue, 128 GB)  (8 GB RAM)...
[2025-07-29T11:36:08.615+0000] {logging_mixin.py:188} INFO - Scraping Page 48 for Samsung Galaxy S24 FE 5G (Blue, 128 GB)  (8 GB RAM)...
[2025-07-29T11:36:11.961+0000] {logging_mixin.py:188} INFO - Scraping Page 49 for Samsung Galaxy S24 FE 5G (Blue, 128 GB)  (8 GB RAM)...
[2025-07-29T11:36:15.556+0000] {logging_mixin.py:188} INFO - Scraping Page 50 for Samsung Galaxy S24 FE 5G (Blue, 128 GB)  (8 GB RAM)...
[2025-07-29T11:36:19.409+0000] {logging_mixin.py:188} INFO - Scraping Page 51 for Samsung Galaxy S24 FE 5G (Blue, 128 GB)  (8 GB RAM)...
[2025-07-29T11:36:19.620+0000] {logging_mixin.py:188} INFO - No reviews found on page 51.
[2025-07-29T11:36:25.344+0000] {logging_mixin.py:188} INFO - Scraping Page 52 for Samsung Galaxy S24 FE 5G (Blue, 128 GB)  (8 GB RAM)...
[2025-07-29T11:36:29.133+0000] {logging_mixin.py:188} INFO - Scraping Page 53 for Samsung Galaxy S24 FE 5G (Blue, 128 GB)  (8 GB RAM)...
[2025-07-29T11:36:29.338+0000] {logging_mixin.py:188} INFO - No reviews found on page 53.
[2025-07-29T11:36:34.975+0000] {logging_mixin.py:188} INFO - Scraping Page 54 for Samsung Galaxy S24 FE 5G (Blue, 128 GB)  (8 GB RAM)...
[2025-07-29T11:36:38.804+0000] {logging_mixin.py:188} INFO - Scraping Page 55 for Samsung Galaxy S24 FE 5G (Blue, 128 GB)  (8 GB RAM)...
[2025-07-29T11:36:42.512+0000] {logging_mixin.py:188} INFO - Scraping Page 56 for Samsung Galaxy S24 FE 5G (Blue, 128 GB)  (8 GB RAM)...
[2025-07-29T11:36:46.930+0000] {logging_mixin.py:188} INFO - Scraping Page 57 for Samsung Galaxy S24 FE 5G (Blue, 128 GB)  (8 GB RAM)...
[2025-07-29T11:36:50.531+0000] {logging_mixin.py:188} INFO - Scraping Page 58 for Samsung Galaxy S24 FE 5G (Blue, 128 GB)  (8 GB RAM)...
[2025-07-29T11:36:51.194+0000] {logging_mixin.py:188} INFO - No reviews found on page 58.
[2025-07-29T11:36:56.852+0000] {logging_mixin.py:188} INFO - Scraping Page 59 for Samsung Galaxy S24 FE 5G (Blue, 128 GB)  (8 GB RAM)...
[2025-07-29T11:37:00.596+0000] {logging_mixin.py:188} INFO - Scraping Page 60 for Samsung Galaxy S24 FE 5G (Blue, 128 GB)  (8 GB RAM)...
[2025-07-29T11:37:00.763+0000] {logging_mixin.py:188} INFO - No reviews found on page 60.
[2025-07-29T11:37:06.497+0000] {logging_mixin.py:188} INFO - Scraping Page 61 for Samsung Galaxy S24 FE 5G (Blue, 128 GB)  (8 GB RAM)...
[2025-07-29T11:37:09.978+0000] {logging_mixin.py:188} INFO - Scraping Page 62 for Samsung Galaxy S24 FE 5G (Blue, 128 GB)  (8 GB RAM)...
[2025-07-29T11:37:14.555+0000] {logging_mixin.py:188} INFO - Scraping Page 63 for Samsung Galaxy S24 FE 5G (Blue, 128 GB)  (8 GB RAM)...
[2025-07-29T11:37:18.624+0000] {logging_mixin.py:188} INFO - Scraping Page 64 for Samsung Galaxy S24 FE 5G (Blue, 128 GB)  (8 GB RAM)...
[2025-07-29T11:37:22.775+0000] {logging_mixin.py:188} INFO - Scraping Page 65 for Samsung Galaxy S24 FE 5G (Blue, 128 GB)  (8 GB RAM)...
[2025-07-29T11:37:27.460+0000] {logging_mixin.py:188} INFO - Scraping Page 66 for Samsung Galaxy S24 FE 5G (Blue, 128 GB)  (8 GB RAM)...
[2025-07-29T11:37:28.109+0000] {logging_mixin.py:188} INFO - No reviews found on page 66.
[2025-07-29T11:37:33.962+0000] {logging_mixin.py:188} INFO - Scraping Page 67 for Samsung Galaxy S24 FE 5G (Blue, 128 GB)  (8 GB RAM)...
[2025-07-29T11:37:37.459+0000] {logging_mixin.py:188} INFO - Scraping Page 68 for Samsung Galaxy S24 FE 5G (Blue, 128 GB)  (8 GB RAM)...
[2025-07-29T11:37:41.511+0000] {logging_mixin.py:188} INFO - Scraping Page 69 for Samsung Galaxy S24 FE 5G (Blue, 128 GB)  (8 GB RAM)...
[2025-07-29T11:37:45.163+0000] {logging_mixin.py:188} INFO - Scraping Page 70 for Samsung Galaxy S24 FE 5G (Blue, 128 GB)  (8 GB RAM)...
[2025-07-29T11:37:48.818+0000] {logging_mixin.py:188} INFO - Scraping Page 71 for Samsung Galaxy S24 FE 5G (Blue, 128 GB)  (8 GB RAM)...
[2025-07-29T11:37:52.141+0000] {logging_mixin.py:188} INFO - Scraping Page 72 for Samsung Galaxy S24 FE 5G (Blue, 128 GB)  (8 GB RAM)...
[2025-07-29T11:37:56.162+0000] {logging_mixin.py:188} INFO - Scraping Page 73 for Samsung Galaxy S24 FE 5G (Blue, 128 GB)  (8 GB RAM)...
[2025-07-29T11:37:59.931+0000] {logging_mixin.py:188} INFO - Scraping Page 74 for Samsung Galaxy S24 FE 5G (Blue, 128 GB)  (8 GB RAM)...
[2025-07-29T11:38:04.074+0000] {logging_mixin.py:188} INFO - Scraping Page 75 for Samsung Galaxy S24 FE 5G (Blue, 128 GB)  (8 GB RAM)...
[2025-07-29T11:38:08.376+0000] {logging_mixin.py:188} INFO - Scraping Page 76 for Samsung Galaxy S24 FE 5G (Blue, 128 GB)  (8 GB RAM)...
[2025-07-29T11:38:12.149+0000] {logging_mixin.py:188} INFO - Scraping Page 77 for Samsung Galaxy S24 FE 5G (Blue, 128 GB)  (8 GB RAM)...
[2025-07-29T11:38:16.010+0000] {logging_mixin.py:188} INFO - Scraping Page 78 for Samsung Galaxy S24 FE 5G (Blue, 128 GB)  (8 GB RAM)...
[2025-07-29T11:38:19.697+0000] {logging_mixin.py:188} INFO - Scraping Page 79 for Samsung Galaxy S24 FE 5G (Blue, 128 GB)  (8 GB RAM)...
[2025-07-29T11:38:23.392+0000] {logging_mixin.py:188} INFO - Scraping Page 80 for Samsung Galaxy S24 FE 5G (Blue, 128 GB)  (8 GB RAM)...
[2025-07-29T11:38:26.902+0000] {logging_mixin.py:188} INFO - Scraping Page 81 for Samsung Galaxy S24 FE 5G (Blue, 128 GB)  (8 GB RAM)...
[2025-07-29T11:38:30.398+0000] {logging_mixin.py:188} INFO - Scraping Page 82 for Samsung Galaxy S24 FE 5G (Blue, 128 GB)  (8 GB RAM)...
[2025-07-29T11:38:33.791+0000] {logging_mixin.py:188} INFO - Scraping Page 83 for Samsung Galaxy S24 FE 5G (Blue, 128 GB)  (8 GB RAM)...
[2025-07-29T11:38:37.487+0000] {logging_mixin.py:188} INFO - Scraping Page 84 for Samsung Galaxy S24 FE 5G (Blue, 128 GB)  (8 GB RAM)...
[2025-07-29T11:38:41.417+0000] {logging_mixin.py:188} INFO - Scraping Page 85 for Samsung Galaxy S24 FE 5G (Blue, 128 GB)  (8 GB RAM)...
[2025-07-29T11:38:45.795+0000] {logging_mixin.py:188} INFO - Scraping Page 86 for Samsung Galaxy S24 FE 5G (Blue, 128 GB)  (8 GB RAM)...
[2025-07-29T11:38:49.829+0000] {logging_mixin.py:188} INFO - Scraping Page 87 for Samsung Galaxy S24 FE 5G (Blue, 128 GB)  (8 GB RAM)...
[2025-07-29T11:38:53.349+0000] {logging_mixin.py:188} INFO - Scraping Page 88 for Samsung Galaxy S24 FE 5G (Blue, 128 GB)  (8 GB RAM)...
[2025-07-29T11:38:57.639+0000] {logging_mixin.py:188} INFO - Scraping Page 89 for Samsung Galaxy S24 FE 5G (Blue, 128 GB)  (8 GB RAM)...
[2025-07-29T11:39:01.851+0000] {logging_mixin.py:188} INFO - Scraping Page 90 for Samsung Galaxy S24 FE 5G (Blue, 128 GB)  (8 GB RAM)...
[2025-07-29T11:39:05.597+0000] {logging_mixin.py:188} INFO - Scraping Page 91 for Samsung Galaxy S24 FE 5G (Blue, 128 GB)  (8 GB RAM)...
[2025-07-29T11:39:09.559+0000] {logging_mixin.py:188} INFO - Scraping Page 92 for Samsung Galaxy S24 FE 5G (Blue, 128 GB)  (8 GB RAM)...
[2025-07-29T11:39:13.124+0000] {logging_mixin.py:188} INFO - Scraping Page 93 for Samsung Galaxy S24 FE 5G (Blue, 128 GB)  (8 GB RAM)...
[2025-07-29T11:39:16.617+0000] {logging_mixin.py:188} INFO - Scraping Page 94 for Samsung Galaxy S24 FE 5G (Blue, 128 GB)  (8 GB RAM)...
[2025-07-29T11:39:20.980+0000] {logging_mixin.py:188} INFO - Scraping Page 95 for Samsung Galaxy S24 FE 5G (Blue, 128 GB)  (8 GB RAM)...
[2025-07-29T11:39:25.363+0000] {logging_mixin.py:188} INFO - Scraping Page 96 for Samsung Galaxy S24 FE 5G (Blue, 128 GB)  (8 GB RAM)...
[2025-07-29T11:39:29.560+0000] {logging_mixin.py:188} INFO - Scraping Page 97 for Samsung Galaxy S24 FE 5G (Blue, 128 GB)  (8 GB RAM)...
[2025-07-29T11:39:33.063+0000] {logging_mixin.py:188} INFO - Scraping Page 98 for Samsung Galaxy S24 FE 5G (Blue, 128 GB)  (8 GB RAM)...
[2025-07-29T11:39:36.574+0000] {logging_mixin.py:188} INFO - Scraping Page 99 for Samsung Galaxy S24 FE 5G (Blue, 128 GB)  (8 GB RAM)...
[2025-07-29T11:39:40.795+0000] {logging_mixin.py:188} INFO - Scraping Page 100 for Samsung Galaxy S24 FE 5G (Blue, 128 GB)  (8 GB RAM)...
[2025-07-29T11:39:44.878+0000] {logging_mixin.py:188} INFO - Scraping Page 101 for Samsung Galaxy S24 FE 5G (Blue, 128 GB)  (8 GB RAM)...
[2025-07-29T11:39:48.954+0000] {logging_mixin.py:188} INFO - Scraping Page 102 for Samsung Galaxy S24 FE 5G (Blue, 128 GB)  (8 GB RAM)...
[2025-07-29T11:40:01.234+0000] {logging_mixin.py:188} INFO - No 'Next' button found. Scraping complete.
[2025-07-29T11:40:01.371+0000] {logging_mixin.py:188} INFO - Saved 392 reviews to /opt/airflow/data/raw/Samsung_Galaxy_S24_FE_5G_(Blue,_128_GB)__(8_GB_RAM)_reviews.csv
[2025-07-29T11:40:02.228+0000] {logging_mixin.py:188} INFO - Processing 392 reviews from Samsung_Galaxy_S24_FE_5G_(Blue,_128_GB)__(8_GB_RAM)_reviews.csv...
[2025-07-29T11:40:02.748+0000] {logging_mixin.py:188} INFO - 
🗑️ Removed 32 duplicate reviews based on Review_ID.
[2025-07-29T11:40:02.804+0000] {logging_mixin.py:188} INFO - 
📁 Clean data saved: /opt/airflow/data/cleaned/Samsung_Galaxy_S24_FE_5G_(Blue,_128_GB)__(8_GB_RAM)_reviews_CLEANED.csv
[2025-07-29T11:40:02.811+0000] {logging_mixin.py:188} INFO - 📊 Final shape: (360, 10)
[2025-07-29T11:40:02.814+0000] {logging_mixin.py:188} INFO - Preparing to write /opt/airflow/data/cleaned/Samsung_Galaxy_S24_FE_5G_(Blue,_128_GB)__(8_GB_RAM)_reviews_CLEANED.csv to PostgreSQL table 'flipkart_reviewer_data'...
[2025-07-29T11:40:05.899+0000] {logging_mixin.py:188} INFO - ✅ Successfully appended 360 rows to table 'flipkart_reviewer_data'.
[2025-07-29T11:40:05.908+0000] {python.py:237} INFO - Done. Returned value was: None
[2025-07-29T11:40:05.919+0000] {taskinstance.py:441} INFO - ::group::Post task execution logs
[2025-07-29T11:40:06.731+0000] {taskinstance.py:1206} INFO - Marking task as SUCCESS. dag_id=sequential_scraping_pipeline, task_id=process_urls_sequentially, run_id=manual__2025-07-29T11:31:00.350406+00:00, execution_date=20250729T113100, start_date=20250729T113223, end_date=20250729T114006
[2025-07-29T11:40:08.638+0000] {local_task_job_runner.py:243} INFO - Task exited with return code 0
[2025-07-29T11:40:09.490+0000] {taskinstance.py:3503} INFO - 0 downstream tasks scheduled from follow-on schedule check
[2025-07-29T11:40:09.552+0000] {local_task_job_runner.py:222} INFO - ::endgroup::
