[2025-07-29T12:09:19.928+0000] {local_task_job_runner.py:120} INFO - ::group::Pre task execution logs
[2025-07-29T12:09:21.070+0000] {taskinstance.py:2076} INFO - Dependencies all met for dep_context=non-requeueable deps ti=<TaskInstance: parallel_scraping_pipeline.scrape_task manual__2025-07-29T11:47:54.549432+00:00 map_index=10 [queued]>
[2025-07-29T12:09:21.851+0000] {taskinstance.py:2076} INFO - Dependencies all met for dep_context=requeueable deps ti=<TaskInstance: parallel_scraping_pipeline.scrape_task manual__2025-07-29T11:47:54.549432+00:00 map_index=10 [queued]>
[2025-07-29T12:09:21.853+0000] {taskinstance.py:2306} INFO - Starting attempt 1 of 1
[2025-07-29T12:09:23.268+0000] {taskinstance.py:2330} INFO - Executing <Mapped(_PythonDecoratedOperator): scrape_task> on 2025-07-29 11:47:54.549432+00:00
[2025-07-29T12:09:23.291+0000] {logging_mixin.py:188} WARNING - /home/airflow/.local/lib/python3.12/site-packages/airflow/task/task_runner/standard_task_runner.py:62 DeprecationWarning: This process (pid=1854) is multi-threaded, use of fork() may lead to deadlocks in the child.
[2025-07-29T12:09:23.291+0000] {standard_task_runner.py:90} INFO - Running: ['airflow', 'tasks', 'run', 'parallel_scraping_pipeline', 'scrape_task', 'manual__2025-07-29T11:47:54.549432+00:00', '--job-id', '136', '--raw', '--subdir', 'DAGS_FOLDER/parallel_pipeline_dag.py', '--cfg-path', '/tmp/tmp8jyusgen', '--map-index', '10']
[2025-07-29T12:09:23.292+0000] {standard_task_runner.py:64} INFO - Started process 1899 to run task
[2025-07-29T12:09:23.293+0000] {standard_task_runner.py:91} INFO - Job 136: Subtask scrape_task
[2025-07-29T12:09:25.981+0000] {logging_mixin.py:188} WARNING - /home/airflow/.local/lib/python3.12/site-packages/airflow/settings.py:195 DeprecationWarning: The sql_alchemy_conn option in [core] has been moved to the sql_alchemy_conn option in [database] - the old setting has been used, but please update your config.
[2025-07-29T12:09:30.074+0000] {task_command.py:426} INFO - Running <TaskInstance: parallel_scraping_pipeline.scrape_task manual__2025-07-29T11:47:54.549432+00:00 map_index=10 [running]> on host da8a53e6d45e
[2025-07-29T12:09:34.161+0000] {taskinstance.py:2648} INFO - Exporting env vars: AIRFLOW_CTX_DAG_OWNER='airflow' AIRFLOW_CTX_DAG_ID='parallel_scraping_pipeline' AIRFLOW_CTX_TASK_ID='scrape_task' AIRFLOW_CTX_EXECUTION_DATE='2025-07-29T11:47:54.549432+00:00' AIRFLOW_CTX_TRY_NUMBER='1' AIRFLOW_CTX_DAG_RUN_ID='manual__2025-07-29T11:47:54.549432+00:00'
[2025-07-29T12:09:34.165+0000] {taskinstance.py:430} INFO - ::endgroup::
[2025-07-29T12:09:34.166+0000] {logging_mixin.py:188} INFO - Initializing Stealth WebDriver...
[2025-07-29T12:09:43.739+0000] {logging_mixin.py:188} INFO - Extracted - Phone: OnePlus Nord 4 5G (Oasis Green, 256 GB)  (8 GB RAM), Price: ₹28,717
[2025-07-29T12:09:49.166+0000] {logging_mixin.py:188} INFO - Scraping Page 1 for OnePlus Nord 4 5G (Oasis Green, 256 GB)  (8 GB RAM)...
[2025-07-29T12:09:52.671+0000] {logging_mixin.py:188} INFO - Scraping Page 2 for OnePlus Nord 4 5G (Oasis Green, 256 GB)  (8 GB RAM)...
[2025-07-29T12:09:55.657+0000] {logging_mixin.py:188} INFO - Scraping Page 3 for OnePlus Nord 4 5G (Oasis Green, 256 GB)  (8 GB RAM)...
[2025-07-29T12:09:58.594+0000] {logging_mixin.py:188} INFO - Scraping Page 4 for OnePlus Nord 4 5G (Oasis Green, 256 GB)  (8 GB RAM)...
[2025-07-29T12:10:02.088+0000] {logging_mixin.py:188} INFO - Scraping Page 5 for OnePlus Nord 4 5G (Oasis Green, 256 GB)  (8 GB RAM)...
[2025-07-29T12:10:05.582+0000] {logging_mixin.py:188} INFO - Scraping Page 6 for OnePlus Nord 4 5G (Oasis Green, 256 GB)  (8 GB RAM)...
[2025-07-29T12:10:08.521+0000] {logging_mixin.py:188} INFO - Scraping Page 7 for OnePlus Nord 4 5G (Oasis Green, 256 GB)  (8 GB RAM)...
[2025-07-29T12:10:12.066+0000] {logging_mixin.py:188} INFO - Scraping Page 8 for OnePlus Nord 4 5G (Oasis Green, 256 GB)  (8 GB RAM)...
[2025-07-29T12:10:15.286+0000] {logging_mixin.py:188} INFO - Scraping Page 9 for OnePlus Nord 4 5G (Oasis Green, 256 GB)  (8 GB RAM)...
[2025-07-29T12:10:18.335+0000] {logging_mixin.py:188} INFO - Scraping Page 10 for OnePlus Nord 4 5G (Oasis Green, 256 GB)  (8 GB RAM)...
[2025-07-29T12:10:21.369+0000] {logging_mixin.py:188} INFO - Scraping Page 11 for OnePlus Nord 4 5G (Oasis Green, 256 GB)  (8 GB RAM)...
[2025-07-29T12:10:24.758+0000] {logging_mixin.py:188} INFO - Scraping Page 12 for OnePlus Nord 4 5G (Oasis Green, 256 GB)  (8 GB RAM)...
[2025-07-29T12:10:28.181+0000] {logging_mixin.py:188} INFO - Scraping Page 13 for OnePlus Nord 4 5G (Oasis Green, 256 GB)  (8 GB RAM)...
[2025-07-29T12:10:31.810+0000] {logging_mixin.py:188} INFO - Scraping Page 14 for OnePlus Nord 4 5G (Oasis Green, 256 GB)  (8 GB RAM)...
[2025-07-29T12:10:35.755+0000] {logging_mixin.py:188} INFO - Scraping Page 15 for OnePlus Nord 4 5G (Oasis Green, 256 GB)  (8 GB RAM)...
[2025-07-29T12:10:41.830+0000] {logging_mixin.py:188} INFO - Scraping Page 16 for OnePlus Nord 4 5G (Oasis Green, 256 GB)  (8 GB RAM)...
[2025-07-29T12:10:50.914+0000] {logging_mixin.py:188} INFO - Scraping Page 17 for OnePlus Nord 4 5G (Oasis Green, 256 GB)  (8 GB RAM)...
[2025-07-29T12:11:00.569+0000] {logging_mixin.py:188} INFO - Scraping Page 18 for OnePlus Nord 4 5G (Oasis Green, 256 GB)  (8 GB RAM)...
[2025-07-29T12:11:04.564+0000] {logging_mixin.py:188} INFO - Scraping Page 19 for OnePlus Nord 4 5G (Oasis Green, 256 GB)  (8 GB RAM)...
[2025-07-29T12:11:08.238+0000] {logging_mixin.py:188} INFO - Scraping Page 20 for OnePlus Nord 4 5G (Oasis Green, 256 GB)  (8 GB RAM)...
[2025-07-29T12:11:12.382+0000] {logging_mixin.py:188} INFO - Scraping Page 21 for OnePlus Nord 4 5G (Oasis Green, 256 GB)  (8 GB RAM)...
[2025-07-29T12:11:27.759+0000] {logging_mixin.py:188} INFO - Retry 1 waiting for reviews or next button...
[2025-07-29T12:11:48.055+0000] {logging_mixin.py:188} INFO - Retry 2 waiting for reviews or next button...
[2025-07-29T12:11:53.056+0000] {logging_mixin.py:188} INFO - Timeout waiting for reviews or next button. Ending scrape.
[2025-07-29T12:11:53.149+0000] {logging_mixin.py:188} INFO - Saved 159 reviews to /opt/airflow/data/raw/OnePlus_Nord_4_5G_(Oasis_Green,_256_GB)__(8_GB_RAM)_reviews.csv
[2025-07-29T12:11:53.612+0000] {python.py:237} INFO - Done. Returned value was: /opt/airflow/data/raw/OnePlus_Nord_4_5G_(Oasis_Green,_256_GB)__(8_GB_RAM)_reviews.csv
[2025-07-29T12:11:53.619+0000] {taskinstance.py:441} INFO - ::group::Post task execution logs
[2025-07-29T12:12:07.220+0000] {taskinstance.py:1206} INFO - Marking task as SUCCESS. dag_id=parallel_scraping_pipeline, task_id=scrape_task, run_id=manual__2025-07-29T11:47:54.549432+00:00, map_index=10, execution_date=20250729T114754, start_date=20250729T120921, end_date=20250729T121207
[2025-07-29T12:12:26.123+0000] {local_task_job_runner.py:243} INFO - Task exited with return code 0
[2025-07-29T12:12:36.884+0000] {local_task_job_runner.py:222} INFO - ::endgroup::
