[2025-07-28T21:10:40.206+0000] {local_task_job_runner.py:120} INFO - ::group::Pre task execution logs
[2025-07-28T21:10:41.158+0000] {taskinstance.py:2076} INFO - Dependencies all met for dep_context=non-requeueable deps ti=<TaskInstance: parallel_scraping_pipeline.clean_task manual__2025-07-28T21:03:09.717459+00:00 map_index=2 [queued]>
[2025-07-28T21:10:41.549+0000] {taskinstance.py:2076} INFO - Dependencies all met for dep_context=requeueable deps ti=<TaskInstance: parallel_scraping_pipeline.clean_task manual__2025-07-28T21:03:09.717459+00:00 map_index=2 [queued]>
[2025-07-28T21:10:41.551+0000] {taskinstance.py:2306} INFO - Starting attempt 1 of 1
[2025-07-28T21:10:42.153+0000] {taskinstance.py:2330} INFO - Executing <Mapped(_PythonDecoratedOperator): clean_task> on 2025-07-28 21:03:09.717459+00:00
[2025-07-28T21:10:42.172+0000] {logging_mixin.py:188} WARNING - /home/airflow/.local/lib/python3.12/site-packages/airflow/task/task_runner/standard_task_runner.py:62 DeprecationWarning: This process (pid=2274) is multi-threaded, use of fork() may lead to deadlocks in the child.
[2025-07-28T21:10:42.172+0000] {standard_task_runner.py:90} INFO - Running: ['airflow', 'tasks', 'run', 'parallel_scraping_pipeline', 'clean_task', 'manual__2025-07-28T21:03:09.717459+00:00', '--job-id', '33', '--raw', '--subdir', 'DAGS_FOLDER/parallel_pipeline_dag.py', '--cfg-path', '/tmp/tmpt6lpr_7g', '--map-index', '2']
[2025-07-28T21:10:42.173+0000] {standard_task_runner.py:64} INFO - Started process 2298 to run task
[2025-07-28T21:10:42.174+0000] {standard_task_runner.py:91} INFO - Job 33: Subtask clean_task
[2025-07-28T21:10:42.735+0000] {logging_mixin.py:188} WARNING - /home/airflow/.local/lib/python3.12/site-packages/airflow/settings.py:195 DeprecationWarning: The sql_alchemy_conn option in [core] has been moved to the sql_alchemy_conn option in [database] - the old setting has been used, but please update your config.
[2025-07-28T21:10:44.593+0000] {task_command.py:426} INFO - Running <TaskInstance: parallel_scraping_pipeline.clean_task manual__2025-07-28T21:03:09.717459+00:00 map_index=2 [running]> on host 8cf7cfd9e861
[2025-07-28T21:10:48.590+0000] {taskinstance.py:2648} INFO - Exporting env vars: AIRFLOW_CTX_DAG_OWNER='airflow' AIRFLOW_CTX_DAG_ID='parallel_scraping_pipeline' AIRFLOW_CTX_TASK_ID='clean_task' AIRFLOW_CTX_EXECUTION_DATE='2025-07-28T21:03:09.717459+00:00' AIRFLOW_CTX_TRY_NUMBER='1' AIRFLOW_CTX_DAG_RUN_ID='manual__2025-07-28T21:03:09.717459+00:00'
[2025-07-28T21:10:48.597+0000] {taskinstance.py:430} INFO - ::endgroup::
[2025-07-28T21:10:48.620+0000] {logging_mixin.py:188} INFO - Processing 530 reviews from Samsung_Galaxy_F06_5G_(Bahama_Blue,_128_GB)__(6_GB_RAM)_reviews.csv...
[2025-07-28T21:10:48.836+0000] {logging_mixin.py:188} INFO - 
🗑️ Removed 2 duplicate reviews based on Review_ID.
[2025-07-28T21:10:48.855+0000] {logging_mixin.py:188} INFO - 
📁 Clean data saved: /opt/airflow/data/cleaned/Samsung_Galaxy_F06_5G_(Bahama_Blue,_128_GB)__(6_GB_RAM)_reviews_CLEANED.csv
[2025-07-28T21:10:48.856+0000] {logging_mixin.py:188} INFO - 📊 Final shape: (528, 10)
[2025-07-28T21:10:48.857+0000] {python.py:237} INFO - Done. Returned value was: /opt/airflow/data/cleaned/Samsung_Galaxy_F06_5G_(Bahama_Blue,_128_GB)__(6_GB_RAM)_reviews_CLEANED.csv
[2025-07-28T21:10:48.858+0000] {taskinstance.py:441} INFO - ::group::Post task execution logs
[2025-07-28T21:10:50.189+0000] {taskinstance.py:1206} INFO - Marking task as SUCCESS. dag_id=parallel_scraping_pipeline, task_id=clean_task, run_id=manual__2025-07-28T21:03:09.717459+00:00, map_index=2, execution_date=20250728T210309, start_date=20250728T211041, end_date=20250728T211050
[2025-07-28T21:10:50.682+0000] {local_task_job_runner.py:243} INFO - Task exited with return code 0
[2025-07-28T21:10:51.219+0000] {local_task_job_runner.py:222} INFO - ::endgroup::
