[2025-07-27T10:14:12.275+0000] {local_task_job_runner.py:120} INFO - ::group::Pre task execution logs
[2025-07-27T10:14:12.942+0000] {taskinstance.py:2076} INFO - Dependencies all met for dep_context=non-requeueable deps ti=<TaskInstance: example_bash_operator.this_will_skip scheduled__2025-07-26T00:00:00+00:00 [queued]>
[2025-07-27T10:14:13.102+0000] {taskinstance.py:2076} INFO - Dependencies all met for dep_context=requeueable deps ti=<TaskInstance: example_bash_operator.this_will_skip scheduled__2025-07-26T00:00:00+00:00 [queued]>
[2025-07-27T10:14:13.110+0000] {taskinstance.py:2306} INFO - Starting attempt 1 of 1
[2025-07-27T10:14:13.366+0000] {taskinstance.py:2330} INFO - Executing <Task(BashOperator): this_will_skip> on 2025-07-26 00:00:00+00:00
[2025-07-27T10:14:13.509+0000] {logging_mixin.py:188} WARNING - /home/***/.local/lib/python3.12/site-packages/***/task/task_runner/standard_task_runner.py:62 DeprecationWarning: This process (pid=714) is multi-threaded, use of fork() may lead to deadlocks in the child.
[2025-07-27T10:14:13.539+0000] {standard_task_runner.py:64} INFO - Started process 822 to run task
[2025-07-27T10:14:13.614+0000] {standard_task_runner.py:90} INFO - Running: ['***', 'tasks', 'run', 'example_bash_operator', 'this_will_skip', 'scheduled__2025-07-26T00:00:00+00:00', '--job-id', '69', '--raw', '--subdir', '/home/***/.local/lib/python3.12/site-packages/***/example_dags/example_bash_operator.py', '--cfg-path', '/tmp/tmpuc1ow2u2']
[2025-07-27T10:14:13.673+0000] {standard_task_runner.py:91} INFO - Job 69: Subtask this_will_skip
[2025-07-27T10:14:13.956+0000] {logging_mixin.py:188} WARNING - /home/***/.local/lib/python3.12/site-packages/***/settings.py:195 DeprecationWarning: The sql_alchemy_conn option in [core] has been moved to the sql_alchemy_conn option in [database] - the old setting has been used, but please update your config.
[2025-07-27T10:14:14.756+0000] {task_command.py:426} INFO - Running <TaskInstance: example_bash_operator.this_will_skip scheduled__2025-07-26T00:00:00+00:00 [running]> on host 4112a2618ff3
[2025-07-27T10:14:15.752+0000] {taskinstance.py:2648} INFO - Exporting env vars: AIRFLOW_CTX_DAG_OWNER='***' AIRFLOW_CTX_DAG_ID='example_bash_operator' AIRFLOW_CTX_TASK_ID='this_will_skip' AIRFLOW_CTX_EXECUTION_DATE='2025-07-26T00:00:00+00:00' AIRFLOW_CTX_TRY_NUMBER='1' AIRFLOW_CTX_DAG_RUN_ID='scheduled__2025-07-26T00:00:00+00:00'
[2025-07-27T10:14:15.767+0000] {taskinstance.py:430} INFO - ::endgroup::
[2025-07-27T10:14:15.793+0000] {subprocess.py:63} INFO - Tmp dir root location: /tmp
[2025-07-27T10:14:15.807+0000] {subprocess.py:75} INFO - Running command: ['/usr/bin/bash', '-c', 'echo "hello world"; exit 99;']
[2025-07-27T10:14:16.042+0000] {subprocess.py:86} INFO - Output:
[2025-07-27T10:14:16.054+0000] {subprocess.py:93} INFO - hello world
[2025-07-27T10:14:16.073+0000] {subprocess.py:97} INFO - Command exited with return code 99
[2025-07-27T10:14:16.083+0000] {taskinstance.py:441} INFO - ::group::Post task execution logs
[2025-07-27T10:14:16.123+0000] {taskinstance.py:2506} INFO - Bash command returned exit code 99. Skipping.
[2025-07-27T10:14:16.207+0000] {taskinstance.py:1206} INFO - Marking task as SKIPPED. dag_id=example_bash_operator, task_id=this_will_skip, run_id=scheduled__2025-07-26T00:00:00+00:00, execution_date=20250726T000000, start_date=20250727T101412, end_date=20250727T101416
[2025-07-27T10:14:16.553+0000] {local_task_job_runner.py:243} INFO - Task exited with return code 0
[2025-07-27T10:14:16.608+0000] {local_task_job_runner.py:222} INFO - ::endgroup::
