[2025-07-27T10:14:13.307+0000] {local_task_job_runner.py:120} INFO - ::group::Pre task execution logs
[2025-07-27T10:14:13.700+0000] {taskinstance.py:2076} INFO - Dependencies all met for dep_context=non-requeueable deps ti=<TaskInstance: example_bash_operator.runme_1 scheduled__2025-07-26T00:00:00+00:00 [queued]>
[2025-07-27T10:14:13.777+0000] {taskinstance.py:2076} INFO - Dependencies all met for dep_context=requeueable deps ti=<TaskInstance: example_bash_operator.runme_1 scheduled__2025-07-26T00:00:00+00:00 [queued]>
[2025-07-27T10:14:13.779+0000] {taskinstance.py:2306} INFO - Starting attempt 1 of 1
[2025-07-27T10:14:13.961+0000] {taskinstance.py:2330} INFO - Executing <Task(BashOperator): runme_1> on 2025-07-26 00:00:00+00:00
[2025-07-27T10:14:13.997+0000] {logging_mixin.py:188} WARNING - /home/***/.local/lib/python3.12/site-packages/***/task/task_runner/standard_task_runner.py:62 DeprecationWarning: This process (pid=711) is multi-threaded, use of fork() may lead to deadlocks in the child.
[2025-07-27T10:14:14.066+0000] {standard_task_runner.py:64} INFO - Started process 825 to run task
[2025-07-27T10:14:14.004+0000] {standard_task_runner.py:90} INFO - Running: ['***', 'tasks', 'run', 'example_bash_operator', 'runme_1', 'scheduled__2025-07-26T00:00:00+00:00', '--job-id', '70', '--raw', '--subdir', '/home/***/.local/lib/python3.12/site-packages/***/example_dags/example_bash_operator.py', '--cfg-path', '/tmp/tmpwuto28ne']
[2025-07-27T10:14:14.106+0000] {standard_task_runner.py:91} INFO - Job 70: Subtask runme_1
[2025-07-27T10:14:14.379+0000] {logging_mixin.py:188} WARNING - /home/***/.local/lib/python3.12/site-packages/***/settings.py:195 DeprecationWarning: The sql_alchemy_conn option in [core] has been moved to the sql_alchemy_conn option in [database] - the old setting has been used, but please update your config.
[2025-07-27T10:14:15.045+0000] {task_command.py:426} INFO - Running <TaskInstance: example_bash_operator.runme_1 scheduled__2025-07-26T00:00:00+00:00 [running]> on host 4112a2618ff3
[2025-07-27T10:14:15.726+0000] {taskinstance.py:2648} INFO - Exporting env vars: AIRFLOW_CTX_DAG_OWNER='***' AIRFLOW_CTX_DAG_ID='example_bash_operator' AIRFLOW_CTX_TASK_ID='runme_1' AIRFLOW_CTX_EXECUTION_DATE='2025-07-26T00:00:00+00:00' AIRFLOW_CTX_TRY_NUMBER='1' AIRFLOW_CTX_DAG_RUN_ID='scheduled__2025-07-26T00:00:00+00:00'
[2025-07-27T10:14:15.791+0000] {taskinstance.py:430} INFO - ::endgroup::
[2025-07-27T10:14:15.797+0000] {subprocess.py:63} INFO - Tmp dir root location: /tmp
[2025-07-27T10:14:15.823+0000] {subprocess.py:75} INFO - Running command: ['/usr/bin/bash', '-c', 'echo "example_bash_operator__runme_1__20250726" && sleep 1']
[2025-07-27T10:14:16.037+0000] {subprocess.py:86} INFO - Output:
[2025-07-27T10:14:16.056+0000] {subprocess.py:93} INFO - example_bash_operator__runme_1__20250726
[2025-07-27T10:14:17.079+0000] {subprocess.py:97} INFO - Command exited with return code 0
[2025-07-27T10:14:17.081+0000] {taskinstance.py:441} INFO - ::group::Post task execution logs
[2025-07-27T10:14:17.279+0000] {taskinstance.py:1206} INFO - Marking task as SUCCESS. dag_id=example_bash_operator, task_id=runme_1, run_id=scheduled__2025-07-26T00:00:00+00:00, execution_date=20250726T000000, start_date=20250727T101413, end_date=20250727T101417
[2025-07-27T10:14:17.476+0000] {local_task_job_runner.py:243} INFO - Task exited with return code 0
[2025-07-27T10:14:17.562+0000] {local_task_job_runner.py:222} INFO - ::endgroup::
