[2025-07-29T10:45:54.054+0000] {local_task_job_runner.py:120} INFO - ::group::Pre task execution logs
[2025-07-29T10:45:55.197+0000] {taskinstance.py:2076} INFO - Dependencies all met for dep_context=non-requeueable deps ti=<TaskInstance: parallel_scraping_pipeline.load_to_postgres manual__2025-07-29T10:21:21.870236+00:00 map_index=1 [queued]>
[2025-07-29T10:45:55.851+0000] {taskinstance.py:2076} INFO - Dependencies all met for dep_context=requeueable deps ti=<TaskInstance: parallel_scraping_pipeline.load_to_postgres manual__2025-07-29T10:21:21.870236+00:00 map_index=1 [queued]>
[2025-07-29T10:45:55.854+0000] {taskinstance.py:2306} INFO - Starting attempt 1 of 1
[2025-07-29T10:45:56.871+0000] {taskinstance.py:2330} INFO - Executing <Mapped(_PythonDecoratedOperator): load_to_postgres> on 2025-07-29 10:21:21.870236+00:00
[2025-07-29T10:45:56.914+0000] {logging_mixin.py:188} WARNING - /home/airflow/.local/lib/python3.12/site-packages/airflow/task/task_runner/standard_task_runner.py:62 DeprecationWarning: This process (pid=2708) is multi-threaded, use of fork() may lead to deadlocks in the child.
[2025-07-29T10:45:56.915+0000] {standard_task_runner.py:90} INFO - Running: ['airflow', 'tasks', 'run', 'parallel_scraping_pipeline', 'load_to_postgres', 'manual__2025-07-29T10:21:21.870236+00:00', '--job-id', '101', '--raw', '--subdir', 'DAGS_FOLDER/parallel_pipeline_dag.py', '--cfg-path', '/tmp/tmp1j5s4xeq', '--map-index', '1']
[2025-07-29T10:45:56.918+0000] {standard_task_runner.py:64} INFO - Started process 2728 to run task
[2025-07-29T10:45:56.919+0000] {standard_task_runner.py:91} INFO - Job 101: Subtask load_to_postgres
[2025-07-29T10:45:57.622+0000] {logging_mixin.py:188} WARNING - /home/airflow/.local/lib/python3.12/site-packages/airflow/settings.py:195 DeprecationWarning: The sql_alchemy_conn option in [core] has been moved to the sql_alchemy_conn option in [database] - the old setting has been used, but please update your config.
[2025-07-29T10:45:59.867+0000] {task_command.py:426} INFO - Running <TaskInstance: parallel_scraping_pipeline.load_to_postgres manual__2025-07-29T10:21:21.870236+00:00 map_index=1 [running]> on host f328c07fe88e
[2025-07-29T10:46:05.241+0000] {taskinstance.py:2648} INFO - Exporting env vars: AIRFLOW_CTX_DAG_OWNER='airflow' AIRFLOW_CTX_DAG_ID='parallel_scraping_pipeline' AIRFLOW_CTX_TASK_ID='load_to_postgres' AIRFLOW_CTX_EXECUTION_DATE='2025-07-29T10:21:21.870236+00:00' AIRFLOW_CTX_TRY_NUMBER='1' AIRFLOW_CTX_DAG_RUN_ID='manual__2025-07-29T10:21:21.870236+00:00'
[2025-07-29T10:46:05.262+0000] {taskinstance.py:430} INFO - ::endgroup::
[2025-07-29T10:46:05.265+0000] {logging_mixin.py:188} INFO - Preparing to write /opt/airflow/data/cleaned/Samsung_Galaxy_A35_5G_(Awesome_Navy,_256_GB)__(8_GB_RAM)_reviews_CLEANED.csv to PostgreSQL table 'flipkart_reviewer_data'...
[2025-07-29T10:46:09.442+0000] {logging_mixin.py:188} INFO - ✅ Successfully appended 1435 rows to table 'flipkart_reviewer_data'.
[2025-07-29T10:46:09.444+0000] {python.py:237} INFO - Done. Returned value was: None
[2025-07-29T10:46:09.448+0000] {taskinstance.py:441} INFO - ::group::Post task execution logs
[2025-07-29T10:46:10.186+0000] {taskinstance.py:1206} INFO - Marking task as SUCCESS. dag_id=parallel_scraping_pipeline, task_id=load_to_postgres, run_id=manual__2025-07-29T10:21:21.870236+00:00, map_index=1, execution_date=20250729T102121, start_date=20250729T104555, end_date=20250729T104610
[2025-07-29T10:46:10.718+0000] {local_task_job_runner.py:243} INFO - Task exited with return code 0
[2025-07-29T10:46:11.572+0000] {taskinstance.py:3503} INFO - 0 downstream tasks scheduled from follow-on schedule check
[2025-07-29T10:46:11.638+0000] {local_task_job_runner.py:222} INFO - ::endgroup::
