[2025-07-29T16:22:12.462+0000] {local_task_job_runner.py:120} INFO - ::group::Pre task execution logs
[2025-07-29T16:22:13.777+0000] {taskinstance.py:2076} INFO - Dependencies all met for dep_context=non-requeueable deps ti=<TaskInstance: sequential_scraping_pipeline.process_urls_sequentially manual__2025-07-29T14:22:04.997357+00:00 [queued]>
[2025-07-29T16:22:14.285+0000] {taskinstance.py:2076} INFO - Dependencies all met for dep_context=requeueable deps ti=<TaskInstance: sequential_scraping_pipeline.process_urls_sequentially manual__2025-07-29T14:22:04.997357+00:00 [queued]>
[2025-07-29T16:22:14.293+0000] {taskinstance.py:2306} INFO - Starting attempt 3 of 1
[2025-07-29T16:22:14.875+0000] {taskinstance.py:2330} INFO - Executing <Task(_PythonDecoratedOperator): process_urls_sequentially> on 2025-07-29 14:22:04.997357+00:00
[2025-07-29T16:22:14.903+0000] {logging_mixin.py:188} WARNING - /home/airflow/.local/lib/python3.12/site-packages/airflow/task/task_runner/standard_task_runner.py:62 DeprecationWarning: This process (pid=223) is multi-threaded, use of fork() may lead to deadlocks in the child.
[2025-07-29T16:22:14.903+0000] {standard_task_runner.py:90} INFO - Running: ['airflow', 'tasks', 'run', 'sequential_scraping_pipeline', 'process_urls_sequentially', 'manual__2025-07-29T14:22:04.997357+00:00', '--job-id', '156', '--raw', '--subdir', 'DAGS_FOLDER/sequential_pipeline_dag.py', '--cfg-path', '/tmp/tmp_b9b9lgy']
[2025-07-29T16:22:14.907+0000] {standard_task_runner.py:64} INFO - Started process 239 to run task
[2025-07-29T16:22:14.907+0000] {standard_task_runner.py:91} INFO - Job 156: Subtask process_urls_sequentially
[2025-07-29T16:22:15.897+0000] {logging_mixin.py:188} WARNING - /home/airflow/.local/lib/python3.12/site-packages/airflow/settings.py:195 DeprecationWarning: The sql_alchemy_conn option in [core] has been moved to the sql_alchemy_conn option in [database] - the old setting has been used, but please update your config.
[2025-07-29T16:22:18.078+0000] {task_command.py:426} INFO - Running <TaskInstance: sequential_scraping_pipeline.process_urls_sequentially manual__2025-07-29T14:22:04.997357+00:00 [running]> on host 9d15422f0f16
[2025-07-29T16:22:25.421+0000] {taskinstance.py:2648} INFO - Exporting env vars: AIRFLOW_CTX_DAG_OWNER='airflow' AIRFLOW_CTX_DAG_ID='sequential_scraping_pipeline' AIRFLOW_CTX_TASK_ID='process_urls_sequentially' AIRFLOW_CTX_EXECUTION_DATE='2025-07-29T14:22:04.997357+00:00' AIRFLOW_CTX_TRY_NUMBER='3' AIRFLOW_CTX_DAG_RUN_ID='manual__2025-07-29T14:22:04.997357+00:00'
[2025-07-29T16:22:25.452+0000] {taskinstance.py:430} INFO - ::endgroup::
[2025-07-29T16:22:25.466+0000] {logging_mixin.py:188} INFO - --- Starting sequential processing for: https://www.flipkart.com/apple-iphone-12-pro-pacific-blue-256-gb/p/itmea897274baa30?pid=MOBFWBYZVRPH2UCD&lid=LSTMOBFWBYZVRPH2UCDKBB2PK&marketplace=FLIPKART&q=iphone+12+pro&store=tyy%2F4io&srno=s_1_1&otracker=search&otracker1=search&fm=Search&iid=3621fab9-d586-473a-9a22-ebecaca3d2e1.MOBFWBYZVRPH2UCD.SEARCH&ppt=sp&ppn=sp&ssid=6rbmnke7qo0000001753797797089&qH=8b8a097744d4c19d ---
[2025-07-29T16:22:25.469+0000] {logging_mixin.py:188} INFO - Initializing Stealth WebDriver...
[2025-07-29T16:22:55.483+0000] {logging_mixin.py:188} INFO - Extracted - Phone: Apple iPhone 12 Pro (Pacific Blue, 256 GB), Price: ₹1,19,900
[2025-07-29T16:23:01.665+0000] {logging_mixin.py:188} INFO - Scraping Page 1 for Apple iPhone 12 Pro (Pacific Blue, 256 GB)...
[2025-07-29T16:23:05.588+0000] {logging_mixin.py:188} INFO - Scraping Page 2 for Apple iPhone 12 Pro (Pacific Blue, 256 GB)...
[2025-07-29T16:23:09.897+0000] {logging_mixin.py:188} INFO - Scraping Page 3 for Apple iPhone 12 Pro (Pacific Blue, 256 GB)...
[2025-07-29T16:23:13.150+0000] {logging_mixin.py:188} INFO - Scraping Page 4 for Apple iPhone 12 Pro (Pacific Blue, 256 GB)...
[2025-07-29T16:23:17.021+0000] {logging_mixin.py:188} INFO - Scraping Page 5 for Apple iPhone 12 Pro (Pacific Blue, 256 GB)...
[2025-07-29T16:23:21.493+0000] {logging_mixin.py:188} INFO - Scraping Page 6 for Apple iPhone 12 Pro (Pacific Blue, 256 GB)...
[2025-07-29T16:23:25.378+0000] {logging_mixin.py:188} INFO - Scraping Page 7 for Apple iPhone 12 Pro (Pacific Blue, 256 GB)...
[2025-07-29T16:23:29.913+0000] {logging_mixin.py:188} INFO - Scraping Page 8 for Apple iPhone 12 Pro (Pacific Blue, 256 GB)...
[2025-07-29T16:23:33.179+0000] {logging_mixin.py:188} INFO - Scraping Page 9 for Apple iPhone 12 Pro (Pacific Blue, 256 GB)...
[2025-07-29T16:23:36.702+0000] {logging_mixin.py:188} INFO - Scraping Page 10 for Apple iPhone 12 Pro (Pacific Blue, 256 GB)...
[2025-07-29T16:23:48.087+0000] {logging_mixin.py:188} INFO - No 'Next' button found. Scraping complete.
[2025-07-29T16:23:48.137+0000] {logging_mixin.py:188} INFO - Saved 98 reviews to /opt/airflow/data/raw/Apple_iPhone_12_Pro_(Pacific_Blue,_256_GB)_reviews.csv
[2025-07-29T16:23:48.481+0000] {logging_mixin.py:188} INFO - Processing 98 reviews from Apple_iPhone_12_Pro_(Pacific_Blue,_256_GB)_reviews.csv...
[2025-07-29T16:23:48.623+0000] {logging_mixin.py:188} INFO - 
🗑️ Removed 0 duplicate reviews based on Review_ID.
[2025-07-29T16:23:48.660+0000] {logging_mixin.py:188} INFO - 
📁 Clean data saved: /opt/airflow/data/cleaned/Apple_iPhone_12_Pro_(Pacific_Blue,_256_GB)_reviews_CLEANED.csv
[2025-07-29T16:23:48.663+0000] {logging_mixin.py:188} INFO - 📊 Final shape: (98, 10)
[2025-07-29T16:23:48.666+0000] {logging_mixin.py:188} INFO - Preparing to write /opt/airflow/data/cleaned/Apple_iPhone_12_Pro_(Pacific_Blue,_256_GB)_reviews_CLEANED.csv to PostgreSQL table 'flipkart_reviewer_data'...
[2025-07-29T16:23:50.467+0000] {logging_mixin.py:188} INFO - Found 5404 existing review IDs in the database.
[2025-07-29T16:23:50.477+0000] {logging_mixin.py:188} INFO - Filtered 98 new reviews down to 0 unique reviews to be inserted.
[2025-07-29T16:23:50.481+0000] {logging_mixin.py:188} INFO - ✅ No new reviews to add. The database is already up-to-date.
[2025-07-29T16:23:50.540+0000] {logging_mixin.py:188} INFO - --- Starting sequential processing for: https://www.flipkart.com/apple-iphone-14-pro-max-silver-256-gb/p/itm111e35f4e1caa?pid=MOBGHWFHBERP6PNS&lid=LSTMOBGHWFHBERP6PNSLVMTQZ&marketplace=FLIPKART&q=iphone+14+pro+max+256+gb&store=tyy%2F4io&srno=s_1_1&otracker=AS_QueryStore_OrganicAutoSuggest_2_17_na_na_na&otracker1=AS_QueryStore_OrganicAutoSuggest_2_17_na_na_na&fm=Search&iid=6e236d0c-1cce-4be1-80cd-dfb34afe233a.MOBGHWFHBERP6PNS.SEARCH&ppt=sp&ppn=sp&ssid=li3ul511o00000001753798142249&qH=d368cc90d52fa36c ---
[2025-07-29T16:23:50.542+0000] {logging_mixin.py:188} INFO - Initializing Stealth WebDriver...
[2025-07-29T16:24:01.127+0000] {logging_mixin.py:188} INFO - Extracted - Phone: Apple iPhone 14 Pro Max (Silver, 256 GB), Price: ₹1,44,900
[2025-07-29T16:24:06.758+0000] {logging_mixin.py:188} INFO - Scraping Page 1 for Apple iPhone 14 Pro Max (Silver, 256 GB)...
[2025-07-29T16:24:11.026+0000] {logging_mixin.py:188} INFO - Scraping Page 2 for Apple iPhone 14 Pro Max (Silver, 256 GB)...
[2025-07-29T16:24:14.697+0000] {logging_mixin.py:188} INFO - Scraping Page 3 for Apple iPhone 14 Pro Max (Silver, 256 GB)...
[2025-07-29T16:24:18.518+0000] {logging_mixin.py:188} INFO - Scraping Page 4 for Apple iPhone 14 Pro Max (Silver, 256 GB)...
[2025-07-29T16:24:22.854+0000] {logging_mixin.py:188} INFO - Scraping Page 5 for Apple iPhone 14 Pro Max (Silver, 256 GB)...
[2025-07-29T16:24:27.052+0000] {logging_mixin.py:188} INFO - Scraping Page 6 for Apple iPhone 14 Pro Max (Silver, 256 GB)...
[2025-07-29T16:24:30.412+0000] {logging_mixin.py:188} INFO - Scraping Page 7 for Apple iPhone 14 Pro Max (Silver, 256 GB)...
[2025-07-29T16:24:33.703+0000] {logging_mixin.py:188} INFO - Scraping Page 8 for Apple iPhone 14 Pro Max (Silver, 256 GB)...
[2025-07-29T16:24:36.975+0000] {logging_mixin.py:188} INFO - Scraping Page 9 for Apple iPhone 14 Pro Max (Silver, 256 GB)...
[2025-07-29T16:24:41.458+0000] {logging_mixin.py:188} INFO - Scraping Page 10 for Apple iPhone 14 Pro Max (Silver, 256 GB)...
[2025-07-29T16:24:44.806+0000] {logging_mixin.py:188} INFO - Scraping Page 11 for Apple iPhone 14 Pro Max (Silver, 256 GB)...
[2025-07-29T16:24:45.009+0000] {logging_mixin.py:188} INFO - No reviews found on page 11.
[2025-07-29T16:24:50.542+0000] {logging_mixin.py:188} INFO - Scraping Page 12 for Apple iPhone 14 Pro Max (Silver, 256 GB)...
[2025-07-29T16:24:53.819+0000] {logging_mixin.py:188} INFO - Scraping Page 13 for Apple iPhone 14 Pro Max (Silver, 256 GB)...
[2025-07-29T16:24:57.279+0000] {logging_mixin.py:188} INFO - Scraping Page 14 for Apple iPhone 14 Pro Max (Silver, 256 GB)...
[2025-07-29T16:25:00.917+0000] {logging_mixin.py:188} INFO - Scraping Page 15 for Apple iPhone 14 Pro Max (Silver, 256 GB)...
[2025-07-29T16:25:04.748+0000] {logging_mixin.py:188} INFO - Scraping Page 16 for Apple iPhone 14 Pro Max (Silver, 256 GB)...
[2025-07-29T16:25:05.156+0000] {logging_mixin.py:188} INFO - No reviews found on page 16.
[2025-07-29T16:25:10.720+0000] {logging_mixin.py:188} INFO - Scraping Page 17 for Apple iPhone 14 Pro Max (Silver, 256 GB)...
[2025-07-29T16:25:22.016+0000] {logging_mixin.py:188} INFO - No 'Next' button found. Scraping complete.
[2025-07-29T16:25:22.048+0000] {logging_mixin.py:188} INFO - Saved 120 reviews to /opt/airflow/data/raw/Apple_iPhone_14_Pro_Max_(Silver,_256_GB)_reviews.csv
[2025-07-29T16:25:22.272+0000] {logging_mixin.py:188} INFO - Processing 120 reviews from Apple_iPhone_14_Pro_Max_(Silver,_256_GB)_reviews.csv...
[2025-07-29T16:25:22.359+0000] {logging_mixin.py:188} INFO - 
🗑️ Removed 8 duplicate reviews based on Review_ID.
[2025-07-29T16:25:22.379+0000] {logging_mixin.py:188} INFO - 
📁 Clean data saved: /opt/airflow/data/cleaned/Apple_iPhone_14_Pro_Max_(Silver,_256_GB)_reviews_CLEANED.csv
[2025-07-29T16:25:22.381+0000] {logging_mixin.py:188} INFO - 📊 Final shape: (112, 10)
[2025-07-29T16:25:22.383+0000] {logging_mixin.py:188} INFO - Preparing to write /opt/airflow/data/cleaned/Apple_iPhone_14_Pro_Max_(Silver,_256_GB)_reviews_CLEANED.csv to PostgreSQL table 'flipkart_reviewer_data'...
[2025-07-29T16:25:24.845+0000] {logging_mixin.py:188} INFO - Found 5404 existing review IDs in the database.
[2025-07-29T16:25:24.852+0000] {logging_mixin.py:188} INFO - Filtered 112 new reviews down to 0 unique reviews to be inserted.
[2025-07-29T16:25:24.854+0000] {logging_mixin.py:188} INFO - ✅ No new reviews to add. The database is already up-to-date.
[2025-07-29T16:25:24.959+0000] {logging_mixin.py:188} INFO - --- Starting sequential processing for: https://www.flipkart.com/apple-iphone-xs-silver-64-gb/p/itmf944ecjfgcg6h?pid=MOBF944E3AAPWGHC&lid=LSTMOBF944E3AAPWGHCOAU0I7&marketplace=FLIPKART&q=iphone+x&store=tyy%2F4io&srno=s_1_2&otracker=search&otracker1=search&fm=organic&iid=df2a3f65-a2a6-4090-91b6-bd5bcf4b0c33.MOBF944E3AAPWGHC.SEARCH&ppt=dynamic&ppn=dynamic&ssid=4r1wld0yrk0000001753797105320&qH=882a0465d260983a ---
[2025-07-29T16:25:24.963+0000] {logging_mixin.py:188} INFO - Initializing Stealth WebDriver...
[2025-07-29T16:25:36.252+0000] {logging_mixin.py:188} INFO - Extracted - Phone: Apple iPhone XS (Silver, 64 GB), Price: ₹89,900
[2025-07-29T16:25:41.867+0000] {logging_mixin.py:188} INFO - Scraping Page 1 for Apple iPhone XS (Silver, 64 GB)...
[2025-07-29T16:25:45.293+0000] {logging_mixin.py:188} INFO - Scraping Page 2 for Apple iPhone XS (Silver, 64 GB)...
[2025-07-29T16:25:48.898+0000] {logging_mixin.py:188} INFO - Scraping Page 3 for Apple iPhone XS (Silver, 64 GB)...
[2025-07-29T16:25:52.304+0000] {logging_mixin.py:188} INFO - Scraping Page 4 for Apple iPhone XS (Silver, 64 GB)...
[2025-07-29T16:25:56.195+0000] {logging_mixin.py:188} INFO - Scraping Page 5 for Apple iPhone XS (Silver, 64 GB)...
[2025-07-29T16:25:59.573+0000] {logging_mixin.py:188} INFO - Scraping Page 6 for Apple iPhone XS (Silver, 64 GB)...
[2025-07-29T16:26:02.881+0000] {logging_mixin.py:188} INFO - Scraping Page 7 for Apple iPhone XS (Silver, 64 GB)...
[2025-07-29T16:26:07.178+0000] {logging_mixin.py:188} INFO - Scraping Page 8 for Apple iPhone XS (Silver, 64 GB)...
[2025-07-29T16:26:10.479+0000] {logging_mixin.py:188} INFO - Scraping Page 9 for Apple iPhone XS (Silver, 64 GB)...
[2025-07-29T16:26:14.249+0000] {logging_mixin.py:188} INFO - Scraping Page 10 for Apple iPhone XS (Silver, 64 GB)...
[2025-07-29T16:26:17.558+0000] {logging_mixin.py:188} INFO - Scraping Page 11 for Apple iPhone XS (Silver, 64 GB)...
[2025-07-29T16:26:20.738+0000] {logging_mixin.py:188} INFO - Scraping Page 12 for Apple iPhone XS (Silver, 64 GB)...
[2025-07-29T16:26:23.930+0000] {logging_mixin.py:188} INFO - Scraping Page 13 for Apple iPhone XS (Silver, 64 GB)...
[2025-07-29T16:26:27.299+0000] {logging_mixin.py:188} INFO - Scraping Page 14 for Apple iPhone XS (Silver, 64 GB)...
[2025-07-29T16:26:30.703+0000] {logging_mixin.py:188} INFO - Scraping Page 15 for Apple iPhone XS (Silver, 64 GB)...
[2025-07-29T16:26:33.935+0000] {logging_mixin.py:188} INFO - Scraping Page 16 for Apple iPhone XS (Silver, 64 GB)...
[2025-07-29T16:26:37.373+0000] {logging_mixin.py:188} INFO - Scraping Page 17 for Apple iPhone XS (Silver, 64 GB)...
[2025-07-29T16:26:40.681+0000] {logging_mixin.py:188} INFO - Scraping Page 18 for Apple iPhone XS (Silver, 64 GB)...
[2025-07-29T16:26:44.441+0000] {logging_mixin.py:188} INFO - Scraping Page 19 for Apple iPhone XS (Silver, 64 GB)...
[2025-07-29T16:26:47.956+0000] {logging_mixin.py:188} INFO - Scraping Page 20 for Apple iPhone XS (Silver, 64 GB)...
[2025-07-29T16:26:51.228+0000] {logging_mixin.py:188} INFO - Scraping Page 21 for Apple iPhone XS (Silver, 64 GB)...
[2025-07-29T16:27:16.780+0000] {logging_mixin.py:188} INFO - Retry 1 waiting for reviews or next button...
[2025-07-29T16:27:51.851+0000] {logging_mixin.py:188} INFO - Retry 2 waiting for reviews or next button...
[2025-07-29T16:28:01.856+0000] {logging_mixin.py:188} INFO - Timeout waiting for reviews or next button. Ending scrape.
[2025-07-29T16:28:01.897+0000] {logging_mixin.py:188} INFO - Saved 138 reviews to /opt/airflow/data/raw/Apple_iPhone_XS_(Silver,_64_GB)_reviews.csv
[2025-07-29T16:28:02.319+0000] {logging_mixin.py:188} INFO - Processing 138 reviews from Apple_iPhone_XS_(Silver,_64_GB)_reviews.csv...
[2025-07-29T16:28:02.479+0000] {logging_mixin.py:188} INFO - 
🗑️ Removed 7 duplicate reviews based on Review_ID.
[2025-07-29T16:28:02.509+0000] {logging_mixin.py:188} INFO - 
📁 Clean data saved: /opt/airflow/data/cleaned/Apple_iPhone_XS_(Silver,_64_GB)_reviews_CLEANED.csv
[2025-07-29T16:28:02.511+0000] {logging_mixin.py:188} INFO - 📊 Final shape: (131, 10)
[2025-07-29T16:28:02.513+0000] {logging_mixin.py:188} INFO - Preparing to write /opt/airflow/data/cleaned/Apple_iPhone_XS_(Silver,_64_GB)_reviews_CLEANED.csv to PostgreSQL table 'flipkart_reviewer_data'...
[2025-07-29T16:28:04.313+0000] {logging_mixin.py:188} INFO - Found 5404 existing review IDs in the database.
[2025-07-29T16:28:04.325+0000] {logging_mixin.py:188} INFO - Filtered 131 new reviews down to 0 unique reviews to be inserted.
[2025-07-29T16:28:04.328+0000] {logging_mixin.py:188} INFO - ✅ No new reviews to add. The database is already up-to-date.
[2025-07-29T16:28:04.393+0000] {logging_mixin.py:188} INFO - --- Starting sequential processing for: https://www.flipkart.com/apple-iphone-16-pro-white-titanium-128-gb/p/itm50f720fdcec51 ---
[2025-07-29T16:28:04.398+0000] {logging_mixin.py:188} INFO - Initializing Stealth WebDriver...
[2025-07-29T16:28:20.778+0000] {logging_mixin.py:188} INFO - Extracted - Phone: Apple iPhone 16 Pro (White Titanium, 128 GB), Price: ₹1,12,900
[2025-07-29T16:28:26.560+0000] {logging_mixin.py:188} INFO - Scraping Page 1 for Apple iPhone 16 Pro (White Titanium, 128 GB)...
[2025-07-29T16:28:30.731+0000] {logging_mixin.py:188} INFO - Scraping Page 2 for Apple iPhone 16 Pro (White Titanium, 128 GB)...
[2025-07-29T16:28:34.687+0000] {logging_mixin.py:188} INFO - Scraping Page 3 for Apple iPhone 16 Pro (White Titanium, 128 GB)...
[2025-07-29T16:28:38.062+0000] {logging_mixin.py:188} INFO - Scraping Page 4 for Apple iPhone 16 Pro (White Titanium, 128 GB)...
[2025-07-29T16:28:41.838+0000] {logging_mixin.py:188} INFO - Scraping Page 5 for Apple iPhone 16 Pro (White Titanium, 128 GB)...
[2025-07-29T16:28:41.890+0000] {local_task_job_runner.py:313} WARNING - State of this instance has been externally set to failed. Terminating instance.
[2025-07-29T16:28:41.915+0000] {local_task_job_runner.py:222} INFO - ::endgroup::
[2025-07-29T16:28:41.947+0000] {process_utils.py:132} INFO - Sending 15 to group 239. PIDs of all processes in the group: [1231, 1237, 1258, 1259, 1285, 1297, 1330, 1339, 1283, 239]
[2025-07-29T16:28:41.949+0000] {process_utils.py:87} INFO - Sending the signal 15 to group 239
[2025-07-29T16:28:41.956+0000] {taskinstance.py:2611} ERROR - Received SIGTERM. Terminating subprocesses.
[2025-07-29T16:28:42.000+0000] {connectionpool.py:868} WARNING - Retrying (Retry(total=2, connect=None, read=None, redirect=None, status=None)) after connection broken by 'ConnectionResetError(104, 'Connection reset by peer')': /session/d4a2216f46d29587d982c423cff9c508
[2025-07-29T16:28:42.024+0000] {connectionpool.py:868} WARNING - Retrying (Retry(total=1, connect=None, read=None, redirect=None, status=None)) after connection broken by 'NewConnectionError('<urllib3.connection.HTTPConnection object at 0x72479bc6b7d0>: Failed to establish a new connection: [Errno 111] Connection refused')': /session/d4a2216f46d29587d982c423cff9c508
[2025-07-29T16:28:42.038+0000] {connectionpool.py:868} WARNING - Retrying (Retry(total=0, connect=None, read=None, redirect=None, status=None)) after connection broken by 'NewConnectionError('<urllib3.connection.HTTPConnection object at 0x72479be17860>: Failed to establish a new connection: [Errno 111] Connection refused')': /session/d4a2216f46d29587d982c423cff9c508
[2025-07-29T16:28:42.061+0000] {process_utils.py:80} INFO - Process psutil.Process(pid=1297, status='terminated', started='16:28:05') (1297) terminated with exit code None
[2025-07-29T16:28:42.087+0000] {taskinstance.py:441} INFO - ::group::Post task execution logs
[2025-07-29T16:28:42.220+0000] {process_utils.py:80} INFO - Process psutil.Process(pid=1285, status='terminated', started='16:28:05') (1285) terminated with exit code None
[2025-07-29T16:28:42.232+0000] {process_utils.py:80} INFO - Process psutil.Process(pid=1231, status='terminated', started='16:28:04') (1231) terminated with exit code None
[2025-07-29T16:28:42.237+0000] {process_utils.py:80} INFO - Process psutil.Process(pid=1259, status='terminated', started='16:28:04') (1259) terminated with exit code None
[2025-07-29T16:28:42.240+0000] {process_utils.py:80} INFO - Process psutil.Process(pid=1283, status='terminated', started='16:28:05') (1283) terminated with exit code None
[2025-07-29T16:28:42.246+0000] {process_utils.py:80} INFO - Process psutil.Process(pid=1339, status='terminated', started='16:28:07') (1339) terminated with exit code None
[2025-07-29T16:28:42.249+0000] {process_utils.py:80} INFO - Process psutil.Process(pid=1258, status='terminated', started='16:28:04') (1258) terminated with exit code None
[2025-07-29T16:28:42.252+0000] {process_utils.py:80} INFO - Process psutil.Process(pid=1237, status='terminated', started='16:28:04') (1237) terminated with exit code None
[2025-07-29T16:28:42.255+0000] {process_utils.py:80} INFO - Process psutil.Process(pid=1330, status='terminated', started='16:28:06') (1330) terminated with exit code None
[2025-07-29T16:28:43.392+0000] {process_utils.py:80} INFO - Process psutil.Process(pid=239, status='terminated', exitcode=0, started='16:22:13') (239) terminated with exit code 0
