[2025-07-27T10:14:29.317+0000] {local_task_job_runner.py:120} INFO - ::group::Pre task execution logs
[2025-07-27T10:14:29.862+0000] {taskinstance.py:2076} INFO - Dependencies all met for dep_context=non-requeueable deps ti=<TaskInstance: example_branch_dop_operator_v3.should_run scheduled__2025-07-27T10:13:00+00:00 [queued]>
[2025-07-27T10:14:30.094+0000] {taskinstance.py:2076} INFO - Dependencies all met for dep_context=requeueable deps ti=<TaskInstance: example_branch_dop_operator_v3.should_run scheduled__2025-07-27T10:13:00+00:00 [queued]>
[2025-07-27T10:14:30.122+0000] {taskinstance.py:2306} INFO - Starting attempt 1 of 1
[2025-07-27T10:14:30.322+0000] {taskinstance.py:2330} INFO - Executing <Task(_BranchPythonDecoratedOperator): should_run> on 2025-07-27 10:13:00+00:00
[2025-07-27T10:14:30.468+0000] {logging_mixin.py:188} WARNING - /home/***/.local/lib/python3.12/site-packages/***/task/task_runner/standard_task_runner.py:62 DeprecationWarning: This process (pid=805) is multi-threaded, use of fork() may lead to deadlocks in the child.
[2025-07-27T10:14:30.489+0000] {standard_task_runner.py:64} INFO - Started process 975 to run task
[2025-07-27T10:14:30.516+0000] {standard_task_runner.py:90} INFO - Running: ['***', 'tasks', 'run', 'example_branch_dop_operator_v3', 'should_run', 'scheduled__2025-07-27T10:13:00+00:00', '--job-id', '83', '--raw', '--subdir', '/home/***/.local/lib/python3.12/site-packages/***/example_dags/example_branch_python_dop_operator_3.py', '--cfg-path', '/tmp/tmpcbdrxait']
[2025-07-27T10:14:30.562+0000] {standard_task_runner.py:91} INFO - Job 83: Subtask should_run
[2025-07-27T10:14:30.686+0000] {logging_mixin.py:188} WARNING - /home/***/.local/lib/python3.12/site-packages/***/settings.py:195 DeprecationWarning: The sql_alchemy_conn option in [core] has been moved to the sql_alchemy_conn option in [database] - the old setting has been used, but please update your config.
[2025-07-27T10:14:31.170+0000] {task_command.py:426} INFO - Running <TaskInstance: example_branch_dop_operator_v3.should_run scheduled__2025-07-27T10:13:00+00:00 [running]> on host 4112a2618ff3
[2025-07-27T10:14:32.339+0000] {taskinstance.py:2648} INFO - Exporting env vars: AIRFLOW_CTX_DAG_OWNER='***' AIRFLOW_CTX_DAG_ID='example_branch_dop_operator_v3' AIRFLOW_CTX_TASK_ID='should_run' AIRFLOW_CTX_EXECUTION_DATE='2025-07-27T10:13:00+00:00' AIRFLOW_CTX_TRY_NUMBER='1' AIRFLOW_CTX_DAG_RUN_ID='scheduled__2025-07-27T10:13:00+00:00'
[2025-07-27T10:14:32.342+0000] {taskinstance.py:430} INFO - ::endgroup::
[2025-07-27T10:14:32.348+0000] {logging_mixin.py:188} WARNING - /home/***/.local/lib/python3.12/site-packages/***/utils/context.py:320 AirflowContextDeprecationWarning: Accessing 'execution_date' from the template is deprecated and will be removed in a future version. Please use 'data_interval_start' or 'logical_date' instead.
[2025-07-27T10:14:32.354+0000] {logging_mixin.py:188} INFO - ------------- exec dttm = 2025-07-27 10:13:00+00:00 and minute = 13
[2025-07-27T10:14:32.355+0000] {python.py:237} INFO - Done. Returned value was: empty_task_2
[2025-07-27T10:14:32.356+0000] {branch.py:36} INFO - Branch into empty_task_2
[2025-07-27T10:14:32.356+0000] {skipmixin.py:178} INFO - Following branch empty_task_2
[2025-07-27T10:14:32.454+0000] {skipmixin.py:246} INFO - Skipping tasks [('empty_task_1', -1)]
[2025-07-27T10:14:32.735+0000] {taskinstance.py:441} INFO - ::group::Post task execution logs
[2025-07-27T10:14:32.847+0000] {taskinstance.py:1206} INFO - Marking task as SUCCESS. dag_id=example_branch_dop_operator_v3, task_id=should_run, run_id=scheduled__2025-07-27T10:13:00+00:00, execution_date=20250727T101300, start_date=20250727T101429, end_date=20250727T101432
[2025-07-27T10:14:33.182+0000] {local_task_job_runner.py:243} INFO - Task exited with return code 0
[2025-07-27T10:14:33.258+0000] {local_task_job_runner.py:222} INFO - ::endgroup::
