[2025-07-29T16:28:57.260+0000] {local_task_job_runner.py:120} INFO - ::group::Pre task execution logs
[2025-07-29T16:28:58.368+0000] {taskinstance.py:2076} INFO - Dependencies all met for dep_context=non-requeueable deps ti=<TaskInstance: sequential_scraping_pipeline.create_reviewer_data_table_seq manual__2025-07-29T16:28:40.553527+00:00 [queued]>
[2025-07-29T16:28:58.877+0000] {taskinstance.py:2076} INFO - Dependencies all met for dep_context=requeueable deps ti=<TaskInstance: sequential_scraping_pipeline.create_reviewer_data_table_seq manual__2025-07-29T16:28:40.553527+00:00 [queued]>
[2025-07-29T16:28:58.881+0000] {taskinstance.py:2306} INFO - Starting attempt 1 of 1
[2025-07-29T16:28:59.698+0000] {taskinstance.py:2330} INFO - Executing <Task(PostgresOperator): create_reviewer_data_table_seq> on 2025-07-29 16:28:40.553527+00:00
[2025-07-29T16:28:59.730+0000] {standard_task_runner.py:90} INFO - Running: ['airflow', 'tasks', 'run', 'sequential_scraping_pipeline', 'create_reviewer_data_table_seq', 'manual__2025-07-29T16:28:40.553527+00:00', '--job-id', '158', '--raw', '--subdir', 'DAGS_FOLDER/sequential_pipeline_dag.py', '--cfg-path', '/tmp/tmp81omo8t0']
[2025-07-29T16:28:59.730+0000] {logging_mixin.py:188} WARNING - /home/airflow/.local/lib/python3.12/site-packages/airflow/task/task_runner/standard_task_runner.py:62 DeprecationWarning: This process (pid=1386) is multi-threaded, use of fork() may lead to deadlocks in the child.
[2025-07-29T16:28:59.734+0000] {standard_task_runner.py:91} INFO - Job 158: Subtask create_reviewer_data_table_seq
[2025-07-29T16:28:59.734+0000] {standard_task_runner.py:64} INFO - Started process 1395 to run task
[2025-07-29T16:29:00.809+0000] {logging_mixin.py:188} WARNING - /home/airflow/.local/lib/python3.12/site-packages/airflow/settings.py:195 DeprecationWarning: The sql_alchemy_conn option in [core] has been moved to the sql_alchemy_conn option in [database] - the old setting has been used, but please update your config.
[2025-07-29T16:29:03.531+0000] {task_command.py:426} INFO - Running <TaskInstance: sequential_scraping_pipeline.create_reviewer_data_table_seq manual__2025-07-29T16:28:40.553527+00:00 [running]> on host 9d15422f0f16
[2025-07-29T16:29:10.735+0000] {taskinstance.py:2648} INFO - Exporting env vars: AIRFLOW_CTX_DAG_OWNER='airflow' AIRFLOW_CTX_DAG_ID='sequential_scraping_pipeline' AIRFLOW_CTX_TASK_ID='create_reviewer_data_table_seq' AIRFLOW_CTX_EXECUTION_DATE='2025-07-29T16:28:40.553527+00:00' AIRFLOW_CTX_TRY_NUMBER='1' AIRFLOW_CTX_DAG_RUN_ID='manual__2025-07-29T16:28:40.553527+00:00'
[2025-07-29T16:29:10.746+0000] {taskinstance.py:430} INFO - ::endgroup::
[2025-07-29T16:29:10.749+0000] {sql.py:282} INFO - Executing: 
        CREATE TABLE IF NOT EXISTS flipkart_reviewer_data (
            "Phone_Name" TEXT, "Price" FLOAT(53), "Review_ID" TEXT,
            "Author" TEXT, "Location" TEXT, "Rating" BIGINT, "Title" TEXT,
            "Review" TEXT, "Month" TEXT, "Year" FLOAT(53)
        );
        
[2025-07-29T16:29:11.639+0000] {base.py:84} INFO - Using connection ID 'postgres_default' for task execution.
[2025-07-29T16:29:12.710+0000] {base.py:84} INFO - Using connection ID 'postgres_default' for task execution.
[2025-07-29T16:29:13.418+0000] {sql.py:495} INFO - Running statement: 
        CREATE TABLE IF NOT EXISTS flipkart_reviewer_data (
            "Phone_Name" TEXT, "Price" FLOAT(53), "Review_ID" TEXT,
            "Author" TEXT, "Location" TEXT, "Rating" BIGINT, "Title" TEXT,
            "Review" TEXT, "Month" TEXT, "Year" FLOAT(53)
        );
        , parameters: None
[2025-07-29T16:29:13.828+0000] {taskinstance.py:441} INFO - ::group::Post task execution logs
[2025-07-29T16:29:14.684+0000] {taskinstance.py:1206} INFO - Marking task as SUCCESS. dag_id=sequential_scraping_pipeline, task_id=create_reviewer_data_table_seq, run_id=manual__2025-07-29T16:28:40.553527+00:00, execution_date=20250729T162840, start_date=20250729T162858, end_date=20250729T162914
[2025-07-29T16:29:15.177+0000] {local_task_job_runner.py:243} INFO - Task exited with return code 0
[2025-07-29T16:29:15.923+0000] {logging_mixin.py:188} WARNING - /home/airflow/.local/lib/python3.12/site-packages/airflow/models/baseoperator.py:1297 AirflowProviderDeprecationWarning: Call to deprecated class PostgresOperator. (Please use `airflow.providers.common.sql.operators.sql.SQLExecuteQueryOperator`.Also, you can provide `hook_params={'schema': <database>}`.)
[2025-07-29T16:29:16.286+0000] {taskinstance.py:3503} INFO - 1 downstream tasks scheduled from follow-on schedule check
[2025-07-29T16:29:16.363+0000] {local_task_job_runner.py:222} INFO - ::endgroup::
