[2025-07-29T20:38:44.639+0000] {local_task_job_runner.py:120} INFO - ::group::Pre task execution logs
[2025-07-29T20:38:45.461+0000] {taskinstance.py:2076} INFO - Dependencies all met for dep_context=non-requeueable deps ti=<TaskInstance: sequential_scraping_pipeline.get_urls_from_config manual__2025-07-29T20:38:00.592017+00:00 [queued]>
[2025-07-29T20:38:45.766+0000] {taskinstance.py:2076} INFO - Dependencies all met for dep_context=requeueable deps ti=<TaskInstance: sequential_scraping_pipeline.get_urls_from_config manual__2025-07-29T20:38:00.592017+00:00 [queued]>
[2025-07-29T20:38:45.768+0000] {taskinstance.py:2306} INFO - Starting attempt 1 of 1
[2025-07-29T20:38:46.164+0000] {taskinstance.py:2330} INFO - Executing <Task(_PythonDecoratedOperator): get_urls_from_config> on 2025-07-29 20:38:00.592017+00:00
[2025-07-29T20:38:46.182+0000] {standard_task_runner.py:90} INFO - Running: ['airflow', 'tasks', 'run', 'sequential_scraping_pipeline', 'get_urls_from_config', 'manual__2025-07-29T20:38:00.592017+00:00', '--job-id', '172', '--raw', '--subdir', 'DAGS_FOLDER/sequential_pipeline_dag.py', '--cfg-path', '/tmp/tmpviopqy59']
[2025-07-29T20:38:46.182+0000] {logging_mixin.py:188} WARNING - /home/airflow/.local/lib/python3.12/site-packages/airflow/task/task_runner/standard_task_runner.py:62 DeprecationWarning: This process (pid=360) is multi-threaded, use of fork() may lead to deadlocks in the child.
[2025-07-29T20:38:46.184+0000] {standard_task_runner.py:91} INFO - Job 172: Subtask get_urls_from_config
[2025-07-29T20:38:46.184+0000] {standard_task_runner.py:64} INFO - Started process 364 to run task
[2025-07-29T20:38:46.971+0000] {logging_mixin.py:188} WARNING - /home/airflow/.local/lib/python3.12/site-packages/airflow/settings.py:195 DeprecationWarning: The sql_alchemy_conn option in [core] has been moved to the sql_alchemy_conn option in [database] - the old setting has been used, but please update your config.
[2025-07-29T20:38:48.919+0000] {task_command.py:426} INFO - Running <TaskInstance: sequential_scraping_pipeline.get_urls_from_config manual__2025-07-29T20:38:00.592017+00:00 [running]> on host fea732f57866
[2025-07-29T20:38:53.143+0000] {taskinstance.py:2648} INFO - Exporting env vars: AIRFLOW_CTX_DAG_OWNER='airflow' AIRFLOW_CTX_DAG_ID='sequential_scraping_pipeline' AIRFLOW_CTX_TASK_ID='get_urls_from_config' AIRFLOW_CTX_EXECUTION_DATE='2025-07-29T20:38:00.592017+00:00' AIRFLOW_CTX_TRY_NUMBER='1' AIRFLOW_CTX_DAG_RUN_ID='manual__2025-07-29T20:38:00.592017+00:00'
[2025-07-29T20:38:53.149+0000] {taskinstance.py:430} INFO - ::endgroup::
[2025-07-29T20:38:53.152+0000] {logging_mixin.py:188} INFO - Processing 4 unique URLs.
[2025-07-29T20:38:53.153+0000] {python.py:237} INFO - Done. Returned value was: ['https://www.flipkart.com/apple-iphone-12-blue-128-gb/p/itm02853ae92e90a?pid=MOBFWBYZKPTZF9VG&lid=LSTMOBFWBYZKPTZF9VGE9ZTO4&marketplace=FLIPKART&q=iphone+12&store=tyy%2F4io&srno=s_1_1&otracker=search&otracker1=search&fm=Search&iid=063b199f-2eb4-4be2-8427-c82b16c6c7da.MOBFWBYZKPTZF9VG.SEARCH&ppt=sp&ppn=sp&ssid=5tjx8gpbv40000001753821413266&qH=7b7504afcaf2e1ea', 'https://www.flipkart.com/apple-iphone-15-black-256-gb/p/itm6f0727e3e3b52?pid=MOBGTAGPSMHFKHT5&lid=LSTMOBGTAGPSMHFKHT5QSQH4U&marketplace=FLIPKART&q=iphone+15&store=tyy%2F4io&srno=s_1_1&otracker=AS_Query_OrganicAutoSuggest_4_9_na_na_na&otracker1=AS_Query_OrganicAutoSuggest_4_9_na_na_na&fm=Search&iid=aa208279-f5d0-455b-9a44-c17caeecd427.MOBGTAGPSMHFKHT5.SEARCH&ppt=sp&ppn=sp&ssid=9i2cltbim80000001753821340432&qH=2f54b45b321e3ae5', 'https://www.flipkart.com/apple-iphone-14-starlight-128-gb/p/itm3485a56f6e676?pid=MOBGHWFHABH3G73H&lid=LSTMOBGHWFHABH3G73H644UNJ&marketplace=FLIPKART&q=iphone+14&store=tyy%2F4io&srno=s_1_1&otracker=search&otracker1=search&fm=Search&iid=2a6217b1-32a5-4f79-843c-78f1d65b06cf.MOBGHWFHABH3G73H.SEARCH&ppt=sp&ppn=sp&ssid=6b7pab6ze80000001753821431191&qH=860f3715b8db08cd', 'https://www.flipkart.com/apple-iphone-x-space-gray-64-gb/p/itmexrgv6hctyrav?pid=MOBEXRGVCMGVCGGQ&lid=LSTMOBEXRGVCMGVCGGQFLD1LA&marketplace=FLIPKART&q=iphone+x&store=tyy%2F4io&srno=s_1_1&otracker=search&otracker1=search&fm=Search&iid=0509a039-eafd-478a-9781-4eb3244b3c63.MOBEXRGVCMGVCGGQ.SEARCH&ppt=sp&ppn=sp&ssid=wp5yz9uohc0000001753821377011&qH=882a0465d260983a']
[2025-07-29T20:38:53.154+0000] {taskinstance.py:441} INFO - ::group::Post task execution logs
[2025-07-29T20:38:54.779+0000] {taskinstance.py:1206} INFO - Marking task as SUCCESS. dag_id=sequential_scraping_pipeline, task_id=get_urls_from_config, run_id=manual__2025-07-29T20:38:00.592017+00:00, execution_date=20250729T203800, start_date=20250729T203845, end_date=20250729T203854
[2025-07-29T20:38:55.260+0000] {local_task_job_runner.py:243} INFO - Task exited with return code 0
[2025-07-29T20:38:56.132+0000] {taskinstance.py:3503} INFO - 1 downstream tasks scheduled from follow-on schedule check
[2025-07-29T20:38:56.213+0000] {local_task_job_runner.py:222} INFO - ::endgroup::
